[2021-12-31 09:53:53,966] {taskinstance.py:903} INFO - Dependencies all met for <TaskInstance: main_dag.request2 2021-12-30T09:53:43.022101+00:00 [queued]>
[2021-12-31 09:53:53,981] {taskinstance.py:903} INFO - Dependencies all met for <TaskInstance: main_dag.request2 2021-12-30T09:53:43.022101+00:00 [queued]>
[2021-12-31 09:53:53,981] {taskinstance.py:1094} INFO - 
--------------------------------------------------------------------------------
[2021-12-31 09:53:53,982] {taskinstance.py:1095} INFO - Starting attempt 1 of 2
[2021-12-31 09:53:53,983] {taskinstance.py:1096} INFO - 
--------------------------------------------------------------------------------
[2021-12-31 09:53:53,998] {taskinstance.py:1114} INFO - Executing <Task(PostgresOperator): request2> on 2021-12-30T09:53:43.022101+00:00
[2021-12-31 09:53:54,010] {standard_task_runner.py:52} INFO - Started process 65 to run task
[2021-12-31 09:53:54,014] {standard_task_runner.py:76} INFO - Running: ['***', 'tasks', 'run', 'main_dag', 'request2', '2021-12-30T09:53:43.022101+00:00', '--job-id', '44', '--pool', 'default_pool', '--raw', '--subdir', 'DAGS_FOLDER/main_dag.py', '--cfg-path', '/tmp/tmpczgp5ldf', '--error-file', '/tmp/tmpywngd9f8']
[2021-12-31 09:53:54,015] {standard_task_runner.py:77} INFO - Job 44: Subtask request2
[2021-12-31 09:53:54,057] {logging_mixin.py:109} INFO - Running <TaskInstance: main_dag.request2 2021-12-30T09:53:43.022101+00:00 [running]> on host 71257c6b2a25
[2021-12-31 09:53:54,112] {taskinstance.py:1251} INFO - Exporting the following env vars:
AIRFLOW_CTX_DAG_OWNER=***
AIRFLOW_CTX_DAG_ID=main_dag
AIRFLOW_CTX_TASK_ID=request2
AIRFLOW_CTX_EXECUTION_DATE=2021-12-30T09:53:43.022101+00:00
AIRFLOW_CTX_DAG_RUN_ID=scheduled__2021-12-30T09:53:43.022101+00:00
[2021-12-31 09:53:54,114] {postgres.py:68} INFO - Executing: SELECT * FROM additional_analysis_table;
[2021-12-31 09:53:54,125] {base.py:70} INFO - Using connection to: id: postgres_default. Host: postgres, Port: 5432, Schema: postgres, Login: ***, Password: ***, extra: {}
[2021-12-31 09:53:54,129] {dbapi.py:204} INFO - Running statement: SELECT * FROM additional_analysis_table;, parameters: None
[2021-12-31 09:53:54,223] {dbapi.py:212} INFO - Rows affected: 3102
[2021-12-31 09:53:54,234] {taskinstance.py:1211} INFO - Marking task as SUCCESS. dag_id=main_dag, task_id=request2, execution_date=20211230T095343, start_date=20211231T095353, end_date=20211231T095354
[2021-12-31 09:53:54,266] {local_task_job.py:151} INFO - Task exited with return code 0
