[2021-12-16 12:24:16,096] {taskinstance.py:851} INFO - Dependencies all met for <TaskInstance: cleansing_dag.cleanse_kym 2021-12-13T15:27:53.676070+00:00 [queued]>
[2021-12-16 12:24:16,119] {taskinstance.py:851} INFO - Dependencies all met for <TaskInstance: cleansing_dag.cleanse_kym 2021-12-13T15:27:53.676070+00:00 [queued]>
[2021-12-16 12:24:16,120] {taskinstance.py:1042} INFO - 
--------------------------------------------------------------------------------
[2021-12-16 12:24:16,120] {taskinstance.py:1043} INFO - Starting attempt 1 of 2
[2021-12-16 12:24:16,121] {taskinstance.py:1044} INFO - 
--------------------------------------------------------------------------------
[2021-12-16 12:24:16,134] {taskinstance.py:1063} INFO - Executing <Task(PythonOperator): cleanse_kym> on 2021-12-13T15:27:53.676070+00:00
[2021-12-16 12:24:16,141] {standard_task_runner.py:52} INFO - Started process 57 to run task
[2021-12-16 12:24:16,145] {standard_task_runner.py:76} INFO - Running: ['airflow', 'tasks', 'run', 'cleansing_dag', 'cleanse_kym', '2021-12-13T15:27:53.676070+00:00', '--job-id', '27', '--pool', 'default_pool', '--raw', '--subdir', 'DAGS_FOLDER/kym_cleansing.py', '--cfg-path', '/tmp/tmpi7_1zs7m', '--error-file', '/tmp/tmp021hggxq']
[2021-12-16 12:24:16,146] {standard_task_runner.py:77} INFO - Job 27: Subtask cleanse_kym
[2021-12-16 12:24:16,210] {logging_mixin.py:104} INFO - Running <TaskInstance: cleansing_dag.cleanse_kym 2021-12-13T15:27:53.676070+00:00 [running]> on host f46d95c5a5d9
[2021-12-16 12:24:16,255] {taskinstance.py:1255} INFO - Exporting the following env vars:
AIRFLOW_CTX_DAG_OWNER=airflow
AIRFLOW_CTX_DAG_ID=cleansing_dag
AIRFLOW_CTX_TASK_ID=cleanse_kym
AIRFLOW_CTX_EXECUTION_DATE=2021-12-13T15:27:53.676070+00:00
AIRFLOW_CTX_DAG_RUN_ID=scheduled__2021-12-13T15:27:53.676070+00:00
[2021-12-16 12:28:02,699] {python.py:118} INFO - Done. Returned value was: None
[2021-12-16 12:28:02,790] {taskinstance.py:1159} INFO - Marking task as SUCCESS. dag_id=cleansing_dag, task_id=cleanse_kym, execution_date=20211213T152753, start_date=20211216T122416, end_date=20211216T122802
[2021-12-16 12:28:02,874] {local_task_job.py:146} INFO - Task exited with return code 0
