[2021-12-29 12:10:42,360] {taskinstance.py:903} INFO - Dependencies all met for <TaskInstance: cleansing_dag.cleanse_spotlight 2021-12-28T12:10:39.570058+00:00 [queued]>
[2021-12-29 12:10:42,380] {taskinstance.py:903} INFO - Dependencies all met for <TaskInstance: cleansing_dag.cleanse_spotlight 2021-12-28T12:10:39.570058+00:00 [queued]>
[2021-12-29 12:10:42,380] {taskinstance.py:1094} INFO - 
--------------------------------------------------------------------------------
[2021-12-29 12:10:42,381] {taskinstance.py:1095} INFO - Starting attempt 1 of 2
[2021-12-29 12:10:42,381] {taskinstance.py:1096} INFO - 
--------------------------------------------------------------------------------
[2021-12-29 12:10:42,392] {taskinstance.py:1114} INFO - Executing <Task(PythonOperator): cleanse_spotlight> on 2021-12-28T12:10:39.570058+00:00
[2021-12-29 12:10:42,397] {standard_task_runner.py:52} INFO - Started process 64 to run task
[2021-12-29 12:10:42,400] {standard_task_runner.py:76} INFO - Running: ['***', 'tasks', 'run', 'cleansing_dag', 'cleanse_spotlight', '2021-12-28T12:10:39.570058+00:00', '--job-id', '312', '--pool', 'default_pool', '--raw', '--subdir', 'DAGS_FOLDER/kym_cleansing.py', '--cfg-path', '/tmp/tmp577bbb37', '--error-file', '/tmp/tmp2a9wldmm']
[2021-12-29 12:10:42,401] {standard_task_runner.py:77} INFO - Job 312: Subtask cleanse_spotlight
[2021-12-29 12:10:42,449] {logging_mixin.py:109} INFO - Running <TaskInstance: cleansing_dag.cleanse_spotlight 2021-12-28T12:10:39.570058+00:00 [running]> on host 9b1c98289e99
[2021-12-29 12:10:42,502] {taskinstance.py:1251} INFO - Exporting the following env vars:
AIRFLOW_CTX_DAG_OWNER=***
AIRFLOW_CTX_DAG_ID=cleansing_dag
AIRFLOW_CTX_TASK_ID=cleanse_spotlight
AIRFLOW_CTX_EXECUTION_DATE=2021-12-28T12:10:39.570058+00:00
AIRFLOW_CTX_DAG_RUN_ID=scheduled__2021-12-28T12:10:39.570058+00:00
[2021-12-29 12:11:09,226] {python.py:151} INFO - Done. Returned value was: None
[2021-12-29 12:11:09,243] {taskinstance.py:1211} INFO - Marking task as SUCCESS. dag_id=cleansing_dag, task_id=cleanse_spotlight, execution_date=20211228T121039, start_date=20211229T121042, end_date=20211229T121109
[2021-12-29 12:11:09,311] {local_task_job.py:151} INFO - Task exited with return code 0
