[2021-12-30 11:34:33,397] {taskinstance.py:903} INFO - Dependencies all met for <TaskInstance: cleansing_dag.create_date_dimension_query 2021-12-29T11:31:27.968238+00:00 [queued]>
[2021-12-30 11:34:33,411] {taskinstance.py:903} INFO - Dependencies all met for <TaskInstance: cleansing_dag.create_date_dimension_query 2021-12-29T11:31:27.968238+00:00 [queued]>
[2021-12-30 11:34:33,412] {taskinstance.py:1094} INFO - 
--------------------------------------------------------------------------------
[2021-12-30 11:34:33,412] {taskinstance.py:1095} INFO - Starting attempt 1 of 2
[2021-12-30 11:34:33,413] {taskinstance.py:1096} INFO - 
--------------------------------------------------------------------------------
[2021-12-30 11:34:33,427] {taskinstance.py:1114} INFO - Executing <Task(PythonOperator): create_date_dimension_query> on 2021-12-29T11:31:27.968238+00:00
[2021-12-30 11:34:33,432] {standard_task_runner.py:52} INFO - Started process 7034 to run task
[2021-12-30 11:34:33,435] {standard_task_runner.py:76} INFO - Running: ['***', 'tasks', 'run', 'cleansing_dag', 'create_date_dimension_query', '2021-12-29T11:31:27.968238+00:00', '--job-id', '9', '--pool', 'default_pool', '--raw', '--subdir', 'DAGS_FOLDER/kym_cleansing.py', '--cfg-path', '/tmp/tmpkkkw_86p', '--error-file', '/tmp/tmp078e1r60']
[2021-12-30 11:34:33,436] {standard_task_runner.py:77} INFO - Job 9: Subtask create_date_dimension_query
[2021-12-30 11:34:33,475] {logging_mixin.py:109} INFO - Running <TaskInstance: cleansing_dag.create_date_dimension_query 2021-12-29T11:31:27.968238+00:00 [running]> on host 2eb70c976689
[2021-12-30 11:34:33,522] {taskinstance.py:1251} INFO - Exporting the following env vars:
AIRFLOW_CTX_DAG_OWNER=***
AIRFLOW_CTX_DAG_ID=cleansing_dag
AIRFLOW_CTX_TASK_ID=create_date_dimension_query
AIRFLOW_CTX_EXECUTION_DATE=2021-12-29T11:31:27.968238+00:00
AIRFLOW_CTX_DAG_RUN_ID=scheduled__2021-12-29T11:31:27.968238+00:00
[2021-12-30 11:34:33,680] {python.py:151} INFO - Done. Returned value was: None
[2021-12-30 11:34:33,690] {taskinstance.py:1211} INFO - Marking task as SUCCESS. dag_id=cleansing_dag, task_id=create_date_dimension_query, execution_date=20211229T113127, start_date=20211230T113433, end_date=20211230T113433
[2021-12-30 11:34:33,728] {local_task_job.py:151} INFO - Task exited with return code 0
