[2021-12-30 11:59:01,342] {taskinstance.py:903} INFO - Dependencies all met for <TaskInstance: cleansing_dag.cleanse_vision 2021-12-30T11:59:00.197264+00:00 [queued]>
[2021-12-30 11:59:01,355] {taskinstance.py:903} INFO - Dependencies all met for <TaskInstance: cleansing_dag.cleanse_vision 2021-12-30T11:59:00.197264+00:00 [queued]>
[2021-12-30 11:59:01,356] {taskinstance.py:1094} INFO - 
--------------------------------------------------------------------------------
[2021-12-30 11:59:01,356] {taskinstance.py:1095} INFO - Starting attempt 1 of 2
[2021-12-30 11:59:01,356] {taskinstance.py:1096} INFO - 
--------------------------------------------------------------------------------
[2021-12-30 11:59:01,372] {taskinstance.py:1114} INFO - Executing <Task(PythonOperator): cleanse_vision> on 2021-12-30T11:59:00.197264+00:00
[2021-12-30 11:59:01,378] {standard_task_runner.py:52} INFO - Started process 27945 to run task
[2021-12-30 11:59:01,384] {standard_task_runner.py:76} INFO - Running: ['***', 'tasks', 'run', 'cleansing_dag', 'cleanse_vision', '2021-12-30T11:59:00.197264+00:00', '--job-id', '54', '--pool', 'default_pool', '--raw', '--subdir', 'DAGS_FOLDER/kym_cleansing.py', '--cfg-path', '/tmp/tmpcstsdqc9', '--error-file', '/tmp/tmpf7m_qp6e']
[2021-12-30 11:59:01,385] {standard_task_runner.py:77} INFO - Job 54: Subtask cleanse_vision
[2021-12-30 11:59:01,427] {logging_mixin.py:109} INFO - Running <TaskInstance: cleansing_dag.cleanse_vision 2021-12-30T11:59:00.197264+00:00 [running]> on host 2eb70c976689
[2021-12-30 11:59:01,482] {taskinstance.py:1251} INFO - Exporting the following env vars:
AIRFLOW_CTX_DAG_OWNER=***
AIRFLOW_CTX_DAG_ID=cleansing_dag
AIRFLOW_CTX_TASK_ID=cleanse_vision
AIRFLOW_CTX_EXECUTION_DATE=2021-12-30T11:59:00.197264+00:00
AIRFLOW_CTX_DAG_RUN_ID=manual__2021-12-30T11:59:00.197264+00:00
[2021-12-30 12:00:20,718] {python.py:151} INFO - Done. Returned value was: None
[2021-12-30 12:00:20,730] {taskinstance.py:1211} INFO - Marking task as SUCCESS. dag_id=cleansing_dag, task_id=cleanse_vision, execution_date=20211230T115900, start_date=20211230T115901, end_date=20211230T120020
[2021-12-30 12:00:20,791] {local_task_job.py:151} INFO - Task exited with return code 0
