[2021-12-31 10:26:20,608] {taskinstance.py:903} INFO - Dependencies all met for <TaskInstance: main_dag.cleanse_spotlight 2021-12-31T10:23:18.790454+00:00 [queued]>
[2021-12-31 10:26:20,621] {taskinstance.py:903} INFO - Dependencies all met for <TaskInstance: main_dag.cleanse_spotlight 2021-12-31T10:23:18.790454+00:00 [queued]>
[2021-12-31 10:26:20,621] {taskinstance.py:1094} INFO - 
--------------------------------------------------------------------------------
[2021-12-31 10:26:20,622] {taskinstance.py:1095} INFO - Starting attempt 1 of 2
[2021-12-31 10:26:20,622] {taskinstance.py:1096} INFO - 
--------------------------------------------------------------------------------
[2021-12-31 10:26:20,637] {taskinstance.py:1114} INFO - Executing <Task(PythonOperator): cleanse_spotlight> on 2021-12-31T10:23:18.790454+00:00
[2021-12-31 10:26:20,641] {standard_task_runner.py:52} INFO - Started process 27850 to run task
[2021-12-31 10:26:20,645] {standard_task_runner.py:76} INFO - Running: ['***', 'tasks', 'run', 'main_dag', 'cleanse_spotlight', '2021-12-31T10:23:18.790454+00:00', '--job-id', '90', '--pool', 'default_pool', '--raw', '--subdir', 'DAGS_FOLDER/main_dag.py', '--cfg-path', '/tmp/tmp5oemx79v', '--error-file', '/tmp/tmp0h7zxnkx']
[2021-12-31 10:26:20,646] {standard_task_runner.py:77} INFO - Job 90: Subtask cleanse_spotlight
[2021-12-31 10:26:20,686] {logging_mixin.py:109} INFO - Running <TaskInstance: main_dag.cleanse_spotlight 2021-12-31T10:23:18.790454+00:00 [running]> on host 71257c6b2a25
[2021-12-31 10:26:20,736] {taskinstance.py:1251} INFO - Exporting the following env vars:
AIRFLOW_CTX_DAG_OWNER=***
AIRFLOW_CTX_DAG_ID=main_dag
AIRFLOW_CTX_TASK_ID=cleanse_spotlight
AIRFLOW_CTX_EXECUTION_DATE=2021-12-31T10:23:18.790454+00:00
AIRFLOW_CTX_DAG_RUN_ID=manual__2021-12-31T10:23:18.790454+00:00
[2021-12-31 10:26:31,023] {python.py:151} INFO - Done. Returned value was: None
[2021-12-31 10:26:31,033] {taskinstance.py:1211} INFO - Marking task as SUCCESS. dag_id=main_dag, task_id=cleanse_spotlight, execution_date=20211231T102318, start_date=20211231T102620, end_date=20211231T102631
[2021-12-31 10:26:31,090] {local_task_job.py:151} INFO - Task exited with return code 0
