[2021-12-31 10:11:17,308] {taskinstance.py:903} INFO - Dependencies all met for <TaskInstance: main_dag.download_kym_data 2021-12-30T10:11:15.996335+00:00 [queued]>
[2021-12-31 10:11:17,322] {taskinstance.py:903} INFO - Dependencies all met for <TaskInstance: main_dag.download_kym_data 2021-12-30T10:11:15.996335+00:00 [queued]>
[2021-12-31 10:11:17,322] {taskinstance.py:1094} INFO - 
--------------------------------------------------------------------------------
[2021-12-31 10:11:17,323] {taskinstance.py:1095} INFO - Starting attempt 1 of 2
[2021-12-31 10:11:17,323] {taskinstance.py:1096} INFO - 
--------------------------------------------------------------------------------
[2021-12-31 10:11:17,338] {taskinstance.py:1114} INFO - Executing <Task(PythonOperator): download_kym_data> on 2021-12-30T10:11:15.996335+00:00
[2021-12-31 10:11:17,343] {standard_task_runner.py:52} INFO - Started process 7004 to run task
[2021-12-31 10:11:17,346] {standard_task_runner.py:76} INFO - Running: ['***', 'tasks', 'run', 'main_dag', 'download_kym_data', '2021-12-30T10:11:15.996335+00:00', '--job-id', '55', '--pool', 'default_pool', '--raw', '--subdir', 'DAGS_FOLDER/main_dag.py', '--cfg-path', '/tmp/tmpjfijea2g', '--error-file', '/tmp/tmpn1xmj8g1']
[2021-12-31 10:11:17,347] {standard_task_runner.py:77} INFO - Job 55: Subtask download_kym_data
[2021-12-31 10:11:17,386] {logging_mixin.py:109} INFO - Running <TaskInstance: main_dag.download_kym_data 2021-12-30T10:11:15.996335+00:00 [running]> on host 71257c6b2a25
[2021-12-31 10:11:17,441] {taskinstance.py:1251} INFO - Exporting the following env vars:
AIRFLOW_CTX_DAG_OWNER=***
AIRFLOW_CTX_DAG_ID=main_dag
AIRFLOW_CTX_TASK_ID=download_kym_data
AIRFLOW_CTX_EXECUTION_DATE=2021-12-30T10:11:15.996335+00:00
AIRFLOW_CTX_DAG_RUN_ID=scheduled__2021-12-30T10:11:15.996335+00:00
[2021-12-31 10:11:43,154] {logging_mixin.py:109} INFO - File downloaded successfully.
[2021-12-31 10:11:43,155] {python.py:151} INFO - Done. Returned value was: None
[2021-12-31 10:11:43,165] {taskinstance.py:1211} INFO - Marking task as SUCCESS. dag_id=main_dag, task_id=download_kym_data, execution_date=20211230T101115, start_date=20211231T101117, end_date=20211231T101143
[2021-12-31 10:11:43,194] {local_task_job.py:151} INFO - Task exited with return code 0
