[2021-12-13 16:08:00,914] {taskinstance.py:851} INFO - Dependencies all met for <TaskInstance: cleansing_dag.merge 2021-12-13T15:58:19.950625+00:00 [queued]>
[2021-12-13 16:08:00,931] {taskinstance.py:851} INFO - Dependencies all met for <TaskInstance: cleansing_dag.merge 2021-12-13T15:58:19.950625+00:00 [queued]>
[2021-12-13 16:08:00,932] {taskinstance.py:1042} INFO - 
--------------------------------------------------------------------------------
[2021-12-13 16:08:00,932] {taskinstance.py:1043} INFO - Starting attempt 1 of 2
[2021-12-13 16:08:00,932] {taskinstance.py:1044} INFO - 
--------------------------------------------------------------------------------
[2021-12-13 16:08:00,944] {taskinstance.py:1063} INFO - Executing <Task(PythonOperator): merge> on 2021-12-13T15:58:19.950625+00:00
[2021-12-13 16:08:00,949] {standard_task_runner.py:52} INFO - Started process 2551 to run task
[2021-12-13 16:08:00,953] {standard_task_runner.py:76} INFO - Running: ['airflow', 'tasks', 'run', 'cleansing_dag', 'merge', '2021-12-13T15:58:19.950625+00:00', '--job-id', '19', '--pool', 'default_pool', '--raw', '--subdir', 'DAGS_FOLDER/kym_cleansing.py', '--cfg-path', '/tmp/tmpxwk7s5ij', '--error-file', '/tmp/tmpqp0zw_v3']
[2021-12-13 16:08:00,954] {standard_task_runner.py:77} INFO - Job 19: Subtask merge
[2021-12-13 16:08:00,991] {logging_mixin.py:104} INFO - Running <TaskInstance: cleansing_dag.merge 2021-12-13T15:58:19.950625+00:00 [running]> on host e888e487975c
[2021-12-13 16:08:01,029] {taskinstance.py:1255} INFO - Exporting the following env vars:
AIRFLOW_CTX_DAG_OWNER=airflow
AIRFLOW_CTX_DAG_ID=cleansing_dag
AIRFLOW_CTX_TASK_ID=merge
AIRFLOW_CTX_EXECUTION_DATE=2021-12-13T15:58:19.950625+00:00
AIRFLOW_CTX_DAG_RUN_ID=manual__2021-12-13T15:58:19.950625+00:00
[2021-12-13 16:08:06,207] {python.py:118} INFO - Done. Returned value was: None
[2021-12-13 16:08:06,509] {taskinstance.py:1159} INFO - Marking task as SUCCESS. dag_id=cleansing_dag, task_id=merge, execution_date=20211213T155819, start_date=20211213T160800, end_date=20211213T160806
[2021-12-13 16:08:06,668] {local_task_job.py:146} INFO - Task exited with return code 0
