[2021-12-29 14:42:36,585] {taskinstance.py:903} INFO - Dependencies all met for <TaskInstance: cleansing_dag.cleanse_vision 2021-12-28T14:42:35.793315+00:00 [queued]>
[2021-12-29 14:42:36,603] {taskinstance.py:903} INFO - Dependencies all met for <TaskInstance: cleansing_dag.cleanse_vision 2021-12-28T14:42:35.793315+00:00 [queued]>
[2021-12-29 14:42:36,603] {taskinstance.py:1094} INFO - 
--------------------------------------------------------------------------------
[2021-12-29 14:42:36,604] {taskinstance.py:1095} INFO - Starting attempt 1 of 2
[2021-12-29 14:42:36,604] {taskinstance.py:1096} INFO - 
--------------------------------------------------------------------------------
[2021-12-29 14:42:36,615] {taskinstance.py:1114} INFO - Executing <Task(PythonOperator): cleanse_vision> on 2021-12-28T14:42:35.793315+00:00
[2021-12-29 14:42:36,619] {standard_task_runner.py:52} INFO - Started process 19005 to run task
[2021-12-29 14:42:36,623] {standard_task_runner.py:76} INFO - Running: ['***', 'tasks', 'run', 'cleansing_dag', 'cleanse_vision', '2021-12-28T14:42:35.793315+00:00', '--job-id', '452', '--pool', 'default_pool', '--raw', '--subdir', 'DAGS_FOLDER/kym_cleansing.py', '--cfg-path', '/tmp/tmpepundjy_', '--error-file', '/tmp/tmpdr0ytpk4']
[2021-12-29 14:42:36,624] {standard_task_runner.py:77} INFO - Job 452: Subtask cleanse_vision
[2021-12-29 14:42:36,667] {logging_mixin.py:109} INFO - Running <TaskInstance: cleansing_dag.cleanse_vision 2021-12-28T14:42:35.793315+00:00 [running]> on host 34521d0e1651
[2021-12-29 14:42:36,724] {taskinstance.py:1251} INFO - Exporting the following env vars:
AIRFLOW_CTX_DAG_OWNER=***
AIRFLOW_CTX_DAG_ID=cleansing_dag
AIRFLOW_CTX_TASK_ID=cleanse_vision
AIRFLOW_CTX_EXECUTION_DATE=2021-12-28T14:42:35.793315+00:00
AIRFLOW_CTX_DAG_RUN_ID=scheduled__2021-12-28T14:42:35.793315+00:00
[2021-12-29 14:43:52,480] {python.py:151} INFO - Done. Returned value was: None
[2021-12-29 14:43:52,494] {taskinstance.py:1211} INFO - Marking task as SUCCESS. dag_id=cleansing_dag, task_id=cleanse_vision, execution_date=20211228T144235, start_date=20211229T144236, end_date=20211229T144352
[2021-12-29 14:43:52,534] {local_task_job.py:151} INFO - Task exited with return code 0
