[2021-12-29 12:25:09,554] {taskinstance.py:903} INFO - Dependencies all met for <TaskInstance: cleansing_dag.cleanse_kym 2021-12-28T12:25:07.398469+00:00 [queued]>
[2021-12-29 12:25:09,574] {taskinstance.py:903} INFO - Dependencies all met for <TaskInstance: cleansing_dag.cleanse_kym 2021-12-28T12:25:07.398469+00:00 [queued]>
[2021-12-29 12:25:09,575] {taskinstance.py:1094} INFO - 
--------------------------------------------------------------------------------
[2021-12-29 12:25:09,575] {taskinstance.py:1095} INFO - Starting attempt 1 of 2
[2021-12-29 12:25:09,575] {taskinstance.py:1096} INFO - 
--------------------------------------------------------------------------------
[2021-12-29 12:25:09,585] {taskinstance.py:1114} INFO - Executing <Task(PythonOperator): cleanse_kym> on 2021-12-28T12:25:07.398469+00:00
[2021-12-29 12:25:09,591] {standard_task_runner.py:52} INFO - Started process 64 to run task
[2021-12-29 12:25:09,596] {standard_task_runner.py:76} INFO - Running: ['***', 'tasks', 'run', 'cleansing_dag', 'cleanse_kym', '2021-12-28T12:25:07.398469+00:00', '--job-id', '333', '--pool', 'default_pool', '--raw', '--subdir', 'DAGS_FOLDER/kym_cleansing.py', '--cfg-path', '/tmp/tmpgx_u1oqt', '--error-file', '/tmp/tmpmmwf_8ae']
[2021-12-29 12:25:09,597] {standard_task_runner.py:77} INFO - Job 333: Subtask cleanse_kym
[2021-12-29 12:25:09,639] {logging_mixin.py:109} INFO - Running <TaskInstance: cleansing_dag.cleanse_kym 2021-12-28T12:25:07.398469+00:00 [running]> on host 34521d0e1651
[2021-12-29 12:25:09,692] {taskinstance.py:1251} INFO - Exporting the following env vars:
AIRFLOW_CTX_DAG_OWNER=***
AIRFLOW_CTX_DAG_ID=cleansing_dag
AIRFLOW_CTX_TASK_ID=cleanse_kym
AIRFLOW_CTX_EXECUTION_DATE=2021-12-28T12:25:07.398469+00:00
AIRFLOW_CTX_DAG_RUN_ID=scheduled__2021-12-28T12:25:07.398469+00:00
[2021-12-29 12:27:47,168] {python.py:151} INFO - Done. Returned value was: None
[2021-12-29 12:27:47,208] {taskinstance.py:1211} INFO - Marking task as SUCCESS. dag_id=cleansing_dag, task_id=cleanse_kym, execution_date=20211228T122507, start_date=20211229T122509, end_date=20211229T122747
[2021-12-29 12:27:47,264] {local_task_job.py:151} INFO - Task exited with return code 0
