[2021-12-28 20:16:44,014] {taskinstance.py:903} INFO - Dependencies all met for <TaskInstance: cleansing_dag.create_origin_dimension_query 2021-12-27T20:13:54.304938+00:00 [queued]>
[2021-12-28 20:16:44,035] {taskinstance.py:903} INFO - Dependencies all met for <TaskInstance: cleansing_dag.create_origin_dimension_query 2021-12-27T20:13:54.304938+00:00 [queued]>
[2021-12-28 20:16:44,035] {taskinstance.py:1094} INFO - 
--------------------------------------------------------------------------------
[2021-12-28 20:16:44,036] {taskinstance.py:1095} INFO - Starting attempt 1 of 2
[2021-12-28 20:16:44,036] {taskinstance.py:1096} INFO - 
--------------------------------------------------------------------------------
[2021-12-28 20:16:44,048] {taskinstance.py:1114} INFO - Executing <Task(PythonOperator): create_origin_dimension_query> on 2021-12-27T20:13:54.304938+00:00
[2021-12-28 20:16:44,055] {standard_task_runner.py:52} INFO - Started process 9124 to run task
[2021-12-28 20:16:44,058] {standard_task_runner.py:76} INFO - Running: ['***', 'tasks', 'run', 'cleansing_dag', 'create_origin_dimension_query', '2021-12-27T20:13:54.304938+00:00', '--job-id', '302', '--pool', 'default_pool', '--raw', '--subdir', 'DAGS_FOLDER/kym_cleansing.py', '--cfg-path', '/tmp/tmp3hod10wn', '--error-file', '/tmp/tmprrsdxspo']
[2021-12-28 20:16:44,059] {standard_task_runner.py:77} INFO - Job 302: Subtask create_origin_dimension_query
[2021-12-28 20:16:44,102] {logging_mixin.py:109} INFO - Running <TaskInstance: cleansing_dag.create_origin_dimension_query 2021-12-27T20:13:54.304938+00:00 [running]> on host 62c7f391d30e
[2021-12-28 20:16:44,157] {taskinstance.py:1251} INFO - Exporting the following env vars:
AIRFLOW_CTX_DAG_OWNER=***
AIRFLOW_CTX_DAG_ID=cleansing_dag
AIRFLOW_CTX_TASK_ID=create_origin_dimension_query
AIRFLOW_CTX_EXECUTION_DATE=2021-12-27T20:13:54.304938+00:00
AIRFLOW_CTX_DAG_RUN_ID=scheduled__2021-12-27T20:13:54.304938+00:00
[2021-12-28 20:16:44,279] {python.py:151} INFO - Done. Returned value was: None
[2021-12-28 20:16:44,294] {taskinstance.py:1211} INFO - Marking task as SUCCESS. dag_id=cleansing_dag, task_id=create_origin_dimension_query, execution_date=20211227T201354, start_date=20211228T201644, end_date=20211228T201644
[2021-12-28 20:16:44,351] {local_task_job.py:151} INFO - Task exited with return code 0
