[2021-12-31 15:47:36,437] {taskinstance.py:903} INFO - Dependencies all met for <TaskInstance: main_dag.download_kym_data 2021-12-31T15:47:34.975008+00:00 [queued]>
[2021-12-31 15:47:36,449] {taskinstance.py:903} INFO - Dependencies all met for <TaskInstance: main_dag.download_kym_data 2021-12-31T15:47:34.975008+00:00 [queued]>
[2021-12-31 15:47:36,449] {taskinstance.py:1094} INFO - 
--------------------------------------------------------------------------------
[2021-12-31 15:47:36,450] {taskinstance.py:1095} INFO - Starting attempt 1 of 2
[2021-12-31 15:47:36,450] {taskinstance.py:1096} INFO - 
--------------------------------------------------------------------------------
[2021-12-31 15:47:36,464] {taskinstance.py:1114} INFO - Executing <Task(PythonOperator): download_kym_data> on 2021-12-31T15:47:34.975008+00:00
[2021-12-31 15:47:36,468] {standard_task_runner.py:52} INFO - Started process 10045 to run task
[2021-12-31 15:47:36,471] {standard_task_runner.py:76} INFO - Running: ['***', 'tasks', 'run', 'main_dag', 'download_kym_data', '2021-12-31T15:47:34.975008+00:00', '--job-id', '136', '--pool', 'default_pool', '--raw', '--subdir', 'DAGS_FOLDER/main_dag.py', '--cfg-path', '/tmp/tmpiy1thdx0', '--error-file', '/tmp/tmpc49vyn46']
[2021-12-31 15:47:36,472] {standard_task_runner.py:77} INFO - Job 136: Subtask download_kym_data
[2021-12-31 15:47:36,509] {logging_mixin.py:109} INFO - Running <TaskInstance: main_dag.download_kym_data 2021-12-31T15:47:34.975008+00:00 [running]> on host 8e99a5d40b8f
[2021-12-31 15:47:36,559] {taskinstance.py:1251} INFO - Exporting the following env vars:
AIRFLOW_CTX_DAG_OWNER=***
AIRFLOW_CTX_DAG_ID=main_dag
AIRFLOW_CTX_TASK_ID=download_kym_data
AIRFLOW_CTX_EXECUTION_DATE=2021-12-31T15:47:34.975008+00:00
AIRFLOW_CTX_DAG_RUN_ID=manual__2021-12-31T15:47:34.975008+00:00
[2021-12-31 15:47:57,716] {logging_mixin.py:109} INFO - File downloaded successfully.
[2021-12-31 15:47:57,717] {python.py:151} INFO - Done. Returned value was: None
[2021-12-31 15:47:57,780] {taskinstance.py:1211} INFO - Marking task as SUCCESS. dag_id=main_dag, task_id=download_kym_data, execution_date=20211231T154734, start_date=20211231T154736, end_date=20211231T154757
[2021-12-31 15:47:57,809] {local_task_job.py:151} INFO - Task exited with return code 0
