[2021-11-14 15:43:06,075] {taskinstance.py:851} INFO - Dependencies all met for <TaskInstance: first_dag.writeOut 2021-11-13T15:41:21.890948+00:00 [queued]>
[2021-11-14 15:43:06,098] {taskinstance.py:851} INFO - Dependencies all met for <TaskInstance: first_dag.writeOut 2021-11-13T15:41:21.890948+00:00 [queued]>
[2021-11-14 15:43:06,099] {taskinstance.py:1042} INFO - 
--------------------------------------------------------------------------------
[2021-11-14 15:43:06,099] {taskinstance.py:1043} INFO - Starting attempt 1 of 2
[2021-11-14 15:43:06,099] {taskinstance.py:1044} INFO - 
--------------------------------------------------------------------------------
[2021-11-14 15:43:06,115] {taskinstance.py:1063} INFO - Executing <Task(PythonOperator): writeOut> on 2021-11-13T15:41:21.890948+00:00
[2021-11-14 15:43:06,121] {standard_task_runner.py:52} INFO - Started process 141 to run task
[2021-11-14 15:43:06,125] {standard_task_runner.py:76} INFO - Running: ['airflow', 'tasks', 'run', 'first_dag', 'writeOut', '2021-11-13T15:41:21.890948+00:00', '--job-id', '26', '--pool', 'default_pool', '--raw', '--subdir', 'DAGS_FOLDER/first_dag.py', '--cfg-path', '/tmp/tmplbg0ic_z', '--error-file', '/tmp/tmpb87lx5ae']
[2021-11-14 15:43:06,127] {standard_task_runner.py:77} INFO - Job 26: Subtask writeOut
[2021-11-14 15:43:06,282] {logging_mixin.py:104} INFO - Running <TaskInstance: first_dag.writeOut 2021-11-13T15:41:21.890948+00:00 [running]> on host f65740cbacf4
[2021-11-14 15:43:06,337] {taskinstance.py:1257} INFO - Exporting the following env vars:
AIRFLOW_CTX_DAG_OWNER=airflow
AIRFLOW_CTX_DAG_ID=first_dag
AIRFLOW_CTX_TASK_ID=writeOut
AIRFLOW_CTX_EXECUTION_DATE=2021-11-13T15:41:21.890948+00:00
AIRFLOW_CTX_DAG_RUN_ID=scheduled__2021-11-13T15:41:21.890948+00:00
[2021-11-14 15:43:21,189] {taskinstance.py:1455} ERROR - write() argument must be str, not None
Traceback (most recent call last):
  File "/home/airflow/.local/lib/python3.6/site-packages/airflow/models/taskinstance.py", line 1112, in _run_raw_task
    self._prepare_and_execute_task_with_callbacks(context, task)
  File "/home/airflow/.local/lib/python3.6/site-packages/airflow/models/taskinstance.py", line 1285, in _prepare_and_execute_task_with_callbacks
    result = self._execute_task(context, task_copy)
  File "/home/airflow/.local/lib/python3.6/site-packages/airflow/models/taskinstance.py", line 1315, in _execute_task
    result = task_copy.execute(context=context)
  File "/home/airflow/.local/lib/python3.6/site-packages/airflow/operators/python.py", line 117, in execute
    return_value = self.execute_callable()
  File "/home/airflow/.local/lib/python3.6/site-packages/airflow/operators/python.py", line 128, in execute_callable
    return self.python_callable(*self.op_args, **self.op_kwargs)
  File "/opt/airflow/dags/first_dag.py", line 41, in writeOutToParquet
    f.write(df.to_parquet("kym_vision_processed.parquet"))
TypeError: write() argument must be str, not None
[2021-11-14 15:43:21,204] {taskinstance.py:1503} INFO - Marking task as UP_FOR_RETRY. dag_id=first_dag, task_id=writeOut, execution_date=20211113T154121, start_date=20211114T154306, end_date=20211114T154321
[2021-11-14 15:43:21,628] {local_task_job.py:146} INFO - Task exited with return code 1
