[2021-11-14 15:44:22,107] {taskinstance.py:851} INFO - Dependencies all met for <TaskInstance: first_dag.writeOut 2021-11-13T15:41:21.890948+00:00 [queued]>
[2021-11-14 15:44:22,127] {taskinstance.py:851} INFO - Dependencies all met for <TaskInstance: first_dag.writeOut 2021-11-13T15:41:21.890948+00:00 [queued]>
[2021-11-14 15:44:22,127] {taskinstance.py:1042} INFO - 
--------------------------------------------------------------------------------
[2021-11-14 15:44:22,127] {taskinstance.py:1043} INFO - Starting attempt 2 of 2
[2021-11-14 15:44:22,128] {taskinstance.py:1044} INFO - 
--------------------------------------------------------------------------------
[2021-11-14 15:44:22,145] {taskinstance.py:1063} INFO - Executing <Task(PythonOperator): writeOut> on 2021-11-13T15:41:21.890948+00:00
[2021-11-14 15:44:22,148] {standard_task_runner.py:52} INFO - Started process 177 to run task
[2021-11-14 15:44:22,151] {standard_task_runner.py:76} INFO - Running: ['airflow', 'tasks', 'run', 'first_dag', 'writeOut', '2021-11-13T15:41:21.890948+00:00', '--job-id', '27', '--pool', 'default_pool', '--raw', '--subdir', 'DAGS_FOLDER/first_dag.py', '--cfg-path', '/tmp/tmp18pnzbhs', '--error-file', '/tmp/tmpclvb_pz_']
[2021-11-14 15:44:22,153] {standard_task_runner.py:77} INFO - Job 27: Subtask writeOut
[2021-11-14 15:44:22,194] {logging_mixin.py:104} INFO - Running <TaskInstance: first_dag.writeOut 2021-11-13T15:41:21.890948+00:00 [running]> on host f65740cbacf4
[2021-11-14 15:44:22,230] {taskinstance.py:1257} INFO - Exporting the following env vars:
AIRFLOW_CTX_DAG_OWNER=airflow
AIRFLOW_CTX_DAG_ID=first_dag
AIRFLOW_CTX_TASK_ID=writeOut
AIRFLOW_CTX_EXECUTION_DATE=2021-11-13T15:41:21.890948+00:00
AIRFLOW_CTX_DAG_RUN_ID=scheduled__2021-11-13T15:41:21.890948+00:00
[2021-11-14 15:44:32,534] {taskinstance.py:1455} ERROR - write() argument must be str, not None
Traceback (most recent call last):
  File "/home/airflow/.local/lib/python3.6/site-packages/airflow/models/taskinstance.py", line 1112, in _run_raw_task
    self._prepare_and_execute_task_with_callbacks(context, task)
  File "/home/airflow/.local/lib/python3.6/site-packages/airflow/models/taskinstance.py", line 1285, in _prepare_and_execute_task_with_callbacks
    result = self._execute_task(context, task_copy)
  File "/home/airflow/.local/lib/python3.6/site-packages/airflow/models/taskinstance.py", line 1315, in _execute_task
    result = task_copy.execute(context=context)
  File "/home/airflow/.local/lib/python3.6/site-packages/airflow/operators/python.py", line 117, in execute
    return_value = self.execute_callable()
  File "/home/airflow/.local/lib/python3.6/site-packages/airflow/operators/python.py", line 128, in execute_callable
    return self.python_callable(*self.op_args, **self.op_kwargs)
  File "/opt/airflow/dags/first_dag.py", line 41, in writeOutToParquet
    f.write(df.to_parquet("kym_vision_processed.parquet"))
TypeError: write() argument must be str, not None
[2021-11-14 15:44:32,552] {taskinstance.py:1503} INFO - Marking task as FAILED. dag_id=first_dag, task_id=writeOut, execution_date=20211113T154121, start_date=20211114T154422, end_date=20211114T154432
[2021-11-14 15:44:32,719] {local_task_job.py:146} INFO - Task exited with return code 1
