[2021-12-29 15:13:13,507] {taskinstance.py:903} INFO - Dependencies all met for <TaskInstance: cleansing_dag.cleanse_vision 2021-12-28T15:13:12.251660+00:00 [queued]>
[2021-12-29 15:13:13,535] {taskinstance.py:903} INFO - Dependencies all met for <TaskInstance: cleansing_dag.cleanse_vision 2021-12-28T15:13:12.251660+00:00 [queued]>
[2021-12-29 15:13:13,535] {taskinstance.py:1094} INFO - 
--------------------------------------------------------------------------------
[2021-12-29 15:13:13,536] {taskinstance.py:1095} INFO - Starting attempt 1 of 2
[2021-12-29 15:13:13,537] {taskinstance.py:1096} INFO - 
--------------------------------------------------------------------------------
[2021-12-29 15:13:13,554] {taskinstance.py:1114} INFO - Executing <Task(PythonOperator): cleanse_vision> on 2021-12-28T15:13:12.251660+00:00
[2021-12-29 15:13:13,562] {standard_task_runner.py:52} INFO - Started process 2869 to run task
[2021-12-29 15:13:13,570] {standard_task_runner.py:76} INFO - Running: ['***', 'tasks', 'run', 'cleansing_dag', 'cleanse_vision', '2021-12-28T15:13:12.251660+00:00', '--job-id', '533', '--pool', 'default_pool', '--raw', '--subdir', 'DAGS_FOLDER/kym_cleansing.py', '--cfg-path', '/tmp/tmp2ajfm29m', '--error-file', '/tmp/tmprb145t93']
[2021-12-29 15:13:13,573] {standard_task_runner.py:77} INFO - Job 533: Subtask cleanse_vision
[2021-12-29 15:13:13,643] {logging_mixin.py:109} INFO - Running <TaskInstance: cleansing_dag.cleanse_vision 2021-12-28T15:13:12.251660+00:00 [running]> on host 34521d0e1651
[2021-12-29 15:13:13,720] {taskinstance.py:1251} INFO - Exporting the following env vars:
AIRFLOW_CTX_DAG_OWNER=***
AIRFLOW_CTX_DAG_ID=cleansing_dag
AIRFLOW_CTX_TASK_ID=cleanse_vision
AIRFLOW_CTX_EXECUTION_DATE=2021-12-28T15:13:12.251660+00:00
AIRFLOW_CTX_DAG_RUN_ID=scheduled__2021-12-28T15:13:12.251660+00:00
[2021-12-29 15:14:55,374] {python.py:151} INFO - Done. Returned value was: None
[2021-12-29 15:14:55,433] {taskinstance.py:1211} INFO - Marking task as SUCCESS. dag_id=cleansing_dag, task_id=cleanse_vision, execution_date=20211228T151312, start_date=20211229T151313, end_date=20211229T151455
[2021-12-29 15:14:55,498] {local_task_job.py:151} INFO - Task exited with return code 0
