[2021-12-28 18:05:13,501] {taskinstance.py:903} INFO - Dependencies all met for <TaskInstance: cleansing_dag.create_type_dimension_query 2021-12-27T18:02:06.809133+00:00 [queued]>
[2021-12-28 18:05:13,535] {taskinstance.py:903} INFO - Dependencies all met for <TaskInstance: cleansing_dag.create_type_dimension_query 2021-12-27T18:02:06.809133+00:00 [queued]>
[2021-12-28 18:05:13,536] {taskinstance.py:1094} INFO - 
--------------------------------------------------------------------------------
[2021-12-28 18:05:13,536] {taskinstance.py:1095} INFO - Starting attempt 1 of 2
[2021-12-28 18:05:13,537] {taskinstance.py:1096} INFO - 
--------------------------------------------------------------------------------
[2021-12-28 18:05:13,553] {taskinstance.py:1114} INFO - Executing <Task(PythonOperator): create_type_dimension_query> on 2021-12-27T18:02:06.809133+00:00
[2021-12-28 18:05:13,578] {standard_task_runner.py:52} INFO - Started process 13963 to run task
[2021-12-28 18:05:13,584] {standard_task_runner.py:76} INFO - Running: ['***', 'tasks', 'run', 'cleansing_dag', 'create_type_dimension_query', '2021-12-27T18:02:06.809133+00:00', '--job-id', '158', '--pool', 'default_pool', '--raw', '--subdir', 'DAGS_FOLDER/kym_cleansing.py', '--cfg-path', '/tmp/tmpgdpu3xcc', '--error-file', '/tmp/tmpeg6tatys']
[2021-12-28 18:05:13,586] {standard_task_runner.py:77} INFO - Job 158: Subtask create_type_dimension_query
[2021-12-28 18:05:13,659] {logging_mixin.py:109} INFO - Running <TaskInstance: cleansing_dag.create_type_dimension_query 2021-12-27T18:02:06.809133+00:00 [running]> on host e75bb9f39fa6
[2021-12-28 18:05:13,746] {taskinstance.py:1251} INFO - Exporting the following env vars:
AIRFLOW_CTX_DAG_OWNER=***
AIRFLOW_CTX_DAG_ID=cleansing_dag
AIRFLOW_CTX_TASK_ID=create_type_dimension_query
AIRFLOW_CTX_EXECUTION_DATE=2021-12-27T18:02:06.809133+00:00
AIRFLOW_CTX_DAG_RUN_ID=scheduled__2021-12-27T18:02:06.809133+00:00
[2021-12-28 18:05:13,798] {python.py:151} INFO - Done. Returned value was: None
[2021-12-28 18:05:13,813] {taskinstance.py:1211} INFO - Marking task as SUCCESS. dag_id=cleansing_dag, task_id=create_type_dimension_query, execution_date=20211227T180206, start_date=20211228T180513, end_date=20211228T180513
[2021-12-28 18:05:13,838] {local_task_job.py:151} INFO - Task exited with return code 0
