[2021-12-29 12:21:28,001] {taskinstance.py:903} INFO - Dependencies all met for <TaskInstance: cleansing_dag.merge 2021-12-28T12:18:49.063800+00:00 [queued]>
[2021-12-29 12:21:28,024] {taskinstance.py:903} INFO - Dependencies all met for <TaskInstance: cleansing_dag.merge 2021-12-28T12:18:49.063800+00:00 [queued]>
[2021-12-29 12:21:28,024] {taskinstance.py:1094} INFO - 
--------------------------------------------------------------------------------
[2021-12-29 12:21:28,025] {taskinstance.py:1095} INFO - Starting attempt 1 of 2
[2021-12-29 12:21:28,025] {taskinstance.py:1096} INFO - 
--------------------------------------------------------------------------------
[2021-12-29 12:21:28,036] {taskinstance.py:1114} INFO - Executing <Task(PythonOperator): merge> on 2021-12-28T12:18:49.063800+00:00
[2021-12-29 12:21:28,040] {standard_task_runner.py:52} INFO - Started process 14020 to run task
[2021-12-29 12:21:28,043] {standard_task_runner.py:76} INFO - Running: ['***', 'tasks', 'run', 'cleansing_dag', 'merge', '2021-12-28T12:18:49.063800+00:00', '--job-id', '328', '--pool', 'default_pool', '--raw', '--subdir', 'DAGS_FOLDER/kym_cleansing.py', '--cfg-path', '/tmp/tmp7_vnuh2t', '--error-file', '/tmp/tmpz2e_i3s7']
[2021-12-29 12:21:28,044] {standard_task_runner.py:77} INFO - Job 328: Subtask merge
[2021-12-29 12:21:28,081] {logging_mixin.py:109} INFO - Running <TaskInstance: cleansing_dag.merge 2021-12-28T12:18:49.063800+00:00 [running]> on host 9b1c98289e99
[2021-12-29 12:21:28,129] {taskinstance.py:1251} INFO - Exporting the following env vars:
AIRFLOW_CTX_DAG_OWNER=***
AIRFLOW_CTX_DAG_ID=cleansing_dag
AIRFLOW_CTX_TASK_ID=merge
AIRFLOW_CTX_EXECUTION_DATE=2021-12-28T12:18:49.063800+00:00
AIRFLOW_CTX_DAG_RUN_ID=scheduled__2021-12-28T12:18:49.063800+00:00
[2021-12-29 12:21:28,484] {python.py:151} INFO - Done. Returned value was: None
[2021-12-29 12:21:28,495] {taskinstance.py:1211} INFO - Marking task as SUCCESS. dag_id=cleansing_dag, task_id=merge, execution_date=20211228T121849, start_date=20211229T122128, end_date=20211229T122128
[2021-12-29 12:21:28,537] {local_task_job.py:151} INFO - Task exited with return code 0
