[2021-12-13 16:00:21,336] {taskinstance.py:851} INFO - Dependencies all met for <TaskInstance: cleansing_dag.writeOut 2021-12-13T15:58:19.950625+00:00 [queued]>
[2021-12-13 16:00:21,364] {taskinstance.py:851} INFO - Dependencies all met for <TaskInstance: cleansing_dag.writeOut 2021-12-13T15:58:19.950625+00:00 [queued]>
[2021-12-13 16:00:21,365] {taskinstance.py:1042} INFO - 
--------------------------------------------------------------------------------
[2021-12-13 16:00:21,365] {taskinstance.py:1043} INFO - Starting attempt 1 of 2
[2021-12-13 16:00:21,366] {taskinstance.py:1044} INFO - 
--------------------------------------------------------------------------------
[2021-12-13 16:00:21,376] {taskinstance.py:1063} INFO - Executing <Task(PythonOperator): writeOut> on 2021-12-13T15:58:19.950625+00:00
[2021-12-13 16:00:21,381] {standard_task_runner.py:52} INFO - Started process 28058 to run task
[2021-12-13 16:00:21,384] {standard_task_runner.py:76} INFO - Running: ['airflow', 'tasks', 'run', 'cleansing_dag', 'writeOut', '2021-12-13T15:58:19.950625+00:00', '--job-id', '18', '--pool', 'default_pool', '--raw', '--subdir', 'DAGS_FOLDER/kym_cleansing.py', '--cfg-path', '/tmp/tmpm8ddvone', '--error-file', '/tmp/tmparwlt3jf']
[2021-12-13 16:00:21,385] {standard_task_runner.py:77} INFO - Job 18: Subtask writeOut
[2021-12-13 16:00:21,423] {logging_mixin.py:104} INFO - Running <TaskInstance: cleansing_dag.writeOut 2021-12-13T15:58:19.950625+00:00 [running]> on host e888e487975c
[2021-12-13 16:00:21,463] {taskinstance.py:1255} INFO - Exporting the following env vars:
AIRFLOW_CTX_DAG_OWNER=airflow
AIRFLOW_CTX_DAG_ID=cleansing_dag
AIRFLOW_CTX_TASK_ID=writeOut
AIRFLOW_CTX_EXECUTION_DATE=2021-12-13T15:58:19.950625+00:00
AIRFLOW_CTX_DAG_RUN_ID=manual__2021-12-13T15:58:19.950625+00:00
[2021-12-13 16:00:21,624] {python.py:118} INFO - Done. Returned value was: None
[2021-12-13 16:00:21,636] {taskinstance.py:1159} INFO - Marking task as SUCCESS. dag_id=cleansing_dag, task_id=writeOut, execution_date=20211213T155819, start_date=20211213T160021, end_date=20211213T160021
[2021-12-13 16:00:21,678] {local_task_job.py:146} INFO - Task exited with return code 0
