[2021-12-30 11:44:25,101] {taskinstance.py:903} INFO - Dependencies all met for <TaskInstance: cleansing_dag.create_origin_dimension_query 2021-12-29T11:41:09.897762+00:00 [queued]>
[2021-12-30 11:44:25,120] {taskinstance.py:903} INFO - Dependencies all met for <TaskInstance: cleansing_dag.create_origin_dimension_query 2021-12-29T11:41:09.897762+00:00 [queued]>
[2021-12-30 11:44:25,121] {taskinstance.py:1094} INFO - 
--------------------------------------------------------------------------------
[2021-12-30 11:44:25,122] {taskinstance.py:1095} INFO - Starting attempt 1 of 2
[2021-12-30 11:44:25,123] {taskinstance.py:1096} INFO - 
--------------------------------------------------------------------------------
[2021-12-30 11:44:25,142] {taskinstance.py:1114} INFO - Executing <Task(PythonOperator): create_origin_dimension_query> on 2021-12-29T11:41:09.897762+00:00
[2021-12-30 11:44:25,148] {standard_task_runner.py:52} INFO - Started process 27885 to run task
[2021-12-30 11:44:25,151] {standard_task_runner.py:76} INFO - Running: ['***', 'tasks', 'run', 'cleansing_dag', 'create_origin_dimension_query', '2021-12-29T11:41:09.897762+00:00', '--job-id', '44', '--pool', 'default_pool', '--raw', '--subdir', 'DAGS_FOLDER/kym_cleansing.py', '--cfg-path', '/tmp/tmpplkv1mg8', '--error-file', '/tmp/tmp0_48myg3']
[2021-12-30 11:44:25,152] {standard_task_runner.py:77} INFO - Job 44: Subtask create_origin_dimension_query
[2021-12-30 11:44:25,195] {logging_mixin.py:109} INFO - Running <TaskInstance: cleansing_dag.create_origin_dimension_query 2021-12-29T11:41:09.897762+00:00 [running]> on host 2eb70c976689
[2021-12-30 11:44:25,286] {taskinstance.py:1251} INFO - Exporting the following env vars:
AIRFLOW_CTX_DAG_OWNER=***
AIRFLOW_CTX_DAG_ID=cleansing_dag
AIRFLOW_CTX_TASK_ID=create_origin_dimension_query
AIRFLOW_CTX_EXECUTION_DATE=2021-12-29T11:41:09.897762+00:00
AIRFLOW_CTX_DAG_RUN_ID=scheduled__2021-12-29T11:41:09.897762+00:00
[2021-12-30 11:44:25,466] {python.py:151} INFO - Done. Returned value was: None
[2021-12-30 11:44:25,482] {taskinstance.py:1211} INFO - Marking task as SUCCESS. dag_id=cleansing_dag, task_id=create_origin_dimension_query, execution_date=20211229T114109, start_date=20211230T114425, end_date=20211230T114425
[2021-12-30 11:44:25,529] {local_task_job.py:151} INFO - Task exited with return code 0
