[2021-12-29 14:49:08,287] {taskinstance.py:903} INFO - Dependencies all met for <TaskInstance: cleansing_dag.create_fact_table_query 2021-12-28T14:46:03.505538+00:00 [queued]>
[2021-12-29 14:49:08,306] {taskinstance.py:903} INFO - Dependencies all met for <TaskInstance: cleansing_dag.create_fact_table_query 2021-12-28T14:46:03.505538+00:00 [queued]>
[2021-12-29 14:49:08,306] {taskinstance.py:1094} INFO - 
--------------------------------------------------------------------------------
[2021-12-29 14:49:08,307] {taskinstance.py:1095} INFO - Starting attempt 1 of 2
[2021-12-29 14:49:08,307] {taskinstance.py:1096} INFO - 
--------------------------------------------------------------------------------
[2021-12-29 14:49:08,320] {taskinstance.py:1114} INFO - Executing <Task(PythonOperator): create_fact_table_query> on 2021-12-28T14:46:03.505538+00:00
[2021-12-29 14:49:08,324] {standard_task_runner.py:52} INFO - Started process 7289 to run task
[2021-12-29 14:49:08,327] {standard_task_runner.py:76} INFO - Running: ['***', 'tasks', 'run', 'cleansing_dag', 'create_fact_table_query', '2021-12-28T14:46:03.505538+00:00', '--job-id', '487', '--pool', 'default_pool', '--raw', '--subdir', 'DAGS_FOLDER/kym_cleansing.py', '--cfg-path', '/tmp/tmp1a40kfrt', '--error-file', '/tmp/tmpp130047a']
[2021-12-29 14:49:08,328] {standard_task_runner.py:77} INFO - Job 487: Subtask create_fact_table_query
[2021-12-29 14:49:08,366] {logging_mixin.py:109} INFO - Running <TaskInstance: cleansing_dag.create_fact_table_query 2021-12-28T14:46:03.505538+00:00 [running]> on host 34521d0e1651
[2021-12-29 14:49:08,419] {taskinstance.py:1251} INFO - Exporting the following env vars:
AIRFLOW_CTX_DAG_OWNER=***
AIRFLOW_CTX_DAG_ID=cleansing_dag
AIRFLOW_CTX_TASK_ID=create_fact_table_query
AIRFLOW_CTX_EXECUTION_DATE=2021-12-28T14:46:03.505538+00:00
AIRFLOW_CTX_DAG_RUN_ID=scheduled__2021-12-28T14:46:03.505538+00:00
[2021-12-29 14:49:10,227] {python.py:151} INFO - Done. Returned value was: None
[2021-12-29 14:49:10,238] {taskinstance.py:1211} INFO - Marking task as SUCCESS. dag_id=cleansing_dag, task_id=create_fact_table_query, execution_date=20211228T144603, start_date=20211229T144908, end_date=20211229T144910
[2021-12-29 14:49:10,266] {local_task_job.py:151} INFO - Task exited with return code 0
