[2021-12-28 19:50:08,639] {taskinstance.py:903} INFO - Dependencies all met for <TaskInstance: cleansing_dag.cleanse_kym 2021-12-27T19:50:06.869223+00:00 [queued]>
[2021-12-28 19:50:08,656] {taskinstance.py:903} INFO - Dependencies all met for <TaskInstance: cleansing_dag.cleanse_kym 2021-12-27T19:50:06.869223+00:00 [queued]>
[2021-12-28 19:50:08,656] {taskinstance.py:1094} INFO - 
--------------------------------------------------------------------------------
[2021-12-28 19:50:08,657] {taskinstance.py:1095} INFO - Starting attempt 1 of 2
[2021-12-28 19:50:08,657] {taskinstance.py:1096} INFO - 
--------------------------------------------------------------------------------
[2021-12-28 19:50:08,674] {taskinstance.py:1114} INFO - Executing <Task(PythonOperator): cleanse_kym> on 2021-12-27T19:50:06.869223+00:00
[2021-12-28 19:50:08,679] {standard_task_runner.py:52} INFO - Started process 14143 to run task
[2021-12-28 19:50:08,683] {standard_task_runner.py:76} INFO - Running: ['***', 'tasks', 'run', 'cleansing_dag', 'cleanse_kym', '2021-12-27T19:50:06.869223+00:00', '--job-id', '227', '--pool', 'default_pool', '--raw', '--subdir', 'DAGS_FOLDER/kym_cleansing.py', '--cfg-path', '/tmp/tmpmigdxcp_', '--error-file', '/tmp/tmp4yq12flj']
[2021-12-28 19:50:08,684] {standard_task_runner.py:77} INFO - Job 227: Subtask cleanse_kym
[2021-12-28 19:50:08,737] {logging_mixin.py:109} INFO - Running <TaskInstance: cleansing_dag.cleanse_kym 2021-12-27T19:50:06.869223+00:00 [running]> on host 0b3e0a2afa7a
[2021-12-28 19:50:08,806] {taskinstance.py:1251} INFO - Exporting the following env vars:
AIRFLOW_CTX_DAG_OWNER=***
AIRFLOW_CTX_DAG_ID=cleansing_dag
AIRFLOW_CTX_TASK_ID=cleanse_kym
AIRFLOW_CTX_EXECUTION_DATE=2021-12-27T19:50:06.869223+00:00
AIRFLOW_CTX_DAG_RUN_ID=scheduled__2021-12-27T19:50:06.869223+00:00
[2021-12-28 19:53:10,616] {python.py:151} INFO - Done. Returned value was: None
[2021-12-28 19:53:10,632] {taskinstance.py:1211} INFO - Marking task as SUCCESS. dag_id=cleansing_dag, task_id=cleanse_kym, execution_date=20211227T195006, start_date=20211228T195008, end_date=20211228T195310
[2021-12-28 19:53:10,668] {local_task_job.py:151} INFO - Task exited with return code 0
