[2021-12-30 11:31:50,592] {taskinstance.py:903} INFO - Dependencies all met for <TaskInstance: cleansing_dag.cleanse_spotlight 2021-12-29T11:31:27.968238+00:00 [queued]>
[2021-12-30 11:31:50,604] {taskinstance.py:903} INFO - Dependencies all met for <TaskInstance: cleansing_dag.cleanse_spotlight 2021-12-29T11:31:27.968238+00:00 [queued]>
[2021-12-30 11:31:50,605] {taskinstance.py:1094} INFO - 
--------------------------------------------------------------------------------
[2021-12-30 11:31:50,605] {taskinstance.py:1095} INFO - Starting attempt 1 of 2
[2021-12-30 11:31:50,606] {taskinstance.py:1096} INFO - 
--------------------------------------------------------------------------------
[2021-12-30 11:31:50,620] {taskinstance.py:1114} INFO - Executing <Task(PythonOperator): cleanse_spotlight> on 2021-12-29T11:31:27.968238+00:00
[2021-12-30 11:31:50,625] {standard_task_runner.py:52} INFO - Started process 64 to run task
[2021-12-30 11:31:50,628] {standard_task_runner.py:76} INFO - Running: ['***', 'tasks', 'run', 'cleansing_dag', 'cleanse_spotlight', '2021-12-29T11:31:27.968238+00:00', '--job-id', '3', '--pool', 'default_pool', '--raw', '--subdir', 'DAGS_FOLDER/kym_cleansing.py', '--cfg-path', '/tmp/tmpihd1g9ps', '--error-file', '/tmp/tmpp87kizch']
[2021-12-30 11:31:50,629] {standard_task_runner.py:77} INFO - Job 3: Subtask cleanse_spotlight
[2021-12-30 11:31:50,668] {logging_mixin.py:109} INFO - Running <TaskInstance: cleansing_dag.cleanse_spotlight 2021-12-29T11:31:27.968238+00:00 [running]> on host 2eb70c976689
[2021-12-30 11:31:50,720] {taskinstance.py:1251} INFO - Exporting the following env vars:
AIRFLOW_CTX_DAG_OWNER=***
AIRFLOW_CTX_DAG_ID=cleansing_dag
AIRFLOW_CTX_TASK_ID=cleanse_spotlight
AIRFLOW_CTX_EXECUTION_DATE=2021-12-29T11:31:27.968238+00:00
AIRFLOW_CTX_DAG_RUN_ID=scheduled__2021-12-29T11:31:27.968238+00:00
[2021-12-30 11:32:01,003] {python.py:151} INFO - Done. Returned value was: None
[2021-12-30 11:32:01,015] {taskinstance.py:1211} INFO - Marking task as SUCCESS. dag_id=cleansing_dag, task_id=cleanse_spotlight, execution_date=20211229T113127, start_date=20211230T113150, end_date=20211230T113201
[2021-12-30 11:32:01,076] {local_task_job.py:151} INFO - Task exited with return code 0
