[2021-12-31 15:43:45,450] {taskinstance.py:903} INFO - Dependencies all met for <TaskInstance: main_dag.download_vision_data 2021-12-31T15:40:48.544744+00:00 [queued]>
[2021-12-31 15:43:45,463] {taskinstance.py:903} INFO - Dependencies all met for <TaskInstance: main_dag.download_vision_data 2021-12-31T15:40:48.544744+00:00 [queued]>
[2021-12-31 15:43:45,465] {taskinstance.py:1094} INFO - 
--------------------------------------------------------------------------------
[2021-12-31 15:43:45,465] {taskinstance.py:1095} INFO - Starting attempt 1 of 2
[2021-12-31 15:43:45,466] {taskinstance.py:1096} INFO - 
--------------------------------------------------------------------------------
[2021-12-31 15:43:45,480] {taskinstance.py:1114} INFO - Executing <Task(PythonOperator): download_vision_data> on 2021-12-31T15:40:48.544744+00:00
[2021-12-31 15:43:45,486] {standard_task_runner.py:52} INFO - Started process 9881 to run task
[2021-12-31 15:43:45,488] {standard_task_runner.py:76} INFO - Running: ['***', 'tasks', 'run', 'main_dag', 'download_vision_data', '2021-12-31T15:40:48.544744+00:00', '--job-id', '117', '--pool', 'default_pool', '--raw', '--subdir', 'DAGS_FOLDER/main_dag.py', '--cfg-path', '/tmp/tmpnc8k8_dy', '--error-file', '/tmp/tmpksa6d20x']
[2021-12-31 15:43:45,489] {standard_task_runner.py:77} INFO - Job 117: Subtask download_vision_data
[2021-12-31 15:43:45,527] {logging_mixin.py:109} INFO - Running <TaskInstance: main_dag.download_vision_data 2021-12-31T15:40:48.544744+00:00 [running]> on host 8e99a5d40b8f
[2021-12-31 15:43:45,578] {taskinstance.py:1251} INFO - Exporting the following env vars:
AIRFLOW_CTX_DAG_OWNER=***
AIRFLOW_CTX_DAG_ID=main_dag
AIRFLOW_CTX_TASK_ID=download_vision_data
AIRFLOW_CTX_EXECUTION_DATE=2021-12-31T15:40:48.544744+00:00
AIRFLOW_CTX_DAG_RUN_ID=manual__2021-12-31T15:40:48.544744+00:00
[2021-12-31 15:44:29,462] {logging_mixin.py:109} INFO - File downloaded successfully.
[2021-12-31 15:44:29,463] {python.py:151} INFO - Done. Returned value was: None
[2021-12-31 15:44:29,501] {taskinstance.py:1211} INFO - Marking task as SUCCESS. dag_id=main_dag, task_id=download_vision_data, execution_date=20211231T154048, start_date=20211231T154345, end_date=20211231T154429
[2021-12-31 15:44:29,542] {local_task_job.py:151} INFO - Task exited with return code 0
