[2021-12-31 15:09:33,274] {taskinstance.py:903} INFO - Dependencies all met for <TaskInstance: main_dag.download_spotlight_data 2021-12-31T15:06:37.773378+00:00 [queued]>
[2021-12-31 15:09:33,286] {taskinstance.py:903} INFO - Dependencies all met for <TaskInstance: main_dag.download_spotlight_data 2021-12-31T15:06:37.773378+00:00 [queued]>
[2021-12-31 15:09:33,287] {taskinstance.py:1094} INFO - 
--------------------------------------------------------------------------------
[2021-12-31 15:09:33,288] {taskinstance.py:1095} INFO - Starting attempt 1 of 2
[2021-12-31 15:09:33,289] {taskinstance.py:1096} INFO - 
--------------------------------------------------------------------------------
[2021-12-31 15:09:33,304] {taskinstance.py:1114} INFO - Executing <Task(PythonOperator): download_spotlight_data> on 2021-12-31T15:06:37.773378+00:00
[2021-12-31 15:09:33,309] {standard_task_runner.py:52} INFO - Started process 14002 to run task
[2021-12-31 15:09:33,312] {standard_task_runner.py:76} INFO - Running: ['***', 'tasks', 'run', 'main_dag', 'download_spotlight_data', '2021-12-31T15:06:37.773378+00:00', '--job-id', '28', '--pool', 'default_pool', '--raw', '--subdir', 'DAGS_FOLDER/main_dag.py', '--cfg-path', '/tmp/tmpk1emrp4f', '--error-file', '/tmp/tmpxskbj84_']
[2021-12-31 15:09:33,313] {standard_task_runner.py:77} INFO - Job 28: Subtask download_spotlight_data
[2021-12-31 15:09:33,349] {logging_mixin.py:109} INFO - Running <TaskInstance: main_dag.download_spotlight_data 2021-12-31T15:06:37.773378+00:00 [running]> on host 8e99a5d40b8f
[2021-12-31 15:09:33,399] {taskinstance.py:1251} INFO - Exporting the following env vars:
AIRFLOW_CTX_DAG_OWNER=***
AIRFLOW_CTX_DAG_ID=main_dag
AIRFLOW_CTX_TASK_ID=download_spotlight_data
AIRFLOW_CTX_EXECUTION_DATE=2021-12-31T15:06:37.773378+00:00
AIRFLOW_CTX_DAG_RUN_ID=manual__2021-12-31T15:06:37.773378+00:00
[2021-12-31 15:09:43,107] {logging_mixin.py:109} INFO - File downloaded successfully.
[2021-12-31 15:09:43,108] {python.py:151} INFO - Done. Returned value was: None
[2021-12-31 15:09:43,120] {taskinstance.py:1211} INFO - Marking task as SUCCESS. dag_id=main_dag, task_id=download_spotlight_data, execution_date=20211231T150637, start_date=20211231T150933, end_date=20211231T150943
[2021-12-31 15:09:43,158] {local_task_job.py:151} INFO - Task exited with return code 0
