[2021-12-29 14:49:05,095] {taskinstance.py:903} INFO - Dependencies all met for <TaskInstance: cleansing_dag.create_type_dimension_query 2021-12-28T14:46:03.505538+00:00 [queued]>
[2021-12-29 14:49:05,116] {taskinstance.py:903} INFO - Dependencies all met for <TaskInstance: cleansing_dag.create_type_dimension_query 2021-12-28T14:46:03.505538+00:00 [queued]>
[2021-12-29 14:49:05,117] {taskinstance.py:1094} INFO - 
--------------------------------------------------------------------------------
[2021-12-29 14:49:05,117] {taskinstance.py:1095} INFO - Starting attempt 1 of 2
[2021-12-29 14:49:05,117] {taskinstance.py:1096} INFO - 
--------------------------------------------------------------------------------
[2021-12-29 14:49:05,128] {taskinstance.py:1114} INFO - Executing <Task(PythonOperator): create_type_dimension_query> on 2021-12-28T14:46:03.505538+00:00
[2021-12-29 14:49:05,133] {standard_task_runner.py:52} INFO - Started process 7239 to run task
[2021-12-29 14:49:05,137] {standard_task_runner.py:76} INFO - Running: ['***', 'tasks', 'run', 'cleansing_dag', 'create_type_dimension_query', '2021-12-28T14:46:03.505538+00:00', '--job-id', '477', '--pool', 'default_pool', '--raw', '--subdir', 'DAGS_FOLDER/kym_cleansing.py', '--cfg-path', '/tmp/tmpbwxld0t6', '--error-file', '/tmp/tmp9hf4njb_']
[2021-12-29 14:49:05,138] {standard_task_runner.py:77} INFO - Job 477: Subtask create_type_dimension_query
[2021-12-29 14:49:05,184] {logging_mixin.py:109} INFO - Running <TaskInstance: cleansing_dag.create_type_dimension_query 2021-12-28T14:46:03.505538+00:00 [running]> on host 34521d0e1651
[2021-12-29 14:49:05,240] {taskinstance.py:1251} INFO - Exporting the following env vars:
AIRFLOW_CTX_DAG_OWNER=***
AIRFLOW_CTX_DAG_ID=cleansing_dag
AIRFLOW_CTX_TASK_ID=create_type_dimension_query
AIRFLOW_CTX_EXECUTION_DATE=2021-12-28T14:46:03.505538+00:00
AIRFLOW_CTX_DAG_RUN_ID=scheduled__2021-12-28T14:46:03.505538+00:00
[2021-12-29 14:49:05,278] {python.py:151} INFO - Done. Returned value was: None
[2021-12-29 14:49:05,289] {taskinstance.py:1211} INFO - Marking task as SUCCESS. dag_id=cleansing_dag, task_id=create_type_dimension_query, execution_date=20211228T144603, start_date=20211229T144905, end_date=20211229T144905
[2021-12-29 14:49:05,349] {local_task_job.py:151} INFO - Task exited with return code 0
