[2021-12-30 16:21:00,118] {taskinstance.py:903} INFO - Dependencies all met for <TaskInstance: cleansing_dag.create_type_dimension_query 2021-12-29T16:17:32.767228+00:00 [queued]>
[2021-12-30 16:21:00,140] {taskinstance.py:903} INFO - Dependencies all met for <TaskInstance: cleansing_dag.create_type_dimension_query 2021-12-29T16:17:32.767228+00:00 [queued]>
[2021-12-30 16:21:00,140] {taskinstance.py:1094} INFO - 
--------------------------------------------------------------------------------
[2021-12-30 16:21:00,141] {taskinstance.py:1095} INFO - Starting attempt 1 of 2
[2021-12-30 16:21:00,141] {taskinstance.py:1096} INFO - 
--------------------------------------------------------------------------------
[2021-12-30 16:21:00,154] {taskinstance.py:1114} INFO - Executing <Task(PythonOperator): create_type_dimension_query> on 2021-12-29T16:17:32.767228+00:00
[2021-12-30 16:21:00,159] {standard_task_runner.py:52} INFO - Started process 6990 to run task
[2021-12-30 16:21:00,164] {standard_task_runner.py:76} INFO - Running: ['***', 'tasks', 'run', 'cleansing_dag', 'create_type_dimension_query', '2021-12-29T16:17:32.767228+00:00', '--job-id', '8', '--pool', 'default_pool', '--raw', '--subdir', 'DAGS_FOLDER/kym_cleansing.py', '--cfg-path', '/tmp/tmpuu5es2rs', '--error-file', '/tmp/tmpzl63vt5i']
[2021-12-30 16:21:00,165] {standard_task_runner.py:77} INFO - Job 8: Subtask create_type_dimension_query
[2021-12-30 16:21:00,213] {logging_mixin.py:109} INFO - Running <TaskInstance: cleansing_dag.create_type_dimension_query 2021-12-29T16:17:32.767228+00:00 [running]> on host 71257c6b2a25
[2021-12-30 16:21:00,265] {taskinstance.py:1251} INFO - Exporting the following env vars:
AIRFLOW_CTX_DAG_OWNER=***
AIRFLOW_CTX_DAG_ID=cleansing_dag
AIRFLOW_CTX_TASK_ID=create_type_dimension_query
AIRFLOW_CTX_EXECUTION_DATE=2021-12-29T16:17:32.767228+00:00
AIRFLOW_CTX_DAG_RUN_ID=scheduled__2021-12-29T16:17:32.767228+00:00
[2021-12-30 16:21:00,305] {python.py:151} INFO - Done. Returned value was: None
[2021-12-30 16:21:00,318] {taskinstance.py:1211} INFO - Marking task as SUCCESS. dag_id=cleansing_dag, task_id=create_type_dimension_query, execution_date=20211229T161732, start_date=20211230T162100, end_date=20211230T162100
[2021-12-30 16:21:00,375] {local_task_job.py:151} INFO - Task exited with return code 0
