[2021-12-28 18:12:40,261] {taskinstance.py:903} INFO - Dependencies all met for <TaskInstance: cleansing_dag.merge 2021-12-28T18:08:31.068607+00:00 [queued]>
[2021-12-28 18:12:40,279] {taskinstance.py:903} INFO - Dependencies all met for <TaskInstance: cleansing_dag.merge 2021-12-28T18:08:31.068607+00:00 [queued]>
[2021-12-28 18:12:40,280] {taskinstance.py:1094} INFO - 
--------------------------------------------------------------------------------
[2021-12-28 18:12:40,280] {taskinstance.py:1095} INFO - Starting attempt 1 of 2
[2021-12-28 18:12:40,281] {taskinstance.py:1096} INFO - 
--------------------------------------------------------------------------------
[2021-12-28 18:12:40,302] {taskinstance.py:1114} INFO - Executing <Task(PythonOperator): merge> on 2021-12-28T18:08:31.068607+00:00
[2021-12-28 18:12:40,307] {standard_task_runner.py:52} INFO - Started process 19369 to run task
[2021-12-28 18:12:40,310] {standard_task_runner.py:76} INFO - Running: ['***', 'tasks', 'run', 'cleansing_dag', 'merge', '2021-12-28T18:08:31.068607+00:00', '--job-id', '174', '--pool', 'default_pool', '--raw', '--subdir', 'DAGS_FOLDER/kym_cleansing.py', '--cfg-path', '/tmp/tmppgeyg8n6', '--error-file', '/tmp/tmpx5ftp2be']
[2021-12-28 18:12:40,311] {standard_task_runner.py:77} INFO - Job 174: Subtask merge
[2021-12-28 18:12:40,356] {logging_mixin.py:109} INFO - Running <TaskInstance: cleansing_dag.merge 2021-12-28T18:08:31.068607+00:00 [running]> on host 8081e0fc56fe
[2021-12-28 18:12:40,442] {taskinstance.py:1251} INFO - Exporting the following env vars:
AIRFLOW_CTX_DAG_OWNER=***
AIRFLOW_CTX_DAG_ID=cleansing_dag
AIRFLOW_CTX_TASK_ID=merge
AIRFLOW_CTX_EXECUTION_DATE=2021-12-28T18:08:31.068607+00:00
AIRFLOW_CTX_DAG_RUN_ID=manual__2021-12-28T18:08:31.068607+00:00
[2021-12-28 18:12:40,523] {taskinstance.py:1462} ERROR - Task failed with exception
Traceback (most recent call last):
  File "/home/airflow/.local/lib/python3.8/site-packages/airflow/models/taskinstance.py", line 1164, in _run_raw_task
    self._prepare_and_execute_task_with_callbacks(context, task)
  File "/home/airflow/.local/lib/python3.8/site-packages/airflow/models/taskinstance.py", line 1282, in _prepare_and_execute_task_with_callbacks
    result = self._execute_task(context, task_copy)
  File "/home/airflow/.local/lib/python3.8/site-packages/airflow/models/taskinstance.py", line 1312, in _execute_task
    result = task_copy.execute(context=context)
  File "/home/airflow/.local/lib/python3.8/site-packages/airflow/operators/python.py", line 150, in execute
    return_value = self.execute_callable()
  File "/home/airflow/.local/lib/python3.8/site-packages/airflow/operators/python.py", line 161, in execute_callable
    return self.python_callable(*self.op_args, **self.op_kwargs)
  File "/opt/airflow/dags/kym_cleansing.py", line 217, in merge_all
    kym = pd.read_parquet(path1, engine='pyarrow')
  File "/home/airflow/.local/lib/python3.8/site-packages/pandas/io/parquet.py", line 495, in read_parquet
    return impl.read(
  File "/home/airflow/.local/lib/python3.8/site-packages/pandas/io/parquet.py", line 239, in read
    result = self.api.parquet.read_table(
  File "/home/airflow/.local/lib/python3.8/site-packages/pyarrow/parquet.py", line 1700, in read_table
    dataset = _ParquetDatasetV2(
  File "/home/airflow/.local/lib/python3.8/site-packages/pyarrow/parquet.py", line 1543, in __init__
    [fragment], schema=fragment.physical_schema,
  File "pyarrow/_dataset.pyx", line 911, in pyarrow._dataset.Fragment.physical_schema.__get__
  File "pyarrow/error.pxi", line 141, in pyarrow.lib.pyarrow_internal_check_status
  File "pyarrow/error.pxi", line 112, in pyarrow.lib.check_status
OSError: Could not open parquet input source '<Buffer>': Invalid: Parquet magic bytes not found in footer. Either the file is corrupted or this is not a parquet file.
[2021-12-28 18:12:40,537] {taskinstance.py:1505} INFO - Marking task as UP_FOR_RETRY. dag_id=cleansing_dag, task_id=merge, execution_date=20211228T180831, start_date=20211228T181240, end_date=20211228T181240
[2021-12-28 18:12:40,567] {local_task_job.py:151} INFO - Task exited with return code 1
