[2021-12-28 19:36:16,724] {taskinstance.py:903} INFO - Dependencies all met for <TaskInstance: cleansing_dag.merge 2021-12-28T18:08:31.068607+00:00 [queued]>
[2021-12-28 19:36:16,741] {taskinstance.py:903} INFO - Dependencies all met for <TaskInstance: cleansing_dag.merge 2021-12-28T18:08:31.068607+00:00 [queued]>
[2021-12-28 19:36:16,742] {taskinstance.py:1094} INFO - 
--------------------------------------------------------------------------------
[2021-12-28 19:36:16,743] {taskinstance.py:1095} INFO - Starting attempt 2 of 2
[2021-12-28 19:36:16,743] {taskinstance.py:1096} INFO - 
--------------------------------------------------------------------------------
[2021-12-28 19:36:16,764] {taskinstance.py:1114} INFO - Executing <Task(PythonOperator): merge> on 2021-12-28T18:08:31.068607+00:00
[2021-12-28 19:36:16,773] {standard_task_runner.py:52} INFO - Started process 69 to run task
[2021-12-28 19:36:16,776] {standard_task_runner.py:76} INFO - Running: ['***', 'tasks', 'run', 'cleansing_dag', 'merge', '2021-12-28T18:08:31.068607+00:00', '--job-id', '192', '--pool', 'default_pool', '--raw', '--subdir', 'DAGS_FOLDER/kym_cleansing.py', '--cfg-path', '/tmp/tmp0f4ds_mx', '--error-file', '/tmp/tmp0y4r9wel']
[2021-12-28 19:36:16,778] {standard_task_runner.py:77} INFO - Job 192: Subtask merge
[2021-12-28 19:36:16,846] {logging_mixin.py:109} INFO - Running <TaskInstance: cleansing_dag.merge 2021-12-28T18:08:31.068607+00:00 [running]> on host 0b3e0a2afa7a
[2021-12-28 19:36:16,917] {taskinstance.py:1251} INFO - Exporting the following env vars:
AIRFLOW_CTX_DAG_OWNER=***
AIRFLOW_CTX_DAG_ID=cleansing_dag
AIRFLOW_CTX_TASK_ID=merge
AIRFLOW_CTX_EXECUTION_DATE=2021-12-28T18:08:31.068607+00:00
AIRFLOW_CTX_DAG_RUN_ID=manual__2021-12-28T18:08:31.068607+00:00
[2021-12-28 19:36:17,484] {python.py:151} INFO - Done. Returned value was: None
[2021-12-28 19:36:17,496] {taskinstance.py:1211} INFO - Marking task as SUCCESS. dag_id=cleansing_dag, task_id=merge, execution_date=20211228T180831, start_date=20211228T193616, end_date=20211228T193617
[2021-12-28 19:36:17,551] {local_task_job.py:151} INFO - Task exited with return code 0
