[2021-12-31 14:29:50,062] {taskinstance.py:903} INFO - Dependencies all met for <TaskInstance: main_dag.insert_type_dimension_query 2021-12-30T14:24:46.319481+00:00 [queued]>
[2021-12-31 14:29:50,075] {taskinstance.py:903} INFO - Dependencies all met for <TaskInstance: main_dag.insert_type_dimension_query 2021-12-30T14:24:46.319481+00:00 [queued]>
[2021-12-31 14:29:50,075] {taskinstance.py:1094} INFO - 
--------------------------------------------------------------------------------
[2021-12-31 14:29:50,076] {taskinstance.py:1095} INFO - Starting attempt 1 of 2
[2021-12-31 14:29:50,076] {taskinstance.py:1096} INFO - 
--------------------------------------------------------------------------------
[2021-12-31 14:29:50,091] {taskinstance.py:1114} INFO - Executing <Task(PostgresOperator): insert_type_dimension_query> on 2021-12-30T14:24:46.319481+00:00
[2021-12-31 14:29:50,097] {standard_task_runner.py:52} INFO - Started process 7133 to run task
[2021-12-31 14:29:50,100] {standard_task_runner.py:76} INFO - Running: ['***', 'tasks', 'run', 'main_dag', 'insert_type_dimension_query', '2021-12-30T14:24:46.319481+00:00', '--job-id', '19', '--pool', 'default_pool', '--raw', '--subdir', 'DAGS_FOLDER/main_dag.py', '--cfg-path', '/tmp/tmpmqdcjw55', '--error-file', '/tmp/tmp3_foowkq']
[2021-12-31 14:29:50,101] {standard_task_runner.py:77} INFO - Job 19: Subtask insert_type_dimension_query
[2021-12-31 14:29:50,137] {logging_mixin.py:109} INFO - Running <TaskInstance: main_dag.insert_type_dimension_query 2021-12-30T14:24:46.319481+00:00 [running]> on host 8e99a5d40b8f
[2021-12-31 14:29:50,185] {taskinstance.py:1251} INFO - Exporting the following env vars:
AIRFLOW_CTX_DAG_OWNER=***
AIRFLOW_CTX_DAG_ID=main_dag
AIRFLOW_CTX_TASK_ID=insert_type_dimension_query
AIRFLOW_CTX_EXECUTION_DATE=2021-12-30T14:24:46.319481+00:00
AIRFLOW_CTX_DAG_RUN_ID=scheduled__2021-12-30T14:24:46.319481+00:00
[2021-12-31 14:29:50,186] {postgres.py:68} INFO - Executing: CREATE TABLE IF NOT EXISTS type_dimension (
type_id INT PRIMARY KEY,
meme_type TEXT);INSERT INTO type_dimension VALUES ('0', 'No type') ON CONFLICT (type_id) DO NOTHING;
INSERT INTO type_dimension VALUES ('1', 'snowclone') ON CONFLICT (type_id) DO NOTHING;
INSERT INTO type_dimension VALUES ('2', 'pop-culture-reference') ON CONFLICT (type_id) DO NOTHING;
INSERT INTO type_dimension VALUES ('3', 'song') ON CONFLICT (type_id) DO NOTHING;
INSERT INTO type_dimension VALUES ('4', 'viral-video') ON CONFLICT (type_id) DO NOTHING;
INSERT INTO type_dimension VALUES ('5', 'dance') ON CONFLICT (type_id) DO NOTHING;
INSERT INTO type_dimension VALUES ('6', 'catchphrase') ON CONFLICT (type_id) DO NOTHING;
INSERT INTO type_dimension VALUES ('7', 'image-macro') ON CONFLICT (type_id) DO NOTHING;
INSERT INTO type_dimension VALUES ('8', 'slang') ON CONFLICT (type_id) DO NOTHING;
INSERT INTO type_dimension VALUES ('9', 'participatory-media') ON CONFLICT (type_id) DO NOTHING;
INSERT INTO type_dimension VALUES ('10', 'shock-media') ON CONFLICT (type_id) DO NOTHING;
INSERT INTO type_dimension VALUES ('11', 'visual-effect') ON CONFLICT (type_id) DO NOTHING;
INSERT INTO type_dimension VALUES ('12', 'parody') ON CONFLICT (type_id) DO NOTHING;
INSERT INTO type_dimension VALUES ('13', 'remix') ON CONFLICT (type_id) DO NOTHING;
INSERT INTO type_dimension VALUES ('14', 'character') ON CONFLICT (type_id) DO NOTHING;
INSERT INTO type_dimension VALUES ('15', 'hoax') ON CONFLICT (type_id) DO NOTHING;
INSERT INTO type_dimension VALUES ('16', 'advertisement') ON CONFLICT (type_id) DO NOTHING;
INSERT INTO type_dimension VALUES ('17', 'reaction') ON CONFLICT (type_id) DO NOTHING;
INSERT INTO type_dimension VALUES ('18', 'copypasta') ON CONFLICT (type_id) DO NOTHING;
INSERT INTO type_dimension VALUES ('19', 'social-game') ON CONFLICT (type_id) DO NOTHING;
INSERT INTO type_dimension VALUES ('20', 'axiom') ON CONFLICT (type_id) DO NOTHING;
INSERT INTO type_dimension VALUES ('21', 'optical-illusion') ON CONFLICT (type_id) DO NOTHING;
INSERT INTO type_dimension VALUES ('22', 'photoshop') ON CONFLICT (type_id) DO NOTHING;
INSERT INTO type_dimension VALUES ('23', 'emoticon') ON CONFLICT (type_id) DO NOTHING;
INSERT INTO type_dimension VALUES ('24', 'animal') ON CONFLICT (type_id) DO NOTHING;
INSERT INTO type_dimension VALUES ('25', 'creepypasta') ON CONFLICT (type_id) DO NOTHING;
INSERT INTO type_dimension VALUES ('26', 'sound-effect') ON CONFLICT (type_id) DO NOTHING;
INSERT INTO type_dimension VALUES ('27', 'lip-dub') ON CONFLICT (type_id) DO NOTHING;
INSERT INTO type_dimension VALUES ('28', 'fan-labor') ON CONFLICT (type_id) DO NOTHING;
INSERT INTO type_dimension VALUES ('29', 'fan-art') ON CONFLICT (type_id) DO NOTHING;
INSERT INTO type_dimension VALUES ('30', 'conspiracy-theory') ON CONFLICT (type_id) DO NOTHING;
INSERT INTO type_dimension VALUES ('31', 'viral-debate') ON CONFLICT (type_id) DO NOTHING;
INSERT INTO type_dimension VALUES ('32', 'hashtag') ON CONFLICT (type_id) DO NOTHING;
INSERT INTO type_dimension VALUES ('33', 'cliche') ON CONFLICT (type_id) DO NOTHING;
[2021-12-31 14:29:50,194] {base.py:70} INFO - Using connection to: id: postgres_default. Host: postgres, Port: 5432, Schema: postgres, Login: ***, Password: ***, extra: {}
[2021-12-31 14:29:50,198] {dbapi.py:204} INFO - Running statement: CREATE TABLE IF NOT EXISTS type_dimension (
type_id INT PRIMARY KEY,
meme_type TEXT);INSERT INTO type_dimension VALUES ('0', 'No type') ON CONFLICT (type_id) DO NOTHING;
INSERT INTO type_dimension VALUES ('1', 'snowclone') ON CONFLICT (type_id) DO NOTHING;
INSERT INTO type_dimension VALUES ('2', 'pop-culture-reference') ON CONFLICT (type_id) DO NOTHING;
INSERT INTO type_dimension VALUES ('3', 'song') ON CONFLICT (type_id) DO NOTHING;
INSERT INTO type_dimension VALUES ('4', 'viral-video') ON CONFLICT (type_id) DO NOTHING;
INSERT INTO type_dimension VALUES ('5', 'dance') ON CONFLICT (type_id) DO NOTHING;
INSERT INTO type_dimension VALUES ('6', 'catchphrase') ON CONFLICT (type_id) DO NOTHING;
INSERT INTO type_dimension VALUES ('7', 'image-macro') ON CONFLICT (type_id) DO NOTHING;
INSERT INTO type_dimension VALUES ('8', 'slang') ON CONFLICT (type_id) DO NOTHING;
INSERT INTO type_dimension VALUES ('9', 'participatory-media') ON CONFLICT (type_id) DO NOTHING;
INSERT INTO type_dimension VALUES ('10', 'shock-media') ON CONFLICT (type_id) DO NOTHING;
INSERT INTO type_dimension VALUES ('11', 'visual-effect') ON CONFLICT (type_id) DO NOTHING;
INSERT INTO type_dimension VALUES ('12', 'parody') ON CONFLICT (type_id) DO NOTHING;
INSERT INTO type_dimension VALUES ('13', 'remix') ON CONFLICT (type_id) DO NOTHING;
INSERT INTO type_dimension VALUES ('14', 'character') ON CONFLICT (type_id) DO NOTHING;
INSERT INTO type_dimension VALUES ('15', 'hoax') ON CONFLICT (type_id) DO NOTHING;
INSERT INTO type_dimension VALUES ('16', 'advertisement') ON CONFLICT (type_id) DO NOTHING;
INSERT INTO type_dimension VALUES ('17', 'reaction') ON CONFLICT (type_id) DO NOTHING;
INSERT INTO type_dimension VALUES ('18', 'copypasta') ON CONFLICT (type_id) DO NOTHING;
INSERT INTO type_dimension VALUES ('19', 'social-game') ON CONFLICT (type_id) DO NOTHING;
INSERT INTO type_dimension VALUES ('20', 'axiom') ON CONFLICT (type_id) DO NOTHING;
INSERT INTO type_dimension VALUES ('21', 'optical-illusion') ON CONFLICT (type_id) DO NOTHING;
INSERT INTO type_dimension VALUES ('22', 'photoshop') ON CONFLICT (type_id) DO NOTHING;
INSERT INTO type_dimension VALUES ('23', 'emoticon') ON CONFLICT (type_id) DO NOTHING;
INSERT INTO type_dimension VALUES ('24', 'animal') ON CONFLICT (type_id) DO NOTHING;
INSERT INTO type_dimension VALUES ('25', 'creepypasta') ON CONFLICT (type_id) DO NOTHING;
INSERT INTO type_dimension VALUES ('26', 'sound-effect') ON CONFLICT (type_id) DO NOTHING;
INSERT INTO type_dimension VALUES ('27', 'lip-dub') ON CONFLICT (type_id) DO NOTHING;
INSERT INTO type_dimension VALUES ('28', 'fan-labor') ON CONFLICT (type_id) DO NOTHING;
INSERT INTO type_dimension VALUES ('29', 'fan-art') ON CONFLICT (type_id) DO NOTHING;
INSERT INTO type_dimension VALUES ('30', 'conspiracy-theory') ON CONFLICT (type_id) DO NOTHING;
INSERT INTO type_dimension VALUES ('31', 'viral-debate') ON CONFLICT (type_id) DO NOTHING;
INSERT INTO type_dimension VALUES ('32', 'hashtag') ON CONFLICT (type_id) DO NOTHING;
INSERT INTO type_dimension VALUES ('33', 'cliche') ON CONFLICT (type_id) DO NOTHING;, parameters: None
[2021-12-31 14:29:50,310] {dbapi.py:212} INFO - Rows affected: 1
[2021-12-31 14:29:50,325] {taskinstance.py:1211} INFO - Marking task as SUCCESS. dag_id=main_dag, task_id=insert_type_dimension_query, execution_date=20211230T142446, start_date=20211231T142950, end_date=20211231T142950
[2021-12-31 14:29:50,353] {local_task_job.py:151} INFO - Task exited with return code 0
