[2021-12-28 18:13:10,217] {taskinstance.py:903} INFO - Dependencies all met for <TaskInstance: cleansing_dag.create_additional_analysis_table_query 2021-12-27T18:09:12.698303+00:00 [queued]>
[2021-12-28 18:13:10,244] {taskinstance.py:903} INFO - Dependencies all met for <TaskInstance: cleansing_dag.create_additional_analysis_table_query 2021-12-27T18:09:12.698303+00:00 [queued]>
[2021-12-28 18:13:10,244] {taskinstance.py:1094} INFO - 
--------------------------------------------------------------------------------
[2021-12-28 18:13:10,245] {taskinstance.py:1095} INFO - Starting attempt 1 of 2
[2021-12-28 18:13:10,245] {taskinstance.py:1096} INFO - 
--------------------------------------------------------------------------------
[2021-12-28 18:13:10,270] {taskinstance.py:1114} INFO - Executing <Task(PythonOperator): create_additional_analysis_table_query> on 2021-12-27T18:09:12.698303+00:00
[2021-12-28 18:13:10,278] {standard_task_runner.py:52} INFO - Started process 20934 to run task
[2021-12-28 18:13:10,285] {standard_task_runner.py:76} INFO - Running: ['***', 'tasks', 'run', 'cleansing_dag', 'create_additional_analysis_table_query', '2021-12-27T18:09:12.698303+00:00', '--job-id', '180', '--pool', 'default_pool', '--raw', '--subdir', 'DAGS_FOLDER/kym_cleansing.py', '--cfg-path', '/tmp/tmpyeq7z53j', '--error-file', '/tmp/tmppyrydoqa']
[2021-12-28 18:13:10,286] {standard_task_runner.py:77} INFO - Job 180: Subtask create_additional_analysis_table_query
[2021-12-28 18:13:10,339] {logging_mixin.py:109} INFO - Running <TaskInstance: cleansing_dag.create_additional_analysis_table_query 2021-12-27T18:09:12.698303+00:00 [running]> on host 8081e0fc56fe
[2021-12-28 18:13:10,427] {taskinstance.py:1251} INFO - Exporting the following env vars:
AIRFLOW_CTX_DAG_OWNER=***
AIRFLOW_CTX_DAG_ID=cleansing_dag
AIRFLOW_CTX_TASK_ID=create_additional_analysis_table_query
AIRFLOW_CTX_EXECUTION_DATE=2021-12-27T18:09:12.698303+00:00
AIRFLOW_CTX_DAG_RUN_ID=scheduled__2021-12-27T18:09:12.698303+00:00
[2021-12-28 18:13:11,683] {python.py:151} INFO - Done. Returned value was: None
[2021-12-28 18:13:11,699] {taskinstance.py:1211} INFO - Marking task as SUCCESS. dag_id=cleansing_dag, task_id=create_additional_analysis_table_query, execution_date=20211227T180912, start_date=20211228T181310, end_date=20211228T181311
[2021-12-28 18:13:11,746] {local_task_job.py:151} INFO - Task exited with return code 0
