[2021-12-29 15:04:45,757] {taskinstance.py:903} INFO - Dependencies all met for <TaskInstance: cleansing_dag.create_tag_dimension_query 2021-12-28T15:01:54.913843+00:00 [queued]>
[2021-12-29 15:04:45,776] {taskinstance.py:903} INFO - Dependencies all met for <TaskInstance: cleansing_dag.create_tag_dimension_query 2021-12-28T15:01:54.913843+00:00 [queued]>
[2021-12-29 15:04:45,777] {taskinstance.py:1094} INFO - 
--------------------------------------------------------------------------------
[2021-12-29 15:04:45,777] {taskinstance.py:1095} INFO - Starting attempt 1 of 2
[2021-12-29 15:04:45,778] {taskinstance.py:1096} INFO - 
--------------------------------------------------------------------------------
[2021-12-29 15:04:45,790] {taskinstance.py:1114} INFO - Executing <Task(PythonOperator): create_tag_dimension_query> on 2021-12-28T15:01:54.913843+00:00
[2021-12-29 15:04:45,796] {standard_task_runner.py:52} INFO - Started process 2793 to run task
[2021-12-29 15:04:45,799] {standard_task_runner.py:76} INFO - Running: ['***', 'tasks', 'run', 'cleansing_dag', 'create_tag_dimension_query', '2021-12-28T15:01:54.913843+00:00', '--job-id', '521', '--pool', 'default_pool', '--raw', '--subdir', 'DAGS_FOLDER/kym_cleansing.py', '--cfg-path', '/tmp/tmpkppyhrep', '--error-file', '/tmp/tmplcrex42_']
[2021-12-29 15:04:45,800] {standard_task_runner.py:77} INFO - Job 521: Subtask create_tag_dimension_query
[2021-12-29 15:04:45,847] {logging_mixin.py:109} INFO - Running <TaskInstance: cleansing_dag.create_tag_dimension_query 2021-12-28T15:01:54.913843+00:00 [running]> on host 34521d0e1651
[2021-12-29 15:04:45,906] {taskinstance.py:1251} INFO - Exporting the following env vars:
AIRFLOW_CTX_DAG_OWNER=***
AIRFLOW_CTX_DAG_ID=cleansing_dag
AIRFLOW_CTX_TASK_ID=create_tag_dimension_query
AIRFLOW_CTX_EXECUTION_DATE=2021-12-28T15:01:54.913843+00:00
AIRFLOW_CTX_DAG_RUN_ID=scheduled__2021-12-28T15:01:54.913843+00:00
[2021-12-29 15:04:46,576] {python.py:151} INFO - Done. Returned value was: None
[2021-12-29 15:04:46,587] {taskinstance.py:1211} INFO - Marking task as SUCCESS. dag_id=cleansing_dag, task_id=create_tag_dimension_query, execution_date=20211228T150154, start_date=20211229T150445, end_date=20211229T150446
[2021-12-29 15:04:46,654] {local_task_job.py:151} INFO - Task exited with return code 0
