[2021-12-28 15:05:07,880] {taskinstance.py:903} INFO - Dependencies all met for <TaskInstance: cleansing_dag.merge 2021-12-27T15:02:15.357290+00:00 [queued]>
[2021-12-28 15:05:07,893] {taskinstance.py:903} INFO - Dependencies all met for <TaskInstance: cleansing_dag.merge 2021-12-27T15:02:15.357290+00:00 [queued]>
[2021-12-28 15:05:07,894] {taskinstance.py:1094} INFO - 
--------------------------------------------------------------------------------
[2021-12-28 15:05:07,894] {taskinstance.py:1095} INFO - Starting attempt 1 of 2
[2021-12-28 15:05:07,895] {taskinstance.py:1096} INFO - 
--------------------------------------------------------------------------------
[2021-12-28 15:05:07,967] {taskinstance.py:1114} INFO - Executing <Task(PythonOperator): merge> on 2021-12-27T15:02:15.357290+00:00
[2021-12-28 15:05:07,972] {standard_task_runner.py:52} INFO - Started process 6923 to run task
[2021-12-28 15:05:07,976] {standard_task_runner.py:76} INFO - Running: ['***', 'tasks', 'run', 'cleansing_dag', 'merge', '2021-12-27T15:02:15.357290+00:00', '--job-id', '109', '--pool', 'default_pool', '--raw', '--subdir', 'DAGS_FOLDER/kym_cleansing.py', '--cfg-path', '/tmp/tmpniphcogp', '--error-file', '/tmp/tmp8hhz8jci']
[2021-12-28 15:05:07,977] {standard_task_runner.py:77} INFO - Job 109: Subtask merge
[2021-12-28 15:05:08,014] {logging_mixin.py:109} INFO - Running <TaskInstance: cleansing_dag.merge 2021-12-27T15:02:15.357290+00:00 [running]> on host e9f043de1902
[2021-12-28 15:05:08,066] {taskinstance.py:1251} INFO - Exporting the following env vars:
AIRFLOW_CTX_DAG_OWNER=***
AIRFLOW_CTX_DAG_ID=cleansing_dag
AIRFLOW_CTX_TASK_ID=merge
AIRFLOW_CTX_EXECUTION_DATE=2021-12-27T15:02:15.357290+00:00
AIRFLOW_CTX_DAG_RUN_ID=scheduled__2021-12-27T15:02:15.357290+00:00
[2021-12-28 15:05:08,393] {python.py:151} INFO - Done. Returned value was: None
[2021-12-28 15:05:08,403] {taskinstance.py:1211} INFO - Marking task as SUCCESS. dag_id=cleansing_dag, task_id=merge, execution_date=20211227T150215, start_date=20211228T150507, end_date=20211228T150508
[2021-12-28 15:05:08,430] {local_task_job.py:151} INFO - Task exited with return code 0
