[2021-12-30 16:23:52,501] {taskinstance.py:903} INFO - Dependencies all met for <TaskInstance: cleansing_dag.cleanse_kym 2021-12-30T16:23:49.073715+00:00 [queued]>
[2021-12-30 16:23:52,524] {taskinstance.py:903} INFO - Dependencies all met for <TaskInstance: cleansing_dag.cleanse_kym 2021-12-30T16:23:49.073715+00:00 [queued]>
[2021-12-30 16:23:52,525] {taskinstance.py:1094} INFO - 
--------------------------------------------------------------------------------
[2021-12-30 16:23:52,525] {taskinstance.py:1095} INFO - Starting attempt 1 of 2
[2021-12-30 16:23:52,526] {taskinstance.py:1096} INFO - 
--------------------------------------------------------------------------------
[2021-12-30 16:23:52,542] {taskinstance.py:1114} INFO - Executing <Task(PythonOperator): cleanse_kym> on 2021-12-30T16:23:49.073715+00:00
[2021-12-30 16:23:52,549] {standard_task_runner.py:52} INFO - Started process 7056 to run task
[2021-12-30 16:23:52,553] {standard_task_runner.py:76} INFO - Running: ['***', 'tasks', 'run', 'cleansing_dag', 'cleanse_kym', '2021-12-30T16:23:49.073715+00:00', '--job-id', '21', '--pool', 'default_pool', '--raw', '--subdir', 'DAGS_FOLDER/kym_cleansing.py', '--cfg-path', '/tmp/tmpo9490q83', '--error-file', '/tmp/tmpkwlvsca_']
[2021-12-30 16:23:52,554] {standard_task_runner.py:77} INFO - Job 21: Subtask cleanse_kym
[2021-12-30 16:23:52,673] {logging_mixin.py:109} INFO - Running <TaskInstance: cleansing_dag.cleanse_kym 2021-12-30T16:23:49.073715+00:00 [running]> on host 71257c6b2a25
[2021-12-30 16:23:52,734] {taskinstance.py:1251} INFO - Exporting the following env vars:
AIRFLOW_CTX_DAG_OWNER=***
AIRFLOW_CTX_DAG_ID=cleansing_dag
AIRFLOW_CTX_TASK_ID=cleanse_kym
AIRFLOW_CTX_EXECUTION_DATE=2021-12-30T16:23:49.073715+00:00
AIRFLOW_CTX_DAG_RUN_ID=manual__2021-12-30T16:23:49.073715+00:00
[2021-12-30 16:27:31,375] {python.py:151} INFO - Done. Returned value was: None
[2021-12-30 16:27:31,532] {taskinstance.py:1211} INFO - Marking task as SUCCESS. dag_id=cleansing_dag, task_id=cleanse_kym, execution_date=20211230T162349, start_date=20211230T162352, end_date=20211230T162731
[2021-12-30 16:27:31,643] {local_task_job.py:151} INFO - Task exited with return code 0
