[2021-12-31 15:34:03,435] {taskinstance.py:903} INFO - Dependencies all met for <TaskInstance: main_dag.download_spotlight_data 2021-12-31T15:30:57.489827+00:00 [queued]>
[2021-12-31 15:34:03,448] {taskinstance.py:903} INFO - Dependencies all met for <TaskInstance: main_dag.download_spotlight_data 2021-12-31T15:30:57.489827+00:00 [queued]>
[2021-12-31 15:34:03,449] {taskinstance.py:1094} INFO - 
--------------------------------------------------------------------------------
[2021-12-31 15:34:03,450] {taskinstance.py:1095} INFO - Starting attempt 1 of 2
[2021-12-31 15:34:03,450] {taskinstance.py:1096} INFO - 
--------------------------------------------------------------------------------
[2021-12-31 15:34:03,466] {taskinstance.py:1114} INFO - Executing <Task(PythonOperator): download_spotlight_data> on 2021-12-31T15:30:57.489827+00:00
[2021-12-31 15:34:03,471] {standard_task_runner.py:52} INFO - Started process 2755 to run task
[2021-12-31 15:34:03,475] {standard_task_runner.py:76} INFO - Running: ['***', 'tasks', 'run', 'main_dag', 'download_spotlight_data', '2021-12-31T15:30:57.489827+00:00', '--job-id', '93', '--pool', 'default_pool', '--raw', '--subdir', 'DAGS_FOLDER/main_dag.py', '--cfg-path', '/tmp/tmpfn8ieh7v', '--error-file', '/tmp/tmpyj7i3juy']
[2021-12-31 15:34:03,476] {standard_task_runner.py:77} INFO - Job 93: Subtask download_spotlight_data
[2021-12-31 15:34:03,517] {logging_mixin.py:109} INFO - Running <TaskInstance: main_dag.download_spotlight_data 2021-12-31T15:30:57.489827+00:00 [running]> on host 8e99a5d40b8f
[2021-12-31 15:34:03,569] {taskinstance.py:1251} INFO - Exporting the following env vars:
AIRFLOW_CTX_DAG_OWNER=***
AIRFLOW_CTX_DAG_ID=main_dag
AIRFLOW_CTX_TASK_ID=download_spotlight_data
AIRFLOW_CTX_EXECUTION_DATE=2021-12-31T15:30:57.489827+00:00
AIRFLOW_CTX_DAG_RUN_ID=manual__2021-12-31T15:30:57.489827+00:00
[2021-12-31 15:34:08,176] {logging_mixin.py:109} INFO - File downloaded successfully.
[2021-12-31 15:34:08,176] {python.py:151} INFO - Done. Returned value was: None
[2021-12-31 15:34:08,188] {taskinstance.py:1211} INFO - Marking task as SUCCESS. dag_id=main_dag, task_id=download_spotlight_data, execution_date=20211231T153057, start_date=20211231T153403, end_date=20211231T153408
[2021-12-31 15:34:08,223] {local_task_job.py:151} INFO - Task exited with return code 0
