[2021-12-31 15:06:39,554] {taskinstance.py:903} INFO - Dependencies all met for <TaskInstance: main_dag.download_kym_data 2021-12-31T15:06:37.773378+00:00 [queued]>
[2021-12-31 15:06:39,566] {taskinstance.py:903} INFO - Dependencies all met for <TaskInstance: main_dag.download_kym_data 2021-12-31T15:06:37.773378+00:00 [queued]>
[2021-12-31 15:06:39,566] {taskinstance.py:1094} INFO - 
--------------------------------------------------------------------------------
[2021-12-31 15:06:39,566] {taskinstance.py:1095} INFO - Starting attempt 1 of 2
[2021-12-31 15:06:39,567] {taskinstance.py:1096} INFO - 
--------------------------------------------------------------------------------
[2021-12-31 15:06:39,580] {taskinstance.py:1114} INFO - Executing <Task(PythonOperator): download_kym_data> on 2021-12-31T15:06:37.773378+00:00
[2021-12-31 15:06:39,585] {standard_task_runner.py:52} INFO - Started process 7157 to run task
[2021-12-31 15:06:39,587] {standard_task_runner.py:76} INFO - Running: ['***', 'tasks', 'run', 'main_dag', 'download_kym_data', '2021-12-31T15:06:37.773378+00:00', '--job-id', '25', '--pool', 'default_pool', '--raw', '--subdir', 'DAGS_FOLDER/main_dag.py', '--cfg-path', '/tmp/tmpli0uib5e', '--error-file', '/tmp/tmpel4oe_9r']
[2021-12-31 15:06:39,588] {standard_task_runner.py:77} INFO - Job 25: Subtask download_kym_data
[2021-12-31 15:06:39,623] {logging_mixin.py:109} INFO - Running <TaskInstance: main_dag.download_kym_data 2021-12-31T15:06:37.773378+00:00 [running]> on host 8e99a5d40b8f
[2021-12-31 15:06:39,676] {taskinstance.py:1251} INFO - Exporting the following env vars:
AIRFLOW_CTX_DAG_OWNER=***
AIRFLOW_CTX_DAG_ID=main_dag
AIRFLOW_CTX_TASK_ID=download_kym_data
AIRFLOW_CTX_EXECUTION_DATE=2021-12-31T15:06:37.773378+00:00
AIRFLOW_CTX_DAG_RUN_ID=manual__2021-12-31T15:06:37.773378+00:00
[2021-12-31 15:07:00,526] {logging_mixin.py:109} INFO - File downloaded successfully.
[2021-12-31 15:07:00,527] {python.py:151} INFO - Done. Returned value was: None
[2021-12-31 15:07:00,538] {taskinstance.py:1211} INFO - Marking task as SUCCESS. dag_id=main_dag, task_id=download_kym_data, execution_date=20211231T150637, start_date=20211231T150639, end_date=20211231T150700
[2021-12-31 15:07:00,568] {local_task_job.py:151} INFO - Task exited with return code 0
