[2021-12-30 12:18:47,720] {taskinstance.py:903} INFO - Dependencies all met for <TaskInstance: cleansing_dag.create_relational_db 2021-12-30T12:16:01.909559+00:00 [queued]>
[2021-12-30 12:18:47,733] {taskinstance.py:903} INFO - Dependencies all met for <TaskInstance: cleansing_dag.create_relational_db 2021-12-30T12:16:01.909559+00:00 [queued]>
[2021-12-30 12:18:47,734] {taskinstance.py:1094} INFO - 
--------------------------------------------------------------------------------
[2021-12-30 12:18:47,734] {taskinstance.py:1095} INFO - Starting attempt 1 of 2
[2021-12-30 12:18:47,735] {taskinstance.py:1096} INFO - 
--------------------------------------------------------------------------------
[2021-12-30 12:18:47,751] {taskinstance.py:1114} INFO - Executing <Task(PythonOperator): create_relational_db> on 2021-12-30T12:16:01.909559+00:00
[2021-12-30 12:18:47,756] {standard_task_runner.py:52} INFO - Started process 16320 to run task
[2021-12-30 12:18:47,760] {standard_task_runner.py:76} INFO - Running: ['***', 'tasks', 'run', 'cleansing_dag', 'create_relational_db', '2021-12-30T12:16:01.909559+00:00', '--job-id', '80', '--pool', 'default_pool', '--raw', '--subdir', 'DAGS_FOLDER/kym_cleansing.py', '--cfg-path', '/tmp/tmprgmcx63m', '--error-file', '/tmp/tmpja5w2ll2']
[2021-12-30 12:18:47,761] {standard_task_runner.py:77} INFO - Job 80: Subtask create_relational_db
[2021-12-30 12:18:47,800] {logging_mixin.py:109} INFO - Running <TaskInstance: cleansing_dag.create_relational_db 2021-12-30T12:16:01.909559+00:00 [running]> on host 2eb70c976689
[2021-12-30 12:18:47,853] {taskinstance.py:1251} INFO - Exporting the following env vars:
AIRFLOW_CTX_DAG_OWNER=***
AIRFLOW_CTX_DAG_ID=cleansing_dag
AIRFLOW_CTX_TASK_ID=create_relational_db
AIRFLOW_CTX_EXECUTION_DATE=2021-12-30T12:16:01.909559+00:00
AIRFLOW_CTX_DAG_RUN_ID=manual__2021-12-30T12:16:01.909559+00:00
[2021-12-30 12:18:47,958] {logging_mixin.py:109} WARNING - /opt/***/dags/kym_cleansing.py:234 SettingWithCopyWarning: 
A value is trying to be set on a copy of a slice from a DataFrame.
Try using .loc[row_indexer,col_indexer] = value instead

See the caveats in the documentation: https://pandas.pydata.org/pandas-docs/stable/user_guide/indexing.html#returning-a-view-versus-a-copy
[2021-12-30 12:18:47,960] {logging_mixin.py:109} WARNING - /opt/***/dags/kym_cleansing.py:235 SettingWithCopyWarning: 
A value is trying to be set on a copy of a slice from a DataFrame.
Try using .loc[row_indexer,col_indexer] = value instead

See the caveats in the documentation: https://pandas.pydata.org/pandas-docs/stable/user_guide/indexing.html#returning-a-view-versus-a-copy
[2021-12-30 12:18:47,967] {logging_mixin.py:109} WARNING - /opt/***/dags/kym_cleansing.py:238 SettingWithCopyWarning: 
A value is trying to be set on a copy of a slice from a DataFrame.
Try using .loc[row_indexer,col_indexer] = value instead

See the caveats in the documentation: https://pandas.pydata.org/pandas-docs/stable/user_guide/indexing.html#returning-a-view-versus-a-copy
[2021-12-30 12:18:48,346] {python.py:151} INFO - Done. Returned value was: None
[2021-12-30 12:18:48,358] {taskinstance.py:1211} INFO - Marking task as SUCCESS. dag_id=cleansing_dag, task_id=create_relational_db, execution_date=20211230T121601, start_date=20211230T121847, end_date=20211230T121848
[2021-12-30 12:18:48,415] {local_task_job.py:151} INFO - Task exited with return code 0
