[2021-12-28 17:55:54,882] {taskinstance.py:903} INFO - Dependencies all met for <TaskInstance: cleansing_dag.merge 2021-12-27T17:52:41.529825+00:00 [queued]>
[2021-12-28 17:55:54,898] {taskinstance.py:903} INFO - Dependencies all met for <TaskInstance: cleansing_dag.merge 2021-12-27T17:52:41.529825+00:00 [queued]>
[2021-12-28 17:55:54,899] {taskinstance.py:1094} INFO - 
--------------------------------------------------------------------------------
[2021-12-28 17:55:54,899] {taskinstance.py:1095} INFO - Starting attempt 1 of 2
[2021-12-28 17:55:54,900] {taskinstance.py:1096} INFO - 
--------------------------------------------------------------------------------
[2021-12-28 17:55:54,917] {taskinstance.py:1114} INFO - Executing <Task(PythonOperator): merge> on 2021-12-27T17:52:41.529825+00:00
[2021-12-28 17:55:54,923] {standard_task_runner.py:52} INFO - Started process 13814 to run task
[2021-12-28 17:55:54,925] {standard_task_runner.py:76} INFO - Running: ['***', 'tasks', 'run', 'cleansing_dag', 'merge', '2021-12-27T17:52:41.529825+00:00', '--job-id', '133', '--pool', 'default_pool', '--raw', '--subdir', 'DAGS_FOLDER/kym_cleansing.py', '--cfg-path', '/tmp/tmpyp63l1_7', '--error-file', '/tmp/tmpcq8f5jiz']
[2021-12-28 17:55:54,927] {standard_task_runner.py:77} INFO - Job 133: Subtask merge
[2021-12-28 17:55:54,970] {logging_mixin.py:109} INFO - Running <TaskInstance: cleansing_dag.merge 2021-12-27T17:52:41.529825+00:00 [running]> on host 7deaf4b1fcdf
[2021-12-28 17:55:55,026] {taskinstance.py:1251} INFO - Exporting the following env vars:
AIRFLOW_CTX_DAG_OWNER=***
AIRFLOW_CTX_DAG_ID=cleansing_dag
AIRFLOW_CTX_TASK_ID=merge
AIRFLOW_CTX_EXECUTION_DATE=2021-12-27T17:52:41.529825+00:00
AIRFLOW_CTX_DAG_RUN_ID=scheduled__2021-12-27T17:52:41.529825+00:00
[2021-12-28 17:55:55,405] {python.py:151} INFO - Done. Returned value was: None
[2021-12-28 17:55:55,433] {taskinstance.py:1211} INFO - Marking task as SUCCESS. dag_id=cleansing_dag, task_id=merge, execution_date=20211227T175241, start_date=20211228T175554, end_date=20211228T175555
[2021-12-28 17:55:55,500] {local_task_job.py:151} INFO - Task exited with return code 0
