[2021-12-28 18:08:32,007] {taskinstance.py:903} INFO - Dependencies all met for <TaskInstance: cleansing_dag.cleanse_vision 2021-12-28T18:08:31.068607+00:00 [queued]>
[2021-12-28 18:08:32,024] {taskinstance.py:903} INFO - Dependencies all met for <TaskInstance: cleansing_dag.cleanse_vision 2021-12-28T18:08:31.068607+00:00 [queued]>
[2021-12-28 18:08:32,025] {taskinstance.py:1094} INFO - 
--------------------------------------------------------------------------------
[2021-12-28 18:08:32,025] {taskinstance.py:1095} INFO - Starting attempt 1 of 2
[2021-12-28 18:08:32,026] {taskinstance.py:1096} INFO - 
--------------------------------------------------------------------------------
[2021-12-28 18:08:32,046] {taskinstance.py:1114} INFO - Executing <Task(PythonOperator): cleanse_vision> on 2021-12-28T18:08:31.068607+00:00
[2021-12-28 18:08:32,056] {standard_task_runner.py:52} INFO - Started process 71 to run task
[2021-12-28 18:08:32,059] {standard_task_runner.py:76} INFO - Running: ['***', 'tasks', 'run', 'cleansing_dag', 'cleanse_vision', '2021-12-28T18:08:31.068607+00:00', '--job-id', '168', '--pool', 'default_pool', '--raw', '--subdir', 'DAGS_FOLDER/kym_cleansing.py', '--cfg-path', '/tmp/tmp82zhdhtt', '--error-file', '/tmp/tmp3k2prwqs']
[2021-12-28 18:08:32,060] {standard_task_runner.py:77} INFO - Job 168: Subtask cleanse_vision
[2021-12-28 18:08:32,113] {logging_mixin.py:109} INFO - Running <TaskInstance: cleansing_dag.cleanse_vision 2021-12-28T18:08:31.068607+00:00 [running]> on host 8081e0fc56fe
[2021-12-28 18:08:32,177] {taskinstance.py:1251} INFO - Exporting the following env vars:
AIRFLOW_CTX_DAG_OWNER=***
AIRFLOW_CTX_DAG_ID=cleansing_dag
AIRFLOW_CTX_TASK_ID=cleanse_vision
AIRFLOW_CTX_EXECUTION_DATE=2021-12-28T18:08:31.068607+00:00
AIRFLOW_CTX_DAG_RUN_ID=manual__2021-12-28T18:08:31.068607+00:00
[2021-12-28 18:11:11,977] {python.py:151} INFO - Done. Returned value was: None
[2021-12-28 18:11:12,029] {taskinstance.py:1211} INFO - Marking task as SUCCESS. dag_id=cleansing_dag, task_id=cleanse_vision, execution_date=20211228T180831, start_date=20211228T180832, end_date=20211228T181112
[2021-12-28 18:11:12,120] {local_task_job.py:151} INFO - Task exited with return code 0
