[2021-12-31 14:29:48,819] {taskinstance.py:903} INFO - Dependencies all met for <TaskInstance: main_dag.create_additional_analysis_table_query 2021-12-30T14:24:46.319481+00:00 [queued]>
[2021-12-31 14:29:48,836] {taskinstance.py:903} INFO - Dependencies all met for <TaskInstance: main_dag.create_additional_analysis_table_query 2021-12-30T14:24:46.319481+00:00 [queued]>
[2021-12-31 14:29:48,836] {taskinstance.py:1094} INFO - 
--------------------------------------------------------------------------------
[2021-12-31 14:29:48,837] {taskinstance.py:1095} INFO - Starting attempt 1 of 2
[2021-12-31 14:29:48,838] {taskinstance.py:1096} INFO - 
--------------------------------------------------------------------------------
[2021-12-31 14:29:48,860] {taskinstance.py:1114} INFO - Executing <Task(PythonOperator): create_additional_analysis_table_query> on 2021-12-30T14:24:46.319481+00:00
[2021-12-31 14:29:48,866] {standard_task_runner.py:52} INFO - Started process 7103 to run task
[2021-12-31 14:29:48,870] {standard_task_runner.py:76} INFO - Running: ['***', 'tasks', 'run', 'main_dag', 'create_additional_analysis_table_query', '2021-12-30T14:24:46.319481+00:00', '--job-id', '15', '--pool', 'default_pool', '--raw', '--subdir', 'DAGS_FOLDER/main_dag.py', '--cfg-path', '/tmp/tmpzo9e696w', '--error-file', '/tmp/tmptv5cn71n']
[2021-12-31 14:29:48,871] {standard_task_runner.py:77} INFO - Job 15: Subtask create_additional_analysis_table_query
[2021-12-31 14:29:48,917] {logging_mixin.py:109} INFO - Running <TaskInstance: main_dag.create_additional_analysis_table_query 2021-12-30T14:24:46.319481+00:00 [running]> on host 8e99a5d40b8f
[2021-12-31 14:29:48,979] {taskinstance.py:1251} INFO - Exporting the following env vars:
AIRFLOW_CTX_DAG_OWNER=***
AIRFLOW_CTX_DAG_ID=main_dag
AIRFLOW_CTX_TASK_ID=create_additional_analysis_table_query
AIRFLOW_CTX_EXECUTION_DATE=2021-12-30T14:24:46.319481+00:00
AIRFLOW_CTX_DAG_RUN_ID=scheduled__2021-12-30T14:24:46.319481+00:00
[2021-12-31 14:29:49,745] {python.py:151} INFO - Done. Returned value was: None
[2021-12-31 14:29:49,758] {taskinstance.py:1211} INFO - Marking task as SUCCESS. dag_id=main_dag, task_id=create_additional_analysis_table_query, execution_date=20211230T142446, start_date=20211231T142948, end_date=20211231T142949
[2021-12-31 14:29:49,807] {local_task_job.py:151} INFO - Task exited with return code 0
