[2021-12-29 15:13:08,465] {taskinstance.py:903} INFO - Dependencies all met for <TaskInstance: cleansing_dag.cleanse_vision 2021-12-29T15:13:07.686599+00:00 [queued]>
[2021-12-29 15:13:08,482] {taskinstance.py:903} INFO - Dependencies all met for <TaskInstance: cleansing_dag.cleanse_vision 2021-12-29T15:13:07.686599+00:00 [queued]>
[2021-12-29 15:13:08,482] {taskinstance.py:1094} INFO - 
--------------------------------------------------------------------------------
[2021-12-29 15:13:08,483] {taskinstance.py:1095} INFO - Starting attempt 1 of 2
[2021-12-29 15:13:08,484] {taskinstance.py:1096} INFO - 
--------------------------------------------------------------------------------
[2021-12-29 15:13:08,494] {taskinstance.py:1114} INFO - Executing <Task(PythonOperator): cleanse_vision> on 2021-12-29T15:13:07.686599+00:00
[2021-12-29 15:13:08,499] {standard_task_runner.py:52} INFO - Started process 2862 to run task
[2021-12-29 15:13:08,504] {standard_task_runner.py:76} INFO - Running: ['***', 'tasks', 'run', 'cleansing_dag', 'cleanse_vision', '2021-12-29T15:13:07.686599+00:00', '--job-id', '532', '--pool', 'default_pool', '--raw', '--subdir', 'DAGS_FOLDER/kym_cleansing.py', '--cfg-path', '/tmp/tmpohct30u3', '--error-file', '/tmp/tmpsqbdpme4']
[2021-12-29 15:13:08,505] {standard_task_runner.py:77} INFO - Job 532: Subtask cleanse_vision
[2021-12-29 15:13:08,546] {logging_mixin.py:109} INFO - Running <TaskInstance: cleansing_dag.cleanse_vision 2021-12-29T15:13:07.686599+00:00 [running]> on host 34521d0e1651
[2021-12-29 15:13:08,601] {taskinstance.py:1251} INFO - Exporting the following env vars:
AIRFLOW_CTX_DAG_OWNER=***
AIRFLOW_CTX_DAG_ID=cleansing_dag
AIRFLOW_CTX_TASK_ID=cleanse_vision
AIRFLOW_CTX_EXECUTION_DATE=2021-12-29T15:13:07.686599+00:00
AIRFLOW_CTX_DAG_RUN_ID=manual__2021-12-29T15:13:07.686599+00:00
[2021-12-29 15:14:48,979] {python.py:151} INFO - Done. Returned value was: None
[2021-12-29 15:14:48,998] {taskinstance.py:1211} INFO - Marking task as SUCCESS. dag_id=cleansing_dag, task_id=cleanse_vision, execution_date=20211229T151307, start_date=20211229T151308, end_date=20211229T151448
[2021-12-29 15:14:49,070] {local_task_job.py:151} INFO - Task exited with return code 0
