[2021-12-28 19:36:20,669] {taskinstance.py:903} INFO - Dependencies all met for <TaskInstance: cleansing_dag.create_additional_analysis_table_query 2021-12-28T18:08:31.068607+00:00 [queued]>
[2021-12-28 19:36:20,692] {taskinstance.py:903} INFO - Dependencies all met for <TaskInstance: cleansing_dag.create_additional_analysis_table_query 2021-12-28T18:08:31.068607+00:00 [queued]>
[2021-12-28 19:36:20,693] {taskinstance.py:1094} INFO - 
--------------------------------------------------------------------------------
[2021-12-28 19:36:20,693] {taskinstance.py:1095} INFO - Starting attempt 1 of 2
[2021-12-28 19:36:20,694] {taskinstance.py:1096} INFO - 
--------------------------------------------------------------------------------
[2021-12-28 19:36:20,718] {taskinstance.py:1114} INFO - Executing <Task(PythonOperator): create_additional_analysis_table_query> on 2021-12-28T18:08:31.068607+00:00
[2021-12-28 19:36:20,727] {standard_task_runner.py:52} INFO - Started process 148 to run task
[2021-12-28 19:36:20,734] {standard_task_runner.py:76} INFO - Running: ['***', 'tasks', 'run', 'cleansing_dag', 'create_additional_analysis_table_query', '2021-12-28T18:08:31.068607+00:00', '--job-id', '199', '--pool', 'default_pool', '--raw', '--subdir', 'DAGS_FOLDER/kym_cleansing.py', '--cfg-path', '/tmp/tmptmy11wxy', '--error-file', '/tmp/tmp0hq7zyc2']
[2021-12-28 19:36:20,735] {standard_task_runner.py:77} INFO - Job 199: Subtask create_additional_analysis_table_query
[2021-12-28 19:36:20,803] {logging_mixin.py:109} INFO - Running <TaskInstance: cleansing_dag.create_additional_analysis_table_query 2021-12-28T18:08:31.068607+00:00 [running]> on host 0b3e0a2afa7a
[2021-12-28 19:36:20,892] {taskinstance.py:1251} INFO - Exporting the following env vars:
AIRFLOW_CTX_DAG_OWNER=***
AIRFLOW_CTX_DAG_ID=cleansing_dag
AIRFLOW_CTX_TASK_ID=create_additional_analysis_table_query
AIRFLOW_CTX_EXECUTION_DATE=2021-12-28T18:08:31.068607+00:00
AIRFLOW_CTX_DAG_RUN_ID=manual__2021-12-28T18:08:31.068607+00:00
[2021-12-28 19:36:22,727] {python.py:151} INFO - Done. Returned value was: None
[2021-12-28 19:36:22,739] {taskinstance.py:1211} INFO - Marking task as SUCCESS. dag_id=cleansing_dag, task_id=create_additional_analysis_table_query, execution_date=20211228T180831, start_date=20211228T193620, end_date=20211228T193622
[2021-12-28 19:36:22,795] {local_task_job.py:151} INFO - Task exited with return code 0
