[2021-12-31 14:27:49,813] {taskinstance.py:903} INFO - Dependencies all met for <TaskInstance: main_dag.download_vision_data 2021-12-30T14:24:46.319481+00:00 [queued]>
[2021-12-31 14:27:49,827] {taskinstance.py:903} INFO - Dependencies all met for <TaskInstance: main_dag.download_vision_data 2021-12-30T14:24:46.319481+00:00 [queued]>
[2021-12-31 14:27:49,827] {taskinstance.py:1094} INFO - 
--------------------------------------------------------------------------------
[2021-12-31 14:27:49,828] {taskinstance.py:1095} INFO - Starting attempt 1 of 2
[2021-12-31 14:27:49,828] {taskinstance.py:1096} INFO - 
--------------------------------------------------------------------------------
[2021-12-31 14:27:49,844] {taskinstance.py:1114} INFO - Executing <Task(PythonOperator): download_vision_data> on 2021-12-30T14:24:46.319481+00:00
[2021-12-31 14:27:49,850] {standard_task_runner.py:52} INFO - Started process 7004 to run task
[2021-12-31 14:27:49,853] {standard_task_runner.py:76} INFO - Running: ['***', 'tasks', 'run', 'main_dag', 'download_vision_data', '2021-12-30T14:24:46.319481+00:00', '--job-id', '8', '--pool', 'default_pool', '--raw', '--subdir', 'DAGS_FOLDER/main_dag.py', '--cfg-path', '/tmp/tmpdx3wuq5q', '--error-file', '/tmp/tmpqfup8i7j']
[2021-12-31 14:27:49,854] {standard_task_runner.py:77} INFO - Job 8: Subtask download_vision_data
[2021-12-31 14:27:49,890] {logging_mixin.py:109} INFO - Running <TaskInstance: main_dag.download_vision_data 2021-12-30T14:24:46.319481+00:00 [running]> on host 8e99a5d40b8f
[2021-12-31 14:27:49,936] {taskinstance.py:1251} INFO - Exporting the following env vars:
AIRFLOW_CTX_DAG_OWNER=***
AIRFLOW_CTX_DAG_ID=main_dag
AIRFLOW_CTX_TASK_ID=download_vision_data
AIRFLOW_CTX_EXECUTION_DATE=2021-12-30T14:24:46.319481+00:00
AIRFLOW_CTX_DAG_RUN_ID=scheduled__2021-12-30T14:24:46.319481+00:00
[2021-12-31 14:28:34,538] {logging_mixin.py:109} INFO - File downloaded successfully.
[2021-12-31 14:28:34,539] {python.py:151} INFO - Done. Returned value was: None
[2021-12-31 14:28:34,550] {taskinstance.py:1211} INFO - Marking task as SUCCESS. dag_id=main_dag, task_id=download_vision_data, execution_date=20211230T142446, start_date=20211231T142749, end_date=20211231T142834
[2021-12-31 14:28:34,594] {local_task_job.py:151} INFO - Task exited with return code 0
