[2021-12-28 19:36:20,667] {taskinstance.py:903} INFO - Dependencies all met for <TaskInstance: cleansing_dag.create_type_dimension_query 2021-12-28T18:08:31.068607+00:00 [queued]>
[2021-12-28 19:36:20,686] {taskinstance.py:903} INFO - Dependencies all met for <TaskInstance: cleansing_dag.create_type_dimension_query 2021-12-28T18:08:31.068607+00:00 [queued]>
[2021-12-28 19:36:20,687] {taskinstance.py:1094} INFO - 
--------------------------------------------------------------------------------
[2021-12-28 19:36:20,688] {taskinstance.py:1095} INFO - Starting attempt 1 of 2
[2021-12-28 19:36:20,688] {taskinstance.py:1096} INFO - 
--------------------------------------------------------------------------------
[2021-12-28 19:36:20,715] {taskinstance.py:1114} INFO - Executing <Task(PythonOperator): create_type_dimension_query> on 2021-12-28T18:08:31.068607+00:00
[2021-12-28 19:36:20,722] {standard_task_runner.py:52} INFO - Started process 147 to run task
[2021-12-28 19:36:20,730] {standard_task_runner.py:76} INFO - Running: ['***', 'tasks', 'run', 'cleansing_dag', 'create_type_dimension_query', '2021-12-28T18:08:31.068607+00:00', '--job-id', '198', '--pool', 'default_pool', '--raw', '--subdir', 'DAGS_FOLDER/kym_cleansing.py', '--cfg-path', '/tmp/tmpcthq9yqp', '--error-file', '/tmp/tmpofaytchl']
[2021-12-28 19:36:20,732] {standard_task_runner.py:77} INFO - Job 198: Subtask create_type_dimension_query
[2021-12-28 19:36:20,800] {logging_mixin.py:109} INFO - Running <TaskInstance: cleansing_dag.create_type_dimension_query 2021-12-28T18:08:31.068607+00:00 [running]> on host 0b3e0a2afa7a
[2021-12-28 19:36:20,883] {taskinstance.py:1251} INFO - Exporting the following env vars:
AIRFLOW_CTX_DAG_OWNER=***
AIRFLOW_CTX_DAG_ID=cleansing_dag
AIRFLOW_CTX_TASK_ID=create_type_dimension_query
AIRFLOW_CTX_EXECUTION_DATE=2021-12-28T18:08:31.068607+00:00
AIRFLOW_CTX_DAG_RUN_ID=manual__2021-12-28T18:08:31.068607+00:00
[2021-12-28 19:36:20,944] {python.py:151} INFO - Done. Returned value was: None
[2021-12-28 19:36:20,962] {taskinstance.py:1211} INFO - Marking task as SUCCESS. dag_id=cleansing_dag, task_id=create_type_dimension_query, execution_date=20211228T180831, start_date=20211228T193620, end_date=20211228T193620
[2021-12-28 19:36:21,022] {local_task_job.py:151} INFO - Task exited with return code 0
