[2021-12-30 12:01:50,269] {taskinstance.py:903} INFO - Dependencies all met for <TaskInstance: cleansing_dag.create_tag_dimension_query 2021-12-30T11:59:00.197264+00:00 [queued]>
[2021-12-30 12:01:50,285] {taskinstance.py:903} INFO - Dependencies all met for <TaskInstance: cleansing_dag.create_tag_dimension_query 2021-12-30T11:59:00.197264+00:00 [queued]>
[2021-12-30 12:01:50,285] {taskinstance.py:1094} INFO - 
--------------------------------------------------------------------------------
[2021-12-30 12:01:50,286] {taskinstance.py:1095} INFO - Starting attempt 1 of 2
[2021-12-30 12:01:50,287] {taskinstance.py:1096} INFO - 
--------------------------------------------------------------------------------
[2021-12-30 12:01:50,308] {taskinstance.py:1114} INFO - Executing <Task(PythonOperator): create_tag_dimension_query> on 2021-12-30T11:59:00.197264+00:00
[2021-12-30 12:01:50,314] {standard_task_runner.py:52} INFO - Started process 2424 to run task
[2021-12-30 12:01:50,317] {standard_task_runner.py:76} INFO - Running: ['***', 'tasks', 'run', 'cleansing_dag', 'create_tag_dimension_query', '2021-12-30T11:59:00.197264+00:00', '--job-id', '59', '--pool', 'default_pool', '--raw', '--subdir', 'DAGS_FOLDER/kym_cleansing.py', '--cfg-path', '/tmp/tmpchz1n34w', '--error-file', '/tmp/tmp8_6p83f0']
[2021-12-30 12:01:50,318] {standard_task_runner.py:77} INFO - Job 59: Subtask create_tag_dimension_query
[2021-12-30 12:01:50,360] {logging_mixin.py:109} INFO - Running <TaskInstance: cleansing_dag.create_tag_dimension_query 2021-12-30T11:59:00.197264+00:00 [running]> on host 2eb70c976689
[2021-12-30 12:01:50,416] {taskinstance.py:1251} INFO - Exporting the following env vars:
AIRFLOW_CTX_DAG_OWNER=***
AIRFLOW_CTX_DAG_ID=cleansing_dag
AIRFLOW_CTX_TASK_ID=create_tag_dimension_query
AIRFLOW_CTX_EXECUTION_DATE=2021-12-30T11:59:00.197264+00:00
AIRFLOW_CTX_DAG_RUN_ID=manual__2021-12-30T11:59:00.197264+00:00
[2021-12-30 12:01:51,098] {python.py:151} INFO - Done. Returned value was: None
[2021-12-30 12:01:51,110] {taskinstance.py:1211} INFO - Marking task as SUCCESS. dag_id=cleansing_dag, task_id=create_tag_dimension_query, execution_date=20211230T115900, start_date=20211230T120150, end_date=20211230T120151
[2021-12-30 12:01:51,172] {local_task_job.py:151} INFO - Task exited with return code 0
