[2021-12-28 17:55:58,653] {taskinstance.py:903} INFO - Dependencies all met for <TaskInstance: cleansing_dag.create_type_dimension_query 2021-12-27T17:52:41.529825+00:00 [queued]>
[2021-12-28 17:55:58,667] {taskinstance.py:903} INFO - Dependencies all met for <TaskInstance: cleansing_dag.create_type_dimension_query 2021-12-27T17:52:41.529825+00:00 [queued]>
[2021-12-28 17:55:58,668] {taskinstance.py:1094} INFO - 
--------------------------------------------------------------------------------
[2021-12-28 17:55:58,668] {taskinstance.py:1095} INFO - Starting attempt 1 of 2
[2021-12-28 17:55:58,669] {taskinstance.py:1096} INFO - 
--------------------------------------------------------------------------------
[2021-12-28 17:55:58,685] {taskinstance.py:1114} INFO - Executing <Task(PythonOperator): create_type_dimension_query> on 2021-12-27T17:52:41.529825+00:00
[2021-12-28 17:55:58,690] {standard_task_runner.py:52} INFO - Started process 13883 to run task
[2021-12-28 17:55:58,693] {standard_task_runner.py:76} INFO - Running: ['***', 'tasks', 'run', 'cleansing_dag', 'create_type_dimension_query', '2021-12-27T17:52:41.529825+00:00', '--job-id', '136', '--pool', 'default_pool', '--raw', '--subdir', 'DAGS_FOLDER/kym_cleansing.py', '--cfg-path', '/tmp/tmpn0373_ra', '--error-file', '/tmp/tmps8xbyoh_']
[2021-12-28 17:55:58,694] {standard_task_runner.py:77} INFO - Job 136: Subtask create_type_dimension_query
[2021-12-28 17:55:58,736] {logging_mixin.py:109} INFO - Running <TaskInstance: cleansing_dag.create_type_dimension_query 2021-12-27T17:52:41.529825+00:00 [running]> on host 7deaf4b1fcdf
[2021-12-28 17:55:58,802] {taskinstance.py:1251} INFO - Exporting the following env vars:
AIRFLOW_CTX_DAG_OWNER=***
AIRFLOW_CTX_DAG_ID=cleansing_dag
AIRFLOW_CTX_TASK_ID=create_type_dimension_query
AIRFLOW_CTX_EXECUTION_DATE=2021-12-27T17:52:41.529825+00:00
AIRFLOW_CTX_DAG_RUN_ID=scheduled__2021-12-27T17:52:41.529825+00:00
[2021-12-28 17:55:58,844] {python.py:151} INFO - Done. Returned value was: None
[2021-12-28 17:55:58,857] {taskinstance.py:1211} INFO - Marking task as SUCCESS. dag_id=cleansing_dag, task_id=create_type_dimension_query, execution_date=20211227T175241, start_date=20211228T175558, end_date=20211228T175558
[2021-12-28 17:55:58,906] {local_task_job.py:151} INFO - Task exited with return code 0
