[2021-12-31 10:26:15,428] {taskinstance.py:903} INFO - Dependencies all met for <TaskInstance: main_dag.download_spotlight_data 2021-12-31T10:23:18.790454+00:00 [queued]>
[2021-12-31 10:26:15,439] {taskinstance.py:903} INFO - Dependencies all met for <TaskInstance: main_dag.download_spotlight_data 2021-12-31T10:23:18.790454+00:00 [queued]>
[2021-12-31 10:26:15,440] {taskinstance.py:1094} INFO - 
--------------------------------------------------------------------------------
[2021-12-31 10:26:15,440] {taskinstance.py:1095} INFO - Starting attempt 1 of 2
[2021-12-31 10:26:15,440] {taskinstance.py:1096} INFO - 
--------------------------------------------------------------------------------
[2021-12-31 10:26:15,462] {taskinstance.py:1114} INFO - Executing <Task(PythonOperator): download_spotlight_data> on 2021-12-31T10:23:18.790454+00:00
[2021-12-31 10:26:15,467] {standard_task_runner.py:52} INFO - Started process 27846 to run task
[2021-12-31 10:26:15,470] {standard_task_runner.py:76} INFO - Running: ['***', 'tasks', 'run', 'main_dag', 'download_spotlight_data', '2021-12-31T10:23:18.790454+00:00', '--job-id', '89', '--pool', 'default_pool', '--raw', '--subdir', 'DAGS_FOLDER/main_dag.py', '--cfg-path', '/tmp/tmpl8v6eqa2', '--error-file', '/tmp/tmpe5zch7n0']
[2021-12-31 10:26:15,471] {standard_task_runner.py:77} INFO - Job 89: Subtask download_spotlight_data
[2021-12-31 10:26:15,507] {logging_mixin.py:109} INFO - Running <TaskInstance: main_dag.download_spotlight_data 2021-12-31T10:23:18.790454+00:00 [running]> on host 71257c6b2a25
[2021-12-31 10:26:15,552] {taskinstance.py:1251} INFO - Exporting the following env vars:
AIRFLOW_CTX_DAG_OWNER=***
AIRFLOW_CTX_DAG_ID=main_dag
AIRFLOW_CTX_TASK_ID=download_spotlight_data
AIRFLOW_CTX_EXECUTION_DATE=2021-12-31T10:23:18.790454+00:00
AIRFLOW_CTX_DAG_RUN_ID=manual__2021-12-31T10:23:18.790454+00:00
[2021-12-31 10:26:19,423] {logging_mixin.py:109} INFO - File downloaded successfully.
[2021-12-31 10:26:19,424] {python.py:151} INFO - Done. Returned value was: None
[2021-12-31 10:26:19,455] {taskinstance.py:1211} INFO - Marking task as SUCCESS. dag_id=main_dag, task_id=download_spotlight_data, execution_date=20211231T102318, start_date=20211231T102615, end_date=20211231T102619
[2021-12-31 10:26:19,496] {local_task_job.py:151} INFO - Task exited with return code 0
