[2021-12-29 14:10:49,535] {taskinstance.py:903} INFO - Dependencies all met for <TaskInstance: cleansing_dag.create_relational_db 2021-12-29T13:56:44.064632+00:00 [queued]>
[2021-12-29 14:10:49,552] {taskinstance.py:903} INFO - Dependencies all met for <TaskInstance: cleansing_dag.create_relational_db 2021-12-29T13:56:44.064632+00:00 [queued]>
[2021-12-29 14:10:49,553] {taskinstance.py:1094} INFO - 
--------------------------------------------------------------------------------
[2021-12-29 14:10:49,553] {taskinstance.py:1095} INFO - Starting attempt 1 of 2
[2021-12-29 14:10:49,554] {taskinstance.py:1096} INFO - 
--------------------------------------------------------------------------------
[2021-12-29 14:10:49,564] {taskinstance.py:1114} INFO - Executing <Task(PythonOperator): create_relational_db> on 2021-12-29T13:56:44.064632+00:00
[2021-12-29 14:10:49,569] {standard_task_runner.py:52} INFO - Started process 4925 to run task
[2021-12-29 14:10:49,572] {standard_task_runner.py:76} INFO - Running: ['***', 'tasks', 'run', 'cleansing_dag', 'create_relational_db', '2021-12-29T13:56:44.064632+00:00', '--job-id', '414', '--pool', 'default_pool', '--raw', '--subdir', 'DAGS_FOLDER/kym_cleansing.py', '--cfg-path', '/tmp/tmp5pa3zqj9', '--error-file', '/tmp/tmpmryxrwxz']
[2021-12-29 14:10:49,573] {standard_task_runner.py:77} INFO - Job 414: Subtask create_relational_db
[2021-12-29 14:10:49,611] {logging_mixin.py:109} INFO - Running <TaskInstance: cleansing_dag.create_relational_db 2021-12-29T13:56:44.064632+00:00 [running]> on host 34521d0e1651
[2021-12-29 14:10:49,659] {taskinstance.py:1251} INFO - Exporting the following env vars:
AIRFLOW_CTX_DAG_OWNER=***
AIRFLOW_CTX_DAG_ID=cleansing_dag
AIRFLOW_CTX_TASK_ID=create_relational_db
AIRFLOW_CTX_EXECUTION_DATE=2021-12-29T13:56:44.064632+00:00
AIRFLOW_CTX_DAG_RUN_ID=manual__2021-12-29T13:56:44.064632+00:00
[2021-12-29 14:10:49,749] {logging_mixin.py:109} WARNING - /opt/***/dags/kym_cleansing.py:231 SettingWithCopyWarning: 
A value is trying to be set on a copy of a slice from a DataFrame.
Try using .loc[row_indexer,col_indexer] = value instead

See the caveats in the documentation: https://pandas.pydata.org/pandas-docs/stable/user_guide/indexing.html#returning-a-view-versus-a-copy
[2021-12-29 14:10:49,751] {logging_mixin.py:109} WARNING - /opt/***/dags/kym_cleansing.py:232 SettingWithCopyWarning: 
A value is trying to be set on a copy of a slice from a DataFrame.
Try using .loc[row_indexer,col_indexer] = value instead

See the caveats in the documentation: https://pandas.pydata.org/pandas-docs/stable/user_guide/indexing.html#returning-a-view-versus-a-copy
[2021-12-29 14:10:49,757] {logging_mixin.py:109} WARNING - /opt/***/dags/kym_cleansing.py:235 SettingWithCopyWarning: 
A value is trying to be set on a copy of a slice from a DataFrame.
Try using .loc[row_indexer,col_indexer] = value instead

See the caveats in the documentation: https://pandas.pydata.org/pandas-docs/stable/user_guide/indexing.html#returning-a-view-versus-a-copy
[2021-12-29 14:10:50,101] {python.py:151} INFO - Done. Returned value was: None
[2021-12-29 14:10:50,114] {taskinstance.py:1211} INFO - Marking task as SUCCESS. dag_id=cleansing_dag, task_id=create_relational_db, execution_date=20211229T135644, start_date=20211229T141049, end_date=20211229T141050
[2021-12-29 14:10:50,146] {local_task_job.py:151} INFO - Task exited with return code 0
