[2021-12-28 20:13:55,167] {taskinstance.py:903} INFO - Dependencies all met for <TaskInstance: cleansing_dag.cleanse_spotlight 2021-12-27T20:13:54.304938+00:00 [queued]>
[2021-12-28 20:13:55,184] {taskinstance.py:903} INFO - Dependencies all met for <TaskInstance: cleansing_dag.cleanse_spotlight 2021-12-27T20:13:54.304938+00:00 [queued]>
[2021-12-28 20:13:55,184] {taskinstance.py:1094} INFO - 
--------------------------------------------------------------------------------
[2021-12-28 20:13:55,185] {taskinstance.py:1095} INFO - Starting attempt 1 of 2
[2021-12-28 20:13:55,185] {taskinstance.py:1096} INFO - 
--------------------------------------------------------------------------------
[2021-12-28 20:13:55,198] {taskinstance.py:1114} INFO - Executing <Task(PythonOperator): cleanse_spotlight> on 2021-12-27T20:13:54.304938+00:00
[2021-12-28 20:13:55,202] {standard_task_runner.py:52} INFO - Started process 2184 to run task
[2021-12-28 20:13:55,205] {standard_task_runner.py:76} INFO - Running: ['***', 'tasks', 'run', 'cleansing_dag', 'cleanse_spotlight', '2021-12-27T20:13:54.304938+00:00', '--job-id', '297', '--pool', 'default_pool', '--raw', '--subdir', 'DAGS_FOLDER/kym_cleansing.py', '--cfg-path', '/tmp/tmpst_7ffv0', '--error-file', '/tmp/tmp5432pv7c']
[2021-12-28 20:13:55,206] {standard_task_runner.py:77} INFO - Job 297: Subtask cleanse_spotlight
[2021-12-28 20:13:55,247] {logging_mixin.py:109} INFO - Running <TaskInstance: cleansing_dag.cleanse_spotlight 2021-12-27T20:13:54.304938+00:00 [running]> on host 62c7f391d30e
[2021-12-28 20:13:55,299] {taskinstance.py:1251} INFO - Exporting the following env vars:
AIRFLOW_CTX_DAG_OWNER=***
AIRFLOW_CTX_DAG_ID=cleansing_dag
AIRFLOW_CTX_TASK_ID=cleanse_spotlight
AIRFLOW_CTX_EXECUTION_DATE=2021-12-27T20:13:54.304938+00:00
AIRFLOW_CTX_DAG_RUN_ID=scheduled__2021-12-27T20:13:54.304938+00:00
[2021-12-28 20:14:06,289] {python.py:151} INFO - Done. Returned value was: None
[2021-12-28 20:14:06,306] {taskinstance.py:1211} INFO - Marking task as SUCCESS. dag_id=cleansing_dag, task_id=cleanse_spotlight, execution_date=20211227T201354, start_date=20211228T201355, end_date=20211228T201406
[2021-12-28 20:14:06,349] {local_task_job.py:151} INFO - Task exited with return code 0
