[2021-12-31 15:11:40,277] {taskinstance.py:903} INFO - Dependencies all met for <TaskInstance: main_dag.create_origin_dimension_query 2021-12-31T15:06:37.773378+00:00 [queued]>
[2021-12-31 15:11:40,292] {taskinstance.py:903} INFO - Dependencies all met for <TaskInstance: main_dag.create_origin_dimension_query 2021-12-31T15:06:37.773378+00:00 [queued]>
[2021-12-31 15:11:40,293] {taskinstance.py:1094} INFO - 
--------------------------------------------------------------------------------
[2021-12-31 15:11:40,293] {taskinstance.py:1095} INFO - Starting attempt 1 of 2
[2021-12-31 15:11:40,293] {taskinstance.py:1096} INFO - 
--------------------------------------------------------------------------------
[2021-12-31 15:11:40,310] {taskinstance.py:1114} INFO - Executing <Task(PythonOperator): create_origin_dimension_query> on 2021-12-31T15:06:37.773378+00:00
[2021-12-31 15:11:40,318] {standard_task_runner.py:52} INFO - Started process 14111 to run task
[2021-12-31 15:11:40,321] {standard_task_runner.py:76} INFO - Running: ['***', 'tasks', 'run', 'main_dag', 'create_origin_dimension_query', '2021-12-31T15:06:37.773378+00:00', '--job-id', '38', '--pool', 'default_pool', '--raw', '--subdir', 'DAGS_FOLDER/main_dag.py', '--cfg-path', '/tmp/tmply0t9amr', '--error-file', '/tmp/tmpfzk1v287']
[2021-12-31 15:11:40,323] {standard_task_runner.py:77} INFO - Job 38: Subtask create_origin_dimension_query
[2021-12-31 15:11:40,362] {logging_mixin.py:109} INFO - Running <TaskInstance: main_dag.create_origin_dimension_query 2021-12-31T15:06:37.773378+00:00 [running]> on host 8e99a5d40b8f
[2021-12-31 15:11:40,421] {taskinstance.py:1251} INFO - Exporting the following env vars:
AIRFLOW_CTX_DAG_OWNER=***
AIRFLOW_CTX_DAG_ID=main_dag
AIRFLOW_CTX_TASK_ID=create_origin_dimension_query
AIRFLOW_CTX_EXECUTION_DATE=2021-12-31T15:06:37.773378+00:00
AIRFLOW_CTX_DAG_RUN_ID=manual__2021-12-31T15:06:37.773378+00:00
[2021-12-31 15:11:40,549] {python.py:151} INFO - Done. Returned value was: None
[2021-12-31 15:11:40,562] {taskinstance.py:1211} INFO - Marking task as SUCCESS. dag_id=main_dag, task_id=create_origin_dimension_query, execution_date=20211231T150637, start_date=20211231T151140, end_date=20211231T151140
[2021-12-31 15:11:40,617] {local_task_job.py:151} INFO - Task exited with return code 0
