[2021-12-28 17:52:39,480] {taskinstance.py:903} INFO - Dependencies all met for <TaskInstance: cleansing_dag.cleanse_vision 2021-12-28T17:52:36.925895+00:00 [queued]>
[2021-12-28 17:52:39,495] {taskinstance.py:903} INFO - Dependencies all met for <TaskInstance: cleansing_dag.cleanse_vision 2021-12-28T17:52:36.925895+00:00 [queued]>
[2021-12-28 17:52:39,496] {taskinstance.py:1094} INFO - 
--------------------------------------------------------------------------------
[2021-12-28 17:52:39,496] {taskinstance.py:1095} INFO - Starting attempt 1 of 2
[2021-12-28 17:52:39,496] {taskinstance.py:1096} INFO - 
--------------------------------------------------------------------------------
[2021-12-28 17:52:39,521] {taskinstance.py:1114} INFO - Executing <Task(PythonOperator): cleanse_vision> on 2021-12-28T17:52:36.925895+00:00
[2021-12-28 17:52:39,527] {standard_task_runner.py:52} INFO - Started process 63 to run task
[2021-12-28 17:52:39,532] {standard_task_runner.py:76} INFO - Running: ['***', 'tasks', 'run', 'cleansing_dag', 'cleanse_vision', '2021-12-28T17:52:36.925895+00:00', '--job-id', '128', '--pool', 'default_pool', '--raw', '--subdir', 'DAGS_FOLDER/kym_cleansing.py', '--cfg-path', '/tmp/tmpcseem9m6', '--error-file', '/tmp/tmp779scru1']
[2021-12-28 17:52:39,533] {standard_task_runner.py:77} INFO - Job 128: Subtask cleanse_vision
[2021-12-28 17:52:39,583] {logging_mixin.py:109} INFO - Running <TaskInstance: cleansing_dag.cleanse_vision 2021-12-28T17:52:36.925895+00:00 [running]> on host 7deaf4b1fcdf
[2021-12-28 17:52:39,636] {taskinstance.py:1251} INFO - Exporting the following env vars:
AIRFLOW_CTX_DAG_OWNER=***
AIRFLOW_CTX_DAG_ID=cleansing_dag
AIRFLOW_CTX_TASK_ID=cleanse_vision
AIRFLOW_CTX_EXECUTION_DATE=2021-12-28T17:52:36.925895+00:00
AIRFLOW_CTX_DAG_RUN_ID=manual__2021-12-28T17:52:36.925895+00:00
[2021-12-28 17:54:36,410] {python.py:151} INFO - Done. Returned value was: None
[2021-12-28 17:54:36,427] {taskinstance.py:1211} INFO - Marking task as SUCCESS. dag_id=cleansing_dag, task_id=cleanse_vision, execution_date=20211228T175236, start_date=20211228T175239, end_date=20211228T175436
[2021-12-28 17:54:36,492] {local_task_job.py:151} INFO - Task exited with return code 0
