[2021-12-31 14:28:35,590] {taskinstance.py:903} INFO - Dependencies all met for <TaskInstance: main_dag.cleanse_vision 2021-12-30T14:24:46.319481+00:00 [queued]>
[2021-12-31 14:28:35,605] {taskinstance.py:903} INFO - Dependencies all met for <TaskInstance: main_dag.cleanse_vision 2021-12-30T14:24:46.319481+00:00 [queued]>
[2021-12-31 14:28:35,605] {taskinstance.py:1094} INFO - 
--------------------------------------------------------------------------------
[2021-12-31 14:28:35,606] {taskinstance.py:1095} INFO - Starting attempt 1 of 2
[2021-12-31 14:28:35,606] {taskinstance.py:1096} INFO - 
--------------------------------------------------------------------------------
[2021-12-31 14:28:35,623] {taskinstance.py:1114} INFO - Executing <Task(PythonOperator): cleanse_vision> on 2021-12-30T14:24:46.319481+00:00
[2021-12-31 14:28:35,628] {standard_task_runner.py:52} INFO - Started process 7013 to run task
[2021-12-31 14:28:35,631] {standard_task_runner.py:76} INFO - Running: ['***', 'tasks', 'run', 'main_dag', 'cleanse_vision', '2021-12-30T14:24:46.319481+00:00', '--job-id', '10', '--pool', 'default_pool', '--raw', '--subdir', 'DAGS_FOLDER/main_dag.py', '--cfg-path', '/tmp/tmp1kce8_dz', '--error-file', '/tmp/tmpt2q2d3pj']
[2021-12-31 14:28:35,632] {standard_task_runner.py:77} INFO - Job 10: Subtask cleanse_vision
[2021-12-31 14:28:35,667] {logging_mixin.py:109} INFO - Running <TaskInstance: main_dag.cleanse_vision 2021-12-30T14:24:46.319481+00:00 [running]> on host 8e99a5d40b8f
[2021-12-31 14:28:35,714] {taskinstance.py:1251} INFO - Exporting the following env vars:
AIRFLOW_CTX_DAG_OWNER=***
AIRFLOW_CTX_DAG_ID=main_dag
AIRFLOW_CTX_TASK_ID=cleanse_vision
AIRFLOW_CTX_EXECUTION_DATE=2021-12-30T14:24:46.319481+00:00
AIRFLOW_CTX_DAG_RUN_ID=scheduled__2021-12-30T14:24:46.319481+00:00
[2021-12-31 14:29:43,259] {python.py:151} INFO - Done. Returned value was: None
[2021-12-31 14:29:43,271] {taskinstance.py:1211} INFO - Marking task as SUCCESS. dag_id=main_dag, task_id=cleanse_vision, execution_date=20211230T142446, start_date=20211231T142835, end_date=20211231T142943
[2021-12-31 14:29:43,297] {local_task_job.py:151} INFO - Task exited with return code 0
