[2021-12-13 15:25:33,724] {taskinstance.py:851} INFO - Dependencies all met for <TaskInstance: cleansing_dag.cleanse_kym 2021-12-13T15:25:33.069325+00:00 [queued]>
[2021-12-13 15:25:33,741] {taskinstance.py:851} INFO - Dependencies all met for <TaskInstance: cleansing_dag.cleanse_kym 2021-12-13T15:25:33.069325+00:00 [queued]>
[2021-12-13 15:25:33,742] {taskinstance.py:1042} INFO - 
--------------------------------------------------------------------------------
[2021-12-13 15:25:33,742] {taskinstance.py:1043} INFO - Starting attempt 1 of 2
[2021-12-13 15:25:33,743] {taskinstance.py:1044} INFO - 
--------------------------------------------------------------------------------
[2021-12-13 15:25:33,755] {taskinstance.py:1063} INFO - Executing <Task(PythonOperator): cleanse_kym> on 2021-12-13T15:25:33.069325+00:00
[2021-12-13 15:25:33,759] {standard_task_runner.py:52} INFO - Started process 7150 to run task
[2021-12-13 15:25:33,762] {standard_task_runner.py:76} INFO - Running: ['airflow', 'tasks', 'run', 'cleansing_dag', 'cleanse_kym', '2021-12-13T15:25:33.069325+00:00', '--job-id', '11', '--pool', 'default_pool', '--raw', '--subdir', 'DAGS_FOLDER/kym_cleansing.py', '--cfg-path', '/tmp/tmpymhwm_kf', '--error-file', '/tmp/tmpmstxe80v']
[2021-12-13 15:25:33,762] {standard_task_runner.py:77} INFO - Job 11: Subtask cleanse_kym
[2021-12-13 15:25:33,803] {logging_mixin.py:104} INFO - Running <TaskInstance: cleansing_dag.cleanse_kym 2021-12-13T15:25:33.069325+00:00 [running]> on host e888e487975c
[2021-12-13 15:25:33,843] {taskinstance.py:1255} INFO - Exporting the following env vars:
AIRFLOW_CTX_DAG_OWNER=airflow
AIRFLOW_CTX_DAG_ID=cleansing_dag
AIRFLOW_CTX_TASK_ID=cleanse_kym
AIRFLOW_CTX_EXECUTION_DATE=2021-12-13T15:25:33.069325+00:00
AIRFLOW_CTX_DAG_RUN_ID=manual__2021-12-13T15:25:33.069325+00:00
[2021-12-13 15:27:34,570] {python.py:118} INFO - Done. Returned value was: None
[2021-12-13 15:27:34,585] {taskinstance.py:1159} INFO - Marking task as SUCCESS. dag_id=cleansing_dag, task_id=cleanse_kym, execution_date=20211213T152533, start_date=20211213T152533, end_date=20211213T152734
[2021-12-13 15:27:34,630] {local_task_job.py:146} INFO - Task exited with return code 0
