[2021-12-28 14:22:27,378] {taskinstance.py:851} INFO - Dependencies all met for <TaskInstance: cleansing_dag.create_relational_db 2021-12-27T14:19:09.586609+00:00 [queued]>
[2021-12-28 14:22:27,397] {taskinstance.py:851} INFO - Dependencies all met for <TaskInstance: cleansing_dag.create_relational_db 2021-12-27T14:19:09.586609+00:00 [queued]>
[2021-12-28 14:22:27,398] {taskinstance.py:1042} INFO - 
--------------------------------------------------------------------------------
[2021-12-28 14:22:27,398] {taskinstance.py:1043} INFO - Starting attempt 1 of 2
[2021-12-28 14:22:27,399] {taskinstance.py:1044} INFO - 
--------------------------------------------------------------------------------
[2021-12-28 14:22:27,409] {taskinstance.py:1063} INFO - Executing <Task(PythonOperator): create_relational_db> on 2021-12-27T14:19:09.586609+00:00
[2021-12-28 14:22:27,414] {standard_task_runner.py:52} INFO - Started process 7059 to run task
[2021-12-28 14:22:27,417] {standard_task_runner.py:76} INFO - Running: ['airflow', 'tasks', 'run', 'cleansing_dag', 'create_relational_db', '2021-12-27T14:19:09.586609+00:00', '--job-id', '71', '--pool', 'default_pool', '--raw', '--subdir', 'DAGS_FOLDER/kym_cleansing.py', '--cfg-path', '/tmp/tmptex4hmff', '--error-file', '/tmp/tmpoekecwpw']
[2021-12-28 14:22:27,418] {standard_task_runner.py:77} INFO - Job 71: Subtask create_relational_db
[2021-12-28 14:22:27,475] {logging_mixin.py:104} INFO - Running <TaskInstance: cleansing_dag.create_relational_db 2021-12-27T14:19:09.586609+00:00 [running]> on host 78fdbf5e507e
[2021-12-28 14:22:27,531] {taskinstance.py:1255} INFO - Exporting the following env vars:
AIRFLOW_CTX_DAG_OWNER=airflow
AIRFLOW_CTX_DAG_ID=cleansing_dag
AIRFLOW_CTX_TASK_ID=create_relational_db
AIRFLOW_CTX_EXECUTION_DATE=2021-12-27T14:19:09.586609+00:00
AIRFLOW_CTX_DAG_RUN_ID=scheduled__2021-12-27T14:19:09.586609+00:00
[2021-12-28 14:22:27,646] {logging_mixin.py:104} WARNING - /opt/airflow/dags/kym_cleansing.py:230 SettingWithCopyWarning: 
A value is trying to be set on a copy of a slice from a DataFrame.
Try using .loc[row_indexer,col_indexer] = value instead

See the caveats in the documentation: https://pandas.pydata.org/pandas-docs/stable/user_guide/indexing.html#returning-a-view-versus-a-copy
[2021-12-28 14:22:27,655] {logging_mixin.py:104} WARNING - /opt/airflow/dags/kym_cleansing.py:233 SettingWithCopyWarning: 
A value is trying to be set on a copy of a slice from a DataFrame.
Try using .loc[row_indexer,col_indexer] = value instead

See the caveats in the documentation: https://pandas.pydata.org/pandas-docs/stable/user_guide/indexing.html#returning-a-view-versus-a-copy
[2021-12-28 14:22:28,068] {python.py:118} INFO - Done. Returned value was: None
[2021-12-28 14:22:28,079] {taskinstance.py:1159} INFO - Marking task as SUCCESS. dag_id=cleansing_dag, task_id=create_relational_db, execution_date=20211227T141909, start_date=20211228T142227, end_date=20211228T142228
[2021-12-28 14:22:28,113] {local_task_job.py:146} INFO - Task exited with return code 0
