[2021-12-29 14:53:48,461] {taskinstance.py:903} INFO - Dependencies all met for <TaskInstance: cleansing_dag.cleanse_kym 2021-12-28T14:53:47.862251+00:00 [queued]>
[2021-12-29 14:53:48,477] {taskinstance.py:903} INFO - Dependencies all met for <TaskInstance: cleansing_dag.cleanse_kym 2021-12-28T14:53:47.862251+00:00 [queued]>
[2021-12-29 14:53:48,478] {taskinstance.py:1094} INFO - 
--------------------------------------------------------------------------------
[2021-12-29 14:53:48,478] {taskinstance.py:1095} INFO - Starting attempt 1 of 2
[2021-12-29 14:53:48,478] {taskinstance.py:1096} INFO - 
--------------------------------------------------------------------------------
[2021-12-29 14:53:48,489] {taskinstance.py:1114} INFO - Executing <Task(PythonOperator): cleanse_kym> on 2021-12-28T14:53:47.862251+00:00
[2021-12-29 14:53:48,492] {standard_task_runner.py:52} INFO - Started process 7310 to run task
[2021-12-29 14:53:48,495] {standard_task_runner.py:76} INFO - Running: ['***', 'tasks', 'run', 'cleansing_dag', 'cleanse_kym', '2021-12-28T14:53:47.862251+00:00', '--job-id', '490', '--pool', 'default_pool', '--raw', '--subdir', 'DAGS_FOLDER/kym_cleansing.py', '--cfg-path', '/tmp/tmpyarirzl5', '--error-file', '/tmp/tmpvylgpks0']
[2021-12-29 14:53:48,496] {standard_task_runner.py:77} INFO - Job 490: Subtask cleanse_kym
[2021-12-29 14:53:48,538] {logging_mixin.py:109} INFO - Running <TaskInstance: cleansing_dag.cleanse_kym 2021-12-28T14:53:47.862251+00:00 [running]> on host 34521d0e1651
[2021-12-29 14:53:48,594] {taskinstance.py:1251} INFO - Exporting the following env vars:
AIRFLOW_CTX_DAG_OWNER=***
AIRFLOW_CTX_DAG_ID=cleansing_dag
AIRFLOW_CTX_TASK_ID=cleanse_kym
AIRFLOW_CTX_EXECUTION_DATE=2021-12-28T14:53:47.862251+00:00
AIRFLOW_CTX_DAG_RUN_ID=scheduled__2021-12-28T14:53:47.862251+00:00
[2021-12-29 14:56:25,426] {python.py:151} INFO - Done. Returned value was: None
[2021-12-29 14:56:25,438] {taskinstance.py:1211} INFO - Marking task as SUCCESS. dag_id=cleansing_dag, task_id=cleanse_kym, execution_date=20211228T145347, start_date=20211229T145348, end_date=20211229T145625
[2021-12-29 14:56:25,504] {local_task_job.py:151} INFO - Task exited with return code 0
