[2021-12-13 14:58:09,561] {taskinstance.py:851} INFO - Dependencies all met for <TaskInstance: first_dag.addSafeSearchRows 2021-12-13T14:58:09.039505+00:00 [queued]>
[2021-12-13 14:58:09,575] {taskinstance.py:851} INFO - Dependencies all met for <TaskInstance: first_dag.addSafeSearchRows 2021-12-13T14:58:09.039505+00:00 [queued]>
[2021-12-13 14:58:09,576] {taskinstance.py:1042} INFO - 
--------------------------------------------------------------------------------
[2021-12-13 14:58:09,577] {taskinstance.py:1043} INFO - Starting attempt 1 of 2
[2021-12-13 14:58:09,577] {taskinstance.py:1044} INFO - 
--------------------------------------------------------------------------------
[2021-12-13 14:58:09,587] {taskinstance.py:1063} INFO - Executing <Task(PythonOperator): addSafeSearchRows> on 2021-12-13T14:58:09.039505+00:00
[2021-12-13 14:58:09,591] {standard_task_runner.py:52} INFO - Started process 7292 to run task
[2021-12-13 14:58:09,594] {standard_task_runner.py:76} INFO - Running: ['airflow', 'tasks', 'run', 'first_dag', 'addSafeSearchRows', '2021-12-13T14:58:09.039505+00:00', '--job-id', '25', '--pool', 'default_pool', '--raw', '--subdir', 'DAGS_FOLDER/kym_vision.py', '--cfg-path', '/tmp/tmpk22z2wus', '--error-file', '/tmp/tmpjir4nbrp']
[2021-12-13 14:58:09,595] {standard_task_runner.py:77} INFO - Job 25: Subtask addSafeSearchRows
[2021-12-13 14:58:09,634] {logging_mixin.py:104} INFO - Running <TaskInstance: first_dag.addSafeSearchRows 2021-12-13T14:58:09.039505+00:00 [running]> on host c2664a5050de
[2021-12-13 14:58:09,670] {taskinstance.py:1255} INFO - Exporting the following env vars:
AIRFLOW_CTX_DAG_OWNER=airflow
AIRFLOW_CTX_DAG_ID=first_dag
AIRFLOW_CTX_TASK_ID=addSafeSearchRows
AIRFLOW_CTX_EXECUTION_DATE=2021-12-13T14:58:09.039505+00:00
AIRFLOW_CTX_DAG_RUN_ID=manual__2021-12-13T14:58:09.039505+00:00
[2021-12-13 14:59:22,083] {python.py:118} INFO - Done. Returned value was: None
[2021-12-13 14:59:22,195] {taskinstance.py:1159} INFO - Marking task as SUCCESS. dag_id=first_dag, task_id=addSafeSearchRows, execution_date=20211213T145809, start_date=20211213T145809, end_date=20211213T145922
[2021-12-13 14:59:22,255] {taskinstance.py:1220} INFO - 0 downstream tasks scheduled from follow-on schedule check
[2021-12-13 14:59:22,317] {local_task_job.py:146} INFO - Task exited with return code 0
