[2021-12-30 16:24:25,824] {taskinstance.py:903} INFO - Dependencies all met for <TaskInstance: cleansing_dag.cleanse_kym 2021-12-29T16:24:18.694921+00:00 [queued]>
[2021-12-30 16:24:25,872] {taskinstance.py:903} INFO - Dependencies all met for <TaskInstance: cleansing_dag.cleanse_kym 2021-12-29T16:24:18.694921+00:00 [queued]>
[2021-12-30 16:24:25,872] {taskinstance.py:1094} INFO - 
--------------------------------------------------------------------------------
[2021-12-30 16:24:25,873] {taskinstance.py:1095} INFO - Starting attempt 1 of 2
[2021-12-30 16:24:25,874] {taskinstance.py:1096} INFO - 
--------------------------------------------------------------------------------
[2021-12-30 16:24:25,897] {taskinstance.py:1114} INFO - Executing <Task(PythonOperator): cleanse_kym> on 2021-12-29T16:24:18.694921+00:00
[2021-12-30 16:24:25,910] {standard_task_runner.py:52} INFO - Started process 7070 to run task
[2021-12-30 16:24:25,945] {standard_task_runner.py:76} INFO - Running: ['***', 'tasks', 'run', 'cleansing_dag', 'cleanse_kym', '2021-12-29T16:24:18.694921+00:00', '--job-id', '26', '--pool', 'default_pool', '--raw', '--subdir', 'DAGS_FOLDER/kym_cleansing.py', '--cfg-path', '/tmp/tmphl26p21f', '--error-file', '/tmp/tmp9nkeohcx']
[2021-12-30 16:24:25,948] {standard_task_runner.py:77} INFO - Job 26: Subtask cleanse_kym
[2021-12-30 16:24:26,076] {logging_mixin.py:109} INFO - Running <TaskInstance: cleansing_dag.cleanse_kym 2021-12-29T16:24:18.694921+00:00 [running]> on host 71257c6b2a25
[2021-12-30 16:24:26,223] {taskinstance.py:1251} INFO - Exporting the following env vars:
AIRFLOW_CTX_DAG_OWNER=***
AIRFLOW_CTX_DAG_ID=cleansing_dag
AIRFLOW_CTX_TASK_ID=cleanse_kym
AIRFLOW_CTX_EXECUTION_DATE=2021-12-29T16:24:18.694921+00:00
AIRFLOW_CTX_DAG_RUN_ID=scheduled__2021-12-29T16:24:18.694921+00:00
[2021-12-30 16:28:14,677] {python.py:151} INFO - Done. Returned value was: None
[2021-12-30 16:28:14,712] {taskinstance.py:1211} INFO - Marking task as SUCCESS. dag_id=cleansing_dag, task_id=cleanse_kym, execution_date=20211229T162418, start_date=20211230T162425, end_date=20211230T162814
[2021-12-30 16:28:14,749] {local_task_job.py:151} INFO - Task exited with return code 0
