[2021-12-08 18:50:47,317] {taskinstance.py:851} INFO - Dependencies all met for <TaskInstance: first_dag.writeOut 2021-12-07T18:48:58.633060+00:00 [queued]>
[2021-12-08 18:50:47,350] {taskinstance.py:851} INFO - Dependencies all met for <TaskInstance: first_dag.writeOut 2021-12-07T18:48:58.633060+00:00 [queued]>
[2021-12-08 18:50:47,350] {taskinstance.py:1042} INFO - 
--------------------------------------------------------------------------------
[2021-12-08 18:50:47,350] {taskinstance.py:1043} INFO - Starting attempt 1 of 2
[2021-12-08 18:50:47,350] {taskinstance.py:1044} INFO - 
--------------------------------------------------------------------------------
[2021-12-08 18:50:47,364] {taskinstance.py:1063} INFO - Executing <Task(PythonOperator): writeOut> on 2021-12-07T18:48:58.633060+00:00
[2021-12-08 18:50:47,370] {standard_task_runner.py:52} INFO - Started process 118 to run task
[2021-12-08 18:50:47,372] {standard_task_runner.py:76} INFO - Running: ['airflow', 'tasks', 'run', 'first_dag', 'writeOut', '2021-12-07T18:48:58.633060+00:00', '--job-id', '39', '--pool', 'default_pool', '--raw', '--subdir', 'DAGS_FOLDER/first_dag.py', '--cfg-path', '/tmp/tmp_gv9xtgs', '--error-file', '/tmp/tmp9okrvgr2']
[2021-12-08 18:50:47,374] {standard_task_runner.py:77} INFO - Job 39: Subtask writeOut
[2021-12-08 18:50:47,429] {logging_mixin.py:104} INFO - Running <TaskInstance: first_dag.writeOut 2021-12-07T18:48:58.633060+00:00 [running]> on host 8c41fc747080
[2021-12-08 18:50:47,574] {taskinstance.py:1257} INFO - Exporting the following env vars:
AIRFLOW_CTX_DAG_OWNER=airflow
AIRFLOW_CTX_DAG_ID=first_dag
AIRFLOW_CTX_TASK_ID=writeOut
AIRFLOW_CTX_EXECUTION_DATE=2021-12-07T18:48:58.633060+00:00
AIRFLOW_CTX_DAG_RUN_ID=scheduled__2021-12-07T18:48:58.633060+00:00
[2021-12-08 18:50:56,592] {python.py:118} INFO - Done. Returned value was: None
[2021-12-08 18:50:56,974] {taskinstance.py:1166} INFO - Marking task as SUCCESS. dag_id=first_dag, task_id=writeOut, execution_date=20211207T184858, start_date=20211208T185047, end_date=20211208T185056
[2021-12-08 18:50:57,081] {taskinstance.py:1220} INFO - 0 downstream tasks scheduled from follow-on schedule check
[2021-12-08 18:50:57,153] {local_task_job.py:146} INFO - Task exited with return code 0
