[2021-12-31 15:28:17,461] {taskinstance.py:903} INFO - Dependencies all met for <TaskInstance: main_dag.cleanse_vision 2021-12-31T15:24:18.357473+00:00 [queued]>
[2021-12-31 15:28:17,474] {taskinstance.py:903} INFO - Dependencies all met for <TaskInstance: main_dag.cleanse_vision 2021-12-31T15:24:18.357473+00:00 [queued]>
[2021-12-31 15:28:17,475] {taskinstance.py:1094} INFO - 
--------------------------------------------------------------------------------
[2021-12-31 15:28:17,475] {taskinstance.py:1095} INFO - Starting attempt 1 of 2
[2021-12-31 15:28:17,476] {taskinstance.py:1096} INFO - 
--------------------------------------------------------------------------------
[2021-12-31 15:28:17,491] {taskinstance.py:1114} INFO - Executing <Task(PythonOperator): cleanse_vision> on 2021-12-31T15:24:18.357473+00:00
[2021-12-31 15:28:17,496] {standard_task_runner.py:52} INFO - Started process 28115 to run task
[2021-12-31 15:28:17,499] {standard_task_runner.py:76} INFO - Running: ['***', 'tasks', 'run', 'main_dag', 'cleanse_vision', '2021-12-31T15:24:18.357473+00:00', '--job-id', '73', '--pool', 'default_pool', '--raw', '--subdir', 'DAGS_FOLDER/main_dag.py', '--cfg-path', '/tmp/tmp87er6gxu', '--error-file', '/tmp/tmp_79fiap5']
[2021-12-31 15:28:17,500] {standard_task_runner.py:77} INFO - Job 73: Subtask cleanse_vision
[2021-12-31 15:28:17,539] {logging_mixin.py:109} INFO - Running <TaskInstance: main_dag.cleanse_vision 2021-12-31T15:24:18.357473+00:00 [running]> on host 8e99a5d40b8f
[2021-12-31 15:28:17,590] {taskinstance.py:1251} INFO - Exporting the following env vars:
AIRFLOW_CTX_DAG_OWNER=***
AIRFLOW_CTX_DAG_ID=main_dag
AIRFLOW_CTX_TASK_ID=cleanse_vision
AIRFLOW_CTX_EXECUTION_DATE=2021-12-31T15:24:18.357473+00:00
AIRFLOW_CTX_DAG_RUN_ID=manual__2021-12-31T15:24:18.357473+00:00
[2021-12-31 15:29:23,205] {python.py:151} INFO - Done. Returned value was: None
[2021-12-31 15:29:23,218] {taskinstance.py:1211} INFO - Marking task as SUCCESS. dag_id=main_dag, task_id=cleanse_vision, execution_date=20211231T152418, start_date=20211231T152817, end_date=20211231T152923
[2021-12-31 15:29:23,250] {local_task_job.py:151} INFO - Task exited with return code 0
