[2021-12-29 12:41:09,966] {taskinstance.py:903} INFO - Dependencies all met for <TaskInstance: cleansing_dag.cleanse_spotlight 2021-12-29T12:41:09.227715+00:00 [queued]>
[2021-12-29 12:41:09,982] {taskinstance.py:903} INFO - Dependencies all met for <TaskInstance: cleansing_dag.cleanse_spotlight 2021-12-29T12:41:09.227715+00:00 [queued]>
[2021-12-29 12:41:09,983] {taskinstance.py:1094} INFO - 
--------------------------------------------------------------------------------
[2021-12-29 12:41:09,983] {taskinstance.py:1095} INFO - Starting attempt 1 of 2
[2021-12-29 12:41:09,984] {taskinstance.py:1096} INFO - 
--------------------------------------------------------------------------------
[2021-12-29 12:41:09,996] {taskinstance.py:1114} INFO - Executing <Task(PythonOperator): cleanse_spotlight> on 2021-12-29T12:41:09.227715+00:00
[2021-12-29 12:41:10,000] {standard_task_runner.py:52} INFO - Started process 6981 to run task
[2021-12-29 12:41:10,003] {standard_task_runner.py:76} INFO - Running: ['***', 'tasks', 'run', 'cleansing_dag', 'cleanse_spotlight', '2021-12-29T12:41:09.227715+00:00', '--job-id', '338', '--pool', 'default_pool', '--raw', '--subdir', 'DAGS_FOLDER/kym_cleansing.py', '--cfg-path', '/tmp/tmpmpyrmrh9', '--error-file', '/tmp/tmp6vetbobf']
[2021-12-29 12:41:10,004] {standard_task_runner.py:77} INFO - Job 338: Subtask cleanse_spotlight
[2021-12-29 12:41:10,042] {logging_mixin.py:109} INFO - Running <TaskInstance: cleansing_dag.cleanse_spotlight 2021-12-29T12:41:09.227715+00:00 [running]> on host 34521d0e1651
[2021-12-29 12:41:10,092] {taskinstance.py:1251} INFO - Exporting the following env vars:
AIRFLOW_CTX_DAG_OWNER=***
AIRFLOW_CTX_DAG_ID=cleansing_dag
AIRFLOW_CTX_TASK_ID=cleanse_spotlight
AIRFLOW_CTX_EXECUTION_DATE=2021-12-29T12:41:09.227715+00:00
AIRFLOW_CTX_DAG_RUN_ID=manual__2021-12-29T12:41:09.227715+00:00
[2021-12-29 12:41:28,322] {python.py:151} INFO - Done. Returned value was: None
[2021-12-29 12:41:28,371] {taskinstance.py:1211} INFO - Marking task as SUCCESS. dag_id=cleansing_dag, task_id=cleanse_spotlight, execution_date=20211229T124109, start_date=20211229T124109, end_date=20211229T124128
[2021-12-29 12:41:28,526] {local_task_job.py:151} INFO - Task exited with return code 0
