[2021-12-30 12:18:50,743] {taskinstance.py:903} INFO - Dependencies all met for <TaskInstance: cleansing_dag.insert_type_dimension_query 2021-12-30T12:16:01.909559+00:00 [queued]>
[2021-12-30 12:18:50,763] {taskinstance.py:903} INFO - Dependencies all met for <TaskInstance: cleansing_dag.insert_type_dimension_query 2021-12-30T12:16:01.909559+00:00 [queued]>
[2021-12-30 12:18:50,764] {taskinstance.py:1094} INFO - 
--------------------------------------------------------------------------------
[2021-12-30 12:18:50,764] {taskinstance.py:1095} INFO - Starting attempt 1 of 2
[2021-12-30 12:18:50,765] {taskinstance.py:1096} INFO - 
--------------------------------------------------------------------------------
[2021-12-30 12:18:50,882] {taskinstance.py:1114} INFO - Executing <Task(PostgresOperator): insert_type_dimension_query> on 2021-12-30T12:16:01.909559+00:00
[2021-12-30 12:18:50,892] {standard_task_runner.py:52} INFO - Started process 16405 to run task
[2021-12-30 12:18:50,898] {standard_task_runner.py:76} INFO - Running: ['***', 'tasks', 'run', 'cleansing_dag', 'insert_type_dimension_query', '2021-12-30T12:16:01.909559+00:00', '--job-id', '87', '--pool', 'default_pool', '--raw', '--subdir', 'DAGS_FOLDER/kym_cleansing.py', '--cfg-path', '/tmp/tmph_rym6oo', '--error-file', '/tmp/tmprw8lem4l']
[2021-12-30 12:18:50,900] {standard_task_runner.py:77} INFO - Job 87: Subtask insert_type_dimension_query
[2021-12-30 12:18:50,965] {logging_mixin.py:109} INFO - Running <TaskInstance: cleansing_dag.insert_type_dimension_query 2021-12-30T12:16:01.909559+00:00 [running]> on host 2eb70c976689
[2021-12-30 12:18:51,034] {taskinstance.py:1251} INFO - Exporting the following env vars:
AIRFLOW_CTX_DAG_OWNER=***
AIRFLOW_CTX_DAG_ID=cleansing_dag
AIRFLOW_CTX_TASK_ID=insert_type_dimension_query
AIRFLOW_CTX_EXECUTION_DATE=2021-12-30T12:16:01.909559+00:00
AIRFLOW_CTX_DAG_RUN_ID=manual__2021-12-30T12:16:01.909559+00:00
[2021-12-30 12:18:51,035] {postgres.py:68} INFO - Executing: CREATE TABLE IF NOT EXISTS type_dimension (
type_id INT PRIMARY KEY,
meme_type TEXT);INSERT INTO type_dimension VALUES ('0', 'No type') ON CONFLICT (type_id) DO NOTHING;
INSERT INTO type_dimension VALUES ('1', 'snowclone') ON CONFLICT (type_id) DO NOTHING;
INSERT INTO type_dimension VALUES ('2', 'pop-culture-reference') ON CONFLICT (type_id) DO NOTHING;
INSERT INTO type_dimension VALUES ('3', 'song') ON CONFLICT (type_id) DO NOTHING;
INSERT INTO type_dimension VALUES ('4', 'viral-video') ON CONFLICT (type_id) DO NOTHING;
INSERT INTO type_dimension VALUES ('5', 'dance') ON CONFLICT (type_id) DO NOTHING;
INSERT INTO type_dimension VALUES ('6', 'catchphrase') ON CONFLICT (type_id) DO NOTHING;
INSERT INTO type_dimension VALUES ('7', 'image-macro') ON CONFLICT (type_id) DO NOTHING;
INSERT INTO type_dimension VALUES ('8', 'slang') ON CONFLICT (type_id) DO NOTHING;
INSERT INTO type_dimension VALUES ('9', 'participatory-media') ON CONFLICT (type_id) DO NOTHING;
INSERT INTO type_dimension VALUES ('10', 'shock-media') ON CONFLICT (type_id) DO NOTHING;
INSERT INTO type_dimension VALUES ('11', 'visual-effect') ON CONFLICT (type_id) DO NOTHING;
INSERT INTO type_dimension VALUES ('12', 'parody') ON CONFLICT (type_id) DO NOTHING;
INSERT INTO type_dimension VALUES ('13', 'remix') ON CONFLICT (type_id) DO NOTHING;
INSERT INTO type_dimension VALUES ('14', 'character') ON CONFLICT (type_id) DO NOTHING;
INSERT INTO type_dimension VALUES ('15', 'hoax') ON CONFLICT (type_id) DO NOTHING;
INSERT INTO type_dimension VALUES ('16', 'advertisement') ON CONFLICT (type_id) DO NOTHING;
INSERT INTO type_dimension VALUES ('17', 'reaction') ON CONFLICT (type_id) DO NOTHING;
INSERT INTO type_dimension VALUES ('18', 'copypasta') ON CONFLICT (type_id) DO NOTHING;
INSERT INTO type_dimension VALUES ('19', 'social-game') ON CONFLICT (type_id) DO NOTHING;
INSERT INTO type_dimension VALUES ('20', 'axiom') ON CONFLICT (type_id) DO NOTHING;
INSERT INTO type_dimension VALUES ('21', 'optical-illusion') ON CONFLICT (type_id) DO NOTHING;
INSERT INTO type_dimension VALUES ('22', 'photoshop') ON CONFLICT (type_id) DO NOTHING;
INSERT INTO type_dimension VALUES ('23', 'emoticon') ON CONFLICT (type_id) DO NOTHING;
INSERT INTO type_dimension VALUES ('24', 'animal') ON CONFLICT (type_id) DO NOTHING;
INSERT INTO type_dimension VALUES ('25', 'creepypasta') ON CONFLICT (type_id) DO NOTHING;
INSERT INTO type_dimension VALUES ('26', 'sound-effect') ON CONFLICT (type_id) DO NOTHING;
INSERT INTO type_dimension VALUES ('27', 'lip-dub') ON CONFLICT (type_id) DO NOTHING;
INSERT INTO type_dimension VALUES ('28', 'fan-labor') ON CONFLICT (type_id) DO NOTHING;
INSERT INTO type_dimension VALUES ('29', 'fan-art') ON CONFLICT (type_id) DO NOTHING;
INSERT INTO type_dimension VALUES ('30', 'conspiracy-theory') ON CONFLICT (type_id) DO NOTHING;
INSERT INTO type_dimension VALUES ('31', 'viral-debate') ON CONFLICT (type_id) DO NOTHING;
INSERT INTO type_dimension VALUES ('32', 'hashtag') ON CONFLICT (type_id) DO NOTHING;
INSERT INTO type_dimension VALUES ('33', 'cliche') ON CONFLICT (type_id) DO NOTHING;
[2021-12-30 12:18:51,045] {base.py:70} INFO - Using connection to: id: postgres_default. Host: postgres, Port: 5432, Schema: postgres, Login: ***, Password: ***, extra: {}
[2021-12-30 12:18:51,049] {dbapi.py:204} INFO - Running statement: CREATE TABLE IF NOT EXISTS type_dimension (
type_id INT PRIMARY KEY,
meme_type TEXT);INSERT INTO type_dimension VALUES ('0', 'No type') ON CONFLICT (type_id) DO NOTHING;
INSERT INTO type_dimension VALUES ('1', 'snowclone') ON CONFLICT (type_id) DO NOTHING;
INSERT INTO type_dimension VALUES ('2', 'pop-culture-reference') ON CONFLICT (type_id) DO NOTHING;
INSERT INTO type_dimension VALUES ('3', 'song') ON CONFLICT (type_id) DO NOTHING;
INSERT INTO type_dimension VALUES ('4', 'viral-video') ON CONFLICT (type_id) DO NOTHING;
INSERT INTO type_dimension VALUES ('5', 'dance') ON CONFLICT (type_id) DO NOTHING;
INSERT INTO type_dimension VALUES ('6', 'catchphrase') ON CONFLICT (type_id) DO NOTHING;
INSERT INTO type_dimension VALUES ('7', 'image-macro') ON CONFLICT (type_id) DO NOTHING;
INSERT INTO type_dimension VALUES ('8', 'slang') ON CONFLICT (type_id) DO NOTHING;
INSERT INTO type_dimension VALUES ('9', 'participatory-media') ON CONFLICT (type_id) DO NOTHING;
INSERT INTO type_dimension VALUES ('10', 'shock-media') ON CONFLICT (type_id) DO NOTHING;
INSERT INTO type_dimension VALUES ('11', 'visual-effect') ON CONFLICT (type_id) DO NOTHING;
INSERT INTO type_dimension VALUES ('12', 'parody') ON CONFLICT (type_id) DO NOTHING;
INSERT INTO type_dimension VALUES ('13', 'remix') ON CONFLICT (type_id) DO NOTHING;
INSERT INTO type_dimension VALUES ('14', 'character') ON CONFLICT (type_id) DO NOTHING;
INSERT INTO type_dimension VALUES ('15', 'hoax') ON CONFLICT (type_id) DO NOTHING;
INSERT INTO type_dimension VALUES ('16', 'advertisement') ON CONFLICT (type_id) DO NOTHING;
INSERT INTO type_dimension VALUES ('17', 'reaction') ON CONFLICT (type_id) DO NOTHING;
INSERT INTO type_dimension VALUES ('18', 'copypasta') ON CONFLICT (type_id) DO NOTHING;
INSERT INTO type_dimension VALUES ('19', 'social-game') ON CONFLICT (type_id) DO NOTHING;
INSERT INTO type_dimension VALUES ('20', 'axiom') ON CONFLICT (type_id) DO NOTHING;
INSERT INTO type_dimension VALUES ('21', 'optical-illusion') ON CONFLICT (type_id) DO NOTHING;
INSERT INTO type_dimension VALUES ('22', 'photoshop') ON CONFLICT (type_id) DO NOTHING;
INSERT INTO type_dimension VALUES ('23', 'emoticon') ON CONFLICT (type_id) DO NOTHING;
INSERT INTO type_dimension VALUES ('24', 'animal') ON CONFLICT (type_id) DO NOTHING;
INSERT INTO type_dimension VALUES ('25', 'creepypasta') ON CONFLICT (type_id) DO NOTHING;
INSERT INTO type_dimension VALUES ('26', 'sound-effect') ON CONFLICT (type_id) DO NOTHING;
INSERT INTO type_dimension VALUES ('27', 'lip-dub') ON CONFLICT (type_id) DO NOTHING;
INSERT INTO type_dimension VALUES ('28', 'fan-labor') ON CONFLICT (type_id) DO NOTHING;
INSERT INTO type_dimension VALUES ('29', 'fan-art') ON CONFLICT (type_id) DO NOTHING;
INSERT INTO type_dimension VALUES ('30', 'conspiracy-theory') ON CONFLICT (type_id) DO NOTHING;
INSERT INTO type_dimension VALUES ('31', 'viral-debate') ON CONFLICT (type_id) DO NOTHING;
INSERT INTO type_dimension VALUES ('32', 'hashtag') ON CONFLICT (type_id) DO NOTHING;
INSERT INTO type_dimension VALUES ('33', 'cliche') ON CONFLICT (type_id) DO NOTHING;, parameters: None
[2021-12-30 12:18:51,052] {dbapi.py:212} INFO - Rows affected: 0
[2021-12-30 12:18:51,053] {postgres.py:72} INFO - NOTICE:  relation "type_dimension" already exists, skipping

[2021-12-30 12:18:51,067] {taskinstance.py:1211} INFO - Marking task as SUCCESS. dag_id=cleansing_dag, task_id=insert_type_dimension_query, execution_date=20211230T121601, start_date=20211230T121850, end_date=20211230T121851
[2021-12-30 12:18:51,110] {local_task_job.py:151} INFO - Task exited with return code 0
