[2021-12-30 16:23:52,515] {taskinstance.py:903} INFO - Dependencies all met for <TaskInstance: cleansing_dag.cleanse_vision 2021-12-30T16:23:49.073715+00:00 [queued]>
[2021-12-30 16:23:52,544] {taskinstance.py:903} INFO - Dependencies all met for <TaskInstance: cleansing_dag.cleanse_vision 2021-12-30T16:23:49.073715+00:00 [queued]>
[2021-12-30 16:23:52,544] {taskinstance.py:1094} INFO - 
--------------------------------------------------------------------------------
[2021-12-30 16:23:52,545] {taskinstance.py:1095} INFO - Starting attempt 1 of 2
[2021-12-30 16:23:52,546] {taskinstance.py:1096} INFO - 
--------------------------------------------------------------------------------
[2021-12-30 16:23:52,561] {taskinstance.py:1114} INFO - Executing <Task(PythonOperator): cleanse_vision> on 2021-12-30T16:23:49.073715+00:00
[2021-12-30 16:23:52,621] {standard_task_runner.py:52} INFO - Started process 7058 to run task
[2021-12-30 16:23:52,626] {standard_task_runner.py:76} INFO - Running: ['***', 'tasks', 'run', 'cleansing_dag', 'cleanse_vision', '2021-12-30T16:23:49.073715+00:00', '--job-id', '23', '--pool', 'default_pool', '--raw', '--subdir', 'DAGS_FOLDER/kym_cleansing.py', '--cfg-path', '/tmp/tmpv61tdnv7', '--error-file', '/tmp/tmpqv4nbmjb']
[2021-12-30 16:23:52,627] {standard_task_runner.py:77} INFO - Job 23: Subtask cleanse_vision
[2021-12-30 16:23:52,691] {logging_mixin.py:109} INFO - Running <TaskInstance: cleansing_dag.cleanse_vision 2021-12-30T16:23:49.073715+00:00 [running]> on host 71257c6b2a25
[2021-12-30 16:23:52,751] {taskinstance.py:1251} INFO - Exporting the following env vars:
AIRFLOW_CTX_DAG_OWNER=***
AIRFLOW_CTX_DAG_ID=cleansing_dag
AIRFLOW_CTX_TASK_ID=cleanse_vision
AIRFLOW_CTX_EXECUTION_DATE=2021-12-30T16:23:49.073715+00:00
AIRFLOW_CTX_DAG_RUN_ID=manual__2021-12-30T16:23:49.073715+00:00
[2021-12-30 16:26:14,112] {python.py:151} INFO - Done. Returned value was: None
[2021-12-30 16:26:14,133] {taskinstance.py:1211} INFO - Marking task as SUCCESS. dag_id=cleansing_dag, task_id=cleanse_vision, execution_date=20211230T162349, start_date=20211230T162352, end_date=20211230T162614
[2021-12-30 16:26:14,211] {local_task_job.py:151} INFO - Task exited with return code 0
