[2021-12-28 17:52:42,495] {taskinstance.py:903} INFO - Dependencies all met for <TaskInstance: cleansing_dag.cleanse_kym 2021-12-27T17:52:41.529825+00:00 [queued]>
[2021-12-28 17:52:42,514] {taskinstance.py:903} INFO - Dependencies all met for <TaskInstance: cleansing_dag.cleanse_kym 2021-12-27T17:52:41.529825+00:00 [queued]>
[2021-12-28 17:52:42,515] {taskinstance.py:1094} INFO - 
--------------------------------------------------------------------------------
[2021-12-28 17:52:42,516] {taskinstance.py:1095} INFO - Starting attempt 1 of 2
[2021-12-28 17:52:42,516] {taskinstance.py:1096} INFO - 
--------------------------------------------------------------------------------
[2021-12-28 17:52:42,536] {taskinstance.py:1114} INFO - Executing <Task(PythonOperator): cleanse_kym> on 2021-12-27T17:52:41.529825+00:00
[2021-12-28 17:52:42,542] {standard_task_runner.py:52} INFO - Started process 71 to run task
[2021-12-28 17:52:42,547] {standard_task_runner.py:76} INFO - Running: ['***', 'tasks', 'run', 'cleansing_dag', 'cleanse_kym', '2021-12-27T17:52:41.529825+00:00', '--job-id', '130', '--pool', 'default_pool', '--raw', '--subdir', 'DAGS_FOLDER/kym_cleansing.py', '--cfg-path', '/tmp/tmpzmi0zjdc', '--error-file', '/tmp/tmpp0lm65ph']
[2021-12-28 17:52:42,549] {standard_task_runner.py:77} INFO - Job 130: Subtask cleanse_kym
[2021-12-28 17:52:42,606] {logging_mixin.py:109} INFO - Running <TaskInstance: cleansing_dag.cleanse_kym 2021-12-27T17:52:41.529825+00:00 [running]> on host 7deaf4b1fcdf
[2021-12-28 17:52:42,675] {taskinstance.py:1251} INFO - Exporting the following env vars:
AIRFLOW_CTX_DAG_OWNER=***
AIRFLOW_CTX_DAG_ID=cleansing_dag
AIRFLOW_CTX_TASK_ID=cleanse_kym
AIRFLOW_CTX_EXECUTION_DATE=2021-12-27T17:52:41.529825+00:00
AIRFLOW_CTX_DAG_RUN_ID=scheduled__2021-12-27T17:52:41.529825+00:00
[2021-12-28 17:55:53,923] {python.py:151} INFO - Done. Returned value was: None
[2021-12-28 17:55:53,942] {taskinstance.py:1211} INFO - Marking task as SUCCESS. dag_id=cleansing_dag, task_id=cleanse_kym, execution_date=20211227T175241, start_date=20211228T175242, end_date=20211228T175553
[2021-12-28 17:55:53,987] {local_task_job.py:151} INFO - Task exited with return code 0
