[2021-12-30 14:07:10,882] {taskinstance.py:903} INFO - Dependencies all met for <TaskInstance: cleansing_dag.request2 2021-12-30T14:04:21.341950+00:00 [queued]>
[2021-12-30 14:07:10,897] {taskinstance.py:903} INFO - Dependencies all met for <TaskInstance: cleansing_dag.request2 2021-12-30T14:04:21.341950+00:00 [queued]>
[2021-12-30 14:07:10,898] {taskinstance.py:1094} INFO - 
--------------------------------------------------------------------------------
[2021-12-30 14:07:10,898] {taskinstance.py:1095} INFO - Starting attempt 1 of 2
[2021-12-30 14:07:10,899] {taskinstance.py:1096} INFO - 
--------------------------------------------------------------------------------
[2021-12-30 14:07:10,913] {taskinstance.py:1114} INFO - Executing <Task(PostgresOperator): request2> on 2021-12-30T14:04:21.341950+00:00
[2021-12-30 14:07:10,918] {standard_task_runner.py:52} INFO - Started process 7084 to run task
[2021-12-30 14:07:10,921] {standard_task_runner.py:76} INFO - Running: ['***', 'tasks', 'run', 'cleansing_dag', 'request2', '2021-12-30T14:04:21.341950+00:00', '--job-id', '112', '--pool', 'default_pool', '--raw', '--subdir', 'DAGS_FOLDER/kym_cleansing.py', '--cfg-path', '/tmp/tmp67orveii', '--error-file', '/tmp/tmpwgu2ziay']
[2021-12-30 14:07:10,922] {standard_task_runner.py:77} INFO - Job 112: Subtask request2
[2021-12-30 14:07:10,958] {logging_mixin.py:109} INFO - Running <TaskInstance: cleansing_dag.request2 2021-12-30T14:04:21.341950+00:00 [running]> on host 2eb70c976689
[2021-12-30 14:07:11,004] {taskinstance.py:1251} INFO - Exporting the following env vars:
AIRFLOW_CTX_DAG_OWNER=***
AIRFLOW_CTX_DAG_ID=cleansing_dag
AIRFLOW_CTX_TASK_ID=request2
AIRFLOW_CTX_EXECUTION_DATE=2021-12-30T14:04:21.341950+00:00
AIRFLOW_CTX_DAG_RUN_ID=manual__2021-12-30T14:04:21.341950+00:00
[2021-12-30 14:07:11,005] {postgres.py:68} INFO - Executing: SELECT * FROM additional_analysis_table;
[2021-12-30 14:07:11,012] {base.py:70} INFO - Using connection to: id: postgres_default. Host: postgres, Port: 5432, Schema: postgres, Login: ***, Password: ***, extra: {}
[2021-12-30 14:07:11,016] {dbapi.py:204} INFO - Running statement: SELECT * FROM additional_analysis_table;, parameters: None
[2021-12-30 14:07:11,334] {dbapi.py:212} INFO - Rows affected: 12408
[2021-12-30 14:07:11,348] {taskinstance.py:1211} INFO - Marking task as SUCCESS. dag_id=cleansing_dag, task_id=request2, execution_date=20211230T140421, start_date=20211230T140710, end_date=20211230T140711
[2021-12-30 14:07:11,375] {local_task_job.py:151} INFO - Task exited with return code 0
