[2021-12-29 12:59:04,980] {taskinstance.py:903} INFO - Dependencies all met for <TaskInstance: cleansing_dag.cleanse_spotlight 2021-12-28T12:59:02.489473+00:00 [queued]>
[2021-12-29 12:59:05,013] {taskinstance.py:903} INFO - Dependencies all met for <TaskInstance: cleansing_dag.cleanse_spotlight 2021-12-28T12:59:02.489473+00:00 [queued]>
[2021-12-29 12:59:05,014] {taskinstance.py:1094} INFO - 
--------------------------------------------------------------------------------
[2021-12-29 12:59:05,014] {taskinstance.py:1095} INFO - Starting attempt 1 of 2
[2021-12-29 12:59:05,015] {taskinstance.py:1096} INFO - 
--------------------------------------------------------------------------------
[2021-12-29 12:59:05,031] {taskinstance.py:1114} INFO - Executing <Task(PythonOperator): cleanse_spotlight> on 2021-12-28T12:59:02.489473+00:00
[2021-12-29 12:59:05,038] {standard_task_runner.py:52} INFO - Started process 27697 to run task
[2021-12-29 12:59:05,040] {standard_task_runner.py:76} INFO - Running: ['***', 'tasks', 'run', 'cleansing_dag', 'cleanse_spotlight', '2021-12-28T12:59:02.489473+00:00', '--job-id', '353', '--pool', 'default_pool', '--raw', '--subdir', 'DAGS_FOLDER/kym_cleansing.py', '--cfg-path', '/tmp/tmp9s3qzrrv', '--error-file', '/tmp/tmpml3bpev2']
[2021-12-29 12:59:05,042] {standard_task_runner.py:77} INFO - Job 353: Subtask cleanse_spotlight
[2021-12-29 12:59:05,091] {logging_mixin.py:109} INFO - Running <TaskInstance: cleansing_dag.cleanse_spotlight 2021-12-28T12:59:02.489473+00:00 [running]> on host 34521d0e1651
[2021-12-29 12:59:05,187] {taskinstance.py:1251} INFO - Exporting the following env vars:
AIRFLOW_CTX_DAG_OWNER=***
AIRFLOW_CTX_DAG_ID=cleansing_dag
AIRFLOW_CTX_TASK_ID=cleanse_spotlight
AIRFLOW_CTX_EXECUTION_DATE=2021-12-28T12:59:02.489473+00:00
AIRFLOW_CTX_DAG_RUN_ID=scheduled__2021-12-28T12:59:02.489473+00:00
[2021-12-29 12:59:19,562] {python.py:151} INFO - Done. Returned value was: None
[2021-12-29 12:59:19,579] {taskinstance.py:1211} INFO - Marking task as SUCCESS. dag_id=cleansing_dag, task_id=cleanse_spotlight, execution_date=20211228T125902, start_date=20211229T125904, end_date=20211229T125919
[2021-12-29 12:59:19,622] {local_task_job.py:151} INFO - Task exited with return code 0
