[2021-12-31 15:52:42,747] {taskinstance.py:903} INFO - Dependencies all met for <TaskInstance: main_dag.create_additional_analysis_table_query 2021-12-31T15:47:34.975008+00:00 [queued]>
[2021-12-31 15:52:42,764] {taskinstance.py:903} INFO - Dependencies all met for <TaskInstance: main_dag.create_additional_analysis_table_query 2021-12-31T15:47:34.975008+00:00 [queued]>
[2021-12-31 15:52:42,765] {taskinstance.py:1094} INFO - 
--------------------------------------------------------------------------------
[2021-12-31 15:52:42,765] {taskinstance.py:1095} INFO - Starting attempt 1 of 2
[2021-12-31 15:52:42,766] {taskinstance.py:1096} INFO - 
--------------------------------------------------------------------------------
[2021-12-31 15:52:42,787] {taskinstance.py:1114} INFO - Executing <Task(PythonOperator): create_additional_analysis_table_query> on 2021-12-31T15:47:34.975008+00:00
[2021-12-31 15:52:42,794] {standard_task_runner.py:52} INFO - Started process 17045 to run task
[2021-12-31 15:52:42,798] {standard_task_runner.py:76} INFO - Running: ['***', 'tasks', 'run', 'main_dag', 'create_additional_analysis_table_query', '2021-12-31T15:47:34.975008+00:00', '--job-id', '144', '--pool', 'default_pool', '--raw', '--subdir', 'DAGS_FOLDER/main_dag.py', '--cfg-path', '/tmp/tmp4h9ic2u5', '--error-file', '/tmp/tmpnkmav22p']
[2021-12-31 15:52:42,800] {standard_task_runner.py:77} INFO - Job 144: Subtask create_additional_analysis_table_query
[2021-12-31 15:52:42,856] {logging_mixin.py:109} INFO - Running <TaskInstance: main_dag.create_additional_analysis_table_query 2021-12-31T15:47:34.975008+00:00 [running]> on host 8e99a5d40b8f
[2021-12-31 15:52:42,925] {taskinstance.py:1251} INFO - Exporting the following env vars:
AIRFLOW_CTX_DAG_OWNER=***
AIRFLOW_CTX_DAG_ID=main_dag
AIRFLOW_CTX_TASK_ID=create_additional_analysis_table_query
AIRFLOW_CTX_EXECUTION_DATE=2021-12-31T15:47:34.975008+00:00
AIRFLOW_CTX_DAG_RUN_ID=manual__2021-12-31T15:47:34.975008+00:00
[2021-12-31 15:52:43,966] {python.py:151} INFO - Done. Returned value was: None
[2021-12-31 15:52:43,980] {taskinstance.py:1211} INFO - Marking task as SUCCESS. dag_id=main_dag, task_id=create_additional_analysis_table_query, execution_date=20211231T154734, start_date=20211231T155242, end_date=20211231T155243
[2021-12-31 15:52:44,014] {local_task_job.py:151} INFO - Task exited with return code 0
