[2021-12-09 15:53:32,619] {taskinstance.py:851} INFO - Dependencies all met for <TaskInstance: cleansing_dag.writeOut 2021-12-08T15:53:31.866049+00:00 [queued]>
[2021-12-09 15:53:32,640] {taskinstance.py:851} INFO - Dependencies all met for <TaskInstance: cleansing_dag.writeOut 2021-12-08T15:53:31.866049+00:00 [queued]>
[2021-12-09 15:53:32,641] {taskinstance.py:1042} INFO - 
--------------------------------------------------------------------------------
[2021-12-09 15:53:32,641] {taskinstance.py:1043} INFO - Starting attempt 1 of 2
[2021-12-09 15:53:32,642] {taskinstance.py:1044} INFO - 
--------------------------------------------------------------------------------
[2021-12-09 15:53:32,653] {taskinstance.py:1063} INFO - Executing <Task(PythonOperator): writeOut> on 2021-12-08T15:53:31.866049+00:00
[2021-12-09 15:53:32,660] {standard_task_runner.py:52} INFO - Started process 93 to run task
[2021-12-09 15:53:32,663] {standard_task_runner.py:76} INFO - Running: ['airflow', 'tasks', 'run', 'cleansing_dag', 'writeOut', '2021-12-08T15:53:31.866049+00:00', '--job-id', '46', '--pool', 'default_pool', '--raw', '--subdir', 'DAGS_FOLDER/kym_cleansing.py', '--cfg-path', '/tmp/tmp_0zu_ix3', '--error-file', '/tmp/tmp79sf6lzu']
[2021-12-09 15:53:32,664] {standard_task_runner.py:77} INFO - Job 46: Subtask writeOut
[2021-12-09 15:53:32,700] {logging_mixin.py:104} INFO - Running <TaskInstance: cleansing_dag.writeOut 2021-12-08T15:53:31.866049+00:00 [running]> on host 8ea24132e477
[2021-12-09 15:53:32,734] {taskinstance.py:1257} INFO - Exporting the following env vars:
AIRFLOW_CTX_DAG_OWNER=airflow
AIRFLOW_CTX_DAG_ID=cleansing_dag
AIRFLOW_CTX_TASK_ID=writeOut
AIRFLOW_CTX_EXECUTION_DATE=2021-12-08T15:53:31.866049+00:00
AIRFLOW_CTX_DAG_RUN_ID=scheduled__2021-12-08T15:53:31.866049+00:00
[2021-12-09 15:53:39,517] {python.py:118} INFO - Done. Returned value was: None
[2021-12-09 15:53:39,555] {taskinstance.py:1166} INFO - Marking task as SUCCESS. dag_id=cleansing_dag, task_id=writeOut, execution_date=20211208T155331, start_date=20211209T155332, end_date=20211209T155339
[2021-12-09 15:53:39,583] {taskinstance.py:1220} INFO - 0 downstream tasks scheduled from follow-on schedule check
[2021-12-09 15:53:39,664] {local_task_job.py:146} INFO - Task exited with return code 0
