[2021-12-29 14:01:17,851] {taskinstance.py:903} INFO - Dependencies all met for <TaskInstance: cleansing_dag.create_origin_dimension_query 2021-12-28T13:57:28.972945+00:00 [queued]>
[2021-12-29 14:01:17,872] {taskinstance.py:903} INFO - Dependencies all met for <TaskInstance: cleansing_dag.create_origin_dimension_query 2021-12-28T13:57:28.972945+00:00 [queued]>
[2021-12-29 14:01:17,872] {taskinstance.py:1094} INFO - 
--------------------------------------------------------------------------------
[2021-12-29 14:01:17,872] {taskinstance.py:1095} INFO - Starting attempt 1 of 2
[2021-12-29 14:01:17,873] {taskinstance.py:1096} INFO - 
--------------------------------------------------------------------------------
[2021-12-29 14:01:17,883] {taskinstance.py:1114} INFO - Executing <Task(PythonOperator): create_origin_dimension_query> on 2021-12-28T13:57:28.972945+00:00
[2021-12-29 14:01:17,888] {standard_task_runner.py:52} INFO - Started process 4855 to run task
[2021-12-29 14:01:17,891] {standard_task_runner.py:76} INFO - Running: ['***', 'tasks', 'run', 'cleansing_dag', 'create_origin_dimension_query', '2021-12-28T13:57:28.972945+00:00', '--job-id', '403', '--pool', 'default_pool', '--raw', '--subdir', 'DAGS_FOLDER/kym_cleansing.py', '--cfg-path', '/tmp/tmpm2et738t', '--error-file', '/tmp/tmpbzpk4b24']
[2021-12-29 14:01:17,892] {standard_task_runner.py:77} INFO - Job 403: Subtask create_origin_dimension_query
[2021-12-29 14:01:17,930] {logging_mixin.py:109} INFO - Running <TaskInstance: cleansing_dag.create_origin_dimension_query 2021-12-28T13:57:28.972945+00:00 [running]> on host 34521d0e1651
[2021-12-29 14:01:17,983] {taskinstance.py:1251} INFO - Exporting the following env vars:
AIRFLOW_CTX_DAG_OWNER=***
AIRFLOW_CTX_DAG_ID=cleansing_dag
AIRFLOW_CTX_TASK_ID=create_origin_dimension_query
AIRFLOW_CTX_EXECUTION_DATE=2021-12-28T13:57:28.972945+00:00
AIRFLOW_CTX_DAG_RUN_ID=scheduled__2021-12-28T13:57:28.972945+00:00
[2021-12-29 14:01:18,091] {python.py:151} INFO - Done. Returned value was: None
[2021-12-29 14:01:18,103] {taskinstance.py:1211} INFO - Marking task as SUCCESS. dag_id=cleansing_dag, task_id=create_origin_dimension_query, execution_date=20211228T135728, start_date=20211229T140117, end_date=20211229T140118
[2021-12-29 14:01:18,144] {local_task_job.py:151} INFO - Task exited with return code 0
