[2021-12-30 16:18:04,407] {taskinstance.py:903} INFO - Dependencies all met for <TaskInstance: cleansing_dag.cleanse_vision 2021-12-29T16:17:32.767228+00:00 [queued]>
[2021-12-30 16:18:04,424] {taskinstance.py:903} INFO - Dependencies all met for <TaskInstance: cleansing_dag.cleanse_vision 2021-12-29T16:17:32.767228+00:00 [queued]>
[2021-12-30 16:18:04,424] {taskinstance.py:1094} INFO - 
--------------------------------------------------------------------------------
[2021-12-30 16:18:04,424] {taskinstance.py:1095} INFO - Starting attempt 1 of 2
[2021-12-30 16:18:04,425] {taskinstance.py:1096} INFO - 
--------------------------------------------------------------------------------
[2021-12-30 16:18:04,435] {taskinstance.py:1114} INFO - Executing <Task(PythonOperator): cleanse_vision> on 2021-12-29T16:17:32.767228+00:00
[2021-12-30 16:18:04,440] {standard_task_runner.py:52} INFO - Started process 62 to run task
[2021-12-30 16:18:04,443] {standard_task_runner.py:76} INFO - Running: ['***', 'tasks', 'run', 'cleansing_dag', 'cleanse_vision', '2021-12-29T16:17:32.767228+00:00', '--job-id', '5', '--pool', 'default_pool', '--raw', '--subdir', 'DAGS_FOLDER/kym_cleansing.py', '--cfg-path', '/tmp/tmpv2c1gyx2', '--error-file', '/tmp/tmp5m8kc3k_']
[2021-12-30 16:18:04,443] {standard_task_runner.py:77} INFO - Job 5: Subtask cleanse_vision
[2021-12-30 16:18:04,482] {logging_mixin.py:109} INFO - Running <TaskInstance: cleansing_dag.cleanse_vision 2021-12-29T16:17:32.767228+00:00 [running]> on host 71257c6b2a25
[2021-12-30 16:18:04,533] {taskinstance.py:1251} INFO - Exporting the following env vars:
AIRFLOW_CTX_DAG_OWNER=***
AIRFLOW_CTX_DAG_ID=cleansing_dag
AIRFLOW_CTX_TASK_ID=cleanse_vision
AIRFLOW_CTX_EXECUTION_DATE=2021-12-29T16:17:32.767228+00:00
AIRFLOW_CTX_DAG_RUN_ID=scheduled__2021-12-29T16:17:32.767228+00:00
[2021-12-30 16:19:29,506] {python.py:151} INFO - Done. Returned value was: None
[2021-12-30 16:19:29,519] {taskinstance.py:1211} INFO - Marking task as SUCCESS. dag_id=cleansing_dag, task_id=cleanse_vision, execution_date=20211229T161732, start_date=20211230T161804, end_date=20211230T161929
[2021-12-30 16:19:29,575] {local_task_job.py:151} INFO - Task exited with return code 0
