[2021-12-29 13:57:31,535] {taskinstance.py:903} INFO - Dependencies all met for <TaskInstance: cleansing_dag.cleanse_vision 2021-12-28T13:57:28.972945+00:00 [queued]>
[2021-12-29 13:57:31,564] {taskinstance.py:903} INFO - Dependencies all met for <TaskInstance: cleansing_dag.cleanse_vision 2021-12-28T13:57:28.972945+00:00 [queued]>
[2021-12-29 13:57:31,564] {taskinstance.py:1094} INFO - 
--------------------------------------------------------------------------------
[2021-12-29 13:57:31,565] {taskinstance.py:1095} INFO - Starting attempt 1 of 2
[2021-12-29 13:57:31,566] {taskinstance.py:1096} INFO - 
--------------------------------------------------------------------------------
[2021-12-29 13:57:31,582] {taskinstance.py:1114} INFO - Executing <Task(PythonOperator): cleanse_vision> on 2021-12-28T13:57:28.972945+00:00
[2021-12-29 13:57:31,593] {standard_task_runner.py:52} INFO - Started process 16363 to run task
[2021-12-29 13:57:31,598] {standard_task_runner.py:76} INFO - Running: ['***', 'tasks', 'run', 'cleansing_dag', 'cleanse_vision', '2021-12-28T13:57:28.972945+00:00', '--job-id', '396', '--pool', 'default_pool', '--raw', '--subdir', 'DAGS_FOLDER/kym_cleansing.py', '--cfg-path', '/tmp/tmppjnwq359', '--error-file', '/tmp/tmpbbloh07u']
[2021-12-29 13:57:31,599] {standard_task_runner.py:77} INFO - Job 396: Subtask cleanse_vision
[2021-12-29 13:57:31,654] {logging_mixin.py:109} INFO - Running <TaskInstance: cleansing_dag.cleanse_vision 2021-12-28T13:57:28.972945+00:00 [running]> on host 34521d0e1651
[2021-12-29 13:57:31,748] {taskinstance.py:1251} INFO - Exporting the following env vars:
AIRFLOW_CTX_DAG_OWNER=***
AIRFLOW_CTX_DAG_ID=cleansing_dag
AIRFLOW_CTX_TASK_ID=cleanse_vision
AIRFLOW_CTX_EXECUTION_DATE=2021-12-28T13:57:28.972945+00:00
AIRFLOW_CTX_DAG_RUN_ID=scheduled__2021-12-28T13:57:28.972945+00:00
[2021-12-29 14:00:14,226] {python.py:151} INFO - Done. Returned value was: None
[2021-12-29 14:00:14,240] {taskinstance.py:1211} INFO - Marking task as SUCCESS. dag_id=cleansing_dag, task_id=cleanse_vision, execution_date=20211228T135728, start_date=20211229T135731, end_date=20211229T140014
[2021-12-29 14:00:14,299] {local_task_job.py:151} INFO - Task exited with return code 0
