[2021-12-30 14:04:23,367] {taskinstance.py:903} INFO - Dependencies all met for <TaskInstance: cleansing_dag.cleanse_vision 2021-12-30T14:04:21.341950+00:00 [queued]>
[2021-12-30 14:04:23,379] {taskinstance.py:903} INFO - Dependencies all met for <TaskInstance: cleansing_dag.cleanse_vision 2021-12-30T14:04:21.341950+00:00 [queued]>
[2021-12-30 14:04:23,380] {taskinstance.py:1094} INFO - 
--------------------------------------------------------------------------------
[2021-12-30 14:04:23,380] {taskinstance.py:1095} INFO - Starting attempt 1 of 2
[2021-12-30 14:04:23,380] {taskinstance.py:1096} INFO - 
--------------------------------------------------------------------------------
[2021-12-30 14:04:23,398] {taskinstance.py:1114} INFO - Executing <Task(PythonOperator): cleanse_vision> on 2021-12-30T14:04:21.341950+00:00
[2021-12-30 14:04:23,407] {standard_task_runner.py:52} INFO - Started process 62 to run task
[2021-12-30 14:04:23,411] {standard_task_runner.py:76} INFO - Running: ['***', 'tasks', 'run', 'cleansing_dag', 'cleanse_vision', '2021-12-30T14:04:21.341950+00:00', '--job-id', '96', '--pool', 'default_pool', '--raw', '--subdir', 'DAGS_FOLDER/kym_cleansing.py', '--cfg-path', '/tmp/tmpohjovi7h', '--error-file', '/tmp/tmpx73yxp6u']
[2021-12-30 14:04:23,412] {standard_task_runner.py:77} INFO - Job 96: Subtask cleanse_vision
[2021-12-30 14:04:23,459] {logging_mixin.py:109} INFO - Running <TaskInstance: cleansing_dag.cleanse_vision 2021-12-30T14:04:21.341950+00:00 [running]> on host 2eb70c976689
[2021-12-30 14:04:23,511] {taskinstance.py:1251} INFO - Exporting the following env vars:
AIRFLOW_CTX_DAG_OWNER=***
AIRFLOW_CTX_DAG_ID=cleansing_dag
AIRFLOW_CTX_TASK_ID=cleanse_vision
AIRFLOW_CTX_EXECUTION_DATE=2021-12-30T14:04:21.341950+00:00
AIRFLOW_CTX_DAG_RUN_ID=manual__2021-12-30T14:04:21.341950+00:00
[2021-12-30 14:05:40,914] {python.py:151} INFO - Done. Returned value was: None
[2021-12-30 14:05:40,925] {taskinstance.py:1211} INFO - Marking task as SUCCESS. dag_id=cleansing_dag, task_id=cleanse_vision, execution_date=20211230T140421, start_date=20211230T140423, end_date=20211230T140540
[2021-12-30 14:05:40,993] {local_task_job.py:151} INFO - Task exited with return code 0
