[2021-12-27 15:50:50,976] {taskinstance.py:851} INFO - Dependencies all met for <TaskInstance: cleansing_dag.merge 2021-12-26T15:47:50.127847+00:00 [queued]>
[2021-12-27 15:50:50,992] {taskinstance.py:851} INFO - Dependencies all met for <TaskInstance: cleansing_dag.merge 2021-12-26T15:47:50.127847+00:00 [queued]>
[2021-12-27 15:50:50,992] {taskinstance.py:1042} INFO - 
--------------------------------------------------------------------------------
[2021-12-27 15:50:50,992] {taskinstance.py:1043} INFO - Starting attempt 1 of 2
[2021-12-27 15:50:50,993] {taskinstance.py:1044} INFO - 
--------------------------------------------------------------------------------
[2021-12-27 15:50:51,004] {taskinstance.py:1063} INFO - Executing <Task(PythonOperator): merge> on 2021-12-26T15:47:50.127847+00:00
[2021-12-27 15:50:51,009] {standard_task_runner.py:52} INFO - Started process 7074 to run task
[2021-12-27 15:50:51,011] {standard_task_runner.py:76} INFO - Running: ['airflow', 'tasks', 'run', 'cleansing_dag', 'merge', '2021-12-26T15:47:50.127847+00:00', '--job-id', '50', '--pool', 'default_pool', '--raw', '--subdir', 'DAGS_FOLDER/kym_cleansing.py', '--cfg-path', '/tmp/tmprj43inub', '--error-file', '/tmp/tmp0r7h5u1b']
[2021-12-27 15:50:51,012] {standard_task_runner.py:77} INFO - Job 50: Subtask merge
[2021-12-27 15:50:51,050] {logging_mixin.py:104} INFO - Running <TaskInstance: cleansing_dag.merge 2021-12-26T15:47:50.127847+00:00 [running]> on host d83a161471aa
[2021-12-27 15:50:51,098] {taskinstance.py:1255} INFO - Exporting the following env vars:
AIRFLOW_CTX_DAG_OWNER=airflow
AIRFLOW_CTX_DAG_ID=cleansing_dag
AIRFLOW_CTX_TASK_ID=merge
AIRFLOW_CTX_EXECUTION_DATE=2021-12-26T15:47:50.127847+00:00
AIRFLOW_CTX_DAG_RUN_ID=scheduled__2021-12-26T15:47:50.127847+00:00
[2021-12-27 15:50:51,445] {python.py:118} INFO - Done. Returned value was: None
[2021-12-27 15:50:51,456] {taskinstance.py:1159} INFO - Marking task as SUCCESS. dag_id=cleansing_dag, task_id=merge, execution_date=20211226T154750, start_date=20211227T155050, end_date=20211227T155051
[2021-12-27 15:50:51,505] {local_task_job.py:146} INFO - Task exited with return code 0
