[2021-12-29 12:13:40,596] {taskinstance.py:903} INFO - Dependencies all met for <TaskInstance: cleansing_dag.create_relational_db 2021-12-28T12:10:39.570058+00:00 [queued]>
[2021-12-29 12:13:40,613] {taskinstance.py:903} INFO - Dependencies all met for <TaskInstance: cleansing_dag.create_relational_db 2021-12-28T12:10:39.570058+00:00 [queued]>
[2021-12-29 12:13:40,614] {taskinstance.py:1094} INFO - 
--------------------------------------------------------------------------------
[2021-12-29 12:13:40,614] {taskinstance.py:1095} INFO - Starting attempt 1 of 2
[2021-12-29 12:13:40,614] {taskinstance.py:1096} INFO - 
--------------------------------------------------------------------------------
[2021-12-29 12:13:40,624] {taskinstance.py:1114} INFO - Executing <Task(PythonOperator): create_relational_db> on 2021-12-28T12:10:39.570058+00:00
[2021-12-29 12:13:40,629] {standard_task_runner.py:52} INFO - Started process 6982 to run task
[2021-12-29 12:13:40,632] {standard_task_runner.py:76} INFO - Running: ['***', 'tasks', 'run', 'cleansing_dag', 'create_relational_db', '2021-12-28T12:10:39.570058+00:00', '--job-id', '315', '--pool', 'default_pool', '--raw', '--subdir', 'DAGS_FOLDER/kym_cleansing.py', '--cfg-path', '/tmp/tmpkvtk6iq7', '--error-file', '/tmp/tmpkxm6v5vp']
[2021-12-29 12:13:40,633] {standard_task_runner.py:77} INFO - Job 315: Subtask create_relational_db
[2021-12-29 12:13:40,668] {logging_mixin.py:109} INFO - Running <TaskInstance: cleansing_dag.create_relational_db 2021-12-28T12:10:39.570058+00:00 [running]> on host 9b1c98289e99
[2021-12-29 12:13:40,717] {taskinstance.py:1251} INFO - Exporting the following env vars:
AIRFLOW_CTX_DAG_OWNER=***
AIRFLOW_CTX_DAG_ID=cleansing_dag
AIRFLOW_CTX_TASK_ID=create_relational_db
AIRFLOW_CTX_EXECUTION_DATE=2021-12-28T12:10:39.570058+00:00
AIRFLOW_CTX_DAG_RUN_ID=scheduled__2021-12-28T12:10:39.570058+00:00
[2021-12-29 12:13:40,809] {logging_mixin.py:109} WARNING - /opt/***/dags/kym_cleansing.py:231 SettingWithCopyWarning: 
A value is trying to be set on a copy of a slice from a DataFrame.
Try using .loc[row_indexer,col_indexer] = value instead

See the caveats in the documentation: https://pandas.pydata.org/pandas-docs/stable/user_guide/indexing.html#returning-a-view-versus-a-copy
[2021-12-29 12:13:40,811] {logging_mixin.py:109} WARNING - /opt/***/dags/kym_cleansing.py:232 SettingWithCopyWarning: 
A value is trying to be set on a copy of a slice from a DataFrame.
Try using .loc[row_indexer,col_indexer] = value instead

See the caveats in the documentation: https://pandas.pydata.org/pandas-docs/stable/user_guide/indexing.html#returning-a-view-versus-a-copy
[2021-12-29 12:13:40,818] {logging_mixin.py:109} WARNING - /opt/***/dags/kym_cleansing.py:235 SettingWithCopyWarning: 
A value is trying to be set on a copy of a slice from a DataFrame.
Try using .loc[row_indexer,col_indexer] = value instead

See the caveats in the documentation: https://pandas.pydata.org/pandas-docs/stable/user_guide/indexing.html#returning-a-view-versus-a-copy
[2021-12-29 12:13:41,179] {python.py:151} INFO - Done. Returned value was: None
[2021-12-29 12:13:41,190] {taskinstance.py:1211} INFO - Marking task as SUCCESS. dag_id=cleansing_dag, task_id=create_relational_db, execution_date=20211228T121039, start_date=20211229T121340, end_date=20211229T121341
[2021-12-29 12:13:41,256] {local_task_job.py:151} INFO - Task exited with return code 0
