[2021-12-28 19:59:18,617] {taskinstance.py:903} INFO - Dependencies all met for <TaskInstance: cleansing_dag.create_type_dimension_query 2021-12-27T19:56:23.170629+00:00 [queued]>
[2021-12-28 19:59:18,636] {taskinstance.py:903} INFO - Dependencies all met for <TaskInstance: cleansing_dag.create_type_dimension_query 2021-12-27T19:56:23.170629+00:00 [queued]>
[2021-12-28 19:59:18,637] {taskinstance.py:1094} INFO - 
--------------------------------------------------------------------------------
[2021-12-28 19:59:18,638] {taskinstance.py:1095} INFO - Starting attempt 1 of 2
[2021-12-28 19:59:18,638] {taskinstance.py:1096} INFO - 
--------------------------------------------------------------------------------
[2021-12-28 19:59:18,655] {taskinstance.py:1114} INFO - Executing <Task(PythonOperator): create_type_dimension_query> on 2021-12-27T19:56:23.170629+00:00
[2021-12-28 19:59:18,663] {standard_task_runner.py:52} INFO - Started process 7008 to run task
[2021-12-28 19:59:18,666] {standard_task_runner.py:76} INFO - Running: ['***', 'tasks', 'run', 'cleansing_dag', 'create_type_dimension_query', '2021-12-27T19:56:23.170629+00:00', '--job-id', '248', '--pool', 'default_pool', '--raw', '--subdir', 'DAGS_FOLDER/kym_cleansing.py', '--cfg-path', '/tmp/tmpensgy1kq', '--error-file', '/tmp/tmpkgrmbmt6']
[2021-12-28 19:59:18,667] {standard_task_runner.py:77} INFO - Job 248: Subtask create_type_dimension_query
[2021-12-28 19:59:18,781] {logging_mixin.py:109} INFO - Running <TaskInstance: cleansing_dag.create_type_dimension_query 2021-12-27T19:56:23.170629+00:00 [running]> on host 62c7f391d30e
[2021-12-28 19:59:18,840] {taskinstance.py:1251} INFO - Exporting the following env vars:
AIRFLOW_CTX_DAG_OWNER=***
AIRFLOW_CTX_DAG_ID=cleansing_dag
AIRFLOW_CTX_TASK_ID=create_type_dimension_query
AIRFLOW_CTX_EXECUTION_DATE=2021-12-27T19:56:23.170629+00:00
AIRFLOW_CTX_DAG_RUN_ID=scheduled__2021-12-27T19:56:23.170629+00:00
[2021-12-28 19:59:18,879] {python.py:151} INFO - Done. Returned value was: None
[2021-12-28 19:59:18,890] {taskinstance.py:1211} INFO - Marking task as SUCCESS. dag_id=cleansing_dag, task_id=create_type_dimension_query, execution_date=20211227T195623, start_date=20211228T195918, end_date=20211228T195918
[2021-12-28 19:59:18,918] {local_task_job.py:151} INFO - Task exited with return code 0
