[2021-12-16 12:24:16,100] {taskinstance.py:851} INFO - Dependencies all met for <TaskInstance: cleansing_dag.cleanse_vision 2021-12-13T15:27:53.676070+00:00 [queued]>
[2021-12-16 12:24:16,123] {taskinstance.py:851} INFO - Dependencies all met for <TaskInstance: cleansing_dag.cleanse_vision 2021-12-13T15:27:53.676070+00:00 [queued]>
[2021-12-16 12:24:16,124] {taskinstance.py:1042} INFO - 
--------------------------------------------------------------------------------
[2021-12-16 12:24:16,124] {taskinstance.py:1043} INFO - Starting attempt 1 of 2
[2021-12-16 12:24:16,125] {taskinstance.py:1044} INFO - 
--------------------------------------------------------------------------------
[2021-12-16 12:24:16,140] {taskinstance.py:1063} INFO - Executing <Task(PythonOperator): cleanse_vision> on 2021-12-13T15:27:53.676070+00:00
[2021-12-16 12:24:16,148] {standard_task_runner.py:52} INFO - Started process 60 to run task
[2021-12-16 12:24:16,158] {standard_task_runner.py:76} INFO - Running: ['airflow', 'tasks', 'run', 'cleansing_dag', 'cleanse_vision', '2021-12-13T15:27:53.676070+00:00', '--job-id', '28', '--pool', 'default_pool', '--raw', '--subdir', 'DAGS_FOLDER/kym_cleansing.py', '--cfg-path', '/tmp/tmpvm0fjawg', '--error-file', '/tmp/tmpbtehorwt']
[2021-12-16 12:24:16,159] {standard_task_runner.py:77} INFO - Job 28: Subtask cleanse_vision
[2021-12-16 12:24:16,217] {logging_mixin.py:104} INFO - Running <TaskInstance: cleansing_dag.cleanse_vision 2021-12-13T15:27:53.676070+00:00 [running]> on host f46d95c5a5d9
[2021-12-16 12:24:16,261] {taskinstance.py:1255} INFO - Exporting the following env vars:
AIRFLOW_CTX_DAG_OWNER=airflow
AIRFLOW_CTX_DAG_ID=cleansing_dag
AIRFLOW_CTX_TASK_ID=cleanse_vision
AIRFLOW_CTX_EXECUTION_DATE=2021-12-13T15:27:53.676070+00:00
AIRFLOW_CTX_DAG_RUN_ID=scheduled__2021-12-13T15:27:53.676070+00:00
[2021-12-16 12:26:41,281] {python.py:118} INFO - Done. Returned value was: None
[2021-12-16 12:26:41,322] {taskinstance.py:1159} INFO - Marking task as SUCCESS. dag_id=cleansing_dag, task_id=cleanse_vision, execution_date=20211213T152753, start_date=20211216T122416, end_date=20211216T122641
[2021-12-16 12:26:41,406] {local_task_job.py:146} INFO - Task exited with return code 0
