[2021-12-31 15:22:40,438] {taskinstance.py:903} INFO - Dependencies all met for <TaskInstance: main_dag.create_graph_table_query 2021-12-31T15:17:39.949213+00:00 [queued]>
[2021-12-31 15:22:40,452] {taskinstance.py:903} INFO - Dependencies all met for <TaskInstance: main_dag.create_graph_table_query 2021-12-31T15:17:39.949213+00:00 [queued]>
[2021-12-31 15:22:40,453] {taskinstance.py:1094} INFO - 
--------------------------------------------------------------------------------
[2021-12-31 15:22:40,453] {taskinstance.py:1095} INFO - Starting attempt 1 of 2
[2021-12-31 15:22:40,454] {taskinstance.py:1096} INFO - 
--------------------------------------------------------------------------------
[2021-12-31 15:22:40,471] {taskinstance.py:1114} INFO - Executing <Task(PythonOperator): create_graph_table_query> on 2021-12-31T15:17:39.949213+00:00
[2021-12-31 15:22:40,478] {standard_task_runner.py:52} INFO - Started process 21174 to run task
[2021-12-31 15:22:40,483] {standard_task_runner.py:76} INFO - Running: ['***', 'tasks', 'run', 'main_dag', 'create_graph_table_query', '2021-12-31T15:17:39.949213+00:00', '--job-id', '59', '--pool', 'default_pool', '--raw', '--subdir', 'DAGS_FOLDER/main_dag.py', '--cfg-path', '/tmp/tmp13qpwpsy', '--error-file', '/tmp/tmpxqxt3n50']
[2021-12-31 15:22:40,483] {standard_task_runner.py:77} INFO - Job 59: Subtask create_graph_table_query
[2021-12-31 15:22:40,527] {logging_mixin.py:109} INFO - Running <TaskInstance: main_dag.create_graph_table_query 2021-12-31T15:17:39.949213+00:00 [running]> on host 8e99a5d40b8f
[2021-12-31 15:22:40,588] {taskinstance.py:1251} INFO - Exporting the following env vars:
AIRFLOW_CTX_DAG_OWNER=***
AIRFLOW_CTX_DAG_ID=main_dag
AIRFLOW_CTX_TASK_ID=create_graph_table_query
AIRFLOW_CTX_EXECUTION_DATE=2021-12-31T15:17:39.949213+00:00
AIRFLOW_CTX_DAG_RUN_ID=manual__2021-12-31T15:17:39.949213+00:00
[2021-12-31 15:22:40,825] {python.py:151} INFO - Done. Returned value was: None
[2021-12-31 15:22:40,837] {taskinstance.py:1211} INFO - Marking task as SUCCESS. dag_id=main_dag, task_id=create_graph_table_query, execution_date=20211231T151739, start_date=20211231T152240, end_date=20211231T152240
[2021-12-31 15:22:40,894] {local_task_job.py:151} INFO - Task exited with return code 0
