[2021-12-29 13:10:28,532] {taskinstance.py:903} INFO - Dependencies all met for <TaskInstance: cleansing_dag.create_relational_db 2021-12-28T13:07:47.731043+00:00 [queued]>
[2021-12-29 13:10:28,549] {taskinstance.py:903} INFO - Dependencies all met for <TaskInstance: cleansing_dag.create_relational_db 2021-12-28T13:07:47.731043+00:00 [queued]>
[2021-12-29 13:10:28,550] {taskinstance.py:1094} INFO - 
--------------------------------------------------------------------------------
[2021-12-29 13:10:28,550] {taskinstance.py:1095} INFO - Starting attempt 1 of 2
[2021-12-29 13:10:28,551] {taskinstance.py:1096} INFO - 
--------------------------------------------------------------------------------
[2021-12-29 13:10:28,562] {taskinstance.py:1114} INFO - Executing <Task(PythonOperator): create_relational_db> on 2021-12-28T13:07:47.731043+00:00
[2021-12-29 13:10:28,567] {standard_task_runner.py:52} INFO - Started process 16221 to run task
[2021-12-29 13:10:28,570] {standard_task_runner.py:76} INFO - Running: ['***', 'tasks', 'run', 'cleansing_dag', 'create_relational_db', '2021-12-28T13:07:47.731043+00:00', '--job-id', '374', '--pool', 'default_pool', '--raw', '--subdir', 'DAGS_FOLDER/kym_cleansing.py', '--cfg-path', '/tmp/tmp19nzznsh', '--error-file', '/tmp/tmpglzcfcs1']
[2021-12-29 13:10:28,571] {standard_task_runner.py:77} INFO - Job 374: Subtask create_relational_db
[2021-12-29 13:10:28,606] {logging_mixin.py:109} INFO - Running <TaskInstance: cleansing_dag.create_relational_db 2021-12-28T13:07:47.731043+00:00 [running]> on host 34521d0e1651
[2021-12-29 13:10:28,651] {taskinstance.py:1251} INFO - Exporting the following env vars:
AIRFLOW_CTX_DAG_OWNER=***
AIRFLOW_CTX_DAG_ID=cleansing_dag
AIRFLOW_CTX_TASK_ID=create_relational_db
AIRFLOW_CTX_EXECUTION_DATE=2021-12-28T13:07:47.731043+00:00
AIRFLOW_CTX_DAG_RUN_ID=scheduled__2021-12-28T13:07:47.731043+00:00
[2021-12-29 13:10:28,737] {logging_mixin.py:109} WARNING - /opt/***/dags/kym_cleansing.py:231 SettingWithCopyWarning: 
A value is trying to be set on a copy of a slice from a DataFrame.
Try using .loc[row_indexer,col_indexer] = value instead

See the caveats in the documentation: https://pandas.pydata.org/pandas-docs/stable/user_guide/indexing.html#returning-a-view-versus-a-copy
[2021-12-29 13:10:28,739] {logging_mixin.py:109} WARNING - /opt/***/dags/kym_cleansing.py:232 SettingWithCopyWarning: 
A value is trying to be set on a copy of a slice from a DataFrame.
Try using .loc[row_indexer,col_indexer] = value instead

See the caveats in the documentation: https://pandas.pydata.org/pandas-docs/stable/user_guide/indexing.html#returning-a-view-versus-a-copy
[2021-12-29 13:10:28,746] {logging_mixin.py:109} WARNING - /opt/***/dags/kym_cleansing.py:235 SettingWithCopyWarning: 
A value is trying to be set on a copy of a slice from a DataFrame.
Try using .loc[row_indexer,col_indexer] = value instead

See the caveats in the documentation: https://pandas.pydata.org/pandas-docs/stable/user_guide/indexing.html#returning-a-view-versus-a-copy
[2021-12-29 13:10:29,233] {python.py:151} INFO - Done. Returned value was: None
[2021-12-29 13:10:29,248] {taskinstance.py:1211} INFO - Marking task as SUCCESS. dag_id=cleansing_dag, task_id=create_relational_db, execution_date=20211228T130747, start_date=20211229T131028, end_date=20211229T131029
[2021-12-29 13:10:29,306] {local_task_job.py:151} INFO - Task exited with return code 0
