[2021-12-31 15:18:05,646] {taskinstance.py:903} INFO - Dependencies all met for <TaskInstance: main_dag.cleanse_kym 2021-12-31T15:17:39.949213+00:00 [queued]>
[2021-12-31 15:18:05,658] {taskinstance.py:903} INFO - Dependencies all met for <TaskInstance: main_dag.cleanse_kym 2021-12-31T15:17:39.949213+00:00 [queued]>
[2021-12-31 15:18:05,658] {taskinstance.py:1094} INFO - 
--------------------------------------------------------------------------------
[2021-12-31 15:18:05,659] {taskinstance.py:1095} INFO - Starting attempt 1 of 2
[2021-12-31 15:18:05,659] {taskinstance.py:1096} INFO - 
--------------------------------------------------------------------------------
[2021-12-31 15:18:05,673] {taskinstance.py:1114} INFO - Executing <Task(PythonOperator): cleanse_kym> on 2021-12-31T15:17:39.949213+00:00
[2021-12-31 15:18:05,678] {standard_task_runner.py:52} INFO - Started process 14167 to run task
[2021-12-31 15:18:05,681] {standard_task_runner.py:76} INFO - Running: ['***', 'tasks', 'run', 'main_dag', 'cleanse_kym', '2021-12-31T15:17:39.949213+00:00', '--job-id', '47', '--pool', 'default_pool', '--raw', '--subdir', 'DAGS_FOLDER/main_dag.py', '--cfg-path', '/tmp/tmpr_hjzm40', '--error-file', '/tmp/tmperkxdtup']
[2021-12-31 15:18:05,682] {standard_task_runner.py:77} INFO - Job 47: Subtask cleanse_kym
[2021-12-31 15:18:05,719] {logging_mixin.py:109} INFO - Running <TaskInstance: main_dag.cleanse_kym 2021-12-31T15:17:39.949213+00:00 [running]> on host 8e99a5d40b8f
[2021-12-31 15:18:05,767] {taskinstance.py:1251} INFO - Exporting the following env vars:
AIRFLOW_CTX_DAG_OWNER=***
AIRFLOW_CTX_DAG_ID=main_dag
AIRFLOW_CTX_TASK_ID=cleanse_kym
AIRFLOW_CTX_EXECUTION_DATE=2021-12-31T15:17:39.949213+00:00
AIRFLOW_CTX_DAG_RUN_ID=manual__2021-12-31T15:17:39.949213+00:00
[2021-12-31 15:20:41,024] {python.py:151} INFO - Done. Returned value was: None
[2021-12-31 15:20:41,065] {taskinstance.py:1211} INFO - Marking task as SUCCESS. dag_id=main_dag, task_id=cleanse_kym, execution_date=20211231T151739, start_date=20211231T151805, end_date=20211231T152041
[2021-12-31 15:20:41,093] {local_task_job.py:151} INFO - Task exited with return code 0
