[2021-12-30 11:18:51,038] {taskinstance.py:903} INFO - Dependencies all met for <TaskInstance: cleansing_dag.cleanse_vision 2021-12-29T11:18:49.847884+00:00 [queued]>
[2021-12-30 11:18:51,074] {taskinstance.py:903} INFO - Dependencies all met for <TaskInstance: cleansing_dag.cleanse_vision 2021-12-29T11:18:49.847884+00:00 [queued]>
[2021-12-30 11:18:51,075] {taskinstance.py:1094} INFO - 
--------------------------------------------------------------------------------
[2021-12-30 11:18:51,076] {taskinstance.py:1095} INFO - Starting attempt 1 of 2
[2021-12-30 11:18:51,077] {taskinstance.py:1096} INFO - 
--------------------------------------------------------------------------------
[2021-12-30 11:18:51,097] {taskinstance.py:1114} INFO - Executing <Task(PythonOperator): cleanse_vision> on 2021-12-29T11:18:49.847884+00:00
[2021-12-30 11:18:51,104] {standard_task_runner.py:52} INFO - Started process 76 to run task
[2021-12-30 11:18:51,128] {standard_task_runner.py:76} INFO - Running: ['***', 'tasks', 'run', 'cleansing_dag', 'cleanse_vision', '2021-12-29T11:18:49.847884+00:00', '--job-id', '557', '--pool', 'default_pool', '--raw', '--subdir', 'DAGS_FOLDER/kym_cleansing.py', '--cfg-path', '/tmp/tmpnwhrn16e', '--error-file', '/tmp/tmp6fjkd3_b']
[2021-12-30 11:18:51,129] {standard_task_runner.py:77} INFO - Job 557: Subtask cleanse_vision
[2021-12-30 11:18:51,239] {logging_mixin.py:109} INFO - Running <TaskInstance: cleansing_dag.cleanse_vision 2021-12-29T11:18:49.847884+00:00 [running]> on host 06785b5b86ec
[2021-12-30 11:18:53,324] {taskinstance.py:1251} INFO - Exporting the following env vars:
AIRFLOW_CTX_DAG_OWNER=***
AIRFLOW_CTX_DAG_ID=cleansing_dag
AIRFLOW_CTX_TASK_ID=cleanse_vision
AIRFLOW_CTX_EXECUTION_DATE=2021-12-29T11:18:49.847884+00:00
AIRFLOW_CTX_DAG_RUN_ID=scheduled__2021-12-29T11:18:49.847884+00:00
[2021-12-30 11:20:39,442] {python.py:151} INFO - Done. Returned value was: None
[2021-12-30 11:20:39,472] {taskinstance.py:1211} INFO - Marking task as SUCCESS. dag_id=cleansing_dag, task_id=cleanse_vision, execution_date=20211229T111849, start_date=20211230T111851, end_date=20211230T112039
[2021-12-30 11:20:39,557] {local_task_job.py:151} INFO - Task exited with return code 0
