[2021-12-31 16:08:41,965] {taskinstance.py:903} INFO - Dependencies all met for <TaskInstance: main_dag.merge 2021-12-31T16:03:42.129662+00:00 [queued]>
[2021-12-31 16:08:41,978] {taskinstance.py:903} INFO - Dependencies all met for <TaskInstance: main_dag.merge 2021-12-31T16:03:42.129662+00:00 [queued]>
[2021-12-31 16:08:41,979] {taskinstance.py:1094} INFO - 
--------------------------------------------------------------------------------
[2021-12-31 16:08:41,980] {taskinstance.py:1095} INFO - Starting attempt 1 of 2
[2021-12-31 16:08:41,980] {taskinstance.py:1096} INFO - 
--------------------------------------------------------------------------------
[2021-12-31 16:08:41,996] {taskinstance.py:1114} INFO - Executing <Task(PythonOperator): merge> on 2021-12-31T16:03:42.129662+00:00
[2021-12-31 16:08:42,001] {standard_task_runner.py:52} INFO - Started process 31107 to run task
[2021-12-31 16:08:42,005] {standard_task_runner.py:76} INFO - Running: ['***', 'tasks', 'run', 'main_dag', 'merge', '2021-12-31T16:03:42.129662+00:00', '--job-id', '186', '--pool', 'default_pool', '--raw', '--subdir', 'DAGS_FOLDER/main_dag.py', '--cfg-path', '/tmp/tmpl_cywp4w', '--error-file', '/tmp/tmp4k7it48q']
[2021-12-31 16:08:42,006] {standard_task_runner.py:77} INFO - Job 186: Subtask merge
[2021-12-31 16:08:42,044] {logging_mixin.py:109} INFO - Running <TaskInstance: main_dag.merge 2021-12-31T16:03:42.129662+00:00 [running]> on host 8e99a5d40b8f
[2021-12-31 16:08:42,096] {taskinstance.py:1251} INFO - Exporting the following env vars:
AIRFLOW_CTX_DAG_OWNER=***
AIRFLOW_CTX_DAG_ID=main_dag
AIRFLOW_CTX_TASK_ID=merge
AIRFLOW_CTX_EXECUTION_DATE=2021-12-31T16:03:42.129662+00:00
AIRFLOW_CTX_DAG_RUN_ID=manual__2021-12-31T16:03:42.129662+00:00
[2021-12-31 16:08:42,735] {python.py:151} INFO - Done. Returned value was: None
[2021-12-31 16:08:42,746] {taskinstance.py:1211} INFO - Marking task as SUCCESS. dag_id=main_dag, task_id=merge, execution_date=20211231T160342, start_date=20211231T160841, end_date=20211231T160842
[2021-12-31 16:08:42,780] {local_task_job.py:151} INFO - Task exited with return code 0
