[2021-12-28 18:08:31,099] {taskinstance.py:903} INFO - Dependencies all met for <TaskInstance: cleansing_dag.cleanse_spotlight 2021-12-27T18:08:29.231405+00:00 [queued]>
[2021-12-28 18:08:31,111] {taskinstance.py:903} INFO - Dependencies all met for <TaskInstance: cleansing_dag.cleanse_spotlight 2021-12-27T18:08:29.231405+00:00 [queued]>
[2021-12-28 18:08:31,112] {taskinstance.py:1094} INFO - 
--------------------------------------------------------------------------------
[2021-12-28 18:08:31,112] {taskinstance.py:1095} INFO - Starting attempt 1 of 2
[2021-12-28 18:08:31,113] {taskinstance.py:1096} INFO - 
--------------------------------------------------------------------------------
[2021-12-28 18:08:31,130] {taskinstance.py:1114} INFO - Executing <Task(PythonOperator): cleanse_spotlight> on 2021-12-27T18:08:29.231405+00:00
[2021-12-28 18:08:31,135] {standard_task_runner.py:52} INFO - Started process 62 to run task
[2021-12-28 18:08:31,138] {standard_task_runner.py:76} INFO - Running: ['***', 'tasks', 'run', 'cleansing_dag', 'cleanse_spotlight', '2021-12-27T18:08:29.231405+00:00', '--job-id', '166', '--pool', 'default_pool', '--raw', '--subdir', 'DAGS_FOLDER/kym_cleansing.py', '--cfg-path', '/tmp/tmpaosci0v1', '--error-file', '/tmp/tmpk3jx8dej']
[2021-12-28 18:08:31,139] {standard_task_runner.py:77} INFO - Job 166: Subtask cleanse_spotlight
[2021-12-28 18:08:31,184] {logging_mixin.py:109} INFO - Running <TaskInstance: cleansing_dag.cleanse_spotlight 2021-12-27T18:08:29.231405+00:00 [running]> on host 8081e0fc56fe
[2021-12-28 18:08:31,253] {taskinstance.py:1251} INFO - Exporting the following env vars:
AIRFLOW_CTX_DAG_OWNER=***
AIRFLOW_CTX_DAG_ID=cleansing_dag
AIRFLOW_CTX_TASK_ID=cleanse_spotlight
AIRFLOW_CTX_EXECUTION_DATE=2021-12-27T18:08:29.231405+00:00
AIRFLOW_CTX_DAG_RUN_ID=scheduled__2021-12-27T18:08:29.231405+00:00
[2021-12-28 18:08:49,136] {python.py:151} INFO - Done. Returned value was: None
[2021-12-28 18:08:49,156] {taskinstance.py:1211} INFO - Marking task as SUCCESS. dag_id=cleansing_dag, task_id=cleanse_spotlight, execution_date=20211227T180829, start_date=20211228T180831, end_date=20211228T180849
[2021-12-28 18:08:49,258] {local_task_job.py:151} INFO - Task exited with return code 0
