[2021-12-30 16:28:22,815] {taskinstance.py:903} INFO - Dependencies all met for <TaskInstance: cleansing_dag.insert_type_dimension_query 2021-12-29T16:24:18.694921+00:00 [queued]>
[2021-12-30 16:28:22,835] {taskinstance.py:903} INFO - Dependencies all met for <TaskInstance: cleansing_dag.insert_type_dimension_query 2021-12-29T16:24:18.694921+00:00 [queued]>
[2021-12-30 16:28:22,835] {taskinstance.py:1094} INFO - 
--------------------------------------------------------------------------------
[2021-12-30 16:28:22,836] {taskinstance.py:1095} INFO - Starting attempt 1 of 2
[2021-12-30 16:28:22,836] {taskinstance.py:1096} INFO - 
--------------------------------------------------------------------------------
[2021-12-30 16:28:22,850] {taskinstance.py:1114} INFO - Executing <Task(PostgresOperator): insert_type_dimension_query> on 2021-12-29T16:24:18.694921+00:00
[2021-12-30 16:28:22,857] {standard_task_runner.py:52} INFO - Started process 27891 to run task
[2021-12-30 16:28:22,861] {standard_task_runner.py:76} INFO - Running: ['***', 'tasks', 'run', 'cleansing_dag', 'insert_type_dimension_query', '2021-12-29T16:24:18.694921+00:00', '--job-id', '35', '--pool', 'default_pool', '--raw', '--subdir', 'DAGS_FOLDER/kym_cleansing.py', '--cfg-path', '/tmp/tmps3sjqwfo', '--error-file', '/tmp/tmphtbv2qga']
[2021-12-30 16:28:22,862] {standard_task_runner.py:77} INFO - Job 35: Subtask insert_type_dimension_query
[2021-12-30 16:28:22,910] {logging_mixin.py:109} INFO - Running <TaskInstance: cleansing_dag.insert_type_dimension_query 2021-12-29T16:24:18.694921+00:00 [running]> on host 71257c6b2a25
[2021-12-30 16:28:22,970] {taskinstance.py:1251} INFO - Exporting the following env vars:
AIRFLOW_CTX_DAG_OWNER=***
AIRFLOW_CTX_DAG_ID=cleansing_dag
AIRFLOW_CTX_TASK_ID=insert_type_dimension_query
AIRFLOW_CTX_EXECUTION_DATE=2021-12-29T16:24:18.694921+00:00
AIRFLOW_CTX_DAG_RUN_ID=scheduled__2021-12-29T16:24:18.694921+00:00
[2021-12-30 16:28:22,971] {postgres.py:68} INFO - Executing: CREATE TABLE IF NOT EXISTS type_dimension (
type_id INT PRIMARY KEY,
meme_type TEXT);INSERT INTO type_dimension VALUES ('0', 'No type') ON CONFLICT (type_id) DO NOTHING;
INSERT INTO type_dimension VALUES ('1', 'snowclone') ON CONFLICT (type_id) DO NOTHING;
INSERT INTO type_dimension VALUES ('2', 'pop-culture-reference') ON CONFLICT (type_id) DO NOTHING;
INSERT INTO type_dimension VALUES ('3', 'song') ON CONFLICT (type_id) DO NOTHING;
INSERT INTO type_dimension VALUES ('4', 'viral-video') ON CONFLICT (type_id) DO NOTHING;
INSERT INTO type_dimension VALUES ('5', 'dance') ON CONFLICT (type_id) DO NOTHING;
INSERT INTO type_dimension VALUES ('6', 'catchphrase') ON CONFLICT (type_id) DO NOTHING;
INSERT INTO type_dimension VALUES ('7', 'image-macro') ON CONFLICT (type_id) DO NOTHING;
INSERT INTO type_dimension VALUES ('8', 'slang') ON CONFLICT (type_id) DO NOTHING;
INSERT INTO type_dimension VALUES ('9', 'participatory-media') ON CONFLICT (type_id) DO NOTHING;
INSERT INTO type_dimension VALUES ('10', 'shock-media') ON CONFLICT (type_id) DO NOTHING;
INSERT INTO type_dimension VALUES ('11', 'visual-effect') ON CONFLICT (type_id) DO NOTHING;
INSERT INTO type_dimension VALUES ('12', 'parody') ON CONFLICT (type_id) DO NOTHING;
INSERT INTO type_dimension VALUES ('13', 'remix') ON CONFLICT (type_id) DO NOTHING;
INSERT INTO type_dimension VALUES ('14', 'character') ON CONFLICT (type_id) DO NOTHING;
INSERT INTO type_dimension VALUES ('15', 'hoax') ON CONFLICT (type_id) DO NOTHING;
INSERT INTO type_dimension VALUES ('16', 'advertisement') ON CONFLICT (type_id) DO NOTHING;
INSERT INTO type_dimension VALUES ('17', 'reaction') ON CONFLICT (type_id) DO NOTHING;
INSERT INTO type_dimension VALUES ('18', 'copypasta') ON CONFLICT (type_id) DO NOTHING;
INSERT INTO type_dimension VALUES ('19', 'social-game') ON CONFLICT (type_id) DO NOTHING;
INSERT INTO type_dimension VALUES ('20', 'axiom') ON CONFLICT (type_id) DO NOTHING;
INSERT INTO type_dimension VALUES ('21', 'optical-illusion') ON CONFLICT (type_id) DO NOTHING;
INSERT INTO type_dimension VALUES ('22', 'photoshop') ON CONFLICT (type_id) DO NOTHING;
INSERT INTO type_dimension VALUES ('23', 'emoticon') ON CONFLICT (type_id) DO NOTHING;
INSERT INTO type_dimension VALUES ('24', 'animal') ON CONFLICT (type_id) DO NOTHING;
INSERT INTO type_dimension VALUES ('25', 'creepypasta') ON CONFLICT (type_id) DO NOTHING;
INSERT INTO type_dimension VALUES ('26', 'sound-effect') ON CONFLICT (type_id) DO NOTHING;
INSERT INTO type_dimension VALUES ('27', 'lip-dub') ON CONFLICT (type_id) DO NOTHING;
INSERT INTO type_dimension VALUES ('28', 'fan-labor') ON CONFLICT (type_id) DO NOTHING;
INSERT INTO type_dimension VALUES ('29', 'fan-art') ON CONFLICT (type_id) DO NOTHING;
INSERT INTO type_dimension VALUES ('30', 'conspiracy-theory') ON CONFLICT (type_id) DO NOTHING;
INSERT INTO type_dimension VALUES ('31', 'viral-debate') ON CONFLICT (type_id) DO NOTHING;
INSERT INTO type_dimension VALUES ('32', 'hashtag') ON CONFLICT (type_id) DO NOTHING;
INSERT INTO type_dimension VALUES ('33', 'cliche') ON CONFLICT (type_id) DO NOTHING;
[2021-12-30 16:28:22,982] {base.py:70} INFO - Using connection to: id: postgres_default. Host: postgres, Port: 5432, Schema: postgres, Login: ***, Password: ***, extra: {}
[2021-12-30 16:28:22,986] {dbapi.py:204} INFO - Running statement: CREATE TABLE IF NOT EXISTS type_dimension (
type_id INT PRIMARY KEY,
meme_type TEXT);INSERT INTO type_dimension VALUES ('0', 'No type') ON CONFLICT (type_id) DO NOTHING;
INSERT INTO type_dimension VALUES ('1', 'snowclone') ON CONFLICT (type_id) DO NOTHING;
INSERT INTO type_dimension VALUES ('2', 'pop-culture-reference') ON CONFLICT (type_id) DO NOTHING;
INSERT INTO type_dimension VALUES ('3', 'song') ON CONFLICT (type_id) DO NOTHING;
INSERT INTO type_dimension VALUES ('4', 'viral-video') ON CONFLICT (type_id) DO NOTHING;
INSERT INTO type_dimension VALUES ('5', 'dance') ON CONFLICT (type_id) DO NOTHING;
INSERT INTO type_dimension VALUES ('6', 'catchphrase') ON CONFLICT (type_id) DO NOTHING;
INSERT INTO type_dimension VALUES ('7', 'image-macro') ON CONFLICT (type_id) DO NOTHING;
INSERT INTO type_dimension VALUES ('8', 'slang') ON CONFLICT (type_id) DO NOTHING;
INSERT INTO type_dimension VALUES ('9', 'participatory-media') ON CONFLICT (type_id) DO NOTHING;
INSERT INTO type_dimension VALUES ('10', 'shock-media') ON CONFLICT (type_id) DO NOTHING;
INSERT INTO type_dimension VALUES ('11', 'visual-effect') ON CONFLICT (type_id) DO NOTHING;
INSERT INTO type_dimension VALUES ('12', 'parody') ON CONFLICT (type_id) DO NOTHING;
INSERT INTO type_dimension VALUES ('13', 'remix') ON CONFLICT (type_id) DO NOTHING;
INSERT INTO type_dimension VALUES ('14', 'character') ON CONFLICT (type_id) DO NOTHING;
INSERT INTO type_dimension VALUES ('15', 'hoax') ON CONFLICT (type_id) DO NOTHING;
INSERT INTO type_dimension VALUES ('16', 'advertisement') ON CONFLICT (type_id) DO NOTHING;
INSERT INTO type_dimension VALUES ('17', 'reaction') ON CONFLICT (type_id) DO NOTHING;
INSERT INTO type_dimension VALUES ('18', 'copypasta') ON CONFLICT (type_id) DO NOTHING;
INSERT INTO type_dimension VALUES ('19', 'social-game') ON CONFLICT (type_id) DO NOTHING;
INSERT INTO type_dimension VALUES ('20', 'axiom') ON CONFLICT (type_id) DO NOTHING;
INSERT INTO type_dimension VALUES ('21', 'optical-illusion') ON CONFLICT (type_id) DO NOTHING;
INSERT INTO type_dimension VALUES ('22', 'photoshop') ON CONFLICT (type_id) DO NOTHING;
INSERT INTO type_dimension VALUES ('23', 'emoticon') ON CONFLICT (type_id) DO NOTHING;
INSERT INTO type_dimension VALUES ('24', 'animal') ON CONFLICT (type_id) DO NOTHING;
INSERT INTO type_dimension VALUES ('25', 'creepypasta') ON CONFLICT (type_id) DO NOTHING;
INSERT INTO type_dimension VALUES ('26', 'sound-effect') ON CONFLICT (type_id) DO NOTHING;
INSERT INTO type_dimension VALUES ('27', 'lip-dub') ON CONFLICT (type_id) DO NOTHING;
INSERT INTO type_dimension VALUES ('28', 'fan-labor') ON CONFLICT (type_id) DO NOTHING;
INSERT INTO type_dimension VALUES ('29', 'fan-art') ON CONFLICT (type_id) DO NOTHING;
INSERT INTO type_dimension VALUES ('30', 'conspiracy-theory') ON CONFLICT (type_id) DO NOTHING;
INSERT INTO type_dimension VALUES ('31', 'viral-debate') ON CONFLICT (type_id) DO NOTHING;
INSERT INTO type_dimension VALUES ('32', 'hashtag') ON CONFLICT (type_id) DO NOTHING;
INSERT INTO type_dimension VALUES ('33', 'cliche') ON CONFLICT (type_id) DO NOTHING;, parameters: None
[2021-12-30 16:28:23,061] {dbapi.py:212} INFO - Rows affected: 1
[2021-12-30 16:28:23,072] {taskinstance.py:1211} INFO - Marking task as SUCCESS. dag_id=cleansing_dag, task_id=insert_type_dimension_query, execution_date=20211229T162418, start_date=20211230T162822, end_date=20211230T162823
[2021-12-30 16:28:23,113] {local_task_job.py:151} INFO - Task exited with return code 0
