[2021-12-30 12:18:49,105] {taskinstance.py:903} INFO - Dependencies all met for <TaskInstance: cleansing_dag.create_type_dimension_query 2021-12-30T12:16:01.909559+00:00 [queued]>
[2021-12-30 12:18:49,126] {taskinstance.py:903} INFO - Dependencies all met for <TaskInstance: cleansing_dag.create_type_dimension_query 2021-12-30T12:16:01.909559+00:00 [queued]>
[2021-12-30 12:18:49,127] {taskinstance.py:1094} INFO - 
--------------------------------------------------------------------------------
[2021-12-30 12:18:49,127] {taskinstance.py:1095} INFO - Starting attempt 1 of 2
[2021-12-30 12:18:49,128] {taskinstance.py:1096} INFO - 
--------------------------------------------------------------------------------
[2021-12-30 12:18:49,160] {taskinstance.py:1114} INFO - Executing <Task(PythonOperator): create_type_dimension_query> on 2021-12-30T12:16:01.909559+00:00
[2021-12-30 12:18:49,171] {standard_task_runner.py:52} INFO - Started process 16362 to run task
[2021-12-30 12:18:49,175] {standard_task_runner.py:76} INFO - Running: ['***', 'tasks', 'run', 'cleansing_dag', 'create_type_dimension_query', '2021-12-30T12:16:01.909559+00:00', '--job-id', '82', '--pool', 'default_pool', '--raw', '--subdir', 'DAGS_FOLDER/kym_cleansing.py', '--cfg-path', '/tmp/tmp30l87ctz', '--error-file', '/tmp/tmpprm3n1ab']
[2021-12-30 12:18:49,176] {standard_task_runner.py:77} INFO - Job 82: Subtask create_type_dimension_query
[2021-12-30 12:18:49,224] {logging_mixin.py:109} INFO - Running <TaskInstance: cleansing_dag.create_type_dimension_query 2021-12-30T12:16:01.909559+00:00 [running]> on host 2eb70c976689
[2021-12-30 12:18:49,288] {taskinstance.py:1251} INFO - Exporting the following env vars:
AIRFLOW_CTX_DAG_OWNER=***
AIRFLOW_CTX_DAG_ID=cleansing_dag
AIRFLOW_CTX_TASK_ID=create_type_dimension_query
AIRFLOW_CTX_EXECUTION_DATE=2021-12-30T12:16:01.909559+00:00
AIRFLOW_CTX_DAG_RUN_ID=manual__2021-12-30T12:16:01.909559+00:00
[2021-12-30 12:18:49,334] {python.py:151} INFO - Done. Returned value was: None
[2021-12-30 12:18:49,349] {taskinstance.py:1211} INFO - Marking task as SUCCESS. dag_id=cleansing_dag, task_id=create_type_dimension_query, execution_date=20211230T121601, start_date=20211230T121849, end_date=20211230T121849
[2021-12-30 12:18:49,387] {local_task_job.py:151} INFO - Task exited with return code 0
