[2021-12-30 16:28:17,304] {taskinstance.py:903} INFO - Dependencies all met for <TaskInstance: cleansing_dag.merge 2021-12-29T16:24:18.694921+00:00 [queued]>
[2021-12-30 16:28:17,331] {taskinstance.py:903} INFO - Dependencies all met for <TaskInstance: cleansing_dag.merge 2021-12-29T16:24:18.694921+00:00 [queued]>
[2021-12-30 16:28:17,332] {taskinstance.py:1094} INFO - 
--------------------------------------------------------------------------------
[2021-12-30 16:28:17,332] {taskinstance.py:1095} INFO - Starting attempt 1 of 2
[2021-12-30 16:28:17,333] {taskinstance.py:1096} INFO - 
--------------------------------------------------------------------------------
[2021-12-30 16:28:17,346] {taskinstance.py:1114} INFO - Executing <Task(PythonOperator): merge> on 2021-12-29T16:24:18.694921+00:00
[2021-12-30 16:28:17,351] {standard_task_runner.py:52} INFO - Started process 27777 to run task
[2021-12-30 16:28:17,354] {standard_task_runner.py:76} INFO - Running: ['***', 'tasks', 'run', 'cleansing_dag', 'merge', '2021-12-29T16:24:18.694921+00:00', '--job-id', '27', '--pool', 'default_pool', '--raw', '--subdir', 'DAGS_FOLDER/kym_cleansing.py', '--cfg-path', '/tmp/tmpz7gr9afr', '--error-file', '/tmp/tmpaq8ekbk9']
[2021-12-30 16:28:17,355] {standard_task_runner.py:77} INFO - Job 27: Subtask merge
[2021-12-30 16:28:17,402] {logging_mixin.py:109} INFO - Running <TaskInstance: cleansing_dag.merge 2021-12-29T16:24:18.694921+00:00 [running]> on host 71257c6b2a25
[2021-12-30 16:28:17,563] {taskinstance.py:1251} INFO - Exporting the following env vars:
AIRFLOW_CTX_DAG_OWNER=***
AIRFLOW_CTX_DAG_ID=cleansing_dag
AIRFLOW_CTX_TASK_ID=merge
AIRFLOW_CTX_EXECUTION_DATE=2021-12-29T16:24:18.694921+00:00
AIRFLOW_CTX_DAG_RUN_ID=scheduled__2021-12-29T16:24:18.694921+00:00
[2021-12-30 16:28:18,354] {python.py:151} INFO - Done. Returned value was: None
[2021-12-30 16:28:18,365] {taskinstance.py:1211} INFO - Marking task as SUCCESS. dag_id=cleansing_dag, task_id=merge, execution_date=20211229T162418, start_date=20211230T162817, end_date=20211230T162818
[2021-12-30 16:28:18,420] {local_task_job.py:151} INFO - Task exited with return code 0
