[2021-12-29 14:45:21,389] {taskinstance.py:903} INFO - Dependencies all met for <TaskInstance: cleansing_dag.create_fact_table_query 2021-12-28T14:42:35.793315+00:00 [queued]>
[2021-12-29 14:45:21,410] {taskinstance.py:903} INFO - Dependencies all met for <TaskInstance: cleansing_dag.create_fact_table_query 2021-12-28T14:42:35.793315+00:00 [queued]>
[2021-12-29 14:45:21,410] {taskinstance.py:1094} INFO - 
--------------------------------------------------------------------------------
[2021-12-29 14:45:21,411] {taskinstance.py:1095} INFO - Starting attempt 1 of 2
[2021-12-29 14:45:21,411] {taskinstance.py:1096} INFO - 
--------------------------------------------------------------------------------
[2021-12-29 14:45:21,423] {taskinstance.py:1114} INFO - Executing <Task(PythonOperator): create_fact_table_query> on 2021-12-28T14:42:35.793315+00:00
[2021-12-29 14:45:21,428] {standard_task_runner.py:52} INFO - Started process 25968 to run task
[2021-12-29 14:45:21,431] {standard_task_runner.py:76} INFO - Running: ['***', 'tasks', 'run', 'cleansing_dag', 'create_fact_table_query', '2021-12-28T14:42:35.793315+00:00', '--job-id', '467', '--pool', 'default_pool', '--raw', '--subdir', 'DAGS_FOLDER/kym_cleansing.py', '--cfg-path', '/tmp/tmps6kk2ai3', '--error-file', '/tmp/tmp6rtlj_2b']
[2021-12-29 14:45:21,432] {standard_task_runner.py:77} INFO - Job 467: Subtask create_fact_table_query
[2021-12-29 14:45:21,478] {logging_mixin.py:109} INFO - Running <TaskInstance: cleansing_dag.create_fact_table_query 2021-12-28T14:42:35.793315+00:00 [running]> on host 34521d0e1651
[2021-12-29 14:45:21,538] {taskinstance.py:1251} INFO - Exporting the following env vars:
AIRFLOW_CTX_DAG_OWNER=***
AIRFLOW_CTX_DAG_ID=cleansing_dag
AIRFLOW_CTX_TASK_ID=create_fact_table_query
AIRFLOW_CTX_EXECUTION_DATE=2021-12-28T14:42:35.793315+00:00
AIRFLOW_CTX_DAG_RUN_ID=scheduled__2021-12-28T14:42:35.793315+00:00
[2021-12-29 14:45:23,422] {python.py:151} INFO - Done. Returned value was: None
[2021-12-29 14:45:23,434] {taskinstance.py:1211} INFO - Marking task as SUCCESS. dag_id=cleansing_dag, task_id=create_fact_table_query, execution_date=20211228T144235, start_date=20211229T144521, end_date=20211229T144523
[2021-12-29 14:45:23,491] {local_task_job.py:151} INFO - Task exited with return code 0
