[2021-12-16 13:29:56,121] {taskinstance.py:851} INFO - Dependencies all met for <TaskInstance: cleansing_dag.cleanse_vision 2021-12-16T13:29:54.966426+00:00 [queued]>
[2021-12-16 13:29:56,136] {taskinstance.py:851} INFO - Dependencies all met for <TaskInstance: cleansing_dag.cleanse_vision 2021-12-16T13:29:54.966426+00:00 [queued]>
[2021-12-16 13:29:56,137] {taskinstance.py:1042} INFO - 
--------------------------------------------------------------------------------
[2021-12-16 13:29:56,137] {taskinstance.py:1043} INFO - Starting attempt 1 of 2
[2021-12-16 13:29:56,138] {taskinstance.py:1044} INFO - 
--------------------------------------------------------------------------------
[2021-12-16 13:29:56,147] {taskinstance.py:1063} INFO - Executing <Task(PythonOperator): cleanse_vision> on 2021-12-16T13:29:54.966426+00:00
[2021-12-16 13:29:56,153] {standard_task_runner.py:52} INFO - Started process 2132 to run task
[2021-12-16 13:29:56,156] {standard_task_runner.py:76} INFO - Running: ['airflow', 'tasks', 'run', 'cleansing_dag', 'cleanse_vision', '2021-12-16T13:29:54.966426+00:00', '--job-id', '41', '--pool', 'default_pool', '--raw', '--subdir', 'DAGS_FOLDER/kym_cleansing.py', '--cfg-path', '/tmp/tmp74sgtll3', '--error-file', '/tmp/tmp4ei8b00_']
[2021-12-16 13:29:56,157] {standard_task_runner.py:77} INFO - Job 41: Subtask cleanse_vision
[2021-12-16 13:29:56,194] {logging_mixin.py:104} INFO - Running <TaskInstance: cleansing_dag.cleanse_vision 2021-12-16T13:29:54.966426+00:00 [running]> on host f46d95c5a5d9
[2021-12-16 13:29:56,230] {taskinstance.py:1255} INFO - Exporting the following env vars:
AIRFLOW_CTX_DAG_OWNER=airflow
AIRFLOW_CTX_DAG_ID=cleansing_dag
AIRFLOW_CTX_TASK_ID=cleanse_vision
AIRFLOW_CTX_EXECUTION_DATE=2021-12-16T13:29:54.966426+00:00
AIRFLOW_CTX_DAG_RUN_ID=manual__2021-12-16T13:29:54.966426+00:00
[2021-12-16 13:31:31,787] {python.py:118} INFO - Done. Returned value was: None
[2021-12-16 13:31:31,835] {taskinstance.py:1159} INFO - Marking task as SUCCESS. dag_id=cleansing_dag, task_id=cleanse_vision, execution_date=20211216T132954, start_date=20211216T132956, end_date=20211216T133131
[2021-12-16 13:31:31,869] {local_task_job.py:146} INFO - Task exited with return code 0
