[2021-12-30 14:07:06,928] {taskinstance.py:903} INFO - Dependencies all met for <TaskInstance: cleansing_dag.create_origin_dimension_query 2021-12-30T14:04:21.341950+00:00 [queued]>
[2021-12-30 14:07:06,940] {taskinstance.py:903} INFO - Dependencies all met for <TaskInstance: cleansing_dag.create_origin_dimension_query 2021-12-30T14:04:21.341950+00:00 [queued]>
[2021-12-30 14:07:06,941] {taskinstance.py:1094} INFO - 
--------------------------------------------------------------------------------
[2021-12-30 14:07:06,941] {taskinstance.py:1095} INFO - Starting attempt 1 of 2
[2021-12-30 14:07:06,942] {taskinstance.py:1096} INFO - 
--------------------------------------------------------------------------------
[2021-12-30 14:07:06,959] {taskinstance.py:1114} INFO - Executing <Task(PythonOperator): create_origin_dimension_query> on 2021-12-30T14:04:21.341950+00:00
[2021-12-30 14:07:06,965] {standard_task_runner.py:52} INFO - Started process 7021 to run task
[2021-12-30 14:07:06,968] {standard_task_runner.py:76} INFO - Running: ['***', 'tasks', 'run', 'cleansing_dag', 'create_origin_dimension_query', '2021-12-30T14:04:21.341950+00:00', '--job-id', '101', '--pool', 'default_pool', '--raw', '--subdir', 'DAGS_FOLDER/kym_cleansing.py', '--cfg-path', '/tmp/tmp_ow2a7j3', '--error-file', '/tmp/tmpvdr1py2j']
[2021-12-30 14:07:06,969] {standard_task_runner.py:77} INFO - Job 101: Subtask create_origin_dimension_query
[2021-12-30 14:07:07,010] {logging_mixin.py:109} INFO - Running <TaskInstance: cleansing_dag.create_origin_dimension_query 2021-12-30T14:04:21.341950+00:00 [running]> on host 2eb70c976689
[2021-12-30 14:07:07,069] {taskinstance.py:1251} INFO - Exporting the following env vars:
AIRFLOW_CTX_DAG_OWNER=***
AIRFLOW_CTX_DAG_ID=cleansing_dag
AIRFLOW_CTX_TASK_ID=create_origin_dimension_query
AIRFLOW_CTX_EXECUTION_DATE=2021-12-30T14:04:21.341950+00:00
AIRFLOW_CTX_DAG_RUN_ID=manual__2021-12-30T14:04:21.341950+00:00
[2021-12-30 14:07:07,174] {python.py:151} INFO - Done. Returned value was: None
[2021-12-30 14:07:07,190] {taskinstance.py:1211} INFO - Marking task as SUCCESS. dag_id=cleansing_dag, task_id=create_origin_dimension_query, execution_date=20211230T140421, start_date=20211230T140706, end_date=20211230T140707
[2021-12-30 14:07:07,221] {local_task_job.py:151} INFO - Task exited with return code 0
