[2021-12-29 15:13:13,512] {taskinstance.py:903} INFO - Dependencies all met for <TaskInstance: cleansing_dag.cleanse_kym 2021-12-28T15:13:12.251660+00:00 [queued]>
[2021-12-29 15:13:13,539] {taskinstance.py:903} INFO - Dependencies all met for <TaskInstance: cleansing_dag.cleanse_kym 2021-12-28T15:13:12.251660+00:00 [queued]>
[2021-12-29 15:13:13,540] {taskinstance.py:1094} INFO - 
--------------------------------------------------------------------------------
[2021-12-29 15:13:13,541] {taskinstance.py:1095} INFO - Starting attempt 1 of 2
[2021-12-29 15:13:13,542] {taskinstance.py:1096} INFO - 
--------------------------------------------------------------------------------
[2021-12-29 15:13:13,561] {taskinstance.py:1114} INFO - Executing <Task(PythonOperator): cleanse_kym> on 2021-12-28T15:13:12.251660+00:00
[2021-12-29 15:13:13,570] {standard_task_runner.py:52} INFO - Started process 2870 to run task
[2021-12-29 15:13:13,578] {standard_task_runner.py:76} INFO - Running: ['***', 'tasks', 'run', 'cleansing_dag', 'cleanse_kym', '2021-12-28T15:13:12.251660+00:00', '--job-id', '534', '--pool', 'default_pool', '--raw', '--subdir', 'DAGS_FOLDER/kym_cleansing.py', '--cfg-path', '/tmp/tmp1vgfj5vq', '--error-file', '/tmp/tmp71x8qwd2']
[2021-12-29 15:13:13,580] {standard_task_runner.py:77} INFO - Job 534: Subtask cleanse_kym
[2021-12-29 15:13:13,650] {logging_mixin.py:109} INFO - Running <TaskInstance: cleansing_dag.cleanse_kym 2021-12-28T15:13:12.251660+00:00 [running]> on host 34521d0e1651
[2021-12-29 15:13:13,723] {taskinstance.py:1251} INFO - Exporting the following env vars:
AIRFLOW_CTX_DAG_OWNER=***
AIRFLOW_CTX_DAG_ID=cleansing_dag
AIRFLOW_CTX_TASK_ID=cleanse_kym
AIRFLOW_CTX_EXECUTION_DATE=2021-12-28T15:13:12.251660+00:00
AIRFLOW_CTX_DAG_RUN_ID=scheduled__2021-12-28T15:13:12.251660+00:00
[2021-12-29 15:16:13,568] {python.py:151} INFO - Done. Returned value was: None
[2021-12-29 15:16:13,621] {taskinstance.py:1211} INFO - Marking task as SUCCESS. dag_id=cleansing_dag, task_id=cleanse_kym, execution_date=20211228T151312, start_date=20211229T151313, end_date=20211229T151613
[2021-12-29 15:16:13,758] {local_task_job.py:151} INFO - Task exited with return code 0
