[2021-12-31 10:26:15,430] {taskinstance.py:903} INFO - Dependencies all met for <TaskInstance: main_dag.download_vision_data 2021-12-31T10:23:18.790454+00:00 [queued]>
[2021-12-31 10:26:15,442] {taskinstance.py:903} INFO - Dependencies all met for <TaskInstance: main_dag.download_vision_data 2021-12-31T10:23:18.790454+00:00 [queued]>
[2021-12-31 10:26:15,443] {taskinstance.py:1094} INFO - 
--------------------------------------------------------------------------------
[2021-12-31 10:26:15,443] {taskinstance.py:1095} INFO - Starting attempt 1 of 2
[2021-12-31 10:26:15,443] {taskinstance.py:1096} INFO - 
--------------------------------------------------------------------------------
[2021-12-31 10:26:15,465] {taskinstance.py:1114} INFO - Executing <Task(PythonOperator): download_vision_data> on 2021-12-31T10:23:18.790454+00:00
[2021-12-31 10:26:15,471] {standard_task_runner.py:52} INFO - Started process 27847 to run task
[2021-12-31 10:26:15,474] {standard_task_runner.py:76} INFO - Running: ['***', 'tasks', 'run', 'main_dag', 'download_vision_data', '2021-12-31T10:23:18.790454+00:00', '--job-id', '88', '--pool', 'default_pool', '--raw', '--subdir', 'DAGS_FOLDER/main_dag.py', '--cfg-path', '/tmp/tmp4teuhjh2', '--error-file', '/tmp/tmp35ydxghz']
[2021-12-31 10:26:15,475] {standard_task_runner.py:77} INFO - Job 88: Subtask download_vision_data
[2021-12-31 10:26:15,510] {logging_mixin.py:109} INFO - Running <TaskInstance: main_dag.download_vision_data 2021-12-31T10:23:18.790454+00:00 [running]> on host 71257c6b2a25
[2021-12-31 10:26:15,556] {taskinstance.py:1251} INFO - Exporting the following env vars:
AIRFLOW_CTX_DAG_OWNER=***
AIRFLOW_CTX_DAG_ID=main_dag
AIRFLOW_CTX_TASK_ID=download_vision_data
AIRFLOW_CTX_EXECUTION_DATE=2021-12-31T10:23:18.790454+00:00
AIRFLOW_CTX_DAG_RUN_ID=manual__2021-12-31T10:23:18.790454+00:00
[2021-12-31 10:26:59,537] {logging_mixin.py:109} INFO - File downloaded successfully.
[2021-12-31 10:26:59,537] {python.py:151} INFO - Done. Returned value was: None
[2021-12-31 10:26:59,547] {taskinstance.py:1211} INFO - Marking task as SUCCESS. dag_id=main_dag, task_id=download_vision_data, execution_date=20211231T102318, start_date=20211231T102615, end_date=20211231T102659
[2021-12-31 10:26:59,566] {local_task_job.py:151} INFO - Task exited with return code 0
