[2021-12-29 14:35:55,108] {taskinstance.py:903} INFO - Dependencies all met for <TaskInstance: cleansing_dag.create_origin_dimension_query 2021-12-28T14:32:56.175656+00:00 [queued]>
[2021-12-29 14:35:55,133] {taskinstance.py:903} INFO - Dependencies all met for <TaskInstance: cleansing_dag.create_origin_dimension_query 2021-12-28T14:32:56.175656+00:00 [queued]>
[2021-12-29 14:35:55,134] {taskinstance.py:1094} INFO - 
--------------------------------------------------------------------------------
[2021-12-29 14:35:55,134] {taskinstance.py:1095} INFO - Starting attempt 1 of 2
[2021-12-29 14:35:55,135] {taskinstance.py:1096} INFO - 
--------------------------------------------------------------------------------
[2021-12-29 14:35:55,149] {taskinstance.py:1114} INFO - Executing <Task(PythonOperator): create_origin_dimension_query> on 2021-12-28T14:32:56.175656+00:00
[2021-12-29 14:35:55,154] {standard_task_runner.py:52} INFO - Started process 18933 to run task
[2021-12-29 14:35:55,158] {standard_task_runner.py:76} INFO - Running: ['***', 'tasks', 'run', 'cleansing_dag', 'create_origin_dimension_query', '2021-12-28T14:32:56.175656+00:00', '--job-id', '441', '--pool', 'default_pool', '--raw', '--subdir', 'DAGS_FOLDER/kym_cleansing.py', '--cfg-path', '/tmp/tmpuq7uzv5e', '--error-file', '/tmp/tmpqk6evk90']
[2021-12-29 14:35:55,159] {standard_task_runner.py:77} INFO - Job 441: Subtask create_origin_dimension_query
[2021-12-29 14:35:55,201] {logging_mixin.py:109} INFO - Running <TaskInstance: cleansing_dag.create_origin_dimension_query 2021-12-28T14:32:56.175656+00:00 [running]> on host 34521d0e1651
[2021-12-29 14:35:55,259] {taskinstance.py:1251} INFO - Exporting the following env vars:
AIRFLOW_CTX_DAG_OWNER=***
AIRFLOW_CTX_DAG_ID=cleansing_dag
AIRFLOW_CTX_TASK_ID=create_origin_dimension_query
AIRFLOW_CTX_EXECUTION_DATE=2021-12-28T14:32:56.175656+00:00
AIRFLOW_CTX_DAG_RUN_ID=scheduled__2021-12-28T14:32:56.175656+00:00
[2021-12-29 14:35:55,366] {python.py:151} INFO - Done. Returned value was: None
[2021-12-29 14:35:55,380] {taskinstance.py:1211} INFO - Marking task as SUCCESS. dag_id=cleansing_dag, task_id=create_origin_dimension_query, execution_date=20211228T143256, start_date=20211229T143555, end_date=20211229T143555
[2021-12-29 14:35:55,410] {local_task_job.py:151} INFO - Task exited with return code 0
