[2021-12-31 10:22:39,922] {taskinstance.py:903} INFO - Dependencies all met for <TaskInstance: main_dag.merge 2021-12-30T10:17:56.843539+00:00 [queued]>
[2021-12-31 10:22:39,935] {taskinstance.py:903} INFO - Dependencies all met for <TaskInstance: main_dag.merge 2021-12-30T10:17:56.843539+00:00 [queued]>
[2021-12-31 10:22:39,936] {taskinstance.py:1094} INFO - 
--------------------------------------------------------------------------------
[2021-12-31 10:22:39,936] {taskinstance.py:1095} INFO - Starting attempt 1 of 2
[2021-12-31 10:22:39,936] {taskinstance.py:1096} INFO - 
--------------------------------------------------------------------------------
[2021-12-31 10:22:39,952] {taskinstance.py:1114} INFO - Executing <Task(PythonOperator): merge> on 2021-12-30T10:17:56.843539+00:00
[2021-12-31 10:22:39,958] {standard_task_runner.py:52} INFO - Started process 20839 to run task
[2021-12-31 10:22:39,961] {standard_task_runner.py:76} INFO - Running: ['***', 'tasks', 'run', 'main_dag', 'merge', '2021-12-30T10:17:56.843539+00:00', '--job-id', '72', '--pool', 'default_pool', '--raw', '--subdir', 'DAGS_FOLDER/main_dag.py', '--cfg-path', '/tmp/tmpr1pc8654', '--error-file', '/tmp/tmpgd0_bana']
[2021-12-31 10:22:39,962] {standard_task_runner.py:77} INFO - Job 72: Subtask merge
[2021-12-31 10:22:40,001] {logging_mixin.py:109} INFO - Running <TaskInstance: main_dag.merge 2021-12-30T10:17:56.843539+00:00 [running]> on host 71257c6b2a25
[2021-12-31 10:22:40,053] {taskinstance.py:1251} INFO - Exporting the following env vars:
AIRFLOW_CTX_DAG_OWNER=***
AIRFLOW_CTX_DAG_ID=main_dag
AIRFLOW_CTX_TASK_ID=merge
AIRFLOW_CTX_EXECUTION_DATE=2021-12-30T10:17:56.843539+00:00
AIRFLOW_CTX_DAG_RUN_ID=scheduled__2021-12-30T10:17:56.843539+00:00
[2021-12-31 10:22:40,661] {python.py:151} INFO - Done. Returned value was: None
[2021-12-31 10:22:40,695] {taskinstance.py:1211} INFO - Marking task as SUCCESS. dag_id=main_dag, task_id=merge, execution_date=20211230T101756, start_date=20211231T102239, end_date=20211231T102240
[2021-12-31 10:22:40,738] {local_task_job.py:151} INFO - Task exited with return code 0
