[2021-12-29 12:13:42,069] {taskinstance.py:903} INFO - Dependencies all met for <TaskInstance: cleansing_dag.create_tag_dimension_query 2021-12-28T12:10:39.570058+00:00 [queued]>
[2021-12-29 12:13:42,100] {taskinstance.py:903} INFO - Dependencies all met for <TaskInstance: cleansing_dag.create_tag_dimension_query 2021-12-28T12:10:39.570058+00:00 [queued]>
[2021-12-29 12:13:42,101] {taskinstance.py:1094} INFO - 
--------------------------------------------------------------------------------
[2021-12-29 12:13:42,102] {taskinstance.py:1095} INFO - Starting attempt 1 of 2
[2021-12-29 12:13:42,102] {taskinstance.py:1096} INFO - 
--------------------------------------------------------------------------------
[2021-12-29 12:13:42,117] {taskinstance.py:1114} INFO - Executing <Task(PythonOperator): create_tag_dimension_query> on 2021-12-28T12:10:39.570058+00:00
[2021-12-29 12:13:42,125] {standard_task_runner.py:52} INFO - Started process 7031 to run task
[2021-12-29 12:13:42,128] {standard_task_runner.py:76} INFO - Running: ['***', 'tasks', 'run', 'cleansing_dag', 'create_tag_dimension_query', '2021-12-28T12:10:39.570058+00:00', '--job-id', '318', '--pool', 'default_pool', '--raw', '--subdir', 'DAGS_FOLDER/kym_cleansing.py', '--cfg-path', '/tmp/tmpurmuas2m', '--error-file', '/tmp/tmppen72ct0']
[2021-12-29 12:13:42,130] {standard_task_runner.py:77} INFO - Job 318: Subtask create_tag_dimension_query
[2021-12-29 12:13:42,193] {logging_mixin.py:109} INFO - Running <TaskInstance: cleansing_dag.create_tag_dimension_query 2021-12-28T12:10:39.570058+00:00 [running]> on host 9b1c98289e99
[2021-12-29 12:13:42,264] {taskinstance.py:1251} INFO - Exporting the following env vars:
AIRFLOW_CTX_DAG_OWNER=***
AIRFLOW_CTX_DAG_ID=cleansing_dag
AIRFLOW_CTX_TASK_ID=create_tag_dimension_query
AIRFLOW_CTX_EXECUTION_DATE=2021-12-28T12:10:39.570058+00:00
AIRFLOW_CTX_DAG_RUN_ID=scheduled__2021-12-28T12:10:39.570058+00:00
[2021-12-29 12:13:43,042] {python.py:151} INFO - Done. Returned value was: None
[2021-12-29 12:13:43,056] {taskinstance.py:1211} INFO - Marking task as SUCCESS. dag_id=cleansing_dag, task_id=create_tag_dimension_query, execution_date=20211228T121039, start_date=20211229T121342, end_date=20211229T121343
[2021-12-29 12:13:43,105] {local_task_job.py:151} INFO - Task exited with return code 0
