[2021-12-29 14:46:01,297] {taskinstance.py:903} INFO - Dependencies all met for <TaskInstance: cleansing_dag.cleanse_vision 2021-12-29T14:45:59.748541+00:00 [queued]>
[2021-12-29 14:46:01,316] {taskinstance.py:903} INFO - Dependencies all met for <TaskInstance: cleansing_dag.cleanse_vision 2021-12-29T14:45:59.748541+00:00 [queued]>
[2021-12-29 14:46:01,316] {taskinstance.py:1094} INFO - 
--------------------------------------------------------------------------------
[2021-12-29 14:46:01,316] {taskinstance.py:1095} INFO - Starting attempt 1 of 2
[2021-12-29 14:46:01,317] {taskinstance.py:1096} INFO - 
--------------------------------------------------------------------------------
[2021-12-29 14:46:01,327] {taskinstance.py:1114} INFO - Executing <Task(PythonOperator): cleanse_vision> on 2021-12-29T14:45:59.748541+00:00
[2021-12-29 14:46:01,331] {standard_task_runner.py:52} INFO - Started process 25989 to run task
[2021-12-29 14:46:01,333] {standard_task_runner.py:76} INFO - Running: ['***', 'tasks', 'run', 'cleansing_dag', 'cleanse_vision', '2021-12-29T14:45:59.748541+00:00', '--job-id', '470', '--pool', 'default_pool', '--raw', '--subdir', 'DAGS_FOLDER/kym_cleansing.py', '--cfg-path', '/tmp/tmpjhy0jn08', '--error-file', '/tmp/tmp3u4nq3w_']
[2021-12-29 14:46:01,335] {standard_task_runner.py:77} INFO - Job 470: Subtask cleanse_vision
[2021-12-29 14:46:01,372] {logging_mixin.py:109} INFO - Running <TaskInstance: cleansing_dag.cleanse_vision 2021-12-29T14:45:59.748541+00:00 [running]> on host 34521d0e1651
[2021-12-29 14:46:01,423] {taskinstance.py:1251} INFO - Exporting the following env vars:
AIRFLOW_CTX_DAG_OWNER=***
AIRFLOW_CTX_DAG_ID=cleansing_dag
AIRFLOW_CTX_TASK_ID=cleanse_vision
AIRFLOW_CTX_EXECUTION_DATE=2021-12-29T14:45:59.748541+00:00
AIRFLOW_CTX_DAG_RUN_ID=manual__2021-12-29T14:45:59.748541+00:00
[2021-12-29 14:47:44,493] {python.py:151} INFO - Done. Returned value was: None
[2021-12-29 14:47:44,511] {taskinstance.py:1211} INFO - Marking task as SUCCESS. dag_id=cleansing_dag, task_id=cleanse_vision, execution_date=20211229T144559, start_date=20211229T144601, end_date=20211229T144744
[2021-12-29 14:47:44,581] {local_task_job.py:151} INFO - Task exited with return code 0
