[2021-12-29 14:56:26,357] {taskinstance.py:903} INFO - Dependencies all met for <TaskInstance: cleansing_dag.merge 2021-12-28T14:53:47.862251+00:00 [queued]>
[2021-12-29 14:56:26,375] {taskinstance.py:903} INFO - Dependencies all met for <TaskInstance: cleansing_dag.merge 2021-12-28T14:53:47.862251+00:00 [queued]>
[2021-12-29 14:56:26,376] {taskinstance.py:1094} INFO - 
--------------------------------------------------------------------------------
[2021-12-29 14:56:26,377] {taskinstance.py:1095} INFO - Starting attempt 1 of 2
[2021-12-29 14:56:26,377] {taskinstance.py:1096} INFO - 
--------------------------------------------------------------------------------
[2021-12-29 14:56:26,388] {taskinstance.py:1114} INFO - Executing <Task(PythonOperator): merge> on 2021-12-28T14:53:47.862251+00:00
[2021-12-29 14:56:26,392] {standard_task_runner.py:52} INFO - Started process 14204 to run task
[2021-12-29 14:56:26,395] {standard_task_runner.py:76} INFO - Running: ['***', 'tasks', 'run', 'cleansing_dag', 'merge', '2021-12-28T14:53:47.862251+00:00', '--job-id', '492', '--pool', 'default_pool', '--raw', '--subdir', 'DAGS_FOLDER/kym_cleansing.py', '--cfg-path', '/tmp/tmpegmi6x8u', '--error-file', '/tmp/tmp05atgmce']
[2021-12-29 14:56:26,396] {standard_task_runner.py:77} INFO - Job 492: Subtask merge
[2021-12-29 14:56:26,441] {logging_mixin.py:109} INFO - Running <TaskInstance: cleansing_dag.merge 2021-12-28T14:53:47.862251+00:00 [running]> on host 34521d0e1651
[2021-12-29 14:56:26,498] {taskinstance.py:1251} INFO - Exporting the following env vars:
AIRFLOW_CTX_DAG_OWNER=***
AIRFLOW_CTX_DAG_ID=cleansing_dag
AIRFLOW_CTX_TASK_ID=merge
AIRFLOW_CTX_EXECUTION_DATE=2021-12-28T14:53:47.862251+00:00
AIRFLOW_CTX_DAG_RUN_ID=scheduled__2021-12-28T14:53:47.862251+00:00
[2021-12-29 14:56:27,132] {python.py:151} INFO - Done. Returned value was: None
[2021-12-29 14:56:27,172] {taskinstance.py:1211} INFO - Marking task as SUCCESS. dag_id=cleansing_dag, task_id=merge, execution_date=20211228T145347, start_date=20211229T145626, end_date=20211229T145627
[2021-12-29 14:56:27,212] {local_task_job.py:151} INFO - Task exited with return code 0
