[2021-12-31 09:53:53,966] {taskinstance.py:903} INFO - Dependencies all met for <TaskInstance: main_dag.download_kym_data 2021-12-30T09:53:43.022101+00:00 [queued]>
[2021-12-31 09:53:53,981] {taskinstance.py:903} INFO - Dependencies all met for <TaskInstance: main_dag.download_kym_data 2021-12-30T09:53:43.022101+00:00 [queued]>
[2021-12-31 09:53:53,982] {taskinstance.py:1094} INFO - 
--------------------------------------------------------------------------------
[2021-12-31 09:53:53,983] {taskinstance.py:1095} INFO - Starting attempt 1 of 2
[2021-12-31 09:53:53,983] {taskinstance.py:1096} INFO - 
--------------------------------------------------------------------------------
[2021-12-31 09:53:53,998] {taskinstance.py:1114} INFO - Executing <Task(PythonOperator): download_kym_data> on 2021-12-30T09:53:43.022101+00:00
[2021-12-31 09:53:54,007] {standard_task_runner.py:52} INFO - Started process 64 to run task
[2021-12-31 09:53:54,010] {standard_task_runner.py:76} INFO - Running: ['***', 'tasks', 'run', 'main_dag', 'download_kym_data', '2021-12-30T09:53:43.022101+00:00', '--job-id', '45', '--pool', 'default_pool', '--raw', '--subdir', 'DAGS_FOLDER/main_dag.py', '--cfg-path', '/tmp/tmpbci0zwog', '--error-file', '/tmp/tmpae2wyrb3']
[2021-12-31 09:53:54,011] {standard_task_runner.py:77} INFO - Job 45: Subtask download_kym_data
[2021-12-31 09:53:54,053] {logging_mixin.py:109} INFO - Running <TaskInstance: main_dag.download_kym_data 2021-12-30T09:53:43.022101+00:00 [running]> on host 71257c6b2a25
[2021-12-31 09:53:54,109] {taskinstance.py:1251} INFO - Exporting the following env vars:
AIRFLOW_CTX_DAG_OWNER=***
AIRFLOW_CTX_DAG_ID=main_dag
AIRFLOW_CTX_TASK_ID=download_kym_data
AIRFLOW_CTX_EXECUTION_DATE=2021-12-30T09:53:43.022101+00:00
AIRFLOW_CTX_DAG_RUN_ID=scheduled__2021-12-30T09:53:43.022101+00:00
[2021-12-31 09:54:15,422] {logging_mixin.py:109} INFO - File downloaded successfully.
[2021-12-31 09:54:15,422] {python.py:151} INFO - Done. Returned value was: None
[2021-12-31 09:54:15,456] {taskinstance.py:1211} INFO - Marking task as SUCCESS. dag_id=main_dag, task_id=download_kym_data, execution_date=20211230T095343, start_date=20211231T095353, end_date=20211231T095415
[2021-12-31 09:54:15,510] {local_task_job.py:151} INFO - Task exited with return code 0
