[2021-12-28 19:53:14,259] {taskinstance.py:903} INFO - Dependencies all met for <TaskInstance: cleansing_dag.create_type_dimension_query 2021-12-27T19:50:06.869223+00:00 [queued]>
[2021-12-28 19:53:14,283] {taskinstance.py:903} INFO - Dependencies all met for <TaskInstance: cleansing_dag.create_type_dimension_query 2021-12-27T19:50:06.869223+00:00 [queued]>
[2021-12-28 19:53:14,284] {taskinstance.py:1094} INFO - 
--------------------------------------------------------------------------------
[2021-12-28 19:53:14,286] {taskinstance.py:1095} INFO - Starting attempt 1 of 2
[2021-12-28 19:53:14,287] {taskinstance.py:1096} INFO - 
--------------------------------------------------------------------------------
[2021-12-28 19:53:14,309] {taskinstance.py:1114} INFO - Executing <Task(PythonOperator): create_type_dimension_query> on 2021-12-27T19:50:06.869223+00:00
[2021-12-28 19:53:14,317] {standard_task_runner.py:52} INFO - Started process 27921 to run task
[2021-12-28 19:53:14,320] {standard_task_runner.py:76} INFO - Running: ['***', 'tasks', 'run', 'cleansing_dag', 'create_type_dimension_query', '2021-12-27T19:50:06.869223+00:00', '--job-id', '235', '--pool', 'default_pool', '--raw', '--subdir', 'DAGS_FOLDER/kym_cleansing.py', '--cfg-path', '/tmp/tmpnki7gbjp', '--error-file', '/tmp/tmp93rxt5wj']
[2021-12-28 19:53:14,322] {standard_task_runner.py:77} INFO - Job 235: Subtask create_type_dimension_query
[2021-12-28 19:53:14,371] {logging_mixin.py:109} INFO - Running <TaskInstance: cleansing_dag.create_type_dimension_query 2021-12-27T19:50:06.869223+00:00 [running]> on host 0b3e0a2afa7a
[2021-12-28 19:53:14,429] {taskinstance.py:1251} INFO - Exporting the following env vars:
AIRFLOW_CTX_DAG_OWNER=***
AIRFLOW_CTX_DAG_ID=cleansing_dag
AIRFLOW_CTX_TASK_ID=create_type_dimension_query
AIRFLOW_CTX_EXECUTION_DATE=2021-12-27T19:50:06.869223+00:00
AIRFLOW_CTX_DAG_RUN_ID=scheduled__2021-12-27T19:50:06.869223+00:00
[2021-12-28 19:53:14,472] {python.py:151} INFO - Done. Returned value was: None
[2021-12-28 19:53:14,488] {taskinstance.py:1211} INFO - Marking task as SUCCESS. dag_id=cleansing_dag, task_id=create_type_dimension_query, execution_date=20211227T195006, start_date=20211228T195314, end_date=20211228T195314
[2021-12-28 19:53:14,533] {local_task_job.py:151} INFO - Task exited with return code 0
