[2021-11-07 15:54:09,491] {scheduler_job.py:182} INFO - Started process (PID=314) to work on /opt/airflow/dags/1636300228.xlsx
[2021-11-07 15:54:09,492] {scheduler_job.py:629} INFO - Processing file /opt/airflow/dags/1636300228.xlsx for tasks to queue
[2021-11-07 15:54:09,493] {logging_mixin.py:104} INFO - [2021-11-07 15:54:09,493] {dagbag.py:448} INFO - Filling up the DagBag from /opt/airflow/dags/1636300228.xlsx
[2021-11-07 15:54:09,503] {scheduler_job.py:641} WARNING - No viable dags retrieved from /opt/airflow/dags/1636300228.xlsx
[2021-11-07 15:54:09,515] {scheduler_job.py:190} INFO - Processing /opt/airflow/dags/1636300228.xlsx took 0.025 seconds
[2021-11-07 15:54:39,942] {scheduler_job.py:182} INFO - Started process (PID=343) to work on /opt/airflow/dags/1636300228.xlsx
[2021-11-07 15:54:39,944] {scheduler_job.py:629} INFO - Processing file /opt/airflow/dags/1636300228.xlsx for tasks to queue
[2021-11-07 15:54:39,944] {logging_mixin.py:104} INFO - [2021-11-07 15:54:39,944] {dagbag.py:448} INFO - Filling up the DagBag from /opt/airflow/dags/1636300228.xlsx
[2021-11-07 15:54:39,956] {scheduler_job.py:641} WARNING - No viable dags retrieved from /opt/airflow/dags/1636300228.xlsx
[2021-11-07 15:54:39,967] {scheduler_job.py:190} INFO - Processing /opt/airflow/dags/1636300228.xlsx took 0.027 seconds
[2021-11-07 15:55:10,480] {scheduler_job.py:182} INFO - Started process (PID=372) to work on /opt/airflow/dags/1636300228.xlsx
[2021-11-07 15:55:10,481] {scheduler_job.py:629} INFO - Processing file /opt/airflow/dags/1636300228.xlsx for tasks to queue
[2021-11-07 15:55:10,482] {logging_mixin.py:104} INFO - [2021-11-07 15:55:10,482] {dagbag.py:448} INFO - Filling up the DagBag from /opt/airflow/dags/1636300228.xlsx
[2021-11-07 15:55:10,490] {scheduler_job.py:641} WARNING - No viable dags retrieved from /opt/airflow/dags/1636300228.xlsx
[2021-11-07 15:55:10,502] {scheduler_job.py:190} INFO - Processing /opt/airflow/dags/1636300228.xlsx took 0.024 seconds
[2021-11-07 15:55:40,820] {scheduler_job.py:182} INFO - Started process (PID=401) to work on /opt/airflow/dags/1636300228.xlsx
[2021-11-07 15:55:40,821] {scheduler_job.py:629} INFO - Processing file /opt/airflow/dags/1636300228.xlsx for tasks to queue
[2021-11-07 15:55:40,822] {logging_mixin.py:104} INFO - [2021-11-07 15:55:40,822] {dagbag.py:448} INFO - Filling up the DagBag from /opt/airflow/dags/1636300228.xlsx
[2021-11-07 15:55:40,833] {scheduler_job.py:641} WARNING - No viable dags retrieved from /opt/airflow/dags/1636300228.xlsx
[2021-11-07 15:55:40,845] {scheduler_job.py:190} INFO - Processing /opt/airflow/dags/1636300228.xlsx took 0.027 seconds
[2021-11-07 15:56:11,257] {scheduler_job.py:182} INFO - Started process (PID=430) to work on /opt/airflow/dags/1636300228.xlsx
[2021-11-07 15:56:11,259] {scheduler_job.py:629} INFO - Processing file /opt/airflow/dags/1636300228.xlsx for tasks to queue
[2021-11-07 15:56:11,260] {logging_mixin.py:104} INFO - [2021-11-07 15:56:11,259] {dagbag.py:448} INFO - Filling up the DagBag from /opt/airflow/dags/1636300228.xlsx
[2021-11-07 15:56:11,268] {scheduler_job.py:641} WARNING - No viable dags retrieved from /opt/airflow/dags/1636300228.xlsx
[2021-11-07 15:56:11,279] {scheduler_job.py:190} INFO - Processing /opt/airflow/dags/1636300228.xlsx took 0.023 seconds
[2021-11-07 15:56:41,629] {scheduler_job.py:182} INFO - Started process (PID=459) to work on /opt/airflow/dags/1636300228.xlsx
[2021-11-07 15:56:41,630] {scheduler_job.py:629} INFO - Processing file /opt/airflow/dags/1636300228.xlsx for tasks to queue
[2021-11-07 15:56:41,631] {logging_mixin.py:104} INFO - [2021-11-07 15:56:41,631] {dagbag.py:448} INFO - Filling up the DagBag from /opt/airflow/dags/1636300228.xlsx
[2021-11-07 15:56:41,641] {scheduler_job.py:641} WARNING - No viable dags retrieved from /opt/airflow/dags/1636300228.xlsx
[2021-11-07 15:56:41,651] {scheduler_job.py:190} INFO - Processing /opt/airflow/dags/1636300228.xlsx took 0.024 seconds
[2021-11-07 15:57:12,074] {scheduler_job.py:182} INFO - Started process (PID=488) to work on /opt/airflow/dags/1636300228.xlsx
[2021-11-07 15:57:12,075] {scheduler_job.py:629} INFO - Processing file /opt/airflow/dags/1636300228.xlsx for tasks to queue
[2021-11-07 15:57:12,076] {logging_mixin.py:104} INFO - [2021-11-07 15:57:12,076] {dagbag.py:448} INFO - Filling up the DagBag from /opt/airflow/dags/1636300228.xlsx
[2021-11-07 15:57:12,086] {scheduler_job.py:641} WARNING - No viable dags retrieved from /opt/airflow/dags/1636300228.xlsx
[2021-11-07 15:57:12,097] {scheduler_job.py:190} INFO - Processing /opt/airflow/dags/1636300228.xlsx took 0.025 seconds
[2021-11-07 15:57:42,470] {scheduler_job.py:182} INFO - Started process (PID=517) to work on /opt/airflow/dags/1636300228.xlsx
[2021-11-07 15:57:42,472] {scheduler_job.py:629} INFO - Processing file /opt/airflow/dags/1636300228.xlsx for tasks to queue
[2021-11-07 15:57:42,473] {logging_mixin.py:104} INFO - [2021-11-07 15:57:42,473] {dagbag.py:448} INFO - Filling up the DagBag from /opt/airflow/dags/1636300228.xlsx
[2021-11-07 15:57:42,482] {scheduler_job.py:641} WARNING - No viable dags retrieved from /opt/airflow/dags/1636300228.xlsx
[2021-11-07 15:57:42,493] {scheduler_job.py:190} INFO - Processing /opt/airflow/dags/1636300228.xlsx took 0.025 seconds
[2021-11-07 15:58:12,731] {scheduler_job.py:182} INFO - Started process (PID=546) to work on /opt/airflow/dags/1636300228.xlsx
[2021-11-07 15:58:12,732] {scheduler_job.py:629} INFO - Processing file /opt/airflow/dags/1636300228.xlsx for tasks to queue
[2021-11-07 15:58:12,733] {logging_mixin.py:104} INFO - [2021-11-07 15:58:12,733] {dagbag.py:448} INFO - Filling up the DagBag from /opt/airflow/dags/1636300228.xlsx
[2021-11-07 15:58:12,740] {scheduler_job.py:641} WARNING - No viable dags retrieved from /opt/airflow/dags/1636300228.xlsx
[2021-11-07 15:58:12,751] {scheduler_job.py:190} INFO - Processing /opt/airflow/dags/1636300228.xlsx took 0.022 seconds
[2021-11-07 15:58:43,171] {scheduler_job.py:182} INFO - Started process (PID=575) to work on /opt/airflow/dags/1636300228.xlsx
[2021-11-07 15:58:43,191] {scheduler_job.py:629} INFO - Processing file /opt/airflow/dags/1636300228.xlsx for tasks to queue
[2021-11-07 15:58:43,192] {logging_mixin.py:104} INFO - [2021-11-07 15:58:43,192] {dagbag.py:448} INFO - Filling up the DagBag from /opt/airflow/dags/1636300228.xlsx
[2021-11-07 15:58:43,203] {scheduler_job.py:641} WARNING - No viable dags retrieved from /opt/airflow/dags/1636300228.xlsx
[2021-11-07 15:58:43,216] {scheduler_job.py:190} INFO - Processing /opt/airflow/dags/1636300228.xlsx took 0.047 seconds
[2021-11-07 15:59:13,613] {scheduler_job.py:182} INFO - Started process (PID=604) to work on /opt/airflow/dags/1636300228.xlsx
[2021-11-07 15:59:13,615] {scheduler_job.py:629} INFO - Processing file /opt/airflow/dags/1636300228.xlsx for tasks to queue
[2021-11-07 15:59:13,616] {logging_mixin.py:104} INFO - [2021-11-07 15:59:13,616] {dagbag.py:448} INFO - Filling up the DagBag from /opt/airflow/dags/1636300228.xlsx
[2021-11-07 15:59:13,626] {scheduler_job.py:641} WARNING - No viable dags retrieved from /opt/airflow/dags/1636300228.xlsx
[2021-11-07 15:59:13,638] {scheduler_job.py:190} INFO - Processing /opt/airflow/dags/1636300228.xlsx took 0.027 seconds
[2021-11-07 15:59:44,131] {scheduler_job.py:182} INFO - Started process (PID=633) to work on /opt/airflow/dags/1636300228.xlsx
[2021-11-07 15:59:44,133] {scheduler_job.py:629} INFO - Processing file /opt/airflow/dags/1636300228.xlsx for tasks to queue
[2021-11-07 15:59:44,134] {logging_mixin.py:104} INFO - [2021-11-07 15:59:44,134] {dagbag.py:448} INFO - Filling up the DagBag from /opt/airflow/dags/1636300228.xlsx
[2021-11-07 15:59:44,142] {scheduler_job.py:641} WARNING - No viable dags retrieved from /opt/airflow/dags/1636300228.xlsx
[2021-11-07 15:59:44,153] {scheduler_job.py:190} INFO - Processing /opt/airflow/dags/1636300228.xlsx took 0.024 seconds
[2021-11-07 16:00:14,620] {scheduler_job.py:182} INFO - Started process (PID=662) to work on /opt/airflow/dags/1636300228.xlsx
[2021-11-07 16:00:14,622] {scheduler_job.py:629} INFO - Processing file /opt/airflow/dags/1636300228.xlsx for tasks to queue
[2021-11-07 16:00:14,622] {logging_mixin.py:104} INFO - [2021-11-07 16:00:14,622] {dagbag.py:448} INFO - Filling up the DagBag from /opt/airflow/dags/1636300228.xlsx
[2021-11-07 16:00:14,632] {scheduler_job.py:641} WARNING - No viable dags retrieved from /opt/airflow/dags/1636300228.xlsx
[2021-11-07 16:00:14,643] {scheduler_job.py:190} INFO - Processing /opt/airflow/dags/1636300228.xlsx took 0.024 seconds
[2021-11-07 16:00:45,051] {scheduler_job.py:182} INFO - Started process (PID=691) to work on /opt/airflow/dags/1636300228.xlsx
[2021-11-07 16:00:45,052] {scheduler_job.py:629} INFO - Processing file /opt/airflow/dags/1636300228.xlsx for tasks to queue
[2021-11-07 16:00:45,053] {logging_mixin.py:104} INFO - [2021-11-07 16:00:45,052] {dagbag.py:448} INFO - Filling up the DagBag from /opt/airflow/dags/1636300228.xlsx
[2021-11-07 16:00:45,066] {scheduler_job.py:641} WARNING - No viable dags retrieved from /opt/airflow/dags/1636300228.xlsx
[2021-11-07 16:00:45,079] {scheduler_job.py:190} INFO - Processing /opt/airflow/dags/1636300228.xlsx took 0.031 seconds
[2021-11-07 16:01:15,438] {scheduler_job.py:182} INFO - Started process (PID=720) to work on /opt/airflow/dags/1636300228.xlsx
[2021-11-07 16:01:15,440] {scheduler_job.py:629} INFO - Processing file /opt/airflow/dags/1636300228.xlsx for tasks to queue
[2021-11-07 16:01:15,440] {logging_mixin.py:104} INFO - [2021-11-07 16:01:15,440] {dagbag.py:448} INFO - Filling up the DagBag from /opt/airflow/dags/1636300228.xlsx
[2021-11-07 16:01:15,450] {scheduler_job.py:641} WARNING - No viable dags retrieved from /opt/airflow/dags/1636300228.xlsx
[2021-11-07 16:01:15,465] {scheduler_job.py:190} INFO - Processing /opt/airflow/dags/1636300228.xlsx took 0.029 seconds
[2021-11-07 16:01:45,919] {scheduler_job.py:182} INFO - Started process (PID=749) to work on /opt/airflow/dags/1636300228.xlsx
[2021-11-07 16:01:45,921] {scheduler_job.py:629} INFO - Processing file /opt/airflow/dags/1636300228.xlsx for tasks to queue
[2021-11-07 16:01:45,921] {logging_mixin.py:104} INFO - [2021-11-07 16:01:45,921] {dagbag.py:448} INFO - Filling up the DagBag from /opt/airflow/dags/1636300228.xlsx
[2021-11-07 16:01:45,931] {scheduler_job.py:641} WARNING - No viable dags retrieved from /opt/airflow/dags/1636300228.xlsx
[2021-11-07 16:01:45,944] {scheduler_job.py:190} INFO - Processing /opt/airflow/dags/1636300228.xlsx took 0.027 seconds
[2021-11-07 16:02:16,328] {scheduler_job.py:182} INFO - Started process (PID=778) to work on /opt/airflow/dags/1636300228.xlsx
[2021-11-07 16:02:16,330] {scheduler_job.py:629} INFO - Processing file /opt/airflow/dags/1636300228.xlsx for tasks to queue
[2021-11-07 16:02:16,330] {logging_mixin.py:104} INFO - [2021-11-07 16:02:16,330] {dagbag.py:448} INFO - Filling up the DagBag from /opt/airflow/dags/1636300228.xlsx
[2021-11-07 16:02:16,341] {scheduler_job.py:641} WARNING - No viable dags retrieved from /opt/airflow/dags/1636300228.xlsx
[2021-11-07 16:02:16,353] {scheduler_job.py:190} INFO - Processing /opt/airflow/dags/1636300228.xlsx took 0.027 seconds
[2021-11-07 16:02:46,728] {scheduler_job.py:182} INFO - Started process (PID=807) to work on /opt/airflow/dags/1636300228.xlsx
[2021-11-07 16:02:46,730] {scheduler_job.py:629} INFO - Processing file /opt/airflow/dags/1636300228.xlsx for tasks to queue
[2021-11-07 16:02:46,731] {logging_mixin.py:104} INFO - [2021-11-07 16:02:46,730] {dagbag.py:448} INFO - Filling up the DagBag from /opt/airflow/dags/1636300228.xlsx
[2021-11-07 16:02:46,741] {scheduler_job.py:641} WARNING - No viable dags retrieved from /opt/airflow/dags/1636300228.xlsx
[2021-11-07 16:02:46,755] {scheduler_job.py:190} INFO - Processing /opt/airflow/dags/1636300228.xlsx took 0.029 seconds
[2021-11-07 16:03:17,218] {scheduler_job.py:182} INFO - Started process (PID=836) to work on /opt/airflow/dags/1636300228.xlsx
[2021-11-07 16:03:17,219] {scheduler_job.py:629} INFO - Processing file /opt/airflow/dags/1636300228.xlsx for tasks to queue
[2021-11-07 16:03:17,220] {logging_mixin.py:104} INFO - [2021-11-07 16:03:17,220] {dagbag.py:448} INFO - Filling up the DagBag from /opt/airflow/dags/1636300228.xlsx
[2021-11-07 16:03:17,231] {scheduler_job.py:641} WARNING - No viable dags retrieved from /opt/airflow/dags/1636300228.xlsx
[2021-11-07 16:03:17,242] {scheduler_job.py:190} INFO - Processing /opt/airflow/dags/1636300228.xlsx took 0.026 seconds
[2021-11-07 16:03:47,887] {scheduler_job.py:182} INFO - Started process (PID=865) to work on /opt/airflow/dags/1636300228.xlsx
[2021-11-07 16:03:47,888] {scheduler_job.py:629} INFO - Processing file /opt/airflow/dags/1636300228.xlsx for tasks to queue
[2021-11-07 16:03:47,889] {logging_mixin.py:104} INFO - [2021-11-07 16:03:47,889] {dagbag.py:448} INFO - Filling up the DagBag from /opt/airflow/dags/1636300228.xlsx
[2021-11-07 16:03:47,900] {scheduler_job.py:641} WARNING - No viable dags retrieved from /opt/airflow/dags/1636300228.xlsx
[2021-11-07 16:03:47,913] {scheduler_job.py:190} INFO - Processing /opt/airflow/dags/1636300228.xlsx took 0.028 seconds
[2021-11-07 16:04:18,299] {scheduler_job.py:182} INFO - Started process (PID=894) to work on /opt/airflow/dags/1636300228.xlsx
[2021-11-07 16:04:18,301] {scheduler_job.py:629} INFO - Processing file /opt/airflow/dags/1636300228.xlsx for tasks to queue
[2021-11-07 16:04:18,301] {logging_mixin.py:104} INFO - [2021-11-07 16:04:18,301] {dagbag.py:448} INFO - Filling up the DagBag from /opt/airflow/dags/1636300228.xlsx
[2021-11-07 16:04:18,314] {scheduler_job.py:641} WARNING - No viable dags retrieved from /opt/airflow/dags/1636300228.xlsx
[2021-11-07 16:04:18,326] {scheduler_job.py:190} INFO - Processing /opt/airflow/dags/1636300228.xlsx took 0.029 seconds
[2021-11-07 16:04:48,676] {scheduler_job.py:182} INFO - Started process (PID=923) to work on /opt/airflow/dags/1636300228.xlsx
[2021-11-07 16:04:48,678] {scheduler_job.py:629} INFO - Processing file /opt/airflow/dags/1636300228.xlsx for tasks to queue
[2021-11-07 16:04:48,679] {logging_mixin.py:104} INFO - [2021-11-07 16:04:48,679] {dagbag.py:448} INFO - Filling up the DagBag from /opt/airflow/dags/1636300228.xlsx
[2021-11-07 16:04:48,690] {scheduler_job.py:641} WARNING - No viable dags retrieved from /opt/airflow/dags/1636300228.xlsx
[2021-11-07 16:04:48,702] {scheduler_job.py:190} INFO - Processing /opt/airflow/dags/1636300228.xlsx took 0.028 seconds
[2021-11-07 16:05:18,920] {scheduler_job.py:182} INFO - Started process (PID=952) to work on /opt/airflow/dags/1636300228.xlsx
[2021-11-07 16:05:18,922] {scheduler_job.py:629} INFO - Processing file /opt/airflow/dags/1636300228.xlsx for tasks to queue
[2021-11-07 16:05:18,922] {logging_mixin.py:104} INFO - [2021-11-07 16:05:18,922] {dagbag.py:448} INFO - Filling up the DagBag from /opt/airflow/dags/1636300228.xlsx
[2021-11-07 16:05:18,932] {scheduler_job.py:641} WARNING - No viable dags retrieved from /opt/airflow/dags/1636300228.xlsx
[2021-11-07 16:05:18,945] {scheduler_job.py:190} INFO - Processing /opt/airflow/dags/1636300228.xlsx took 0.027 seconds
[2021-11-07 16:05:49,323] {scheduler_job.py:182} INFO - Started process (PID=981) to work on /opt/airflow/dags/1636300228.xlsx
[2021-11-07 16:05:49,325] {scheduler_job.py:629} INFO - Processing file /opt/airflow/dags/1636300228.xlsx for tasks to queue
[2021-11-07 16:05:49,326] {logging_mixin.py:104} INFO - [2021-11-07 16:05:49,326] {dagbag.py:448} INFO - Filling up the DagBag from /opt/airflow/dags/1636300228.xlsx
[2021-11-07 16:05:49,335] {scheduler_job.py:641} WARNING - No viable dags retrieved from /opt/airflow/dags/1636300228.xlsx
[2021-11-07 16:05:49,348] {scheduler_job.py:190} INFO - Processing /opt/airflow/dags/1636300228.xlsx took 0.027 seconds
[2021-11-07 16:06:19,605] {scheduler_job.py:182} INFO - Started process (PID=1010) to work on /opt/airflow/dags/1636300228.xlsx
[2021-11-07 16:06:19,606] {scheduler_job.py:629} INFO - Processing file /opt/airflow/dags/1636300228.xlsx for tasks to queue
[2021-11-07 16:06:19,607] {logging_mixin.py:104} INFO - [2021-11-07 16:06:19,607] {dagbag.py:448} INFO - Filling up the DagBag from /opt/airflow/dags/1636300228.xlsx
[2021-11-07 16:06:19,618] {scheduler_job.py:641} WARNING - No viable dags retrieved from /opt/airflow/dags/1636300228.xlsx
[2021-11-07 16:06:19,629] {scheduler_job.py:190} INFO - Processing /opt/airflow/dags/1636300228.xlsx took 0.027 seconds
[2021-11-07 16:06:50,093] {scheduler_job.py:182} INFO - Started process (PID=1039) to work on /opt/airflow/dags/1636300228.xlsx
[2021-11-07 16:06:50,094] {scheduler_job.py:629} INFO - Processing file /opt/airflow/dags/1636300228.xlsx for tasks to queue
[2021-11-07 16:06:50,095] {logging_mixin.py:104} INFO - [2021-11-07 16:06:50,095] {dagbag.py:448} INFO - Filling up the DagBag from /opt/airflow/dags/1636300228.xlsx
[2021-11-07 16:06:50,106] {scheduler_job.py:641} WARNING - No viable dags retrieved from /opt/airflow/dags/1636300228.xlsx
[2021-11-07 16:06:50,117] {scheduler_job.py:190} INFO - Processing /opt/airflow/dags/1636300228.xlsx took 0.027 seconds
[2021-11-07 16:07:20,639] {scheduler_job.py:182} INFO - Started process (PID=1068) to work on /opt/airflow/dags/1636300228.xlsx
[2021-11-07 16:07:20,640] {scheduler_job.py:629} INFO - Processing file /opt/airflow/dags/1636300228.xlsx for tasks to queue
[2021-11-07 16:07:20,641] {logging_mixin.py:104} INFO - [2021-11-07 16:07:20,640] {dagbag.py:448} INFO - Filling up the DagBag from /opt/airflow/dags/1636300228.xlsx
[2021-11-07 16:07:20,649] {scheduler_job.py:641} WARNING - No viable dags retrieved from /opt/airflow/dags/1636300228.xlsx
[2021-11-07 16:07:20,663] {scheduler_job.py:190} INFO - Processing /opt/airflow/dags/1636300228.xlsx took 0.026 seconds
[2021-11-07 16:07:51,030] {scheduler_job.py:182} INFO - Started process (PID=1097) to work on /opt/airflow/dags/1636300228.xlsx
[2021-11-07 16:07:51,032] {scheduler_job.py:629} INFO - Processing file /opt/airflow/dags/1636300228.xlsx for tasks to queue
[2021-11-07 16:07:51,032] {logging_mixin.py:104} INFO - [2021-11-07 16:07:51,032] {dagbag.py:448} INFO - Filling up the DagBag from /opt/airflow/dags/1636300228.xlsx
[2021-11-07 16:07:51,045] {scheduler_job.py:641} WARNING - No viable dags retrieved from /opt/airflow/dags/1636300228.xlsx
[2021-11-07 16:07:51,059] {scheduler_job.py:190} INFO - Processing /opt/airflow/dags/1636300228.xlsx took 0.032 seconds
[2021-11-07 16:08:21,513] {scheduler_job.py:182} INFO - Started process (PID=1126) to work on /opt/airflow/dags/1636300228.xlsx
[2021-11-07 16:08:21,514] {scheduler_job.py:629} INFO - Processing file /opt/airflow/dags/1636300228.xlsx for tasks to queue
[2021-11-07 16:08:21,515] {logging_mixin.py:104} INFO - [2021-11-07 16:08:21,515] {dagbag.py:448} INFO - Filling up the DagBag from /opt/airflow/dags/1636300228.xlsx
[2021-11-07 16:08:21,524] {scheduler_job.py:641} WARNING - No viable dags retrieved from /opt/airflow/dags/1636300228.xlsx
[2021-11-07 16:08:21,539] {scheduler_job.py:190} INFO - Processing /opt/airflow/dags/1636300228.xlsx took 0.028 seconds
[2021-11-07 16:08:52,071] {scheduler_job.py:182} INFO - Started process (PID=1155) to work on /opt/airflow/dags/1636300228.xlsx
[2021-11-07 16:08:52,073] {scheduler_job.py:629} INFO - Processing file /opt/airflow/dags/1636300228.xlsx for tasks to queue
[2021-11-07 16:08:52,073] {logging_mixin.py:104} INFO - [2021-11-07 16:08:52,073] {dagbag.py:448} INFO - Filling up the DagBag from /opt/airflow/dags/1636300228.xlsx
[2021-11-07 16:08:52,084] {scheduler_job.py:641} WARNING - No viable dags retrieved from /opt/airflow/dags/1636300228.xlsx
[2021-11-07 16:08:52,097] {scheduler_job.py:190} INFO - Processing /opt/airflow/dags/1636300228.xlsx took 0.027 seconds
[2021-11-07 16:09:22,697] {scheduler_job.py:182} INFO - Started process (PID=1184) to work on /opt/airflow/dags/1636300228.xlsx
[2021-11-07 16:09:22,698] {scheduler_job.py:629} INFO - Processing file /opt/airflow/dags/1636300228.xlsx for tasks to queue
[2021-11-07 16:09:22,699] {logging_mixin.py:104} INFO - [2021-11-07 16:09:22,699] {dagbag.py:448} INFO - Filling up the DagBag from /opt/airflow/dags/1636300228.xlsx
[2021-11-07 16:09:22,708] {scheduler_job.py:641} WARNING - No viable dags retrieved from /opt/airflow/dags/1636300228.xlsx
[2021-11-07 16:09:22,719] {scheduler_job.py:190} INFO - Processing /opt/airflow/dags/1636300228.xlsx took 0.024 seconds
[2021-11-07 16:09:53,210] {scheduler_job.py:182} INFO - Started process (PID=1213) to work on /opt/airflow/dags/1636300228.xlsx
[2021-11-07 16:09:53,212] {scheduler_job.py:629} INFO - Processing file /opt/airflow/dags/1636300228.xlsx for tasks to queue
[2021-11-07 16:09:53,212] {logging_mixin.py:104} INFO - [2021-11-07 16:09:53,212] {dagbag.py:448} INFO - Filling up the DagBag from /opt/airflow/dags/1636300228.xlsx
[2021-11-07 16:09:53,222] {scheduler_job.py:641} WARNING - No viable dags retrieved from /opt/airflow/dags/1636300228.xlsx
[2021-11-07 16:09:53,232] {scheduler_job.py:190} INFO - Processing /opt/airflow/dags/1636300228.xlsx took 0.024 seconds
[2021-11-07 16:10:23,703] {scheduler_job.py:182} INFO - Started process (PID=1242) to work on /opt/airflow/dags/1636300228.xlsx
[2021-11-07 16:10:23,704] {scheduler_job.py:629} INFO - Processing file /opt/airflow/dags/1636300228.xlsx for tasks to queue
[2021-11-07 16:10:23,705] {logging_mixin.py:104} INFO - [2021-11-07 16:10:23,704] {dagbag.py:448} INFO - Filling up the DagBag from /opt/airflow/dags/1636300228.xlsx
[2021-11-07 16:10:23,715] {scheduler_job.py:641} WARNING - No viable dags retrieved from /opt/airflow/dags/1636300228.xlsx
[2021-11-07 16:10:23,732] {scheduler_job.py:190} INFO - Processing /opt/airflow/dags/1636300228.xlsx took 0.031 seconds
[2021-11-07 16:10:54,136] {scheduler_job.py:182} INFO - Started process (PID=1271) to work on /opt/airflow/dags/1636300228.xlsx
[2021-11-07 16:10:54,138] {scheduler_job.py:629} INFO - Processing file /opt/airflow/dags/1636300228.xlsx for tasks to queue
[2021-11-07 16:10:54,139] {logging_mixin.py:104} INFO - [2021-11-07 16:10:54,138] {dagbag.py:448} INFO - Filling up the DagBag from /opt/airflow/dags/1636300228.xlsx
[2021-11-07 16:10:54,151] {scheduler_job.py:641} WARNING - No viable dags retrieved from /opt/airflow/dags/1636300228.xlsx
[2021-11-07 16:10:54,162] {scheduler_job.py:190} INFO - Processing /opt/airflow/dags/1636300228.xlsx took 0.028 seconds
[2021-11-07 16:11:24,750] {scheduler_job.py:182} INFO - Started process (PID=1300) to work on /opt/airflow/dags/1636300228.xlsx
[2021-11-07 16:11:24,752] {scheduler_job.py:629} INFO - Processing file /opt/airflow/dags/1636300228.xlsx for tasks to queue
[2021-11-07 16:11:24,753] {logging_mixin.py:104} INFO - [2021-11-07 16:11:24,752] {dagbag.py:448} INFO - Filling up the DagBag from /opt/airflow/dags/1636300228.xlsx
[2021-11-07 16:11:24,764] {scheduler_job.py:641} WARNING - No viable dags retrieved from /opt/airflow/dags/1636300228.xlsx
[2021-11-07 16:11:24,776] {scheduler_job.py:190} INFO - Processing /opt/airflow/dags/1636300228.xlsx took 0.030 seconds
[2021-11-07 16:11:55,405] {scheduler_job.py:182} INFO - Started process (PID=1329) to work on /opt/airflow/dags/1636300228.xlsx
[2021-11-07 16:11:55,406] {scheduler_job.py:629} INFO - Processing file /opt/airflow/dags/1636300228.xlsx for tasks to queue
[2021-11-07 16:11:55,407] {logging_mixin.py:104} INFO - [2021-11-07 16:11:55,407] {dagbag.py:448} INFO - Filling up the DagBag from /opt/airflow/dags/1636300228.xlsx
[2021-11-07 16:11:55,419] {scheduler_job.py:641} WARNING - No viable dags retrieved from /opt/airflow/dags/1636300228.xlsx
[2021-11-07 16:11:55,431] {scheduler_job.py:190} INFO - Processing /opt/airflow/dags/1636300228.xlsx took 0.028 seconds
[2021-11-07 16:12:26,143] {scheduler_job.py:182} INFO - Started process (PID=1358) to work on /opt/airflow/dags/1636300228.xlsx
[2021-11-07 16:12:26,144] {scheduler_job.py:629} INFO - Processing file /opt/airflow/dags/1636300228.xlsx for tasks to queue
[2021-11-07 16:12:26,145] {logging_mixin.py:104} INFO - [2021-11-07 16:12:26,145] {dagbag.py:448} INFO - Filling up the DagBag from /opt/airflow/dags/1636300228.xlsx
[2021-11-07 16:12:26,156] {scheduler_job.py:641} WARNING - No viable dags retrieved from /opt/airflow/dags/1636300228.xlsx
[2021-11-07 16:12:26,169] {scheduler_job.py:190} INFO - Processing /opt/airflow/dags/1636300228.xlsx took 0.028 seconds
[2021-11-07 16:12:56,597] {scheduler_job.py:182} INFO - Started process (PID=1387) to work on /opt/airflow/dags/1636300228.xlsx
[2021-11-07 16:12:56,598] {scheduler_job.py:629} INFO - Processing file /opt/airflow/dags/1636300228.xlsx for tasks to queue
[2021-11-07 16:12:56,600] {logging_mixin.py:104} INFO - [2021-11-07 16:12:56,600] {dagbag.py:448} INFO - Filling up the DagBag from /opt/airflow/dags/1636300228.xlsx
[2021-11-07 16:12:56,612] {scheduler_job.py:641} WARNING - No viable dags retrieved from /opt/airflow/dags/1636300228.xlsx
[2021-11-07 16:12:56,624] {scheduler_job.py:190} INFO - Processing /opt/airflow/dags/1636300228.xlsx took 0.029 seconds
[2021-11-07 16:13:27,086] {scheduler_job.py:182} INFO - Started process (PID=1416) to work on /opt/airflow/dags/1636300228.xlsx
[2021-11-07 16:13:27,088] {scheduler_job.py:629} INFO - Processing file /opt/airflow/dags/1636300228.xlsx for tasks to queue
[2021-11-07 16:13:27,088] {logging_mixin.py:104} INFO - [2021-11-07 16:13:27,088] {dagbag.py:448} INFO - Filling up the DagBag from /opt/airflow/dags/1636300228.xlsx
[2021-11-07 16:13:27,101] {scheduler_job.py:641} WARNING - No viable dags retrieved from /opt/airflow/dags/1636300228.xlsx
[2021-11-07 16:13:27,114] {scheduler_job.py:190} INFO - Processing /opt/airflow/dags/1636300228.xlsx took 0.030 seconds
[2021-11-07 16:13:57,478] {scheduler_job.py:182} INFO - Started process (PID=1445) to work on /opt/airflow/dags/1636300228.xlsx
[2021-11-07 16:13:57,479] {scheduler_job.py:629} INFO - Processing file /opt/airflow/dags/1636300228.xlsx for tasks to queue
[2021-11-07 16:13:57,480] {logging_mixin.py:104} INFO - [2021-11-07 16:13:57,480] {dagbag.py:448} INFO - Filling up the DagBag from /opt/airflow/dags/1636300228.xlsx
[2021-11-07 16:13:57,491] {scheduler_job.py:641} WARNING - No viable dags retrieved from /opt/airflow/dags/1636300228.xlsx
[2021-11-07 16:13:57,506] {scheduler_job.py:190} INFO - Processing /opt/airflow/dags/1636300228.xlsx took 0.029 seconds
[2021-11-07 16:14:28,000] {scheduler_job.py:182} INFO - Started process (PID=1474) to work on /opt/airflow/dags/1636300228.xlsx
[2021-11-07 16:14:28,001] {scheduler_job.py:629} INFO - Processing file /opt/airflow/dags/1636300228.xlsx for tasks to queue
[2021-11-07 16:14:28,002] {logging_mixin.py:104} INFO - [2021-11-07 16:14:28,002] {dagbag.py:448} INFO - Filling up the DagBag from /opt/airflow/dags/1636300228.xlsx
[2021-11-07 16:14:28,012] {scheduler_job.py:641} WARNING - No viable dags retrieved from /opt/airflow/dags/1636300228.xlsx
[2021-11-07 16:14:28,027] {scheduler_job.py:190} INFO - Processing /opt/airflow/dags/1636300228.xlsx took 0.029 seconds
[2021-11-07 16:14:58,587] {scheduler_job.py:182} INFO - Started process (PID=1503) to work on /opt/airflow/dags/1636300228.xlsx
[2021-11-07 16:14:58,588] {scheduler_job.py:629} INFO - Processing file /opt/airflow/dags/1636300228.xlsx for tasks to queue
[2021-11-07 16:14:58,588] {logging_mixin.py:104} INFO - [2021-11-07 16:14:58,588] {dagbag.py:448} INFO - Filling up the DagBag from /opt/airflow/dags/1636300228.xlsx
[2021-11-07 16:14:58,600] {scheduler_job.py:641} WARNING - No viable dags retrieved from /opt/airflow/dags/1636300228.xlsx
[2021-11-07 16:14:58,613] {scheduler_job.py:190} INFO - Processing /opt/airflow/dags/1636300228.xlsx took 0.029 seconds
[2021-11-07 16:15:29,231] {scheduler_job.py:182} INFO - Started process (PID=1532) to work on /opt/airflow/dags/1636300228.xlsx
[2021-11-07 16:15:29,232] {scheduler_job.py:629} INFO - Processing file /opt/airflow/dags/1636300228.xlsx for tasks to queue
[2021-11-07 16:15:29,234] {logging_mixin.py:104} INFO - [2021-11-07 16:15:29,233] {dagbag.py:448} INFO - Filling up the DagBag from /opt/airflow/dags/1636300228.xlsx
[2021-11-07 16:15:29,249] {scheduler_job.py:641} WARNING - No viable dags retrieved from /opt/airflow/dags/1636300228.xlsx
[2021-11-07 16:15:29,259] {scheduler_job.py:190} INFO - Processing /opt/airflow/dags/1636300228.xlsx took 0.030 seconds
[2021-11-07 16:15:59,768] {scheduler_job.py:182} INFO - Started process (PID=1561) to work on /opt/airflow/dags/1636300228.xlsx
[2021-11-07 16:15:59,769] {scheduler_job.py:629} INFO - Processing file /opt/airflow/dags/1636300228.xlsx for tasks to queue
[2021-11-07 16:15:59,771] {logging_mixin.py:104} INFO - [2021-11-07 16:15:59,771] {dagbag.py:448} INFO - Filling up the DagBag from /opt/airflow/dags/1636300228.xlsx
[2021-11-07 16:15:59,784] {scheduler_job.py:641} WARNING - No viable dags retrieved from /opt/airflow/dags/1636300228.xlsx
[2021-11-07 16:15:59,800] {scheduler_job.py:190} INFO - Processing /opt/airflow/dags/1636300228.xlsx took 0.034 seconds
[2021-11-07 16:16:30,237] {scheduler_job.py:182} INFO - Started process (PID=1590) to work on /opt/airflow/dags/1636300228.xlsx
[2021-11-07 16:16:30,240] {scheduler_job.py:629} INFO - Processing file /opt/airflow/dags/1636300228.xlsx for tasks to queue
[2021-11-07 16:16:30,241] {logging_mixin.py:104} INFO - [2021-11-07 16:16:30,241] {dagbag.py:448} INFO - Filling up the DagBag from /opt/airflow/dags/1636300228.xlsx
[2021-11-07 16:16:30,252] {scheduler_job.py:641} WARNING - No viable dags retrieved from /opt/airflow/dags/1636300228.xlsx
[2021-11-07 16:16:30,264] {scheduler_job.py:190} INFO - Processing /opt/airflow/dags/1636300228.xlsx took 0.029 seconds
[2021-11-07 16:17:00,693] {scheduler_job.py:182} INFO - Started process (PID=1619) to work on /opt/airflow/dags/1636300228.xlsx
[2021-11-07 16:17:00,694] {scheduler_job.py:629} INFO - Processing file /opt/airflow/dags/1636300228.xlsx for tasks to queue
[2021-11-07 16:17:00,695] {logging_mixin.py:104} INFO - [2021-11-07 16:17:00,695] {dagbag.py:448} INFO - Filling up the DagBag from /opt/airflow/dags/1636300228.xlsx
[2021-11-07 16:17:00,708] {scheduler_job.py:641} WARNING - No viable dags retrieved from /opt/airflow/dags/1636300228.xlsx
[2021-11-07 16:17:00,721] {scheduler_job.py:190} INFO - Processing /opt/airflow/dags/1636300228.xlsx took 0.030 seconds
[2021-11-07 16:17:31,173] {scheduler_job.py:182} INFO - Started process (PID=1648) to work on /opt/airflow/dags/1636300228.xlsx
[2021-11-07 16:17:31,174] {scheduler_job.py:629} INFO - Processing file /opt/airflow/dags/1636300228.xlsx for tasks to queue
[2021-11-07 16:17:31,175] {logging_mixin.py:104} INFO - [2021-11-07 16:17:31,175] {dagbag.py:448} INFO - Filling up the DagBag from /opt/airflow/dags/1636300228.xlsx
[2021-11-07 16:17:31,184] {scheduler_job.py:641} WARNING - No viable dags retrieved from /opt/airflow/dags/1636300228.xlsx
[2021-11-07 16:17:31,198] {scheduler_job.py:190} INFO - Processing /opt/airflow/dags/1636300228.xlsx took 0.027 seconds
[2021-11-07 16:18:01,652] {scheduler_job.py:182} INFO - Started process (PID=1677) to work on /opt/airflow/dags/1636300228.xlsx
[2021-11-07 16:18:01,654] {scheduler_job.py:629} INFO - Processing file /opt/airflow/dags/1636300228.xlsx for tasks to queue
[2021-11-07 16:18:01,655] {logging_mixin.py:104} INFO - [2021-11-07 16:18:01,655] {dagbag.py:448} INFO - Filling up the DagBag from /opt/airflow/dags/1636300228.xlsx
[2021-11-07 16:18:01,666] {scheduler_job.py:641} WARNING - No viable dags retrieved from /opt/airflow/dags/1636300228.xlsx
[2021-11-07 16:18:01,677] {scheduler_job.py:190} INFO - Processing /opt/airflow/dags/1636300228.xlsx took 0.027 seconds
[2021-11-07 16:18:32,193] {scheduler_job.py:182} INFO - Started process (PID=1706) to work on /opt/airflow/dags/1636300228.xlsx
[2021-11-07 16:18:32,194] {scheduler_job.py:629} INFO - Processing file /opt/airflow/dags/1636300228.xlsx for tasks to queue
[2021-11-07 16:18:32,195] {logging_mixin.py:104} INFO - [2021-11-07 16:18:32,195] {dagbag.py:448} INFO - Filling up the DagBag from /opt/airflow/dags/1636300228.xlsx
[2021-11-07 16:18:32,206] {scheduler_job.py:641} WARNING - No viable dags retrieved from /opt/airflow/dags/1636300228.xlsx
[2021-11-07 16:18:32,217] {scheduler_job.py:190} INFO - Processing /opt/airflow/dags/1636300228.xlsx took 0.027 seconds
[2021-11-07 16:19:02,283] {scheduler_job.py:182} INFO - Started process (PID=1735) to work on /opt/airflow/dags/1636300228.xlsx
[2021-11-07 16:19:02,285] {scheduler_job.py:629} INFO - Processing file /opt/airflow/dags/1636300228.xlsx for tasks to queue
[2021-11-07 16:19:02,286] {logging_mixin.py:104} INFO - [2021-11-07 16:19:02,286] {dagbag.py:448} INFO - Filling up the DagBag from /opt/airflow/dags/1636300228.xlsx
[2021-11-07 16:19:02,297] {scheduler_job.py:641} WARNING - No viable dags retrieved from /opt/airflow/dags/1636300228.xlsx
[2021-11-07 16:19:02,311] {scheduler_job.py:190} INFO - Processing /opt/airflow/dags/1636300228.xlsx took 0.030 seconds
[2021-11-07 16:19:32,742] {scheduler_job.py:182} INFO - Started process (PID=1764) to work on /opt/airflow/dags/1636300228.xlsx
[2021-11-07 16:19:32,743] {scheduler_job.py:629} INFO - Processing file /opt/airflow/dags/1636300228.xlsx for tasks to queue
[2021-11-07 16:19:32,743] {logging_mixin.py:104} INFO - [2021-11-07 16:19:32,743] {dagbag.py:448} INFO - Filling up the DagBag from /opt/airflow/dags/1636300228.xlsx
[2021-11-07 16:19:32,753] {scheduler_job.py:641} WARNING - No viable dags retrieved from /opt/airflow/dags/1636300228.xlsx
[2021-11-07 16:19:32,768] {scheduler_job.py:190} INFO - Processing /opt/airflow/dags/1636300228.xlsx took 0.029 seconds
[2021-11-07 16:20:03,272] {scheduler_job.py:182} INFO - Started process (PID=1793) to work on /opt/airflow/dags/1636300228.xlsx
[2021-11-07 16:20:03,273] {scheduler_job.py:629} INFO - Processing file /opt/airflow/dags/1636300228.xlsx for tasks to queue
[2021-11-07 16:20:03,274] {logging_mixin.py:104} INFO - [2021-11-07 16:20:03,274] {dagbag.py:448} INFO - Filling up the DagBag from /opt/airflow/dags/1636300228.xlsx
[2021-11-07 16:20:03,285] {scheduler_job.py:641} WARNING - No viable dags retrieved from /opt/airflow/dags/1636300228.xlsx
[2021-11-07 16:20:03,296] {scheduler_job.py:190} INFO - Processing /opt/airflow/dags/1636300228.xlsx took 0.026 seconds
[2021-11-07 16:20:33,720] {scheduler_job.py:182} INFO - Started process (PID=1822) to work on /opt/airflow/dags/1636300228.xlsx
[2021-11-07 16:20:33,721] {scheduler_job.py:629} INFO - Processing file /opt/airflow/dags/1636300228.xlsx for tasks to queue
[2021-11-07 16:20:33,722] {logging_mixin.py:104} INFO - [2021-11-07 16:20:33,722] {dagbag.py:448} INFO - Filling up the DagBag from /opt/airflow/dags/1636300228.xlsx
[2021-11-07 16:20:33,733] {scheduler_job.py:641} WARNING - No viable dags retrieved from /opt/airflow/dags/1636300228.xlsx
[2021-11-07 16:20:33,745] {scheduler_job.py:190} INFO - Processing /opt/airflow/dags/1636300228.xlsx took 0.027 seconds
[2021-11-07 16:21:04,164] {scheduler_job.py:182} INFO - Started process (PID=1851) to work on /opt/airflow/dags/1636300228.xlsx
[2021-11-07 16:21:04,165] {scheduler_job.py:629} INFO - Processing file /opt/airflow/dags/1636300228.xlsx for tasks to queue
[2021-11-07 16:21:04,166] {logging_mixin.py:104} INFO - [2021-11-07 16:21:04,166] {dagbag.py:448} INFO - Filling up the DagBag from /opt/airflow/dags/1636300228.xlsx
[2021-11-07 16:21:04,178] {scheduler_job.py:641} WARNING - No viable dags retrieved from /opt/airflow/dags/1636300228.xlsx
[2021-11-07 16:21:04,190] {scheduler_job.py:190} INFO - Processing /opt/airflow/dags/1636300228.xlsx took 0.029 seconds
[2021-11-07 16:21:34,722] {scheduler_job.py:182} INFO - Started process (PID=1880) to work on /opt/airflow/dags/1636300228.xlsx
[2021-11-07 16:21:34,724] {scheduler_job.py:629} INFO - Processing file /opt/airflow/dags/1636300228.xlsx for tasks to queue
[2021-11-07 16:21:34,724] {logging_mixin.py:104} INFO - [2021-11-07 16:21:34,724] {dagbag.py:448} INFO - Filling up the DagBag from /opt/airflow/dags/1636300228.xlsx
[2021-11-07 16:21:34,734] {scheduler_job.py:641} WARNING - No viable dags retrieved from /opt/airflow/dags/1636300228.xlsx
[2021-11-07 16:21:34,745] {scheduler_job.py:190} INFO - Processing /opt/airflow/dags/1636300228.xlsx took 0.025 seconds
[2021-11-07 16:22:05,155] {scheduler_job.py:182} INFO - Started process (PID=1909) to work on /opt/airflow/dags/1636300228.xlsx
[2021-11-07 16:22:05,156] {scheduler_job.py:629} INFO - Processing file /opt/airflow/dags/1636300228.xlsx for tasks to queue
[2021-11-07 16:22:05,156] {logging_mixin.py:104} INFO - [2021-11-07 16:22:05,156] {dagbag.py:448} INFO - Filling up the DagBag from /opt/airflow/dags/1636300228.xlsx
[2021-11-07 16:22:05,170] {scheduler_job.py:641} WARNING - No viable dags retrieved from /opt/airflow/dags/1636300228.xlsx
[2021-11-07 16:22:05,181] {scheduler_job.py:190} INFO - Processing /opt/airflow/dags/1636300228.xlsx took 0.029 seconds
[2021-11-07 16:22:35,572] {scheduler_job.py:182} INFO - Started process (PID=1938) to work on /opt/airflow/dags/1636300228.xlsx
[2021-11-07 16:22:35,573] {scheduler_job.py:629} INFO - Processing file /opt/airflow/dags/1636300228.xlsx for tasks to queue
[2021-11-07 16:22:35,573] {logging_mixin.py:104} INFO - [2021-11-07 16:22:35,573] {dagbag.py:448} INFO - Filling up the DagBag from /opt/airflow/dags/1636300228.xlsx
[2021-11-07 16:22:35,583] {scheduler_job.py:641} WARNING - No viable dags retrieved from /opt/airflow/dags/1636300228.xlsx
[2021-11-07 16:22:35,594] {scheduler_job.py:190} INFO - Processing /opt/airflow/dags/1636300228.xlsx took 0.024 seconds
[2021-11-07 16:23:05,968] {scheduler_job.py:182} INFO - Started process (PID=1967) to work on /opt/airflow/dags/1636300228.xlsx
[2021-11-07 16:23:05,969] {scheduler_job.py:629} INFO - Processing file /opt/airflow/dags/1636300228.xlsx for tasks to queue
[2021-11-07 16:23:05,969] {logging_mixin.py:104} INFO - [2021-11-07 16:23:05,969] {dagbag.py:448} INFO - Filling up the DagBag from /opt/airflow/dags/1636300228.xlsx
[2021-11-07 16:23:05,985] {scheduler_job.py:641} WARNING - No viable dags retrieved from /opt/airflow/dags/1636300228.xlsx
[2021-11-07 16:23:05,996] {scheduler_job.py:190} INFO - Processing /opt/airflow/dags/1636300228.xlsx took 0.031 seconds
[2021-11-07 16:23:36,383] {scheduler_job.py:182} INFO - Started process (PID=1996) to work on /opt/airflow/dags/1636300228.xlsx
[2021-11-07 16:23:36,385] {scheduler_job.py:629} INFO - Processing file /opt/airflow/dags/1636300228.xlsx for tasks to queue
[2021-11-07 16:23:36,386] {logging_mixin.py:104} INFO - [2021-11-07 16:23:36,386] {dagbag.py:448} INFO - Filling up the DagBag from /opt/airflow/dags/1636300228.xlsx
[2021-11-07 16:23:36,399] {scheduler_job.py:641} WARNING - No viable dags retrieved from /opt/airflow/dags/1636300228.xlsx
[2021-11-07 16:23:36,413] {scheduler_job.py:190} INFO - Processing /opt/airflow/dags/1636300228.xlsx took 0.032 seconds
[2021-11-07 16:24:06,850] {scheduler_job.py:182} INFO - Started process (PID=2025) to work on /opt/airflow/dags/1636300228.xlsx
[2021-11-07 16:24:06,851] {scheduler_job.py:629} INFO - Processing file /opt/airflow/dags/1636300228.xlsx for tasks to queue
[2021-11-07 16:24:06,852] {logging_mixin.py:104} INFO - [2021-11-07 16:24:06,852] {dagbag.py:448} INFO - Filling up the DagBag from /opt/airflow/dags/1636300228.xlsx
[2021-11-07 16:24:06,864] {scheduler_job.py:641} WARNING - No viable dags retrieved from /opt/airflow/dags/1636300228.xlsx
[2021-11-07 16:24:06,875] {scheduler_job.py:190} INFO - Processing /opt/airflow/dags/1636300228.xlsx took 0.027 seconds
[2021-11-07 16:24:37,302] {scheduler_job.py:182} INFO - Started process (PID=2054) to work on /opt/airflow/dags/1636300228.xlsx
[2021-11-07 16:24:37,303] {scheduler_job.py:629} INFO - Processing file /opt/airflow/dags/1636300228.xlsx for tasks to queue
[2021-11-07 16:24:37,305] {logging_mixin.py:104} INFO - [2021-11-07 16:24:37,305] {dagbag.py:448} INFO - Filling up the DagBag from /opt/airflow/dags/1636300228.xlsx
[2021-11-07 16:24:37,315] {scheduler_job.py:641} WARNING - No viable dags retrieved from /opt/airflow/dags/1636300228.xlsx
[2021-11-07 16:24:37,329] {scheduler_job.py:190} INFO - Processing /opt/airflow/dags/1636300228.xlsx took 0.029 seconds
[2021-11-07 16:25:07,704] {scheduler_job.py:182} INFO - Started process (PID=2083) to work on /opt/airflow/dags/1636300228.xlsx
[2021-11-07 16:25:07,705] {scheduler_job.py:629} INFO - Processing file /opt/airflow/dags/1636300228.xlsx for tasks to queue
[2021-11-07 16:25:07,706] {logging_mixin.py:104} INFO - [2021-11-07 16:25:07,705] {dagbag.py:448} INFO - Filling up the DagBag from /opt/airflow/dags/1636300228.xlsx
[2021-11-07 16:25:07,718] {scheduler_job.py:641} WARNING - No viable dags retrieved from /opt/airflow/dags/1636300228.xlsx
[2021-11-07 16:25:07,731] {scheduler_job.py:190} INFO - Processing /opt/airflow/dags/1636300228.xlsx took 0.030 seconds
[2021-11-07 16:25:38,078] {scheduler_job.py:182} INFO - Started process (PID=2112) to work on /opt/airflow/dags/1636300228.xlsx
[2021-11-07 16:25:38,079] {scheduler_job.py:629} INFO - Processing file /opt/airflow/dags/1636300228.xlsx for tasks to queue
[2021-11-07 16:25:38,080] {logging_mixin.py:104} INFO - [2021-11-07 16:25:38,080] {dagbag.py:448} INFO - Filling up the DagBag from /opt/airflow/dags/1636300228.xlsx
[2021-11-07 16:25:38,090] {scheduler_job.py:641} WARNING - No viable dags retrieved from /opt/airflow/dags/1636300228.xlsx
[2021-11-07 16:25:38,105] {scheduler_job.py:190} INFO - Processing /opt/airflow/dags/1636300228.xlsx took 0.028 seconds
[2021-11-07 16:26:08,563] {scheduler_job.py:182} INFO - Started process (PID=2141) to work on /opt/airflow/dags/1636300228.xlsx
[2021-11-07 16:26:08,564] {scheduler_job.py:629} INFO - Processing file /opt/airflow/dags/1636300228.xlsx for tasks to queue
[2021-11-07 16:26:08,564] {logging_mixin.py:104} INFO - [2021-11-07 16:26:08,564] {dagbag.py:448} INFO - Filling up the DagBag from /opt/airflow/dags/1636300228.xlsx
[2021-11-07 16:26:08,575] {scheduler_job.py:641} WARNING - No viable dags retrieved from /opt/airflow/dags/1636300228.xlsx
[2021-11-07 16:26:08,588] {scheduler_job.py:190} INFO - Processing /opt/airflow/dags/1636300228.xlsx took 0.027 seconds
[2021-11-07 16:26:38,906] {scheduler_job.py:182} INFO - Started process (PID=2170) to work on /opt/airflow/dags/1636300228.xlsx
[2021-11-07 16:26:38,908] {scheduler_job.py:629} INFO - Processing file /opt/airflow/dags/1636300228.xlsx for tasks to queue
[2021-11-07 16:26:38,909] {logging_mixin.py:104} INFO - [2021-11-07 16:26:38,909] {dagbag.py:448} INFO - Filling up the DagBag from /opt/airflow/dags/1636300228.xlsx
[2021-11-07 16:26:38,919] {scheduler_job.py:641} WARNING - No viable dags retrieved from /opt/airflow/dags/1636300228.xlsx
[2021-11-07 16:26:38,933] {scheduler_job.py:190} INFO - Processing /opt/airflow/dags/1636300228.xlsx took 0.029 seconds
[2021-11-07 16:27:09,276] {scheduler_job.py:182} INFO - Started process (PID=2199) to work on /opt/airflow/dags/1636300228.xlsx
[2021-11-07 16:27:09,278] {scheduler_job.py:629} INFO - Processing file /opt/airflow/dags/1636300228.xlsx for tasks to queue
[2021-11-07 16:27:09,278] {logging_mixin.py:104} INFO - [2021-11-07 16:27:09,278] {dagbag.py:448} INFO - Filling up the DagBag from /opt/airflow/dags/1636300228.xlsx
[2021-11-07 16:27:09,291] {scheduler_job.py:641} WARNING - No viable dags retrieved from /opt/airflow/dags/1636300228.xlsx
[2021-11-07 16:27:09,303] {scheduler_job.py:190} INFO - Processing /opt/airflow/dags/1636300228.xlsx took 0.028 seconds
[2021-11-07 16:27:39,694] {scheduler_job.py:182} INFO - Started process (PID=2228) to work on /opt/airflow/dags/1636300228.xlsx
[2021-11-07 16:27:39,695] {scheduler_job.py:629} INFO - Processing file /opt/airflow/dags/1636300228.xlsx for tasks to queue
[2021-11-07 16:27:39,695] {logging_mixin.py:104} INFO - [2021-11-07 16:27:39,695] {dagbag.py:448} INFO - Filling up the DagBag from /opt/airflow/dags/1636300228.xlsx
[2021-11-07 16:27:39,707] {scheduler_job.py:641} WARNING - No viable dags retrieved from /opt/airflow/dags/1636300228.xlsx
[2021-11-07 16:27:39,717] {scheduler_job.py:190} INFO - Processing /opt/airflow/dags/1636300228.xlsx took 0.025 seconds
[2021-11-07 16:28:10,215] {scheduler_job.py:182} INFO - Started process (PID=2257) to work on /opt/airflow/dags/1636300228.xlsx
[2021-11-07 16:28:10,216] {scheduler_job.py:629} INFO - Processing file /opt/airflow/dags/1636300228.xlsx for tasks to queue
[2021-11-07 16:28:10,217] {logging_mixin.py:104} INFO - [2021-11-07 16:28:10,217] {dagbag.py:448} INFO - Filling up the DagBag from /opt/airflow/dags/1636300228.xlsx
[2021-11-07 16:28:10,229] {scheduler_job.py:641} WARNING - No viable dags retrieved from /opt/airflow/dags/1636300228.xlsx
[2021-11-07 16:28:10,242] {scheduler_job.py:190} INFO - Processing /opt/airflow/dags/1636300228.xlsx took 0.030 seconds
[2021-11-07 16:28:40,624] {scheduler_job.py:182} INFO - Started process (PID=2286) to work on /opt/airflow/dags/1636300228.xlsx
[2021-11-07 16:28:40,627] {scheduler_job.py:629} INFO - Processing file /opt/airflow/dags/1636300228.xlsx for tasks to queue
[2021-11-07 16:28:40,629] {logging_mixin.py:104} INFO - [2021-11-07 16:28:40,629] {dagbag.py:448} INFO - Filling up the DagBag from /opt/airflow/dags/1636300228.xlsx
[2021-11-07 16:28:40,642] {scheduler_job.py:641} WARNING - No viable dags retrieved from /opt/airflow/dags/1636300228.xlsx
[2021-11-07 16:28:40,659] {scheduler_job.py:190} INFO - Processing /opt/airflow/dags/1636300228.xlsx took 0.040 seconds
[2021-11-07 16:29:11,112] {scheduler_job.py:182} INFO - Started process (PID=2315) to work on /opt/airflow/dags/1636300228.xlsx
[2021-11-07 16:29:11,113] {scheduler_job.py:629} INFO - Processing file /opt/airflow/dags/1636300228.xlsx for tasks to queue
[2021-11-07 16:29:11,114] {logging_mixin.py:104} INFO - [2021-11-07 16:29:11,113] {dagbag.py:448} INFO - Filling up the DagBag from /opt/airflow/dags/1636300228.xlsx
[2021-11-07 16:29:11,122] {scheduler_job.py:641} WARNING - No viable dags retrieved from /opt/airflow/dags/1636300228.xlsx
[2021-11-07 16:29:11,135] {scheduler_job.py:190} INFO - Processing /opt/airflow/dags/1636300228.xlsx took 0.025 seconds
[2021-11-07 16:29:41,747] {scheduler_job.py:182} INFO - Started process (PID=2344) to work on /opt/airflow/dags/1636300228.xlsx
[2021-11-07 16:29:41,749] {scheduler_job.py:629} INFO - Processing file /opt/airflow/dags/1636300228.xlsx for tasks to queue
[2021-11-07 16:29:41,750] {logging_mixin.py:104} INFO - [2021-11-07 16:29:41,749] {dagbag.py:448} INFO - Filling up the DagBag from /opt/airflow/dags/1636300228.xlsx
[2021-11-07 16:29:41,761] {scheduler_job.py:641} WARNING - No viable dags retrieved from /opt/airflow/dags/1636300228.xlsx
[2021-11-07 16:29:41,772] {scheduler_job.py:190} INFO - Processing /opt/airflow/dags/1636300228.xlsx took 0.027 seconds
[2021-11-07 16:30:12,196] {scheduler_job.py:182} INFO - Started process (PID=2373) to work on /opt/airflow/dags/1636300228.xlsx
[2021-11-07 16:30:12,197] {scheduler_job.py:629} INFO - Processing file /opt/airflow/dags/1636300228.xlsx for tasks to queue
[2021-11-07 16:30:12,198] {logging_mixin.py:104} INFO - [2021-11-07 16:30:12,198] {dagbag.py:448} INFO - Filling up the DagBag from /opt/airflow/dags/1636300228.xlsx
[2021-11-07 16:30:12,209] {scheduler_job.py:641} WARNING - No viable dags retrieved from /opt/airflow/dags/1636300228.xlsx
[2021-11-07 16:30:12,219] {scheduler_job.py:190} INFO - Processing /opt/airflow/dags/1636300228.xlsx took 0.025 seconds
[2021-11-07 16:30:42,766] {scheduler_job.py:182} INFO - Started process (PID=2402) to work on /opt/airflow/dags/1636300228.xlsx
[2021-11-07 16:30:42,768] {scheduler_job.py:629} INFO - Processing file /opt/airflow/dags/1636300228.xlsx for tasks to queue
[2021-11-07 16:30:42,769] {logging_mixin.py:104} INFO - [2021-11-07 16:30:42,769] {dagbag.py:448} INFO - Filling up the DagBag from /opt/airflow/dags/1636300228.xlsx
[2021-11-07 16:30:42,780] {scheduler_job.py:641} WARNING - No viable dags retrieved from /opt/airflow/dags/1636300228.xlsx
[2021-11-07 16:30:42,792] {scheduler_job.py:190} INFO - Processing /opt/airflow/dags/1636300228.xlsx took 0.028 seconds
[2021-11-07 16:31:13,379] {scheduler_job.py:182} INFO - Started process (PID=2431) to work on /opt/airflow/dags/1636300228.xlsx
[2021-11-07 16:31:13,380] {scheduler_job.py:629} INFO - Processing file /opt/airflow/dags/1636300228.xlsx for tasks to queue
[2021-11-07 16:31:13,381] {logging_mixin.py:104} INFO - [2021-11-07 16:31:13,381] {dagbag.py:448} INFO - Filling up the DagBag from /opt/airflow/dags/1636300228.xlsx
[2021-11-07 16:31:13,392] {scheduler_job.py:641} WARNING - No viable dags retrieved from /opt/airflow/dags/1636300228.xlsx
[2021-11-07 16:31:13,403] {scheduler_job.py:190} INFO - Processing /opt/airflow/dags/1636300228.xlsx took 0.027 seconds
[2021-11-07 16:31:43,852] {scheduler_job.py:182} INFO - Started process (PID=2460) to work on /opt/airflow/dags/1636300228.xlsx
[2021-11-07 16:31:43,853] {scheduler_job.py:629} INFO - Processing file /opt/airflow/dags/1636300228.xlsx for tasks to queue
[2021-11-07 16:31:43,854] {logging_mixin.py:104} INFO - [2021-11-07 16:31:43,854] {dagbag.py:448} INFO - Filling up the DagBag from /opt/airflow/dags/1636300228.xlsx
[2021-11-07 16:31:43,867] {scheduler_job.py:641} WARNING - No viable dags retrieved from /opt/airflow/dags/1636300228.xlsx
[2021-11-07 16:31:43,880] {scheduler_job.py:190} INFO - Processing /opt/airflow/dags/1636300228.xlsx took 0.030 seconds
[2021-11-07 16:32:14,260] {scheduler_job.py:182} INFO - Started process (PID=2489) to work on /opt/airflow/dags/1636300228.xlsx
[2021-11-07 16:32:14,262] {scheduler_job.py:629} INFO - Processing file /opt/airflow/dags/1636300228.xlsx for tasks to queue
[2021-11-07 16:32:14,264] {logging_mixin.py:104} INFO - [2021-11-07 16:32:14,264] {dagbag.py:448} INFO - Filling up the DagBag from /opt/airflow/dags/1636300228.xlsx
[2021-11-07 16:32:14,275] {scheduler_job.py:641} WARNING - No viable dags retrieved from /opt/airflow/dags/1636300228.xlsx
[2021-11-07 16:32:14,288] {scheduler_job.py:190} INFO - Processing /opt/airflow/dags/1636300228.xlsx took 0.030 seconds
[2021-11-07 16:32:44,757] {scheduler_job.py:182} INFO - Started process (PID=2518) to work on /opt/airflow/dags/1636300228.xlsx
[2021-11-07 16:32:44,758] {scheduler_job.py:629} INFO - Processing file /opt/airflow/dags/1636300228.xlsx for tasks to queue
[2021-11-07 16:32:44,759] {logging_mixin.py:104} INFO - [2021-11-07 16:32:44,759] {dagbag.py:448} INFO - Filling up the DagBag from /opt/airflow/dags/1636300228.xlsx
[2021-11-07 16:32:44,770] {scheduler_job.py:641} WARNING - No viable dags retrieved from /opt/airflow/dags/1636300228.xlsx
[2021-11-07 16:32:44,782] {scheduler_job.py:190} INFO - Processing /opt/airflow/dags/1636300228.xlsx took 0.028 seconds
[2021-11-07 16:33:15,193] {scheduler_job.py:182} INFO - Started process (PID=2547) to work on /opt/airflow/dags/1636300228.xlsx
[2021-11-07 16:33:15,194] {scheduler_job.py:629} INFO - Processing file /opt/airflow/dags/1636300228.xlsx for tasks to queue
[2021-11-07 16:33:15,195] {logging_mixin.py:104} INFO - [2021-11-07 16:33:15,195] {dagbag.py:448} INFO - Filling up the DagBag from /opt/airflow/dags/1636300228.xlsx
[2021-11-07 16:33:15,206] {scheduler_job.py:641} WARNING - No viable dags retrieved from /opt/airflow/dags/1636300228.xlsx
[2021-11-07 16:33:15,218] {scheduler_job.py:190} INFO - Processing /opt/airflow/dags/1636300228.xlsx took 0.027 seconds
[2021-11-07 16:33:45,758] {scheduler_job.py:182} INFO - Started process (PID=2576) to work on /opt/airflow/dags/1636300228.xlsx
[2021-11-07 16:33:45,759] {scheduler_job.py:629} INFO - Processing file /opt/airflow/dags/1636300228.xlsx for tasks to queue
[2021-11-07 16:33:45,760] {logging_mixin.py:104} INFO - [2021-11-07 16:33:45,760] {dagbag.py:448} INFO - Filling up the DagBag from /opt/airflow/dags/1636300228.xlsx
[2021-11-07 16:33:45,771] {scheduler_job.py:641} WARNING - No viable dags retrieved from /opt/airflow/dags/1636300228.xlsx
[2021-11-07 16:33:45,783] {scheduler_job.py:190} INFO - Processing /opt/airflow/dags/1636300228.xlsx took 0.027 seconds
[2021-11-07 16:34:16,317] {scheduler_job.py:182} INFO - Started process (PID=2605) to work on /opt/airflow/dags/1636300228.xlsx
[2021-11-07 16:34:16,318] {scheduler_job.py:629} INFO - Processing file /opt/airflow/dags/1636300228.xlsx for tasks to queue
[2021-11-07 16:34:16,319] {logging_mixin.py:104} INFO - [2021-11-07 16:34:16,318] {dagbag.py:448} INFO - Filling up the DagBag from /opt/airflow/dags/1636300228.xlsx
[2021-11-07 16:34:16,329] {scheduler_job.py:641} WARNING - No viable dags retrieved from /opt/airflow/dags/1636300228.xlsx
[2021-11-07 16:34:16,341] {scheduler_job.py:190} INFO - Processing /opt/airflow/dags/1636300228.xlsx took 0.026 seconds
[2021-11-07 16:34:46,881] {scheduler_job.py:182} INFO - Started process (PID=2634) to work on /opt/airflow/dags/1636300228.xlsx
[2021-11-07 16:34:46,882] {scheduler_job.py:629} INFO - Processing file /opt/airflow/dags/1636300228.xlsx for tasks to queue
[2021-11-07 16:34:46,883] {logging_mixin.py:104} INFO - [2021-11-07 16:34:46,883] {dagbag.py:448} INFO - Filling up the DagBag from /opt/airflow/dags/1636300228.xlsx
[2021-11-07 16:34:46,894] {scheduler_job.py:641} WARNING - No viable dags retrieved from /opt/airflow/dags/1636300228.xlsx
[2021-11-07 16:34:46,906] {scheduler_job.py:190} INFO - Processing /opt/airflow/dags/1636300228.xlsx took 0.027 seconds
[2021-11-07 16:35:17,405] {scheduler_job.py:182} INFO - Started process (PID=2663) to work on /opt/airflow/dags/1636300228.xlsx
[2021-11-07 16:35:17,406] {scheduler_job.py:629} INFO - Processing file /opt/airflow/dags/1636300228.xlsx for tasks to queue
[2021-11-07 16:35:17,407] {logging_mixin.py:104} INFO - [2021-11-07 16:35:17,407] {dagbag.py:448} INFO - Filling up the DagBag from /opt/airflow/dags/1636300228.xlsx
[2021-11-07 16:35:17,418] {scheduler_job.py:641} WARNING - No viable dags retrieved from /opt/airflow/dags/1636300228.xlsx
[2021-11-07 16:35:17,431] {scheduler_job.py:190} INFO - Processing /opt/airflow/dags/1636300228.xlsx took 0.028 seconds
[2021-11-07 16:35:47,830] {scheduler_job.py:182} INFO - Started process (PID=2692) to work on /opt/airflow/dags/1636300228.xlsx
[2021-11-07 16:35:47,831] {scheduler_job.py:629} INFO - Processing file /opt/airflow/dags/1636300228.xlsx for tasks to queue
[2021-11-07 16:35:47,832] {logging_mixin.py:104} INFO - [2021-11-07 16:35:47,832] {dagbag.py:448} INFO - Filling up the DagBag from /opt/airflow/dags/1636300228.xlsx
[2021-11-07 16:35:47,840] {scheduler_job.py:641} WARNING - No viable dags retrieved from /opt/airflow/dags/1636300228.xlsx
[2021-11-07 16:35:47,853] {scheduler_job.py:190} INFO - Processing /opt/airflow/dags/1636300228.xlsx took 0.025 seconds
[2021-11-07 16:36:18,215] {scheduler_job.py:182} INFO - Started process (PID=2721) to work on /opt/airflow/dags/1636300228.xlsx
[2021-11-07 16:36:18,217] {scheduler_job.py:629} INFO - Processing file /opt/airflow/dags/1636300228.xlsx for tasks to queue
[2021-11-07 16:36:18,217] {logging_mixin.py:104} INFO - [2021-11-07 16:36:18,217] {dagbag.py:448} INFO - Filling up the DagBag from /opt/airflow/dags/1636300228.xlsx
[2021-11-07 16:36:18,227] {scheduler_job.py:641} WARNING - No viable dags retrieved from /opt/airflow/dags/1636300228.xlsx
[2021-11-07 16:36:18,238] {scheduler_job.py:190} INFO - Processing /opt/airflow/dags/1636300228.xlsx took 0.026 seconds
[2021-11-07 16:36:48,637] {scheduler_job.py:182} INFO - Started process (PID=2750) to work on /opt/airflow/dags/1636300228.xlsx
[2021-11-07 16:36:48,639] {scheduler_job.py:629} INFO - Processing file /opt/airflow/dags/1636300228.xlsx for tasks to queue
[2021-11-07 16:36:48,640] {logging_mixin.py:104} INFO - [2021-11-07 16:36:48,640] {dagbag.py:448} INFO - Filling up the DagBag from /opt/airflow/dags/1636300228.xlsx
[2021-11-07 16:36:48,650] {scheduler_job.py:641} WARNING - No viable dags retrieved from /opt/airflow/dags/1636300228.xlsx
[2021-11-07 16:36:48,662] {scheduler_job.py:190} INFO - Processing /opt/airflow/dags/1636300228.xlsx took 0.027 seconds
[2021-11-07 16:37:19,209] {scheduler_job.py:182} INFO - Started process (PID=2779) to work on /opt/airflow/dags/1636300228.xlsx
[2021-11-07 16:37:19,210] {scheduler_job.py:629} INFO - Processing file /opt/airflow/dags/1636300228.xlsx for tasks to queue
[2021-11-07 16:37:19,211] {logging_mixin.py:104} INFO - [2021-11-07 16:37:19,211] {dagbag.py:448} INFO - Filling up the DagBag from /opt/airflow/dags/1636300228.xlsx
[2021-11-07 16:37:19,221] {scheduler_job.py:641} WARNING - No viable dags retrieved from /opt/airflow/dags/1636300228.xlsx
[2021-11-07 16:37:19,235] {scheduler_job.py:190} INFO - Processing /opt/airflow/dags/1636300228.xlsx took 0.029 seconds
[2021-11-07 16:37:49,640] {scheduler_job.py:182} INFO - Started process (PID=2808) to work on /opt/airflow/dags/1636300228.xlsx
[2021-11-07 16:37:49,641] {scheduler_job.py:629} INFO - Processing file /opt/airflow/dags/1636300228.xlsx for tasks to queue
[2021-11-07 16:37:49,642] {logging_mixin.py:104} INFO - [2021-11-07 16:37:49,641] {dagbag.py:448} INFO - Filling up the DagBag from /opt/airflow/dags/1636300228.xlsx
[2021-11-07 16:37:49,651] {scheduler_job.py:641} WARNING - No viable dags retrieved from /opt/airflow/dags/1636300228.xlsx
[2021-11-07 16:37:49,662] {scheduler_job.py:190} INFO - Processing /opt/airflow/dags/1636300228.xlsx took 0.024 seconds
[2021-11-07 16:38:20,117] {scheduler_job.py:182} INFO - Started process (PID=2837) to work on /opt/airflow/dags/1636300228.xlsx
[2021-11-07 16:38:20,118] {scheduler_job.py:629} INFO - Processing file /opt/airflow/dags/1636300228.xlsx for tasks to queue
[2021-11-07 16:38:20,118] {logging_mixin.py:104} INFO - [2021-11-07 16:38:20,118] {dagbag.py:448} INFO - Filling up the DagBag from /opt/airflow/dags/1636300228.xlsx
[2021-11-07 16:38:20,126] {scheduler_job.py:641} WARNING - No viable dags retrieved from /opt/airflow/dags/1636300228.xlsx
[2021-11-07 16:38:20,137] {scheduler_job.py:190} INFO - Processing /opt/airflow/dags/1636300228.xlsx took 0.022 seconds
[2021-11-07 16:38:50,542] {scheduler_job.py:182} INFO - Started process (PID=2866) to work on /opt/airflow/dags/1636300228.xlsx
[2021-11-07 16:38:50,543] {scheduler_job.py:629} INFO - Processing file /opt/airflow/dags/1636300228.xlsx for tasks to queue
[2021-11-07 16:38:50,544] {logging_mixin.py:104} INFO - [2021-11-07 16:38:50,544] {dagbag.py:448} INFO - Filling up the DagBag from /opt/airflow/dags/1636300228.xlsx
[2021-11-07 16:38:50,553] {scheduler_job.py:641} WARNING - No viable dags retrieved from /opt/airflow/dags/1636300228.xlsx
[2021-11-07 16:38:50,564] {scheduler_job.py:190} INFO - Processing /opt/airflow/dags/1636300228.xlsx took 0.025 seconds
[2021-11-07 16:39:20,928] {scheduler_job.py:182} INFO - Started process (PID=2895) to work on /opt/airflow/dags/1636300228.xlsx
[2021-11-07 16:39:20,930] {scheduler_job.py:629} INFO - Processing file /opt/airflow/dags/1636300228.xlsx for tasks to queue
[2021-11-07 16:39:20,930] {logging_mixin.py:104} INFO - [2021-11-07 16:39:20,930] {dagbag.py:448} INFO - Filling up the DagBag from /opt/airflow/dags/1636300228.xlsx
[2021-11-07 16:39:20,942] {scheduler_job.py:641} WARNING - No viable dags retrieved from /opt/airflow/dags/1636300228.xlsx
[2021-11-07 16:39:20,953] {scheduler_job.py:190} INFO - Processing /opt/airflow/dags/1636300228.xlsx took 0.027 seconds
[2021-11-07 16:39:51,286] {scheduler_job.py:182} INFO - Started process (PID=2924) to work on /opt/airflow/dags/1636300228.xlsx
[2021-11-07 16:39:51,287] {scheduler_job.py:629} INFO - Processing file /opt/airflow/dags/1636300228.xlsx for tasks to queue
[2021-11-07 16:39:51,287] {logging_mixin.py:104} INFO - [2021-11-07 16:39:51,287] {dagbag.py:448} INFO - Filling up the DagBag from /opt/airflow/dags/1636300228.xlsx
[2021-11-07 16:39:51,299] {scheduler_job.py:641} WARNING - No viable dags retrieved from /opt/airflow/dags/1636300228.xlsx
[2021-11-07 16:39:51,312] {scheduler_job.py:190} INFO - Processing /opt/airflow/dags/1636300228.xlsx took 0.028 seconds
[2021-11-07 16:40:21,901] {scheduler_job.py:182} INFO - Started process (PID=2953) to work on /opt/airflow/dags/1636300228.xlsx
[2021-11-07 16:40:21,903] {scheduler_job.py:629} INFO - Processing file /opt/airflow/dags/1636300228.xlsx for tasks to queue
[2021-11-07 16:40:21,904] {logging_mixin.py:104} INFO - [2021-11-07 16:40:21,903] {dagbag.py:448} INFO - Filling up the DagBag from /opt/airflow/dags/1636300228.xlsx
[2021-11-07 16:40:21,912] {scheduler_job.py:641} WARNING - No viable dags retrieved from /opt/airflow/dags/1636300228.xlsx
[2021-11-07 16:40:21,924] {scheduler_job.py:190} INFO - Processing /opt/airflow/dags/1636300228.xlsx took 0.025 seconds
[2021-11-07 16:40:52,322] {scheduler_job.py:182} INFO - Started process (PID=2982) to work on /opt/airflow/dags/1636300228.xlsx
[2021-11-07 16:40:52,323] {scheduler_job.py:629} INFO - Processing file /opt/airflow/dags/1636300228.xlsx for tasks to queue
[2021-11-07 16:40:52,324] {logging_mixin.py:104} INFO - [2021-11-07 16:40:52,324] {dagbag.py:448} INFO - Filling up the DagBag from /opt/airflow/dags/1636300228.xlsx
[2021-11-07 16:40:52,334] {scheduler_job.py:641} WARNING - No viable dags retrieved from /opt/airflow/dags/1636300228.xlsx
[2021-11-07 16:40:52,345] {scheduler_job.py:190} INFO - Processing /opt/airflow/dags/1636300228.xlsx took 0.025 seconds
[2021-11-07 16:41:22,811] {scheduler_job.py:182} INFO - Started process (PID=3011) to work on /opt/airflow/dags/1636300228.xlsx
[2021-11-07 16:41:22,813] {scheduler_job.py:629} INFO - Processing file /opt/airflow/dags/1636300228.xlsx for tasks to queue
[2021-11-07 16:41:22,813] {logging_mixin.py:104} INFO - [2021-11-07 16:41:22,813] {dagbag.py:448} INFO - Filling up the DagBag from /opt/airflow/dags/1636300228.xlsx
[2021-11-07 16:41:22,823] {scheduler_job.py:641} WARNING - No viable dags retrieved from /opt/airflow/dags/1636300228.xlsx
[2021-11-07 16:41:22,833] {scheduler_job.py:190} INFO - Processing /opt/airflow/dags/1636300228.xlsx took 0.024 seconds
[2021-11-07 16:41:53,263] {scheduler_job.py:182} INFO - Started process (PID=3040) to work on /opt/airflow/dags/1636300228.xlsx
[2021-11-07 16:41:53,264] {scheduler_job.py:629} INFO - Processing file /opt/airflow/dags/1636300228.xlsx for tasks to queue
[2021-11-07 16:41:53,265] {logging_mixin.py:104} INFO - [2021-11-07 16:41:53,265] {dagbag.py:448} INFO - Filling up the DagBag from /opt/airflow/dags/1636300228.xlsx
[2021-11-07 16:41:53,275] {scheduler_job.py:641} WARNING - No viable dags retrieved from /opt/airflow/dags/1636300228.xlsx
[2021-11-07 16:41:53,286] {scheduler_job.py:190} INFO - Processing /opt/airflow/dags/1636300228.xlsx took 0.024 seconds
[2021-11-07 16:42:23,680] {scheduler_job.py:182} INFO - Started process (PID=3069) to work on /opt/airflow/dags/1636300228.xlsx
[2021-11-07 16:42:23,681] {scheduler_job.py:629} INFO - Processing file /opt/airflow/dags/1636300228.xlsx for tasks to queue
[2021-11-07 16:42:23,682] {logging_mixin.py:104} INFO - [2021-11-07 16:42:23,682] {dagbag.py:448} INFO - Filling up the DagBag from /opt/airflow/dags/1636300228.xlsx
[2021-11-07 16:42:23,694] {scheduler_job.py:641} WARNING - No viable dags retrieved from /opt/airflow/dags/1636300228.xlsx
[2021-11-07 16:42:23,706] {scheduler_job.py:190} INFO - Processing /opt/airflow/dags/1636300228.xlsx took 0.029 seconds
[2021-11-07 16:42:54,136] {scheduler_job.py:182} INFO - Started process (PID=3098) to work on /opt/airflow/dags/1636300228.xlsx
[2021-11-07 16:42:54,138] {scheduler_job.py:629} INFO - Processing file /opt/airflow/dags/1636300228.xlsx for tasks to queue
[2021-11-07 16:42:54,139] {logging_mixin.py:104} INFO - [2021-11-07 16:42:54,138] {dagbag.py:448} INFO - Filling up the DagBag from /opt/airflow/dags/1636300228.xlsx
[2021-11-07 16:42:54,149] {scheduler_job.py:641} WARNING - No viable dags retrieved from /opt/airflow/dags/1636300228.xlsx
[2021-11-07 16:42:54,163] {scheduler_job.py:190} INFO - Processing /opt/airflow/dags/1636300228.xlsx took 0.029 seconds
[2021-11-07 16:43:24,682] {scheduler_job.py:182} INFO - Started process (PID=3127) to work on /opt/airflow/dags/1636300228.xlsx
[2021-11-07 16:43:24,683] {scheduler_job.py:629} INFO - Processing file /opt/airflow/dags/1636300228.xlsx for tasks to queue
[2021-11-07 16:43:24,684] {logging_mixin.py:104} INFO - [2021-11-07 16:43:24,684] {dagbag.py:448} INFO - Filling up the DagBag from /opt/airflow/dags/1636300228.xlsx
[2021-11-07 16:43:24,691] {scheduler_job.py:641} WARNING - No viable dags retrieved from /opt/airflow/dags/1636300228.xlsx
[2021-11-07 16:43:24,703] {scheduler_job.py:190} INFO - Processing /opt/airflow/dags/1636300228.xlsx took 0.024 seconds
[2021-11-07 16:43:55,290] {scheduler_job.py:182} INFO - Started process (PID=3156) to work on /opt/airflow/dags/1636300228.xlsx
[2021-11-07 16:43:55,291] {scheduler_job.py:629} INFO - Processing file /opt/airflow/dags/1636300228.xlsx for tasks to queue
[2021-11-07 16:43:55,293] {logging_mixin.py:104} INFO - [2021-11-07 16:43:55,292] {dagbag.py:448} INFO - Filling up the DagBag from /opt/airflow/dags/1636300228.xlsx
[2021-11-07 16:43:55,303] {scheduler_job.py:641} WARNING - No viable dags retrieved from /opt/airflow/dags/1636300228.xlsx
[2021-11-07 16:43:55,315] {scheduler_job.py:190} INFO - Processing /opt/airflow/dags/1636300228.xlsx took 0.028 seconds
[2021-11-07 16:44:25,997] {scheduler_job.py:182} INFO - Started process (PID=3185) to work on /opt/airflow/dags/1636300228.xlsx
[2021-11-07 16:44:25,998] {scheduler_job.py:629} INFO - Processing file /opt/airflow/dags/1636300228.xlsx for tasks to queue
[2021-11-07 16:44:25,999] {logging_mixin.py:104} INFO - [2021-11-07 16:44:25,999] {dagbag.py:448} INFO - Filling up the DagBag from /opt/airflow/dags/1636300228.xlsx
[2021-11-07 16:44:26,011] {scheduler_job.py:641} WARNING - No viable dags retrieved from /opt/airflow/dags/1636300228.xlsx
[2021-11-07 16:44:26,023] {scheduler_job.py:190} INFO - Processing /opt/airflow/dags/1636300228.xlsx took 0.028 seconds
[2021-11-07 16:44:56,436] {scheduler_job.py:182} INFO - Started process (PID=3214) to work on /opt/airflow/dags/1636300228.xlsx
[2021-11-07 16:44:56,437] {scheduler_job.py:629} INFO - Processing file /opt/airflow/dags/1636300228.xlsx for tasks to queue
[2021-11-07 16:44:56,438] {logging_mixin.py:104} INFO - [2021-11-07 16:44:56,438] {dagbag.py:448} INFO - Filling up the DagBag from /opt/airflow/dags/1636300228.xlsx
[2021-11-07 16:44:56,448] {scheduler_job.py:641} WARNING - No viable dags retrieved from /opt/airflow/dags/1636300228.xlsx
[2021-11-07 16:44:56,460] {scheduler_job.py:190} INFO - Processing /opt/airflow/dags/1636300228.xlsx took 0.026 seconds
[2021-11-07 16:45:26,924] {scheduler_job.py:182} INFO - Started process (PID=3243) to work on /opt/airflow/dags/1636300228.xlsx
[2021-11-07 16:45:26,925] {scheduler_job.py:629} INFO - Processing file /opt/airflow/dags/1636300228.xlsx for tasks to queue
[2021-11-07 16:45:26,926] {logging_mixin.py:104} INFO - [2021-11-07 16:45:26,926] {dagbag.py:448} INFO - Filling up the DagBag from /opt/airflow/dags/1636300228.xlsx
[2021-11-07 16:45:26,934] {scheduler_job.py:641} WARNING - No viable dags retrieved from /opt/airflow/dags/1636300228.xlsx
[2021-11-07 16:45:26,946] {scheduler_job.py:190} INFO - Processing /opt/airflow/dags/1636300228.xlsx took 0.024 seconds
[2021-11-07 16:45:57,304] {scheduler_job.py:182} INFO - Started process (PID=3272) to work on /opt/airflow/dags/1636300228.xlsx
[2021-11-07 16:45:57,305] {scheduler_job.py:629} INFO - Processing file /opt/airflow/dags/1636300228.xlsx for tasks to queue
[2021-11-07 16:45:57,306] {logging_mixin.py:104} INFO - [2021-11-07 16:45:57,306] {dagbag.py:448} INFO - Filling up the DagBag from /opt/airflow/dags/1636300228.xlsx
[2021-11-07 16:45:57,316] {scheduler_job.py:641} WARNING - No viable dags retrieved from /opt/airflow/dags/1636300228.xlsx
[2021-11-07 16:45:57,329] {scheduler_job.py:190} INFO - Processing /opt/airflow/dags/1636300228.xlsx took 0.027 seconds
[2021-11-07 16:46:27,821] {scheduler_job.py:182} INFO - Started process (PID=3301) to work on /opt/airflow/dags/1636300228.xlsx
[2021-11-07 16:46:27,823] {scheduler_job.py:629} INFO - Processing file /opt/airflow/dags/1636300228.xlsx for tasks to queue
[2021-11-07 16:46:27,824] {logging_mixin.py:104} INFO - [2021-11-07 16:46:27,824] {dagbag.py:448} INFO - Filling up the DagBag from /opt/airflow/dags/1636300228.xlsx
[2021-11-07 16:46:27,832] {scheduler_job.py:641} WARNING - No viable dags retrieved from /opt/airflow/dags/1636300228.xlsx
[2021-11-07 16:46:27,843] {scheduler_job.py:190} INFO - Processing /opt/airflow/dags/1636300228.xlsx took 0.024 seconds
[2021-11-07 16:46:58,326] {scheduler_job.py:182} INFO - Started process (PID=3330) to work on /opt/airflow/dags/1636300228.xlsx
[2021-11-07 16:46:58,328] {scheduler_job.py:629} INFO - Processing file /opt/airflow/dags/1636300228.xlsx for tasks to queue
[2021-11-07 16:46:58,329] {logging_mixin.py:104} INFO - [2021-11-07 16:46:58,329] {dagbag.py:448} INFO - Filling up the DagBag from /opt/airflow/dags/1636300228.xlsx
[2021-11-07 16:46:58,339] {scheduler_job.py:641} WARNING - No viable dags retrieved from /opt/airflow/dags/1636300228.xlsx
[2021-11-07 16:46:58,353] {scheduler_job.py:190} INFO - Processing /opt/airflow/dags/1636300228.xlsx took 0.029 seconds
[2021-11-07 16:47:28,860] {scheduler_job.py:182} INFO - Started process (PID=3359) to work on /opt/airflow/dags/1636300228.xlsx
[2021-11-07 16:47:28,862] {scheduler_job.py:629} INFO - Processing file /opt/airflow/dags/1636300228.xlsx for tasks to queue
[2021-11-07 16:47:28,863] {logging_mixin.py:104} INFO - [2021-11-07 16:47:28,863] {dagbag.py:448} INFO - Filling up the DagBag from /opt/airflow/dags/1636300228.xlsx
[2021-11-07 16:47:28,874] {scheduler_job.py:641} WARNING - No viable dags retrieved from /opt/airflow/dags/1636300228.xlsx
[2021-11-07 16:47:28,885] {scheduler_job.py:190} INFO - Processing /opt/airflow/dags/1636300228.xlsx took 0.027 seconds
[2021-11-07 16:47:59,492] {scheduler_job.py:182} INFO - Started process (PID=3388) to work on /opt/airflow/dags/1636300228.xlsx
[2021-11-07 16:47:59,494] {scheduler_job.py:629} INFO - Processing file /opt/airflow/dags/1636300228.xlsx for tasks to queue
[2021-11-07 16:47:59,496] {logging_mixin.py:104} INFO - [2021-11-07 16:47:59,496] {dagbag.py:448} INFO - Filling up the DagBag from /opt/airflow/dags/1636300228.xlsx
[2021-11-07 16:47:59,514] {scheduler_job.py:641} WARNING - No viable dags retrieved from /opt/airflow/dags/1636300228.xlsx
[2021-11-07 16:47:59,557] {scheduler_job.py:190} INFO - Processing /opt/airflow/dags/1636300228.xlsx took 0.079 seconds
[2021-11-07 16:51:44,480] {scheduler_job.py:182} INFO - Started process (PID=44) to work on /opt/airflow/dags/1636300228.xlsx
[2021-11-07 16:51:44,482] {scheduler_job.py:629} INFO - Processing file /opt/airflow/dags/1636300228.xlsx for tasks to queue
[2021-11-07 16:51:44,483] {logging_mixin.py:104} INFO - [2021-11-07 16:51:44,482] {dagbag.py:448} INFO - Filling up the DagBag from /opt/airflow/dags/1636300228.xlsx
[2021-11-07 16:51:44,498] {scheduler_job.py:641} WARNING - No viable dags retrieved from /opt/airflow/dags/1636300228.xlsx
[2021-11-07 16:51:44,520] {scheduler_job.py:190} INFO - Processing /opt/airflow/dags/1636300228.xlsx took 0.042 seconds
[2021-11-07 16:52:14,604] {scheduler_job.py:182} INFO - Started process (PID=71) to work on /opt/airflow/dags/1636300228.xlsx
[2021-11-07 16:52:14,606] {scheduler_job.py:629} INFO - Processing file /opt/airflow/dags/1636300228.xlsx for tasks to queue
[2021-11-07 16:52:14,606] {logging_mixin.py:104} INFO - [2021-11-07 16:52:14,606] {dagbag.py:448} INFO - Filling up the DagBag from /opt/airflow/dags/1636300228.xlsx
[2021-11-07 16:52:14,616] {scheduler_job.py:641} WARNING - No viable dags retrieved from /opt/airflow/dags/1636300228.xlsx
[2021-11-07 16:52:14,627] {scheduler_job.py:190} INFO - Processing /opt/airflow/dags/1636300228.xlsx took 0.024 seconds
[2021-11-07 16:52:45,124] {scheduler_job.py:182} INFO - Started process (PID=101) to work on /opt/airflow/dags/1636300228.xlsx
[2021-11-07 16:52:45,125] {scheduler_job.py:629} INFO - Processing file /opt/airflow/dags/1636300228.xlsx for tasks to queue
[2021-11-07 16:52:45,126] {logging_mixin.py:104} INFO - [2021-11-07 16:52:45,126] {dagbag.py:448} INFO - Filling up the DagBag from /opt/airflow/dags/1636300228.xlsx
[2021-11-07 16:52:45,135] {scheduler_job.py:641} WARNING - No viable dags retrieved from /opt/airflow/dags/1636300228.xlsx
[2021-11-07 16:52:45,145] {scheduler_job.py:190} INFO - Processing /opt/airflow/dags/1636300228.xlsx took 0.022 seconds
[2021-11-07 16:53:15,556] {scheduler_job.py:182} INFO - Started process (PID=130) to work on /opt/airflow/dags/1636300228.xlsx
[2021-11-07 16:53:15,558] {scheduler_job.py:629} INFO - Processing file /opt/airflow/dags/1636300228.xlsx for tasks to queue
[2021-11-07 16:53:15,559] {logging_mixin.py:104} INFO - [2021-11-07 16:53:15,559] {dagbag.py:448} INFO - Filling up the DagBag from /opt/airflow/dags/1636300228.xlsx
[2021-11-07 16:53:15,568] {scheduler_job.py:641} WARNING - No viable dags retrieved from /opt/airflow/dags/1636300228.xlsx
[2021-11-07 16:53:15,579] {scheduler_job.py:190} INFO - Processing /opt/airflow/dags/1636300228.xlsx took 0.024 seconds
[2021-11-07 16:53:46,067] {scheduler_job.py:182} INFO - Started process (PID=159) to work on /opt/airflow/dags/1636300228.xlsx
[2021-11-07 16:53:46,068] {scheduler_job.py:629} INFO - Processing file /opt/airflow/dags/1636300228.xlsx for tasks to queue
[2021-11-07 16:53:46,069] {logging_mixin.py:104} INFO - [2021-11-07 16:53:46,069] {dagbag.py:448} INFO - Filling up the DagBag from /opt/airflow/dags/1636300228.xlsx
[2021-11-07 16:53:46,080] {scheduler_job.py:641} WARNING - No viable dags retrieved from /opt/airflow/dags/1636300228.xlsx
[2021-11-07 16:53:46,091] {scheduler_job.py:190} INFO - Processing /opt/airflow/dags/1636300228.xlsx took 0.026 seconds
[2021-11-07 16:54:16,671] {scheduler_job.py:182} INFO - Started process (PID=188) to work on /opt/airflow/dags/1636300228.xlsx
[2021-11-07 16:54:16,673] {scheduler_job.py:629} INFO - Processing file /opt/airflow/dags/1636300228.xlsx for tasks to queue
[2021-11-07 16:54:16,674] {logging_mixin.py:104} INFO - [2021-11-07 16:54:16,673] {dagbag.py:448} INFO - Filling up the DagBag from /opt/airflow/dags/1636300228.xlsx
[2021-11-07 16:54:16,684] {scheduler_job.py:641} WARNING - No viable dags retrieved from /opt/airflow/dags/1636300228.xlsx
[2021-11-07 16:54:16,696] {scheduler_job.py:190} INFO - Processing /opt/airflow/dags/1636300228.xlsx took 0.028 seconds
[2021-11-07 16:54:47,096] {scheduler_job.py:182} INFO - Started process (PID=217) to work on /opt/airflow/dags/1636300228.xlsx
[2021-11-07 16:54:47,097] {scheduler_job.py:629} INFO - Processing file /opt/airflow/dags/1636300228.xlsx for tasks to queue
[2021-11-07 16:54:47,098] {logging_mixin.py:104} INFO - [2021-11-07 16:54:47,098] {dagbag.py:448} INFO - Filling up the DagBag from /opt/airflow/dags/1636300228.xlsx
[2021-11-07 16:54:47,109] {scheduler_job.py:641} WARNING - No viable dags retrieved from /opt/airflow/dags/1636300228.xlsx
[2021-11-07 16:54:47,121] {scheduler_job.py:190} INFO - Processing /opt/airflow/dags/1636300228.xlsx took 0.027 seconds
[2021-11-07 16:55:17,742] {scheduler_job.py:182} INFO - Started process (PID=246) to work on /opt/airflow/dags/1636300228.xlsx
[2021-11-07 16:55:17,743] {scheduler_job.py:629} INFO - Processing file /opt/airflow/dags/1636300228.xlsx for tasks to queue
[2021-11-07 16:55:17,744] {logging_mixin.py:104} INFO - [2021-11-07 16:55:17,744] {dagbag.py:448} INFO - Filling up the DagBag from /opt/airflow/dags/1636300228.xlsx
[2021-11-07 16:55:17,753] {scheduler_job.py:641} WARNING - No viable dags retrieved from /opt/airflow/dags/1636300228.xlsx
[2021-11-07 16:55:17,765] {scheduler_job.py:190} INFO - Processing /opt/airflow/dags/1636300228.xlsx took 0.025 seconds
[2021-11-07 16:55:48,072] {scheduler_job.py:182} INFO - Started process (PID=274) to work on /opt/airflow/dags/1636300228.xlsx
[2021-11-07 16:55:48,073] {scheduler_job.py:629} INFO - Processing file /opt/airflow/dags/1636300228.xlsx for tasks to queue
[2021-11-07 16:55:48,073] {logging_mixin.py:104} INFO - [2021-11-07 16:55:48,073] {dagbag.py:448} INFO - Filling up the DagBag from /opt/airflow/dags/1636300228.xlsx
[2021-11-07 16:55:48,083] {scheduler_job.py:641} WARNING - No viable dags retrieved from /opt/airflow/dags/1636300228.xlsx
[2021-11-07 16:55:48,098] {scheduler_job.py:190} INFO - Processing /opt/airflow/dags/1636300228.xlsx took 0.028 seconds
[2021-11-07 16:56:18,505] {scheduler_job.py:182} INFO - Started process (PID=303) to work on /opt/airflow/dags/1636300228.xlsx
[2021-11-07 16:56:18,505] {scheduler_job.py:629} INFO - Processing file /opt/airflow/dags/1636300228.xlsx for tasks to queue
[2021-11-07 16:56:18,506] {logging_mixin.py:104} INFO - [2021-11-07 16:56:18,506] {dagbag.py:448} INFO - Filling up the DagBag from /opt/airflow/dags/1636300228.xlsx
[2021-11-07 16:56:18,519] {scheduler_job.py:641} WARNING - No viable dags retrieved from /opt/airflow/dags/1636300228.xlsx
[2021-11-07 16:56:18,534] {scheduler_job.py:190} INFO - Processing /opt/airflow/dags/1636300228.xlsx took 0.032 seconds
[2021-11-07 16:56:49,138] {scheduler_job.py:182} INFO - Started process (PID=333) to work on /opt/airflow/dags/1636300228.xlsx
[2021-11-07 16:56:49,139] {scheduler_job.py:629} INFO - Processing file /opt/airflow/dags/1636300228.xlsx for tasks to queue
[2021-11-07 16:56:49,140] {logging_mixin.py:104} INFO - [2021-11-07 16:56:49,140] {dagbag.py:448} INFO - Filling up the DagBag from /opt/airflow/dags/1636300228.xlsx
[2021-11-07 16:56:49,152] {scheduler_job.py:641} WARNING - No viable dags retrieved from /opt/airflow/dags/1636300228.xlsx
[2021-11-07 16:56:49,163] {scheduler_job.py:190} INFO - Processing /opt/airflow/dags/1636300228.xlsx took 0.028 seconds
[2021-11-07 16:57:19,950] {scheduler_job.py:182} INFO - Started process (PID=362) to work on /opt/airflow/dags/1636300228.xlsx
[2021-11-07 16:57:19,951] {scheduler_job.py:629} INFO - Processing file /opt/airflow/dags/1636300228.xlsx for tasks to queue
[2021-11-07 16:57:19,952] {logging_mixin.py:104} INFO - [2021-11-07 16:57:19,952] {dagbag.py:448} INFO - Filling up the DagBag from /opt/airflow/dags/1636300228.xlsx
[2021-11-07 16:57:19,962] {scheduler_job.py:641} WARNING - No viable dags retrieved from /opt/airflow/dags/1636300228.xlsx
[2021-11-07 16:57:19,974] {scheduler_job.py:190} INFO - Processing /opt/airflow/dags/1636300228.xlsx took 0.026 seconds
[2021-11-07 16:57:50,410] {scheduler_job.py:182} INFO - Started process (PID=391) to work on /opt/airflow/dags/1636300228.xlsx
[2021-11-07 16:57:50,411] {scheduler_job.py:629} INFO - Processing file /opt/airflow/dags/1636300228.xlsx for tasks to queue
[2021-11-07 16:57:50,412] {logging_mixin.py:104} INFO - [2021-11-07 16:57:50,411] {dagbag.py:448} INFO - Filling up the DagBag from /opt/airflow/dags/1636300228.xlsx
[2021-11-07 16:57:50,422] {scheduler_job.py:641} WARNING - No viable dags retrieved from /opt/airflow/dags/1636300228.xlsx
[2021-11-07 16:57:50,434] {scheduler_job.py:190} INFO - Processing /opt/airflow/dags/1636300228.xlsx took 0.027 seconds
[2021-11-07 16:58:20,951] {scheduler_job.py:182} INFO - Started process (PID=420) to work on /opt/airflow/dags/1636300228.xlsx
[2021-11-07 16:58:20,952] {scheduler_job.py:629} INFO - Processing file /opt/airflow/dags/1636300228.xlsx for tasks to queue
[2021-11-07 16:58:20,953] {logging_mixin.py:104} INFO - [2021-11-07 16:58:20,953] {dagbag.py:448} INFO - Filling up the DagBag from /opt/airflow/dags/1636300228.xlsx
[2021-11-07 16:58:20,962] {scheduler_job.py:641} WARNING - No viable dags retrieved from /opt/airflow/dags/1636300228.xlsx
[2021-11-07 16:58:20,973] {scheduler_job.py:190} INFO - Processing /opt/airflow/dags/1636300228.xlsx took 0.024 seconds
[2021-11-07 16:58:51,522] {scheduler_job.py:182} INFO - Started process (PID=449) to work on /opt/airflow/dags/1636300228.xlsx
[2021-11-07 16:58:51,524] {scheduler_job.py:629} INFO - Processing file /opt/airflow/dags/1636300228.xlsx for tasks to queue
[2021-11-07 16:58:51,525] {logging_mixin.py:104} INFO - [2021-11-07 16:58:51,525] {dagbag.py:448} INFO - Filling up the DagBag from /opt/airflow/dags/1636300228.xlsx
[2021-11-07 16:58:51,558] {scheduler_job.py:641} WARNING - No viable dags retrieved from /opt/airflow/dags/1636300228.xlsx
[2021-11-07 16:58:51,582] {scheduler_job.py:190} INFO - Processing /opt/airflow/dags/1636300228.xlsx took 0.062 seconds
[2021-11-07 16:59:21,984] {scheduler_job.py:182} INFO - Started process (PID=477) to work on /opt/airflow/dags/1636300228.xlsx
[2021-11-07 16:59:21,985] {scheduler_job.py:629} INFO - Processing file /opt/airflow/dags/1636300228.xlsx for tasks to queue
[2021-11-07 16:59:21,986] {logging_mixin.py:104} INFO - [2021-11-07 16:59:21,986] {dagbag.py:448} INFO - Filling up the DagBag from /opt/airflow/dags/1636300228.xlsx
[2021-11-07 16:59:21,995] {scheduler_job.py:641} WARNING - No viable dags retrieved from /opt/airflow/dags/1636300228.xlsx
[2021-11-07 16:59:22,006] {scheduler_job.py:190} INFO - Processing /opt/airflow/dags/1636300228.xlsx took 0.024 seconds
[2021-11-07 16:59:52,560] {scheduler_job.py:182} INFO - Started process (PID=507) to work on /opt/airflow/dags/1636300228.xlsx
[2021-11-07 16:59:52,561] {scheduler_job.py:629} INFO - Processing file /opt/airflow/dags/1636300228.xlsx for tasks to queue
[2021-11-07 16:59:52,562] {logging_mixin.py:104} INFO - [2021-11-07 16:59:52,562] {dagbag.py:448} INFO - Filling up the DagBag from /opt/airflow/dags/1636300228.xlsx
[2021-11-07 16:59:52,572] {scheduler_job.py:641} WARNING - No viable dags retrieved from /opt/airflow/dags/1636300228.xlsx
[2021-11-07 16:59:52,583] {scheduler_job.py:190} INFO - Processing /opt/airflow/dags/1636300228.xlsx took 0.024 seconds
[2021-11-07 17:00:23,102] {scheduler_job.py:182} INFO - Started process (PID=536) to work on /opt/airflow/dags/1636300228.xlsx
[2021-11-07 17:00:23,103] {scheduler_job.py:629} INFO - Processing file /opt/airflow/dags/1636300228.xlsx for tasks to queue
[2021-11-07 17:00:23,104] {logging_mixin.py:104} INFO - [2021-11-07 17:00:23,104] {dagbag.py:448} INFO - Filling up the DagBag from /opt/airflow/dags/1636300228.xlsx
[2021-11-07 17:00:23,117] {scheduler_job.py:641} WARNING - No viable dags retrieved from /opt/airflow/dags/1636300228.xlsx
[2021-11-07 17:00:23,129] {scheduler_job.py:190} INFO - Processing /opt/airflow/dags/1636300228.xlsx took 0.028 seconds
[2021-11-07 17:00:53,653] {scheduler_job.py:182} INFO - Started process (PID=565) to work on /opt/airflow/dags/1636300228.xlsx
[2021-11-07 17:00:53,654] {scheduler_job.py:629} INFO - Processing file /opt/airflow/dags/1636300228.xlsx for tasks to queue
[2021-11-07 17:00:53,655] {logging_mixin.py:104} INFO - [2021-11-07 17:00:53,655] {dagbag.py:448} INFO - Filling up the DagBag from /opt/airflow/dags/1636300228.xlsx
[2021-11-07 17:00:53,666] {scheduler_job.py:641} WARNING - No viable dags retrieved from /opt/airflow/dags/1636300228.xlsx
[2021-11-07 17:00:53,677] {scheduler_job.py:190} INFO - Processing /opt/airflow/dags/1636300228.xlsx took 0.026 seconds
[2021-11-07 17:01:24,131] {scheduler_job.py:182} INFO - Started process (PID=594) to work on /opt/airflow/dags/1636300228.xlsx
[2021-11-07 17:01:24,132] {scheduler_job.py:629} INFO - Processing file /opt/airflow/dags/1636300228.xlsx for tasks to queue
[2021-11-07 17:01:24,133] {logging_mixin.py:104} INFO - [2021-11-07 17:01:24,133] {dagbag.py:448} INFO - Filling up the DagBag from /opt/airflow/dags/1636300228.xlsx
[2021-11-07 17:01:24,143] {scheduler_job.py:641} WARNING - No viable dags retrieved from /opt/airflow/dags/1636300228.xlsx
[2021-11-07 17:01:24,154] {scheduler_job.py:190} INFO - Processing /opt/airflow/dags/1636300228.xlsx took 0.025 seconds
[2021-11-07 17:01:54,650] {scheduler_job.py:182} INFO - Started process (PID=623) to work on /opt/airflow/dags/1636300228.xlsx
[2021-11-07 17:01:54,651] {scheduler_job.py:629} INFO - Processing file /opt/airflow/dags/1636300228.xlsx for tasks to queue
[2021-11-07 17:01:54,652] {logging_mixin.py:104} INFO - [2021-11-07 17:01:54,652] {dagbag.py:448} INFO - Filling up the DagBag from /opt/airflow/dags/1636300228.xlsx
[2021-11-07 17:01:54,661] {scheduler_job.py:641} WARNING - No viable dags retrieved from /opt/airflow/dags/1636300228.xlsx
[2021-11-07 17:01:54,671] {scheduler_job.py:190} INFO - Processing /opt/airflow/dags/1636300228.xlsx took 0.022 seconds
[2021-11-07 17:02:25,121] {scheduler_job.py:182} INFO - Started process (PID=652) to work on /opt/airflow/dags/1636300228.xlsx
[2021-11-07 17:02:25,122] {scheduler_job.py:629} INFO - Processing file /opt/airflow/dags/1636300228.xlsx for tasks to queue
[2021-11-07 17:02:25,123] {logging_mixin.py:104} INFO - [2021-11-07 17:02:25,123] {dagbag.py:448} INFO - Filling up the DagBag from /opt/airflow/dags/1636300228.xlsx
[2021-11-07 17:02:25,133] {scheduler_job.py:641} WARNING - No viable dags retrieved from /opt/airflow/dags/1636300228.xlsx
[2021-11-07 17:02:25,145] {scheduler_job.py:190} INFO - Processing /opt/airflow/dags/1636300228.xlsx took 0.027 seconds
[2021-11-07 17:02:55,758] {scheduler_job.py:182} INFO - Started process (PID=681) to work on /opt/airflow/dags/1636300228.xlsx
[2021-11-07 17:02:55,759] {scheduler_job.py:629} INFO - Processing file /opt/airflow/dags/1636300228.xlsx for tasks to queue
[2021-11-07 17:02:55,761] {logging_mixin.py:104} INFO - [2021-11-07 17:02:55,760] {dagbag.py:448} INFO - Filling up the DagBag from /opt/airflow/dags/1636300228.xlsx
[2021-11-07 17:02:55,762] {scheduler_job.py:641} WARNING - No viable dags retrieved from /opt/airflow/dags/1636300228.xlsx
[2021-11-07 17:02:55,762] {scheduler_job.py:190} INFO - Processing /opt/airflow/dags/1636300228.xlsx took 0.006 seconds
[2021-11-07 17:03:25,952] {scheduler_job.py:182} INFO - Started process (PID=708) to work on /opt/airflow/dags/1636300228.xlsx
[2021-11-07 17:03:25,954] {scheduler_job.py:629} INFO - Processing file /opt/airflow/dags/1636300228.xlsx for tasks to queue
[2021-11-07 17:03:25,954] {logging_mixin.py:104} INFO - [2021-11-07 17:03:25,954] {dagbag.py:448} INFO - Filling up the DagBag from /opt/airflow/dags/1636300228.xlsx
[2021-11-07 17:03:25,955] {scheduler_job.py:641} WARNING - No viable dags retrieved from /opt/airflow/dags/1636300228.xlsx
[2021-11-07 17:03:25,956] {scheduler_job.py:190} INFO - Processing /opt/airflow/dags/1636300228.xlsx took 0.007 seconds
[2021-11-07 17:03:56,028] {scheduler_job.py:182} INFO - Started process (PID=735) to work on /opt/airflow/dags/1636300228.xlsx
[2021-11-07 17:03:56,030] {scheduler_job.py:629} INFO - Processing file /opt/airflow/dags/1636300228.xlsx for tasks to queue
[2021-11-07 17:03:56,031] {logging_mixin.py:104} INFO - [2021-11-07 17:03:56,031] {dagbag.py:448} INFO - Filling up the DagBag from /opt/airflow/dags/1636300228.xlsx
[2021-11-07 17:03:56,032] {scheduler_job.py:641} WARNING - No viable dags retrieved from /opt/airflow/dags/1636300228.xlsx
[2021-11-07 17:03:56,032] {scheduler_job.py:190} INFO - Processing /opt/airflow/dags/1636300228.xlsx took 0.006 seconds
[2021-11-07 17:04:26,067] {scheduler_job.py:182} INFO - Started process (PID=761) to work on /opt/airflow/dags/1636300228.xlsx
[2021-11-07 17:04:26,068] {scheduler_job.py:629} INFO - Processing file /opt/airflow/dags/1636300228.xlsx for tasks to queue
[2021-11-07 17:04:26,070] {logging_mixin.py:104} INFO - [2021-11-07 17:04:26,069] {dagbag.py:448} INFO - Filling up the DagBag from /opt/airflow/dags/1636300228.xlsx
[2021-11-07 17:04:26,070] {scheduler_job.py:641} WARNING - No viable dags retrieved from /opt/airflow/dags/1636300228.xlsx
[2021-11-07 17:04:26,071] {scheduler_job.py:190} INFO - Processing /opt/airflow/dags/1636300228.xlsx took 0.006 seconds
[2021-11-07 17:04:56,442] {scheduler_job.py:182} INFO - Started process (PID=794) to work on /opt/airflow/dags/1636300228.xlsx
[2021-11-07 17:04:56,443] {scheduler_job.py:629} INFO - Processing file /opt/airflow/dags/1636300228.xlsx for tasks to queue
[2021-11-07 17:04:56,444] {logging_mixin.py:104} INFO - [2021-11-07 17:04:56,443] {dagbag.py:448} INFO - Filling up the DagBag from /opt/airflow/dags/1636300228.xlsx
[2021-11-07 17:04:56,444] {scheduler_job.py:641} WARNING - No viable dags retrieved from /opt/airflow/dags/1636300228.xlsx
[2021-11-07 17:04:56,445] {scheduler_job.py:190} INFO - Processing /opt/airflow/dags/1636300228.xlsx took 0.005 seconds
[2021-11-07 17:05:26,795] {scheduler_job.py:182} INFO - Started process (PID=823) to work on /opt/airflow/dags/1636300228.xlsx
[2021-11-07 17:05:26,796] {scheduler_job.py:629} INFO - Processing file /opt/airflow/dags/1636300228.xlsx for tasks to queue
[2021-11-07 17:05:26,796] {logging_mixin.py:104} INFO - [2021-11-07 17:05:26,796] {dagbag.py:448} INFO - Filling up the DagBag from /opt/airflow/dags/1636300228.xlsx
[2021-11-07 17:05:26,797] {scheduler_job.py:641} WARNING - No viable dags retrieved from /opt/airflow/dags/1636300228.xlsx
[2021-11-07 17:05:26,798] {scheduler_job.py:190} INFO - Processing /opt/airflow/dags/1636300228.xlsx took 0.005 seconds
[2021-11-07 17:05:56,830] {scheduler_job.py:182} INFO - Started process (PID=850) to work on /opt/airflow/dags/1636300228.xlsx
[2021-11-07 17:05:56,831] {scheduler_job.py:629} INFO - Processing file /opt/airflow/dags/1636300228.xlsx for tasks to queue
[2021-11-07 17:05:56,832] {logging_mixin.py:104} INFO - [2021-11-07 17:05:56,831] {dagbag.py:448} INFO - Filling up the DagBag from /opt/airflow/dags/1636300228.xlsx
[2021-11-07 17:05:56,832] {scheduler_job.py:641} WARNING - No viable dags retrieved from /opt/airflow/dags/1636300228.xlsx
[2021-11-07 17:05:56,833] {scheduler_job.py:190} INFO - Processing /opt/airflow/dags/1636300228.xlsx took 0.005 seconds
[2021-11-07 17:06:27,091] {scheduler_job.py:182} INFO - Started process (PID=881) to work on /opt/airflow/dags/1636300228.xlsx
[2021-11-07 17:06:27,092] {scheduler_job.py:629} INFO - Processing file /opt/airflow/dags/1636300228.xlsx for tasks to queue
[2021-11-07 17:06:27,093] {logging_mixin.py:104} INFO - [2021-11-07 17:06:27,093] {dagbag.py:448} INFO - Filling up the DagBag from /opt/airflow/dags/1636300228.xlsx
[2021-11-07 17:06:27,094] {scheduler_job.py:641} WARNING - No viable dags retrieved from /opt/airflow/dags/1636300228.xlsx
[2021-11-07 17:06:27,094] {scheduler_job.py:190} INFO - Processing /opt/airflow/dags/1636300228.xlsx took 0.005 seconds
