[2021-12-31 09:58:43,388] {taskinstance.py:903} INFO - Dependencies all met for <TaskInstance: main_dag.merge 2021-12-30T09:53:43.022101+00:00 [queued]>
[2021-12-31 09:58:43,399] {taskinstance.py:903} INFO - Dependencies all met for <TaskInstance: main_dag.merge 2021-12-30T09:53:43.022101+00:00 [queued]>
[2021-12-31 09:58:43,400] {taskinstance.py:1094} INFO - 
--------------------------------------------------------------------------------
[2021-12-31 09:58:43,400] {taskinstance.py:1095} INFO - Starting attempt 1 of 2
[2021-12-31 09:58:43,400] {taskinstance.py:1096} INFO - 
--------------------------------------------------------------------------------
[2021-12-31 09:58:43,416] {taskinstance.py:1114} INFO - Executing <Task(PythonOperator): merge> on 2021-12-30T09:53:43.022101+00:00
[2021-12-31 09:58:43,421] {standard_task_runner.py:52} INFO - Started process 6963 to run task
[2021-12-31 09:58:43,423] {standard_task_runner.py:76} INFO - Running: ['***', 'tasks', 'run', 'main_dag', 'merge', '2021-12-30T09:53:43.022101+00:00', '--job-id', '52', '--pool', 'default_pool', '--raw', '--subdir', 'DAGS_FOLDER/main_dag.py', '--cfg-path', '/tmp/tmpa__udh0a', '--error-file', '/tmp/tmp0dl5m73f']
[2021-12-31 09:58:43,424] {standard_task_runner.py:77} INFO - Job 52: Subtask merge
[2021-12-31 09:58:43,461] {logging_mixin.py:109} INFO - Running <TaskInstance: main_dag.merge 2021-12-30T09:53:43.022101+00:00 [running]> on host 71257c6b2a25
[2021-12-31 09:58:43,511] {taskinstance.py:1251} INFO - Exporting the following env vars:
AIRFLOW_CTX_DAG_OWNER=***
AIRFLOW_CTX_DAG_ID=main_dag
AIRFLOW_CTX_TASK_ID=merge
AIRFLOW_CTX_EXECUTION_DATE=2021-12-30T09:53:43.022101+00:00
AIRFLOW_CTX_DAG_RUN_ID=scheduled__2021-12-30T09:53:43.022101+00:00
[2021-12-31 09:58:43,818] {logging_mixin.py:109} WARNING - /home/***/.local/lib/python3.8/site-packages/pandas/core/array_algos/replace.py:84 FutureWarning: elementwise comparison failed; returning scalar instead, but in the future will perform elementwise comparison
[2021-12-31 09:58:43,818] {taskinstance.py:1462} ERROR - Task failed with exception
Traceback (most recent call last):
  File "/home/airflow/.local/lib/python3.8/site-packages/airflow/models/taskinstance.py", line 1164, in _run_raw_task
    self._prepare_and_execute_task_with_callbacks(context, task)
  File "/home/airflow/.local/lib/python3.8/site-packages/airflow/models/taskinstance.py", line 1282, in _prepare_and_execute_task_with_callbacks
    result = self._execute_task(context, task_copy)
  File "/home/airflow/.local/lib/python3.8/site-packages/airflow/models/taskinstance.py", line 1312, in _execute_task
    result = task_copy.execute(context=context)
  File "/home/airflow/.local/lib/python3.8/site-packages/airflow/operators/python.py", line 150, in execute
    return_value = self.execute_callable()
  File "/home/airflow/.local/lib/python3.8/site-packages/airflow/operators/python.py", line 161, in execute_callable
    return self.python_callable(*self.op_args, **self.op_kwargs)
  File "/opt/airflow/dags/main_dag.py", line 237, in merge_all
    final = final.replace({"'": "''"})
  File "/home/airflow/.local/lib/python3.8/site-packages/pandas/core/frame.py", line 5233, in replace
    return super().replace(
  File "/home/airflow/.local/lib/python3.8/site-packages/pandas/core/generic.py", line 6525, in replace
    return self.replace(
  File "/home/airflow/.local/lib/python3.8/site-packages/pandas/core/frame.py", line 5233, in replace
    return super().replace(
  File "/home/airflow/.local/lib/python3.8/site-packages/pandas/core/generic.py", line 6574, in replace
    new_data = self._mgr.replace_list(
  File "/home/airflow/.local/lib/python3.8/site-packages/pandas/core/internals/managers.py", line 451, in replace_list
    bm = self.apply(
  File "/home/airflow/.local/lib/python3.8/site-packages/pandas/core/internals/managers.py", line 327, in apply
    applied = getattr(b, f)(**kwargs)
  File "/home/airflow/.local/lib/python3.8/site-packages/pandas/core/internals/blocks.py", line 798, in _replace_list
    masks = [
  File "/home/airflow/.local/lib/python3.8/site-packages/pandas/core/internals/blocks.py", line 799, in <listcomp>
    compare_or_regex_search(values, s[0], regex=regex, mask=mask)
  File "/home/airflow/.local/lib/python3.8/site-packages/pandas/core/array_algos/replace.py", line 114, in compare_or_regex_search
    _check_comparison_types(result, a, b)
  File "/home/airflow/.local/lib/python3.8/site-packages/pandas/core/array_algos/replace.py", line 79, in _check_comparison_types
    raise TypeError(
TypeError: Cannot compare types 'ndarray(dtype=object)' and 'str'
[2021-12-31 09:58:43,835] {taskinstance.py:1505} INFO - Marking task as UP_FOR_RETRY. dag_id=main_dag, task_id=merge, execution_date=20211230T095343, start_date=20211231T095843, end_date=20211231T095843
[2021-12-31 09:58:43,877] {local_task_job.py:151} INFO - Task exited with return code 1
