[2021-12-31 15:50:37,931] {taskinstance.py:903} INFO - Dependencies all met for <TaskInstance: main_dag.download_vision_data 2021-12-31T15:47:34.975008+00:00 [queued]>
[2021-12-31 15:50:37,942] {taskinstance.py:903} INFO - Dependencies all met for <TaskInstance: main_dag.download_vision_data 2021-12-31T15:47:34.975008+00:00 [queued]>
[2021-12-31 15:50:37,943] {taskinstance.py:1094} INFO - 
--------------------------------------------------------------------------------
[2021-12-31 15:50:37,943] {taskinstance.py:1095} INFO - Starting attempt 1 of 2
[2021-12-31 15:50:37,943] {taskinstance.py:1096} INFO - 
--------------------------------------------------------------------------------
[2021-12-31 15:50:37,961] {taskinstance.py:1114} INFO - Executing <Task(PythonOperator): download_vision_data> on 2021-12-31T15:47:34.975008+00:00
[2021-12-31 15:50:37,966] {standard_task_runner.py:52} INFO - Started process 16956 to run task
[2021-12-31 15:50:37,969] {standard_task_runner.py:76} INFO - Running: ['***', 'tasks', 'run', 'main_dag', 'download_vision_data', '2021-12-31T15:47:34.975008+00:00', '--job-id', '138', '--pool', 'default_pool', '--raw', '--subdir', 'DAGS_FOLDER/main_dag.py', '--cfg-path', '/tmp/tmpl7sepx_j', '--error-file', '/tmp/tmp9w3xufyg']
[2021-12-31 15:50:37,970] {standard_task_runner.py:77} INFO - Job 138: Subtask download_vision_data
[2021-12-31 15:50:38,008] {logging_mixin.py:109} INFO - Running <TaskInstance: main_dag.download_vision_data 2021-12-31T15:47:34.975008+00:00 [running]> on host 8e99a5d40b8f
[2021-12-31 15:50:38,060] {taskinstance.py:1251} INFO - Exporting the following env vars:
AIRFLOW_CTX_DAG_OWNER=***
AIRFLOW_CTX_DAG_ID=main_dag
AIRFLOW_CTX_TASK_ID=download_vision_data
AIRFLOW_CTX_EXECUTION_DATE=2021-12-31T15:47:34.975008+00:00
AIRFLOW_CTX_DAG_RUN_ID=manual__2021-12-31T15:47:34.975008+00:00
[2021-12-31 15:51:24,065] {logging_mixin.py:109} INFO - File downloaded successfully.
[2021-12-31 15:51:24,065] {python.py:151} INFO - Done. Returned value was: None
[2021-12-31 15:51:24,076] {taskinstance.py:1211} INFO - Marking task as SUCCESS. dag_id=main_dag, task_id=download_vision_data, execution_date=20211231T154734, start_date=20211231T155037, end_date=20211231T155124
[2021-12-31 15:51:24,106] {local_task_job.py:151} INFO - Task exited with return code 0
