[2021-12-28 18:09:15,924] {taskinstance.py:903} INFO - Dependencies all met for <TaskInstance: cleansing_dag.cleanse_kym 2021-12-27T18:09:12.698303+00:00 [queued]>
[2021-12-28 18:09:15,951] {taskinstance.py:903} INFO - Dependencies all met for <TaskInstance: cleansing_dag.cleanse_kym 2021-12-27T18:09:12.698303+00:00 [queued]>
[2021-12-28 18:09:15,952] {taskinstance.py:1094} INFO - 
--------------------------------------------------------------------------------
[2021-12-28 18:09:15,952] {taskinstance.py:1095} INFO - Starting attempt 1 of 2
[2021-12-28 18:09:15,953] {taskinstance.py:1096} INFO - 
--------------------------------------------------------------------------------
[2021-12-28 18:09:15,974] {taskinstance.py:1114} INFO - Executing <Task(PythonOperator): cleanse_kym> on 2021-12-27T18:09:12.698303+00:00
[2021-12-28 18:09:15,981] {standard_task_runner.py:52} INFO - Started process 88 to run task
[2021-12-28 18:09:15,987] {standard_task_runner.py:76} INFO - Running: ['***', 'tasks', 'run', 'cleansing_dag', 'cleanse_kym', '2021-12-27T18:09:12.698303+00:00', '--job-id', '173', '--pool', 'default_pool', '--raw', '--subdir', 'DAGS_FOLDER/kym_cleansing.py', '--cfg-path', '/tmp/tmpc74wzqjj', '--error-file', '/tmp/tmp7tij56q7']
[2021-12-28 18:09:15,988] {standard_task_runner.py:77} INFO - Job 173: Subtask cleanse_kym
[2021-12-28 18:09:16,043] {logging_mixin.py:109} INFO - Running <TaskInstance: cleansing_dag.cleanse_kym 2021-12-27T18:09:12.698303+00:00 [running]> on host 8081e0fc56fe
[2021-12-28 18:09:16,139] {taskinstance.py:1251} INFO - Exporting the following env vars:
AIRFLOW_CTX_DAG_OWNER=***
AIRFLOW_CTX_DAG_ID=cleansing_dag
AIRFLOW_CTX_TASK_ID=cleanse_kym
AIRFLOW_CTX_EXECUTION_DATE=2021-12-27T18:09:12.698303+00:00
AIRFLOW_CTX_DAG_RUN_ID=scheduled__2021-12-27T18:09:12.698303+00:00
[2021-12-28 18:13:03,053] {python.py:151} INFO - Done. Returned value was: None
[2021-12-28 18:13:03,090] {taskinstance.py:1211} INFO - Marking task as SUCCESS. dag_id=cleansing_dag, task_id=cleanse_kym, execution_date=20211227T180912, start_date=20211228T180915, end_date=20211228T181303
[2021-12-28 18:13:03,141] {local_task_job.py:151} INFO - Task exited with return code 0
