[2021-12-30 16:23:52,504] {taskinstance.py:903} INFO - Dependencies all met for <TaskInstance: cleansing_dag.cleanse_spotlight 2021-12-30T16:23:49.073715+00:00 [queued]>
[2021-12-30 16:23:52,526] {taskinstance.py:903} INFO - Dependencies all met for <TaskInstance: cleansing_dag.cleanse_spotlight 2021-12-30T16:23:49.073715+00:00 [queued]>
[2021-12-30 16:23:52,527] {taskinstance.py:1094} INFO - 
--------------------------------------------------------------------------------
[2021-12-30 16:23:52,528] {taskinstance.py:1095} INFO - Starting attempt 1 of 2
[2021-12-30 16:23:52,529] {taskinstance.py:1096} INFO - 
--------------------------------------------------------------------------------
[2021-12-30 16:23:52,546] {taskinstance.py:1114} INFO - Executing <Task(PythonOperator): cleanse_spotlight> on 2021-12-30T16:23:49.073715+00:00
[2021-12-30 16:23:52,554] {standard_task_runner.py:52} INFO - Started process 7057 to run task
[2021-12-30 16:23:52,559] {standard_task_runner.py:76} INFO - Running: ['***', 'tasks', 'run', 'cleansing_dag', 'cleanse_spotlight', '2021-12-30T16:23:49.073715+00:00', '--job-id', '22', '--pool', 'default_pool', '--raw', '--subdir', 'DAGS_FOLDER/kym_cleansing.py', '--cfg-path', '/tmp/tmpzgutmxde', '--error-file', '/tmp/tmpkjleqss0']
[2021-12-30 16:23:52,559] {standard_task_runner.py:77} INFO - Job 22: Subtask cleanse_spotlight
[2021-12-30 16:23:52,677] {logging_mixin.py:109} INFO - Running <TaskInstance: cleansing_dag.cleanse_spotlight 2021-12-30T16:23:49.073715+00:00 [running]> on host 71257c6b2a25
[2021-12-30 16:23:52,741] {taskinstance.py:1251} INFO - Exporting the following env vars:
AIRFLOW_CTX_DAG_OWNER=***
AIRFLOW_CTX_DAG_ID=cleansing_dag
AIRFLOW_CTX_TASK_ID=cleanse_spotlight
AIRFLOW_CTX_EXECUTION_DATE=2021-12-30T16:23:49.073715+00:00
AIRFLOW_CTX_DAG_RUN_ID=manual__2021-12-30T16:23:49.073715+00:00
[2021-12-30 16:24:05,374] {python.py:151} INFO - Done. Returned value was: None
[2021-12-30 16:24:05,396] {taskinstance.py:1211} INFO - Marking task as SUCCESS. dag_id=cleansing_dag, task_id=cleanse_spotlight, execution_date=20211230T162349, start_date=20211230T162352, end_date=20211230T162405
[2021-12-30 16:24:05,428] {local_task_job.py:151} INFO - Task exited with return code 0
