[2021-12-29 12:49:42,545] {taskinstance.py:903} INFO - Dependencies all met for <TaskInstance: cleansing_dag.cleanse_spotlight 2021-12-28T12:49:40.251394+00:00 [queued]>
[2021-12-29 12:49:42,572] {taskinstance.py:903} INFO - Dependencies all met for <TaskInstance: cleansing_dag.cleanse_spotlight 2021-12-28T12:49:40.251394+00:00 [queued]>
[2021-12-29 12:49:42,573] {taskinstance.py:1094} INFO - 
--------------------------------------------------------------------------------
[2021-12-29 12:49:42,573] {taskinstance.py:1095} INFO - Starting attempt 1 of 2
[2021-12-29 12:49:42,574] {taskinstance.py:1096} INFO - 
--------------------------------------------------------------------------------
[2021-12-29 12:49:42,589] {taskinstance.py:1114} INFO - Executing <Task(PythonOperator): cleanse_spotlight> on 2021-12-28T12:49:40.251394+00:00
[2021-12-29 12:49:42,593] {standard_task_runner.py:52} INFO - Started process 20658 to run task
[2021-12-29 12:49:42,597] {standard_task_runner.py:76} INFO - Running: ['***', 'tasks', 'run', 'cleansing_dag', 'cleanse_spotlight', '2021-12-28T12:49:40.251394+00:00', '--job-id', '347', '--pool', 'default_pool', '--raw', '--subdir', 'DAGS_FOLDER/kym_cleansing.py', '--cfg-path', '/tmp/tmp7caq5laq', '--error-file', '/tmp/tmpf2hir8t6']
[2021-12-29 12:49:42,598] {standard_task_runner.py:77} INFO - Job 347: Subtask cleanse_spotlight
[2021-12-29 12:49:42,644] {logging_mixin.py:109} INFO - Running <TaskInstance: cleansing_dag.cleanse_spotlight 2021-12-28T12:49:40.251394+00:00 [running]> on host 34521d0e1651
[2021-12-29 12:49:42,716] {taskinstance.py:1251} INFO - Exporting the following env vars:
AIRFLOW_CTX_DAG_OWNER=***
AIRFLOW_CTX_DAG_ID=cleansing_dag
AIRFLOW_CTX_TASK_ID=cleanse_spotlight
AIRFLOW_CTX_EXECUTION_DATE=2021-12-28T12:49:40.251394+00:00
AIRFLOW_CTX_DAG_RUN_ID=scheduled__2021-12-28T12:49:40.251394+00:00
[2021-12-29 12:49:53,763] {python.py:151} INFO - Done. Returned value was: None
[2021-12-29 12:49:53,777] {taskinstance.py:1211} INFO - Marking task as SUCCESS. dag_id=cleansing_dag, task_id=cleanse_spotlight, execution_date=20211228T124940, start_date=20211229T124942, end_date=20211229T124953
[2021-12-29 12:49:53,825] {local_task_job.py:151} INFO - Task exited with return code 0
