[2021-12-31 14:29:52,496] {taskinstance.py:903} INFO - Dependencies all met for <TaskInstance: main_dag.create_fact_table_query 2021-12-30T14:24:46.319481+00:00 [queued]>
[2021-12-31 14:29:52,508] {taskinstance.py:903} INFO - Dependencies all met for <TaskInstance: main_dag.create_fact_table_query 2021-12-30T14:24:46.319481+00:00 [queued]>
[2021-12-31 14:29:52,509] {taskinstance.py:1094} INFO - 
--------------------------------------------------------------------------------
[2021-12-31 14:29:52,509] {taskinstance.py:1095} INFO - Starting attempt 1 of 2
[2021-12-31 14:29:52,510] {taskinstance.py:1096} INFO - 
--------------------------------------------------------------------------------
[2021-12-31 14:29:52,531] {taskinstance.py:1114} INFO - Executing <Task(PythonOperator): create_fact_table_query> on 2021-12-30T14:24:46.319481+00:00
[2021-12-31 14:29:52,536] {standard_task_runner.py:52} INFO - Started process 7141 to run task
[2021-12-31 14:29:52,539] {standard_task_runner.py:76} INFO - Running: ['***', 'tasks', 'run', 'main_dag', 'create_fact_table_query', '2021-12-30T14:24:46.319481+00:00', '--job-id', '23', '--pool', 'default_pool', '--raw', '--subdir', 'DAGS_FOLDER/main_dag.py', '--cfg-path', '/tmp/tmpbfsef1k6', '--error-file', '/tmp/tmp5x2w1uqz']
[2021-12-31 14:29:52,540] {standard_task_runner.py:77} INFO - Job 23: Subtask create_fact_table_query
[2021-12-31 14:29:52,578] {logging_mixin.py:109} INFO - Running <TaskInstance: main_dag.create_fact_table_query 2021-12-30T14:24:46.319481+00:00 [running]> on host 8e99a5d40b8f
[2021-12-31 14:29:52,627] {taskinstance.py:1251} INFO - Exporting the following env vars:
AIRFLOW_CTX_DAG_OWNER=***
AIRFLOW_CTX_DAG_ID=main_dag
AIRFLOW_CTX_TASK_ID=create_fact_table_query
AIRFLOW_CTX_EXECUTION_DATE=2021-12-30T14:24:46.319481+00:00
AIRFLOW_CTX_DAG_RUN_ID=scheduled__2021-12-30T14:24:46.319481+00:00
[2021-12-31 14:29:54,453] {python.py:151} INFO - Done. Returned value was: None
[2021-12-31 14:29:54,464] {taskinstance.py:1211} INFO - Marking task as SUCCESS. dag_id=main_dag, task_id=create_fact_table_query, execution_date=20211230T142446, start_date=20211231T142952, end_date=20211231T142954
[2021-12-31 14:29:54,518] {local_task_job.py:151} INFO - Task exited with return code 0
