[2021-12-30 12:18:45,448] {taskinstance.py:903} INFO - Dependencies all met for <TaskInstance: cleansing_dag.merge 2021-12-30T12:16:01.909559+00:00 [queued]>
[2021-12-30 12:18:45,462] {taskinstance.py:903} INFO - Dependencies all met for <TaskInstance: cleansing_dag.merge 2021-12-30T12:16:01.909559+00:00 [queued]>
[2021-12-30 12:18:45,463] {taskinstance.py:1094} INFO - 
--------------------------------------------------------------------------------
[2021-12-30 12:18:45,464] {taskinstance.py:1095} INFO - Starting attempt 1 of 2
[2021-12-30 12:18:45,464] {taskinstance.py:1096} INFO - 
--------------------------------------------------------------------------------
[2021-12-30 12:18:45,481] {taskinstance.py:1114} INFO - Executing <Task(PythonOperator): merge> on 2021-12-30T12:16:01.909559+00:00
[2021-12-30 12:18:45,486] {standard_task_runner.py:52} INFO - Started process 16292 to run task
[2021-12-30 12:18:45,489] {standard_task_runner.py:76} INFO - Running: ['***', 'tasks', 'run', 'cleansing_dag', 'merge', '2021-12-30T12:16:01.909559+00:00', '--job-id', '79', '--pool', 'default_pool', '--raw', '--subdir', 'DAGS_FOLDER/kym_cleansing.py', '--cfg-path', '/tmp/tmpjavp8zz1', '--error-file', '/tmp/tmpfp_vbw4e']
[2021-12-30 12:18:45,490] {standard_task_runner.py:77} INFO - Job 79: Subtask merge
[2021-12-30 12:18:45,531] {logging_mixin.py:109} INFO - Running <TaskInstance: cleansing_dag.merge 2021-12-30T12:16:01.909559+00:00 [running]> on host 2eb70c976689
[2021-12-30 12:18:45,585] {taskinstance.py:1251} INFO - Exporting the following env vars:
AIRFLOW_CTX_DAG_OWNER=***
AIRFLOW_CTX_DAG_ID=cleansing_dag
AIRFLOW_CTX_TASK_ID=merge
AIRFLOW_CTX_EXECUTION_DATE=2021-12-30T12:16:01.909559+00:00
AIRFLOW_CTX_DAG_RUN_ID=manual__2021-12-30T12:16:01.909559+00:00
[2021-12-30 12:18:46,316] {python.py:151} INFO - Done. Returned value was: None
[2021-12-30 12:18:46,327] {taskinstance.py:1211} INFO - Marking task as SUCCESS. dag_id=cleansing_dag, task_id=merge, execution_date=20211230T121601, start_date=20211230T121845, end_date=20211230T121846
[2021-12-30 12:18:46,385] {local_task_job.py:151} INFO - Task exited with return code 0
