[2021-12-29 14:46:04,372] {taskinstance.py:903} INFO - Dependencies all met for <TaskInstance: cleansing_dag.cleanse_kym 2021-12-28T14:46:03.505538+00:00 [queued]>
[2021-12-29 14:46:04,393] {taskinstance.py:903} INFO - Dependencies all met for <TaskInstance: cleansing_dag.cleanse_kym 2021-12-28T14:46:03.505538+00:00 [queued]>
[2021-12-29 14:46:04,394] {taskinstance.py:1094} INFO - 
--------------------------------------------------------------------------------
[2021-12-29 14:46:04,395] {taskinstance.py:1095} INFO - Starting attempt 1 of 2
[2021-12-29 14:46:04,395] {taskinstance.py:1096} INFO - 
--------------------------------------------------------------------------------
[2021-12-29 14:46:04,407] {taskinstance.py:1114} INFO - Executing <Task(PythonOperator): cleanse_kym> on 2021-12-28T14:46:03.505538+00:00
[2021-12-29 14:46:04,414] {standard_task_runner.py:52} INFO - Started process 25997 to run task
[2021-12-29 14:46:04,419] {standard_task_runner.py:76} INFO - Running: ['***', 'tasks', 'run', 'cleansing_dag', 'cleanse_kym', '2021-12-28T14:46:03.505538+00:00', '--job-id', '473', '--pool', 'default_pool', '--raw', '--subdir', 'DAGS_FOLDER/kym_cleansing.py', '--cfg-path', '/tmp/tmpmfl1o2wg', '--error-file', '/tmp/tmp9lgwiyhw']
[2021-12-29 14:46:04,420] {standard_task_runner.py:77} INFO - Job 473: Subtask cleanse_kym
[2021-12-29 14:46:04,469] {logging_mixin.py:109} INFO - Running <TaskInstance: cleansing_dag.cleanse_kym 2021-12-28T14:46:03.505538+00:00 [running]> on host 34521d0e1651
[2021-12-29 14:46:04,538] {taskinstance.py:1251} INFO - Exporting the following env vars:
AIRFLOW_CTX_DAG_OWNER=***
AIRFLOW_CTX_DAG_ID=cleansing_dag
AIRFLOW_CTX_TASK_ID=cleanse_kym
AIRFLOW_CTX_EXECUTION_DATE=2021-12-28T14:46:03.505538+00:00
AIRFLOW_CTX_DAG_RUN_ID=scheduled__2021-12-28T14:46:03.505538+00:00
[2021-12-29 14:49:00,829] {python.py:151} INFO - Done. Returned value was: None
[2021-12-29 14:49:00,871] {taskinstance.py:1211} INFO - Marking task as SUCCESS. dag_id=cleansing_dag, task_id=cleanse_kym, execution_date=20211228T144603, start_date=20211229T144604, end_date=20211229T144900
[2021-12-29 14:49:00,934] {local_task_job.py:151} INFO - Task exited with return code 0
