[2021-11-14 15:02:32,141] {taskinstance.py:851} INFO - Dependencies all met for <TaskInstance: first_dag.writeOut 2021-11-13T14:59:05.840470+00:00 [queued]>
[2021-11-14 15:02:32,171] {taskinstance.py:851} INFO - Dependencies all met for <TaskInstance: first_dag.writeOut 2021-11-13T14:59:05.840470+00:00 [queued]>
[2021-11-14 15:02:32,172] {taskinstance.py:1042} INFO - 
--------------------------------------------------------------------------------
[2021-11-14 15:02:32,172] {taskinstance.py:1043} INFO - Starting attempt 1 of 2
[2021-11-14 15:02:32,172] {taskinstance.py:1044} INFO - 
--------------------------------------------------------------------------------
[2021-11-14 15:02:32,188] {taskinstance.py:1063} INFO - Executing <Task(PythonOperator): writeOut> on 2021-11-13T14:59:05.840470+00:00
[2021-11-14 15:02:32,192] {standard_task_runner.py:52} INFO - Started process 59 to run task
[2021-11-14 15:02:32,195] {standard_task_runner.py:76} INFO - Running: ['airflow', 'tasks', 'run', 'first_dag', 'writeOut', '2021-11-13T14:59:05.840470+00:00', '--job-id', '23', '--pool', 'default_pool', '--raw', '--subdir', 'DAGS_FOLDER/first_dag.py', '--cfg-path', '/tmp/tmpblima0y5', '--error-file', '/tmp/tmpz8wqq76h']
[2021-11-14 15:02:32,196] {standard_task_runner.py:77} INFO - Job 23: Subtask writeOut
[2021-11-14 15:02:32,240] {logging_mixin.py:104} INFO - Running <TaskInstance: first_dag.writeOut 2021-11-13T14:59:05.840470+00:00 [running]> on host f65740cbacf4
[2021-11-14 15:02:32,316] {taskinstance.py:1257} INFO - Exporting the following env vars:
AIRFLOW_CTX_DAG_OWNER=airflow
AIRFLOW_CTX_DAG_ID=first_dag
AIRFLOW_CTX_TASK_ID=writeOut
AIRFLOW_CTX_EXECUTION_DATE=2021-11-13T14:59:05.840470+00:00
AIRFLOW_CTX_DAG_RUN_ID=scheduled__2021-11-13T14:59:05.840470+00:00
[2021-11-14 15:02:44,615] {taskinstance.py:1455} ERROR - write() argument must be str, not None
Traceback (most recent call last):
  File "/home/airflow/.local/lib/python3.6/site-packages/airflow/models/taskinstance.py", line 1112, in _run_raw_task
    self._prepare_and_execute_task_with_callbacks(context, task)
  File "/home/airflow/.local/lib/python3.6/site-packages/airflow/models/taskinstance.py", line 1285, in _prepare_and_execute_task_with_callbacks
    result = self._execute_task(context, task_copy)
  File "/home/airflow/.local/lib/python3.6/site-packages/airflow/models/taskinstance.py", line 1315, in _execute_task
    result = task_copy.execute(context=context)
  File "/home/airflow/.local/lib/python3.6/site-packages/airflow/operators/python.py", line 117, in execute
    return_value = self.execute_callable()
  File "/home/airflow/.local/lib/python3.6/site-packages/airflow/operators/python.py", line 128, in execute_callable
    return self.python_callable(*self.op_args, **self.op_kwargs)
  File "/opt/airflow/dags/first_dag.py", line 40, in writeOutToParquet
    f.write(df.to_parquet("kym_vision_processed.parquet"))
TypeError: write() argument must be str, not None
[2021-11-14 15:02:44,675] {taskinstance.py:1503} INFO - Marking task as UP_FOR_RETRY. dag_id=first_dag, task_id=writeOut, execution_date=20211113T145905, start_date=20211114T150232, end_date=20211114T150244
[2021-11-14 15:02:44,942] {local_task_job.py:146} INFO - Task exited with return code 1
