[2021-12-29 14:56:29,601] {taskinstance.py:903} INFO - Dependencies all met for <TaskInstance: cleansing_dag.create_tag_dimension_query 2021-12-28T14:53:47.862251+00:00 [queued]>
[2021-12-29 14:56:29,622] {taskinstance.py:903} INFO - Dependencies all met for <TaskInstance: cleansing_dag.create_tag_dimension_query 2021-12-28T14:53:47.862251+00:00 [queued]>
[2021-12-29 14:56:29,623] {taskinstance.py:1094} INFO - 
--------------------------------------------------------------------------------
[2021-12-29 14:56:29,623] {taskinstance.py:1095} INFO - Starting attempt 1 of 2
[2021-12-29 14:56:29,624] {taskinstance.py:1096} INFO - 
--------------------------------------------------------------------------------
[2021-12-29 14:56:29,638] {taskinstance.py:1114} INFO - Executing <Task(PythonOperator): create_tag_dimension_query> on 2021-12-28T14:53:47.862251+00:00
[2021-12-29 14:56:29,643] {standard_task_runner.py:52} INFO - Started process 14274 to run task
[2021-12-29 14:56:29,646] {standard_task_runner.py:76} INFO - Running: ['***', 'tasks', 'run', 'cleansing_dag', 'create_tag_dimension_query', '2021-12-28T14:53:47.862251+00:00', '--job-id', '498', '--pool', 'default_pool', '--raw', '--subdir', 'DAGS_FOLDER/kym_cleansing.py', '--cfg-path', '/tmp/tmpeikggzsj', '--error-file', '/tmp/tmpl9mu31ni']
[2021-12-29 14:56:29,647] {standard_task_runner.py:77} INFO - Job 498: Subtask create_tag_dimension_query
[2021-12-29 14:56:29,687] {logging_mixin.py:109} INFO - Running <TaskInstance: cleansing_dag.create_tag_dimension_query 2021-12-28T14:53:47.862251+00:00 [running]> on host 34521d0e1651
[2021-12-29 14:56:29,738] {taskinstance.py:1251} INFO - Exporting the following env vars:
AIRFLOW_CTX_DAG_OWNER=***
AIRFLOW_CTX_DAG_ID=cleansing_dag
AIRFLOW_CTX_TASK_ID=create_tag_dimension_query
AIRFLOW_CTX_EXECUTION_DATE=2021-12-28T14:53:47.862251+00:00
AIRFLOW_CTX_DAG_RUN_ID=scheduled__2021-12-28T14:53:47.862251+00:00
[2021-12-29 14:56:30,396] {python.py:151} INFO - Done. Returned value was: None
[2021-12-29 14:56:30,407] {taskinstance.py:1211} INFO - Marking task as SUCCESS. dag_id=cleansing_dag, task_id=create_tag_dimension_query, execution_date=20211228T145347, start_date=20211229T145629, end_date=20211229T145630
[2021-12-29 14:56:30,460] {local_task_job.py:151} INFO - Task exited with return code 0
