[2021-12-28 18:05:13,467] {taskinstance.py:903} INFO - Dependencies all met for <TaskInstance: cleansing_dag.create_tag_dimension_query 2021-12-27T18:02:06.809133+00:00 [queued]>
[2021-12-28 18:05:13,495] {taskinstance.py:903} INFO - Dependencies all met for <TaskInstance: cleansing_dag.create_tag_dimension_query 2021-12-27T18:02:06.809133+00:00 [queued]>
[2021-12-28 18:05:13,496] {taskinstance.py:1094} INFO - 
--------------------------------------------------------------------------------
[2021-12-28 18:05:13,496] {taskinstance.py:1095} INFO - Starting attempt 1 of 2
[2021-12-28 18:05:13,497] {taskinstance.py:1096} INFO - 
--------------------------------------------------------------------------------
[2021-12-28 18:05:13,517] {taskinstance.py:1114} INFO - Executing <Task(PythonOperator): create_tag_dimension_query> on 2021-12-27T18:02:06.809133+00:00
[2021-12-28 18:05:13,526] {standard_task_runner.py:52} INFO - Started process 13946 to run task
[2021-12-28 18:05:13,530] {standard_task_runner.py:76} INFO - Running: ['***', 'tasks', 'run', 'cleansing_dag', 'create_tag_dimension_query', '2021-12-27T18:02:06.809133+00:00', '--job-id', '157', '--pool', 'default_pool', '--raw', '--subdir', 'DAGS_FOLDER/kym_cleansing.py', '--cfg-path', '/tmp/tmpfnymfhep', '--error-file', '/tmp/tmp3qkzl4g6']
[2021-12-28 18:05:13,531] {standard_task_runner.py:77} INFO - Job 157: Subtask create_tag_dimension_query
[2021-12-28 18:05:13,613] {logging_mixin.py:109} INFO - Running <TaskInstance: cleansing_dag.create_tag_dimension_query 2021-12-27T18:02:06.809133+00:00 [running]> on host e75bb9f39fa6
[2021-12-28 18:05:13,702] {taskinstance.py:1251} INFO - Exporting the following env vars:
AIRFLOW_CTX_DAG_OWNER=***
AIRFLOW_CTX_DAG_ID=cleansing_dag
AIRFLOW_CTX_TASK_ID=create_tag_dimension_query
AIRFLOW_CTX_EXECUTION_DATE=2021-12-27T18:02:06.809133+00:00
AIRFLOW_CTX_DAG_RUN_ID=scheduled__2021-12-27T18:02:06.809133+00:00
[2021-12-28 18:05:14,637] {python.py:151} INFO - Done. Returned value was: None
[2021-12-28 18:05:14,651] {taskinstance.py:1211} INFO - Marking task as SUCCESS. dag_id=cleansing_dag, task_id=create_tag_dimension_query, execution_date=20211227T180206, start_date=20211228T180513, end_date=20211228T180514
[2021-12-28 18:05:14,718] {local_task_job.py:151} INFO - Task exited with return code 0
