[2021-12-30 12:18:53,071] {taskinstance.py:903} INFO - Dependencies all met for <TaskInstance: cleansing_dag.create_fact_table_query 2021-12-30T12:16:01.909559+00:00 [queued]>
[2021-12-30 12:18:53,085] {taskinstance.py:903} INFO - Dependencies all met for <TaskInstance: cleansing_dag.create_fact_table_query 2021-12-30T12:16:01.909559+00:00 [queued]>
[2021-12-30 12:18:53,085] {taskinstance.py:1094} INFO - 
--------------------------------------------------------------------------------
[2021-12-30 12:18:53,086] {taskinstance.py:1095} INFO - Starting attempt 1 of 2
[2021-12-30 12:18:53,086] {taskinstance.py:1096} INFO - 
--------------------------------------------------------------------------------
[2021-12-30 12:18:53,102] {taskinstance.py:1114} INFO - Executing <Task(PythonOperator): create_fact_table_query> on 2021-12-30T12:16:01.909559+00:00
[2021-12-30 12:18:53,108] {standard_task_runner.py:52} INFO - Started process 16414 to run task
[2021-12-30 12:18:53,110] {standard_task_runner.py:76} INFO - Running: ['***', 'tasks', 'run', 'cleansing_dag', 'create_fact_table_query', '2021-12-30T12:16:01.909559+00:00', '--job-id', '92', '--pool', 'default_pool', '--raw', '--subdir', 'DAGS_FOLDER/kym_cleansing.py', '--cfg-path', '/tmp/tmpnsmqpxqd', '--error-file', '/tmp/tmph7ci3rdf']
[2021-12-30 12:18:53,111] {standard_task_runner.py:77} INFO - Job 92: Subtask create_fact_table_query
[2021-12-30 12:18:53,149] {logging_mixin.py:109} INFO - Running <TaskInstance: cleansing_dag.create_fact_table_query 2021-12-30T12:16:01.909559+00:00 [running]> on host 2eb70c976689
[2021-12-30 12:18:53,197] {taskinstance.py:1251} INFO - Exporting the following env vars:
AIRFLOW_CTX_DAG_OWNER=***
AIRFLOW_CTX_DAG_ID=cleansing_dag
AIRFLOW_CTX_TASK_ID=create_fact_table_query
AIRFLOW_CTX_EXECUTION_DATE=2021-12-30T12:16:01.909559+00:00
AIRFLOW_CTX_DAG_RUN_ID=manual__2021-12-30T12:16:01.909559+00:00
[2021-12-30 12:18:55,115] {python.py:151} INFO - Done. Returned value was: None
[2021-12-30 12:18:55,127] {taskinstance.py:1211} INFO - Marking task as SUCCESS. dag_id=cleansing_dag, task_id=create_fact_table_query, execution_date=20211230T121601, start_date=20211230T121853, end_date=20211230T121855
[2021-12-30 12:18:55,172] {local_task_job.py:151} INFO - Task exited with return code 0
