[2021-12-31 15:36:12,444] {taskinstance.py:903} INFO - Dependencies all met for <TaskInstance: main_dag.create_tables 2021-12-31T15:30:57.489827+00:00 [queued]>
[2021-12-31 15:36:12,456] {taskinstance.py:903} INFO - Dependencies all met for <TaskInstance: main_dag.create_tables 2021-12-31T15:30:57.489827+00:00 [queued]>
[2021-12-31 15:36:12,457] {taskinstance.py:1094} INFO - 
--------------------------------------------------------------------------------
[2021-12-31 15:36:12,457] {taskinstance.py:1095} INFO - Starting attempt 1 of 2
[2021-12-31 15:36:12,458] {taskinstance.py:1096} INFO - 
--------------------------------------------------------------------------------
[2021-12-31 15:36:12,515] {taskinstance.py:1114} INFO - Executing <Task(PythonOperator): create_tables> on 2021-12-31T15:30:57.489827+00:00
[2021-12-31 15:36:12,521] {standard_task_runner.py:52} INFO - Started process 2799 to run task
[2021-12-31 15:36:12,525] {standard_task_runner.py:76} INFO - Running: ['***', 'tasks', 'run', 'main_dag', 'create_tables', '2021-12-31T15:30:57.489827+00:00', '--job-id', '98', '--pool', 'default_pool', '--raw', '--subdir', 'DAGS_FOLDER/main_dag.py', '--cfg-path', '/tmp/tmpk95xtoat', '--error-file', '/tmp/tmpw4ixpt3b']
[2021-12-31 15:36:12,526] {standard_task_runner.py:77} INFO - Job 98: Subtask create_tables
[2021-12-31 15:36:12,567] {logging_mixin.py:109} INFO - Running <TaskInstance: main_dag.create_tables 2021-12-31T15:30:57.489827+00:00 [running]> on host 8e99a5d40b8f
[2021-12-31 15:36:12,615] {taskinstance.py:1251} INFO - Exporting the following env vars:
AIRFLOW_CTX_DAG_OWNER=***
AIRFLOW_CTX_DAG_ID=main_dag
AIRFLOW_CTX_TASK_ID=create_tables
AIRFLOW_CTX_EXECUTION_DATE=2021-12-31T15:30:57.489827+00:00
AIRFLOW_CTX_DAG_RUN_ID=manual__2021-12-31T15:30:57.489827+00:00
[2021-12-31 15:36:12,702] {logging_mixin.py:109} WARNING - /opt/***/dags/main_dag.py:248 SettingWithCopyWarning: 
A value is trying to be set on a copy of a slice from a DataFrame.
Try using .loc[row_indexer,col_indexer] = value instead

See the caveats in the documentation: https://pandas.pydata.org/pandas-docs/stable/user_guide/indexing.html#returning-a-view-versus-a-copy
[2021-12-31 15:36:12,705] {logging_mixin.py:109} WARNING - /opt/***/dags/main_dag.py:249 SettingWithCopyWarning: 
A value is trying to be set on a copy of a slice from a DataFrame.
Try using .loc[row_indexer,col_indexer] = value instead

See the caveats in the documentation: https://pandas.pydata.org/pandas-docs/stable/user_guide/indexing.html#returning-a-view-versus-a-copy
[2021-12-31 15:36:12,713] {logging_mixin.py:109} WARNING - /opt/***/dags/main_dag.py:252 SettingWithCopyWarning: 
A value is trying to be set on a copy of a slice from a DataFrame.
Try using .loc[row_indexer,col_indexer] = value instead

See the caveats in the documentation: https://pandas.pydata.org/pandas-docs/stable/user_guide/indexing.html#returning-a-view-versus-a-copy
[2021-12-31 15:36:13,226] {python.py:151} INFO - Done. Returned value was: None
[2021-12-31 15:36:13,247] {taskinstance.py:1211} INFO - Marking task as SUCCESS. dag_id=main_dag, task_id=create_tables, execution_date=20211231T153057, start_date=20211231T153612, end_date=20211231T153613
[2021-12-31 15:36:13,300] {local_task_job.py:151} INFO - Task exited with return code 0
