[2021-12-30 12:13:19,346] {taskinstance.py:903} INFO - Dependencies all met for <TaskInstance: cleansing_dag.cleanse_vision 2021-12-30T12:13:17.844567+00:00 [queued]>
[2021-12-30 12:13:19,358] {taskinstance.py:903} INFO - Dependencies all met for <TaskInstance: cleansing_dag.cleanse_vision 2021-12-30T12:13:17.844567+00:00 [queued]>
[2021-12-30 12:13:19,358] {taskinstance.py:1094} INFO - 
--------------------------------------------------------------------------------
[2021-12-30 12:13:19,359] {taskinstance.py:1095} INFO - Starting attempt 1 of 2
[2021-12-30 12:13:19,359] {taskinstance.py:1096} INFO - 
--------------------------------------------------------------------------------
[2021-12-30 12:13:19,375] {taskinstance.py:1114} INFO - Executing <Task(PythonOperator): cleanse_vision> on 2021-12-30T12:13:17.844567+00:00
[2021-12-30 12:13:19,380] {standard_task_runner.py:52} INFO - Started process 2494 to run task
[2021-12-30 12:13:19,385] {standard_task_runner.py:76} INFO - Running: ['***', 'tasks', 'run', 'cleansing_dag', 'cleanse_vision', '2021-12-30T12:13:17.844567+00:00', '--job-id', '75', '--pool', 'default_pool', '--raw', '--subdir', 'DAGS_FOLDER/kym_cleansing.py', '--cfg-path', '/tmp/tmp0h1xki0_', '--error-file', '/tmp/tmpp__vr9mt']
[2021-12-30 12:13:19,386] {standard_task_runner.py:77} INFO - Job 75: Subtask cleanse_vision
[2021-12-30 12:13:19,426] {logging_mixin.py:109} INFO - Running <TaskInstance: cleansing_dag.cleanse_vision 2021-12-30T12:13:17.844567+00:00 [running]> on host 2eb70c976689
[2021-12-30 12:13:19,474] {taskinstance.py:1251} INFO - Exporting the following env vars:
AIRFLOW_CTX_DAG_OWNER=***
AIRFLOW_CTX_DAG_ID=cleansing_dag
AIRFLOW_CTX_TASK_ID=cleanse_vision
AIRFLOW_CTX_EXECUTION_DATE=2021-12-30T12:13:17.844567+00:00
AIRFLOW_CTX_DAG_RUN_ID=manual__2021-12-30T12:13:17.844567+00:00
[2021-12-30 12:14:32,598] {python.py:151} INFO - Done. Returned value was: None
[2021-12-30 12:14:32,649] {taskinstance.py:1211} INFO - Marking task as SUCCESS. dag_id=cleansing_dag, task_id=cleanse_vision, execution_date=20211230T121317, start_date=20211230T121319, end_date=20211230T121432
[2021-12-30 12:14:32,713] {local_task_job.py:151} INFO - Task exited with return code 0
