[2021-12-29 12:13:42,288] {taskinstance.py:903} INFO - Dependencies all met for <TaskInstance: cleansing_dag.create_origin_dimension_query 2021-12-28T12:10:39.570058+00:00 [queued]>
[2021-12-29 12:13:42,308] {taskinstance.py:903} INFO - Dependencies all met for <TaskInstance: cleansing_dag.create_origin_dimension_query 2021-12-28T12:10:39.570058+00:00 [queued]>
[2021-12-29 12:13:42,309] {taskinstance.py:1094} INFO - 
--------------------------------------------------------------------------------
[2021-12-29 12:13:42,309] {taskinstance.py:1095} INFO - Starting attempt 1 of 2
[2021-12-29 12:13:42,310] {taskinstance.py:1096} INFO - 
--------------------------------------------------------------------------------
[2021-12-29 12:13:42,321] {taskinstance.py:1114} INFO - Executing <Task(PythonOperator): create_origin_dimension_query> on 2021-12-28T12:10:39.570058+00:00
[2021-12-29 12:13:42,327] {standard_task_runner.py:52} INFO - Started process 7050 to run task
[2021-12-29 12:13:42,329] {standard_task_runner.py:76} INFO - Running: ['***', 'tasks', 'run', 'cleansing_dag', 'create_origin_dimension_query', '2021-12-28T12:10:39.570058+00:00', '--job-id', '319', '--pool', 'default_pool', '--raw', '--subdir', 'DAGS_FOLDER/kym_cleansing.py', '--cfg-path', '/tmp/tmpqt1enarf', '--error-file', '/tmp/tmp5waf8xcw']
[2021-12-29 12:13:42,331] {standard_task_runner.py:77} INFO - Job 319: Subtask create_origin_dimension_query
[2021-12-29 12:13:42,370] {logging_mixin.py:109} INFO - Running <TaskInstance: cleansing_dag.create_origin_dimension_query 2021-12-28T12:10:39.570058+00:00 [running]> on host 9b1c98289e99
[2021-12-29 12:13:42,426] {taskinstance.py:1251} INFO - Exporting the following env vars:
AIRFLOW_CTX_DAG_OWNER=***
AIRFLOW_CTX_DAG_ID=cleansing_dag
AIRFLOW_CTX_TASK_ID=create_origin_dimension_query
AIRFLOW_CTX_EXECUTION_DATE=2021-12-28T12:10:39.570058+00:00
AIRFLOW_CTX_DAG_RUN_ID=scheduled__2021-12-28T12:10:39.570058+00:00
[2021-12-29 12:13:42,544] {python.py:151} INFO - Done. Returned value was: None
[2021-12-29 12:13:42,559] {taskinstance.py:1211} INFO - Marking task as SUCCESS. dag_id=cleansing_dag, task_id=create_origin_dimension_query, execution_date=20211228T121039, start_date=20211229T121342, end_date=20211229T121342
[2021-12-29 12:13:42,623] {local_task_job.py:151} INFO - Task exited with return code 0
