[2021-12-31 15:59:31,735] {taskinstance.py:903} INFO - Dependencies all met for <TaskInstance: main_dag.merge 2021-12-31T15:54:30.789280+00:00 [queued]>
[2021-12-31 15:59:31,748] {taskinstance.py:903} INFO - Dependencies all met for <TaskInstance: main_dag.merge 2021-12-31T15:54:30.789280+00:00 [queued]>
[2021-12-31 15:59:31,749] {taskinstance.py:1094} INFO - 
--------------------------------------------------------------------------------
[2021-12-31 15:59:31,750] {taskinstance.py:1095} INFO - Starting attempt 1 of 2
[2021-12-31 15:59:31,750] {taskinstance.py:1096} INFO - 
--------------------------------------------------------------------------------
[2021-12-31 15:59:31,766] {taskinstance.py:1114} INFO - Executing <Task(PythonOperator): merge> on 2021-12-31T15:54:30.789280+00:00
[2021-12-31 15:59:31,773] {standard_task_runner.py:52} INFO - Started process 24045 to run task
[2021-12-31 15:59:31,777] {standard_task_runner.py:76} INFO - Running: ['***', 'tasks', 'run', 'main_dag', 'merge', '2021-12-31T15:54:30.789280+00:00', '--job-id', '164', '--pool', 'default_pool', '--raw', '--subdir', 'DAGS_FOLDER/main_dag.py', '--cfg-path', '/tmp/tmpg2coxl3p', '--error-file', '/tmp/tmp6vky5k9j']
[2021-12-31 15:59:31,778] {standard_task_runner.py:77} INFO - Job 164: Subtask merge
[2021-12-31 15:59:31,819] {logging_mixin.py:109} INFO - Running <TaskInstance: main_dag.merge 2021-12-31T15:54:30.789280+00:00 [running]> on host 8e99a5d40b8f
[2021-12-31 15:59:31,875] {taskinstance.py:1251} INFO - Exporting the following env vars:
AIRFLOW_CTX_DAG_OWNER=***
AIRFLOW_CTX_DAG_ID=main_dag
AIRFLOW_CTX_TASK_ID=merge
AIRFLOW_CTX_EXECUTION_DATE=2021-12-31T15:54:30.789280+00:00
AIRFLOW_CTX_DAG_RUN_ID=manual__2021-12-31T15:54:30.789280+00:00
[2021-12-31 15:59:32,513] {python.py:151} INFO - Done. Returned value was: None
[2021-12-31 15:59:32,527] {taskinstance.py:1211} INFO - Marking task as SUCCESS. dag_id=main_dag, task_id=merge, execution_date=20211231T155430, start_date=20211231T155931, end_date=20211231T155932
[2021-12-31 15:59:32,552] {local_task_job.py:151} INFO - Task exited with return code 0
