[2021-12-31 10:22:41,814] {taskinstance.py:903} INFO - Dependencies all met for <TaskInstance: main_dag.create_tables 2021-12-30T10:17:56.843539+00:00 [queued]>
[2021-12-31 10:22:41,827] {taskinstance.py:903} INFO - Dependencies all met for <TaskInstance: main_dag.create_tables 2021-12-30T10:17:56.843539+00:00 [queued]>
[2021-12-31 10:22:41,828] {taskinstance.py:1094} INFO - 
--------------------------------------------------------------------------------
[2021-12-31 10:22:41,828] {taskinstance.py:1095} INFO - Starting attempt 1 of 2
[2021-12-31 10:22:41,828] {taskinstance.py:1096} INFO - 
--------------------------------------------------------------------------------
[2021-12-31 10:22:41,844] {taskinstance.py:1114} INFO - Executing <Task(PythonOperator): create_tables> on 2021-12-30T10:17:56.843539+00:00
[2021-12-31 10:22:41,851] {standard_task_runner.py:52} INFO - Started process 20867 to run task
[2021-12-31 10:22:41,854] {standard_task_runner.py:76} INFO - Running: ['***', 'tasks', 'run', 'main_dag', 'create_tables', '2021-12-30T10:17:56.843539+00:00', '--job-id', '73', '--pool', 'default_pool', '--raw', '--subdir', 'DAGS_FOLDER/main_dag.py', '--cfg-path', '/tmp/tmp8vc1r64v', '--error-file', '/tmp/tmps_ve5gp3']
[2021-12-31 10:22:41,855] {standard_task_runner.py:77} INFO - Job 73: Subtask create_tables
[2021-12-31 10:22:41,895] {logging_mixin.py:109} INFO - Running <TaskInstance: main_dag.create_tables 2021-12-30T10:17:56.843539+00:00 [running]> on host 71257c6b2a25
[2021-12-31 10:22:41,946] {taskinstance.py:1251} INFO - Exporting the following env vars:
AIRFLOW_CTX_DAG_OWNER=***
AIRFLOW_CTX_DAG_ID=main_dag
AIRFLOW_CTX_TASK_ID=create_tables
AIRFLOW_CTX_EXECUTION_DATE=2021-12-30T10:17:56.843539+00:00
AIRFLOW_CTX_DAG_RUN_ID=scheduled__2021-12-30T10:17:56.843539+00:00
[2021-12-31 10:22:42,046] {logging_mixin.py:109} WARNING - /opt/***/dags/main_dag.py:248 SettingWithCopyWarning: 
A value is trying to be set on a copy of a slice from a DataFrame.
Try using .loc[row_indexer,col_indexer] = value instead

See the caveats in the documentation: https://pandas.pydata.org/pandas-docs/stable/user_guide/indexing.html#returning-a-view-versus-a-copy
[2021-12-31 10:22:42,048] {logging_mixin.py:109} WARNING - /opt/***/dags/main_dag.py:249 SettingWithCopyWarning: 
A value is trying to be set on a copy of a slice from a DataFrame.
Try using .loc[row_indexer,col_indexer] = value instead

See the caveats in the documentation: https://pandas.pydata.org/pandas-docs/stable/user_guide/indexing.html#returning-a-view-versus-a-copy
[2021-12-31 10:22:42,054] {logging_mixin.py:109} WARNING - /opt/***/dags/main_dag.py:252 SettingWithCopyWarning: 
A value is trying to be set on a copy of a slice from a DataFrame.
Try using .loc[row_indexer,col_indexer] = value instead

See the caveats in the documentation: https://pandas.pydata.org/pandas-docs/stable/user_guide/indexing.html#returning-a-view-versus-a-copy
[2021-12-31 10:22:42,428] {python.py:151} INFO - Done. Returned value was: None
[2021-12-31 10:22:42,440] {taskinstance.py:1211} INFO - Marking task as SUCCESS. dag_id=main_dag, task_id=create_tables, execution_date=20211230T101756, start_date=20211231T102241, end_date=20211231T102242
[2021-12-31 10:22:42,469] {local_task_job.py:151} INFO - Task exited with return code 0
