[2021-12-29 13:57:30,580] {taskinstance.py:903} INFO - Dependencies all met for <TaskInstance: cleansing_dag.cleanse_kym 2021-12-28T13:57:28.972945+00:00 [queued]>
[2021-12-29 13:57:30,603] {taskinstance.py:903} INFO - Dependencies all met for <TaskInstance: cleansing_dag.cleanse_kym 2021-12-28T13:57:28.972945+00:00 [queued]>
[2021-12-29 13:57:30,604] {taskinstance.py:1094} INFO - 
--------------------------------------------------------------------------------
[2021-12-29 13:57:30,605] {taskinstance.py:1095} INFO - Starting attempt 1 of 2
[2021-12-29 13:57:30,605] {taskinstance.py:1096} INFO - 
--------------------------------------------------------------------------------
[2021-12-29 13:57:30,622] {taskinstance.py:1114} INFO - Executing <Task(PythonOperator): cleanse_kym> on 2021-12-28T13:57:28.972945+00:00
[2021-12-29 13:57:30,629] {standard_task_runner.py:52} INFO - Started process 16360 to run task
[2021-12-29 13:57:30,632] {standard_task_runner.py:76} INFO - Running: ['***', 'tasks', 'run', 'cleansing_dag', 'cleanse_kym', '2021-12-28T13:57:28.972945+00:00', '--job-id', '395', '--pool', 'default_pool', '--raw', '--subdir', 'DAGS_FOLDER/kym_cleansing.py', '--cfg-path', '/tmp/tmpzfk1ra9w', '--error-file', '/tmp/tmphxnp3cse']
[2021-12-29 13:57:30,633] {standard_task_runner.py:77} INFO - Job 395: Subtask cleanse_kym
[2021-12-29 13:57:30,703] {logging_mixin.py:109} INFO - Running <TaskInstance: cleansing_dag.cleanse_kym 2021-12-28T13:57:28.972945+00:00 [running]> on host 34521d0e1651
[2021-12-29 13:57:30,892] {taskinstance.py:1251} INFO - Exporting the following env vars:
AIRFLOW_CTX_DAG_OWNER=***
AIRFLOW_CTX_DAG_ID=cleansing_dag
AIRFLOW_CTX_TASK_ID=cleanse_kym
AIRFLOW_CTX_EXECUTION_DATE=2021-12-28T13:57:28.972945+00:00
AIRFLOW_CTX_DAG_RUN_ID=scheduled__2021-12-28T13:57:28.972945+00:00
[2021-12-29 14:01:12,905] {python.py:151} INFO - Done. Returned value was: None
[2021-12-29 14:01:12,919] {taskinstance.py:1211} INFO - Marking task as SUCCESS. dag_id=cleansing_dag, task_id=cleanse_kym, execution_date=20211228T135728, start_date=20211229T135730, end_date=20211229T140112
[2021-12-29 14:01:12,984] {local_task_job.py:151} INFO - Task exited with return code 0
