[2021-12-29 12:58:57,659] {taskinstance.py:903} INFO - Dependencies all met for <TaskInstance: cleansing_dag.cleanse_spotlight 2021-12-29T12:58:56.488676+00:00 [queued]>
[2021-12-29 12:58:57,674] {taskinstance.py:903} INFO - Dependencies all met for <TaskInstance: cleansing_dag.cleanse_spotlight 2021-12-29T12:58:56.488676+00:00 [queued]>
[2021-12-29 12:58:57,674] {taskinstance.py:1094} INFO - 
--------------------------------------------------------------------------------
[2021-12-29 12:58:57,675] {taskinstance.py:1095} INFO - Starting attempt 1 of 2
[2021-12-29 12:58:57,675] {taskinstance.py:1096} INFO - 
--------------------------------------------------------------------------------
[2021-12-29 12:58:57,685] {taskinstance.py:1114} INFO - Executing <Task(PythonOperator): cleanse_spotlight> on 2021-12-29T12:58:56.488676+00:00
[2021-12-29 12:58:57,690] {standard_task_runner.py:52} INFO - Started process 27689 to run task
[2021-12-29 12:58:57,694] {standard_task_runner.py:76} INFO - Running: ['***', 'tasks', 'run', 'cleansing_dag', 'cleanse_spotlight', '2021-12-29T12:58:56.488676+00:00', '--job-id', '352', '--pool', 'default_pool', '--raw', '--subdir', 'DAGS_FOLDER/kym_cleansing.py', '--cfg-path', '/tmp/tmpk4ya5euw', '--error-file', '/tmp/tmp9h13uy3i']
[2021-12-29 12:58:57,695] {standard_task_runner.py:77} INFO - Job 352: Subtask cleanse_spotlight
[2021-12-29 12:58:57,741] {logging_mixin.py:109} INFO - Running <TaskInstance: cleansing_dag.cleanse_spotlight 2021-12-29T12:58:56.488676+00:00 [running]> on host 34521d0e1651
[2021-12-29 12:58:57,794] {taskinstance.py:1251} INFO - Exporting the following env vars:
AIRFLOW_CTX_DAG_OWNER=***
AIRFLOW_CTX_DAG_ID=cleansing_dag
AIRFLOW_CTX_TASK_ID=cleanse_spotlight
AIRFLOW_CTX_EXECUTION_DATE=2021-12-29T12:58:56.488676+00:00
AIRFLOW_CTX_DAG_RUN_ID=manual__2021-12-29T12:58:56.488676+00:00
[2021-12-29 12:59:11,849] {python.py:151} INFO - Done. Returned value was: None
[2021-12-29 12:59:11,868] {taskinstance.py:1211} INFO - Marking task as SUCCESS. dag_id=cleansing_dag, task_id=cleanse_spotlight, execution_date=20211229T125856, start_date=20211229T125857, end_date=20211229T125911
[2021-12-29 12:59:11,923] {local_task_job.py:151} INFO - Task exited with return code 0
