[2021-11-21 18:30:10,564] {taskinstance.py:851} INFO - Dependencies all met for <TaskInstance: first_dag.addSafeSearchRows 2021-11-21T18:30:09.629274+00:00 [queued]>
[2021-11-21 18:30:10,583] {taskinstance.py:851} INFO - Dependencies all met for <TaskInstance: first_dag.addSafeSearchRows 2021-11-21T18:30:09.629274+00:00 [queued]>
[2021-11-21 18:30:10,583] {taskinstance.py:1042} INFO - 
--------------------------------------------------------------------------------
[2021-11-21 18:30:10,583] {taskinstance.py:1043} INFO - Starting attempt 1 of 2
[2021-11-21 18:30:10,584] {taskinstance.py:1044} INFO - 
--------------------------------------------------------------------------------
[2021-11-21 18:30:10,595] {taskinstance.py:1063} INFO - Executing <Task(PythonOperator): addSafeSearchRows> on 2021-11-21T18:30:09.629274+00:00
[2021-11-21 18:30:10,599] {standard_task_runner.py:52} INFO - Started process 91 to run task
[2021-11-21 18:30:10,603] {standard_task_runner.py:76} INFO - Running: ['airflow', 'tasks', 'run', 'first_dag', 'addSafeSearchRows', '2021-11-21T18:30:09.629274+00:00', '--job-id', '34', '--pool', 'default_pool', '--raw', '--subdir', 'DAGS_FOLDER/first_dag.py', '--cfg-path', '/tmp/tmpe13tcr_e', '--error-file', '/tmp/tmphhi2o53j']
[2021-11-21 18:30:10,605] {standard_task_runner.py:77} INFO - Job 34: Subtask addSafeSearchRows
[2021-11-21 18:30:10,646] {logging_mixin.py:104} INFO - Running <TaskInstance: first_dag.addSafeSearchRows 2021-11-21T18:30:09.629274+00:00 [running]> on host 5212096de831
[2021-11-21 18:30:10,682] {taskinstance.py:1257} INFO - Exporting the following env vars:
AIRFLOW_CTX_DAG_OWNER=airflow
AIRFLOW_CTX_DAG_ID=first_dag
AIRFLOW_CTX_TASK_ID=addSafeSearchRows
AIRFLOW_CTX_EXECUTION_DATE=2021-11-21T18:30:09.629274+00:00
AIRFLOW_CTX_DAG_RUN_ID=manual__2021-11-21T18:30:09.629274+00:00
[2021-11-21 18:31:27,345] {python.py:118} INFO - Done. Returned value was: None
[2021-11-21 18:31:27,630] {taskinstance.py:1166} INFO - Marking task as SUCCESS. dag_id=first_dag, task_id=addSafeSearchRows, execution_date=20211121T183009, start_date=20211121T183010, end_date=20211121T183127
[2021-11-21 18:31:27,966] {taskinstance.py:1220} INFO - 1 downstream tasks scheduled from follow-on schedule check
[2021-11-21 18:31:28,016] {local_task_job.py:146} INFO - Task exited with return code 0
