[2021-12-31 10:17:58,039] {taskinstance.py:903} INFO - Dependencies all met for <TaskInstance: main_dag.download_kym_data 2021-12-30T10:17:56.843539+00:00 [queued]>
[2021-12-31 10:17:58,052] {taskinstance.py:903} INFO - Dependencies all met for <TaskInstance: main_dag.download_kym_data 2021-12-30T10:17:56.843539+00:00 [queued]>
[2021-12-31 10:17:58,053] {taskinstance.py:1094} INFO - 
--------------------------------------------------------------------------------
[2021-12-31 10:17:58,053] {taskinstance.py:1095} INFO - Starting attempt 1 of 2
[2021-12-31 10:17:58,053] {taskinstance.py:1096} INFO - 
--------------------------------------------------------------------------------
[2021-12-31 10:17:58,069] {taskinstance.py:1114} INFO - Executing <Task(PythonOperator): download_kym_data> on 2021-12-30T10:17:56.843539+00:00
[2021-12-31 10:17:58,074] {standard_task_runner.py:52} INFO - Started process 13939 to run task
[2021-12-31 10:17:58,077] {standard_task_runner.py:76} INFO - Running: ['***', 'tasks', 'run', 'main_dag', 'download_kym_data', '2021-12-30T10:17:56.843539+00:00', '--job-id', '65', '--pool', 'default_pool', '--raw', '--subdir', 'DAGS_FOLDER/main_dag.py', '--cfg-path', '/tmp/tmpp3snsb6o', '--error-file', '/tmp/tmpy975g8tw']
[2021-12-31 10:17:58,078] {standard_task_runner.py:77} INFO - Job 65: Subtask download_kym_data
[2021-12-31 10:17:58,118] {logging_mixin.py:109} INFO - Running <TaskInstance: main_dag.download_kym_data 2021-12-30T10:17:56.843539+00:00 [running]> on host 71257c6b2a25
[2021-12-31 10:17:58,170] {taskinstance.py:1251} INFO - Exporting the following env vars:
AIRFLOW_CTX_DAG_OWNER=***
AIRFLOW_CTX_DAG_ID=main_dag
AIRFLOW_CTX_TASK_ID=download_kym_data
AIRFLOW_CTX_EXECUTION_DATE=2021-12-30T10:17:56.843539+00:00
AIRFLOW_CTX_DAG_RUN_ID=scheduled__2021-12-30T10:17:56.843539+00:00
[2021-12-31 10:18:17,575] {logging_mixin.py:109} INFO - File downloaded successfully.
[2021-12-31 10:18:17,575] {python.py:151} INFO - Done. Returned value was: None
[2021-12-31 10:18:17,634] {taskinstance.py:1211} INFO - Marking task as SUCCESS. dag_id=main_dag, task_id=download_kym_data, execution_date=20211230T101756, start_date=20211231T101758, end_date=20211231T101817
[2021-12-31 10:18:17,686] {local_task_job.py:151} INFO - Task exited with return code 0
