[2021-12-16 13:01:06,450] {taskinstance.py:851} INFO - Dependencies all met for <TaskInstance: cleansing_dag.cleanse_spotlight 2021-12-16T13:01:04.961857+00:00 [queued]>
[2021-12-16 13:01:06,470] {taskinstance.py:851} INFO - Dependencies all met for <TaskInstance: cleansing_dag.cleanse_spotlight 2021-12-16T13:01:04.961857+00:00 [queued]>
[2021-12-16 13:01:06,470] {taskinstance.py:1042} INFO - 
--------------------------------------------------------------------------------
[2021-12-16 13:01:06,471] {taskinstance.py:1043} INFO - Starting attempt 1 of 2
[2021-12-16 13:01:06,471] {taskinstance.py:1044} INFO - 
--------------------------------------------------------------------------------
[2021-12-16 13:01:06,483] {taskinstance.py:1063} INFO - Executing <Task(PythonOperator): cleanse_spotlight> on 2021-12-16T13:01:04.961857+00:00
[2021-12-16 13:01:06,495] {standard_task_runner.py:52} INFO - Started process 13795 to run task
[2021-12-16 13:01:06,498] {standard_task_runner.py:76} INFO - Running: ['airflow', 'tasks', 'run', 'cleansing_dag', 'cleanse_spotlight', '2021-12-16T13:01:04.961857+00:00', '--job-id', '31', '--pool', 'default_pool', '--raw', '--subdir', 'DAGS_FOLDER/kym_cleansing.py', '--cfg-path', '/tmp/tmpsvcomkps', '--error-file', '/tmp/tmpmio2mua5']
[2021-12-16 13:01:06,499] {standard_task_runner.py:77} INFO - Job 31: Subtask cleanse_spotlight
[2021-12-16 13:01:06,542] {logging_mixin.py:104} INFO - Running <TaskInstance: cleansing_dag.cleanse_spotlight 2021-12-16T13:01:04.961857+00:00 [running]> on host f46d95c5a5d9
[2021-12-16 13:01:06,590] {taskinstance.py:1255} INFO - Exporting the following env vars:
AIRFLOW_CTX_DAG_OWNER=airflow
AIRFLOW_CTX_DAG_ID=cleansing_dag
AIRFLOW_CTX_TASK_ID=cleanse_spotlight
AIRFLOW_CTX_EXECUTION_DATE=2021-12-16T13:01:04.961857+00:00
AIRFLOW_CTX_DAG_RUN_ID=manual__2021-12-16T13:01:04.961857+00:00
[2021-12-16 13:01:06,592] {taskinstance.py:1455} ERROR - Expected object or value
Traceback (most recent call last):
  File "/home/airflow/.local/lib/python3.8/site-packages/airflow/models/taskinstance.py", line 1112, in _run_raw_task
    self._prepare_and_execute_task_with_callbacks(context, task)
  File "/home/airflow/.local/lib/python3.8/site-packages/airflow/models/taskinstance.py", line 1285, in _prepare_and_execute_task_with_callbacks
    result = self._execute_task(context, task_copy)
  File "/home/airflow/.local/lib/python3.8/site-packages/airflow/models/taskinstance.py", line 1315, in _execute_task
    result = task_copy.execute(context=context)
  File "/home/airflow/.local/lib/python3.8/site-packages/airflow/operators/python.py", line 117, in execute
    return_value = self.execute_callable()
  File "/home/airflow/.local/lib/python3.8/site-packages/airflow/operators/python.py", line 128, in execute_callable
    return self.python_callable(*self.op_args, **self.op_kwargs)
  File "/opt/airflow/dags/kym_cleansing.py", line 203, in cleanse_spotlight
    df = pd.read_json(path, orient="index")
  File "/home/airflow/.local/lib/python3.8/site-packages/pandas/util/_decorators.py", line 199, in wrapper
    return func(*args, **kwargs)
  File "/home/airflow/.local/lib/python3.8/site-packages/pandas/util/_decorators.py", line 299, in wrapper
    return func(*args, **kwargs)
  File "/home/airflow/.local/lib/python3.8/site-packages/pandas/io/json/_json.py", line 563, in read_json
    return json_reader.read()
  File "/home/airflow/.local/lib/python3.8/site-packages/pandas/io/json/_json.py", line 694, in read
    obj = self._get_object_parser(self.data)
  File "/home/airflow/.local/lib/python3.8/site-packages/pandas/io/json/_json.py", line 716, in _get_object_parser
    obj = FrameParser(json, **kwargs).parse()
  File "/home/airflow/.local/lib/python3.8/site-packages/pandas/io/json/_json.py", line 831, in parse
    self._parse_no_numpy()
  File "/home/airflow/.local/lib/python3.8/site-packages/pandas/io/json/_json.py", line 1090, in _parse_no_numpy
    loads(json, precise_float=self.precise_float),
ValueError: Expected object or value
[2021-12-16 13:01:06,604] {taskinstance.py:1496} INFO - Marking task as UP_FOR_RETRY. dag_id=cleansing_dag, task_id=cleanse_spotlight, execution_date=20211216T130104, start_date=20211216T130106, end_date=20211216T130106
[2021-12-16 13:01:06,632] {local_task_job.py:146} INFO - Task exited with return code 1
