[2021-12-30 11:44:24,456] {taskinstance.py:903} INFO - Dependencies all met for <TaskInstance: cleansing_dag.create_type_dimension_query 2021-12-29T11:41:09.897762+00:00 [queued]>
[2021-12-30 11:44:24,470] {taskinstance.py:903} INFO - Dependencies all met for <TaskInstance: cleansing_dag.create_type_dimension_query 2021-12-29T11:41:09.897762+00:00 [queued]>
[2021-12-30 11:44:24,470] {taskinstance.py:1094} INFO - 
--------------------------------------------------------------------------------
[2021-12-30 11:44:24,471] {taskinstance.py:1095} INFO - Starting attempt 1 of 2
[2021-12-30 11:44:24,471] {taskinstance.py:1096} INFO - 
--------------------------------------------------------------------------------
[2021-12-30 11:44:24,489] {taskinstance.py:1114} INFO - Executing <Task(PythonOperator): create_type_dimension_query> on 2021-12-29T11:41:09.897762+00:00
[2021-12-30 11:44:24,495] {standard_task_runner.py:52} INFO - Started process 27874 to run task
[2021-12-30 11:44:24,498] {standard_task_runner.py:76} INFO - Running: ['***', 'tasks', 'run', 'cleansing_dag', 'create_type_dimension_query', '2021-12-29T11:41:09.897762+00:00', '--job-id', '41', '--pool', 'default_pool', '--raw', '--subdir', 'DAGS_FOLDER/kym_cleansing.py', '--cfg-path', '/tmp/tmpv59akl04', '--error-file', '/tmp/tmpkw9ff81p']
[2021-12-30 11:44:24,499] {standard_task_runner.py:77} INFO - Job 41: Subtask create_type_dimension_query
[2021-12-30 11:44:24,539] {logging_mixin.py:109} INFO - Running <TaskInstance: cleansing_dag.create_type_dimension_query 2021-12-29T11:41:09.897762+00:00 [running]> on host 2eb70c976689
[2021-12-30 11:44:24,594] {taskinstance.py:1251} INFO - Exporting the following env vars:
AIRFLOW_CTX_DAG_OWNER=***
AIRFLOW_CTX_DAG_ID=cleansing_dag
AIRFLOW_CTX_TASK_ID=create_type_dimension_query
AIRFLOW_CTX_EXECUTION_DATE=2021-12-29T11:41:09.897762+00:00
AIRFLOW_CTX_DAG_RUN_ID=scheduled__2021-12-29T11:41:09.897762+00:00
[2021-12-30 11:44:24,636] {python.py:151} INFO - Done. Returned value was: None
[2021-12-30 11:44:24,648] {taskinstance.py:1211} INFO - Marking task as SUCCESS. dag_id=cleansing_dag, task_id=create_type_dimension_query, execution_date=20211229T114109, start_date=20211230T114424, end_date=20211230T114424
[2021-12-30 11:44:24,710] {local_task_job.py:151} INFO - Task exited with return code 0
