[2021-11-06 11:45:50,593] {scheduler_job.py:182} INFO - Started process (PID=295) to work on /opt/airflow/dags/memes_dag.py
[2021-11-06 11:45:50,594] {scheduler_job.py:629} INFO - Processing file /opt/airflow/dags/memes_dag.py for tasks to queue
[2021-11-06 11:45:50,596] {logging_mixin.py:104} INFO - [2021-11-06 11:45:50,596] {dagbag.py:448} INFO - Filling up the DagBag from /opt/airflow/dags/memes_dag.py
[2021-11-06 11:45:50,630] {scheduler_job.py:639} INFO - DAG(s) dict_keys(['first_dag_stub']) retrieved from /opt/airflow/dags/memes_dag.py
[2021-11-06 11:45:50,649] {logging_mixin.py:104} INFO - [2021-11-06 11:45:50,649] {dag.py:1818} INFO - Sync 1 DAGs
[2021-11-06 11:45:50,658] {logging_mixin.py:104} INFO - [2021-11-06 11:45:50,658] {dag.py:1837} INFO - Creating ORM DAG for first_dag_stub
[2021-11-06 11:45:50,663] {logging_mixin.py:104} INFO - [2021-11-06 11:45:50,663] {dag.py:2273} INFO - Setting next_dagrun for first_dag_stub to 2021-11-06 00:00:00+00:00
[2021-11-06 11:45:50,681] {scheduler_job.py:190} INFO - Processing /opt/airflow/dags/memes_dag.py took 0.090 seconds
[2021-11-06 11:46:20,927] {scheduler_job.py:182} INFO - Started process (PID=322) to work on /opt/airflow/dags/memes_dag.py
[2021-11-06 11:46:20,929] {scheduler_job.py:629} INFO - Processing file /opt/airflow/dags/memes_dag.py for tasks to queue
[2021-11-06 11:46:20,930] {logging_mixin.py:104} INFO - [2021-11-06 11:46:20,930] {dagbag.py:448} INFO - Filling up the DagBag from /opt/airflow/dags/memes_dag.py
[2021-11-06 11:46:20,957] {scheduler_job.py:639} INFO - DAG(s) dict_keys(['first_dag_stub']) retrieved from /opt/airflow/dags/memes_dag.py
[2021-11-06 11:46:20,975] {logging_mixin.py:104} INFO - [2021-11-06 11:46:20,975] {dag.py:1818} INFO - Sync 1 DAGs
[2021-11-06 11:46:20,988] {logging_mixin.py:104} INFO - [2021-11-06 11:46:20,988] {dag.py:2273} INFO - Setting next_dagrun for first_dag_stub to 2021-11-06 00:00:00+00:00
[2021-11-06 11:46:21,037] {scheduler_job.py:190} INFO - Processing /opt/airflow/dags/memes_dag.py took 0.112 seconds
[2021-11-06 11:46:51,076] {scheduler_job.py:182} INFO - Started process (PID=349) to work on /opt/airflow/dags/memes_dag.py
[2021-11-06 11:46:51,078] {scheduler_job.py:629} INFO - Processing file /opt/airflow/dags/memes_dag.py for tasks to queue
[2021-11-06 11:46:51,078] {logging_mixin.py:104} INFO - [2021-11-06 11:46:51,078] {dagbag.py:448} INFO - Filling up the DagBag from /opt/airflow/dags/memes_dag.py
[2021-11-06 11:46:51,101] {scheduler_job.py:639} INFO - DAG(s) dict_keys(['first_dag_stub']) retrieved from /opt/airflow/dags/memes_dag.py
[2021-11-06 11:46:51,118] {logging_mixin.py:104} INFO - [2021-11-06 11:46:51,118] {dag.py:1818} INFO - Sync 1 DAGs
[2021-11-06 11:46:51,131] {logging_mixin.py:104} INFO - [2021-11-06 11:46:51,131] {dag.py:2273} INFO - Setting next_dagrun for first_dag_stub to 2021-11-06 00:00:00+00:00
[2021-11-06 11:46:51,170] {scheduler_job.py:190} INFO - Processing /opt/airflow/dags/memes_dag.py took 0.096 seconds
[2021-11-06 11:47:22,097] {scheduler_job.py:182} INFO - Started process (PID=376) to work on /opt/airflow/dags/memes_dag.py
[2021-11-06 11:47:22,098] {scheduler_job.py:629} INFO - Processing file /opt/airflow/dags/memes_dag.py for tasks to queue
[2021-11-06 11:47:22,099] {logging_mixin.py:104} INFO - [2021-11-06 11:47:22,099] {dagbag.py:448} INFO - Filling up the DagBag from /opt/airflow/dags/memes_dag.py
[2021-11-06 11:47:22,123] {scheduler_job.py:639} INFO - DAG(s) dict_keys(['first_dag_stub']) retrieved from /opt/airflow/dags/memes_dag.py
[2021-11-06 11:47:22,141] {logging_mixin.py:104} INFO - [2021-11-06 11:47:22,141] {dag.py:1818} INFO - Sync 1 DAGs
[2021-11-06 11:47:22,154] {logging_mixin.py:104} INFO - [2021-11-06 11:47:22,153] {dag.py:2273} INFO - Setting next_dagrun for first_dag_stub to 2021-11-06 00:00:00+00:00
[2021-11-06 11:47:22,165] {scheduler_job.py:190} INFO - Processing /opt/airflow/dags/memes_dag.py took 0.070 seconds
[2021-11-06 11:47:52,264] {scheduler_job.py:182} INFO - Started process (PID=403) to work on /opt/airflow/dags/memes_dag.py
[2021-11-06 11:47:52,267] {scheduler_job.py:629} INFO - Processing file /opt/airflow/dags/memes_dag.py for tasks to queue
[2021-11-06 11:47:52,267] {logging_mixin.py:104} INFO - [2021-11-06 11:47:52,267] {dagbag.py:448} INFO - Filling up the DagBag from /opt/airflow/dags/memes_dag.py
[2021-11-06 11:47:52,288] {scheduler_job.py:639} INFO - DAG(s) dict_keys(['first_dag_stub']) retrieved from /opt/airflow/dags/memes_dag.py
[2021-11-06 11:47:52,304] {logging_mixin.py:104} INFO - [2021-11-06 11:47:52,304] {dag.py:1818} INFO - Sync 1 DAGs
[2021-11-06 11:47:52,317] {logging_mixin.py:104} INFO - [2021-11-06 11:47:52,317] {dag.py:2273} INFO - Setting next_dagrun for first_dag_stub to 2021-11-06 00:00:00+00:00
[2021-11-06 11:47:52,392] {scheduler_job.py:190} INFO - Processing /opt/airflow/dags/memes_dag.py took 0.130 seconds
[2021-11-06 11:48:22,568] {scheduler_job.py:182} INFO - Started process (PID=430) to work on /opt/airflow/dags/memes_dag.py
[2021-11-06 11:48:22,569] {scheduler_job.py:629} INFO - Processing file /opt/airflow/dags/memes_dag.py for tasks to queue
[2021-11-06 11:48:22,570] {logging_mixin.py:104} INFO - [2021-11-06 11:48:22,570] {dagbag.py:448} INFO - Filling up the DagBag from /opt/airflow/dags/memes_dag.py
[2021-11-06 11:48:22,591] {scheduler_job.py:639} INFO - DAG(s) dict_keys(['first_dag_stub']) retrieved from /opt/airflow/dags/memes_dag.py
[2021-11-06 11:48:22,611] {logging_mixin.py:104} INFO - [2021-11-06 11:48:22,611] {dag.py:1818} INFO - Sync 1 DAGs
[2021-11-06 11:48:22,624] {logging_mixin.py:104} INFO - [2021-11-06 11:48:22,624] {dag.py:2273} INFO - Setting next_dagrun for first_dag_stub to 2021-11-06 00:00:00+00:00
[2021-11-06 11:48:22,644] {scheduler_job.py:190} INFO - Processing /opt/airflow/dags/memes_dag.py took 0.077 seconds
[2021-11-06 11:48:52,857] {scheduler_job.py:182} INFO - Started process (PID=457) to work on /opt/airflow/dags/memes_dag.py
[2021-11-06 11:48:52,859] {scheduler_job.py:629} INFO - Processing file /opt/airflow/dags/memes_dag.py for tasks to queue
[2021-11-06 11:48:52,859] {logging_mixin.py:104} INFO - [2021-11-06 11:48:52,859] {dagbag.py:448} INFO - Filling up the DagBag from /opt/airflow/dags/memes_dag.py
[2021-11-06 11:48:52,860] {scheduler_job.py:641} WARNING - No viable dags retrieved from /opt/airflow/dags/memes_dag.py
[2021-11-06 11:48:52,861] {scheduler_job.py:190} INFO - Processing /opt/airflow/dags/memes_dag.py took 0.006 seconds
[2021-11-06 11:49:22,998] {scheduler_job.py:182} INFO - Started process (PID=484) to work on /opt/airflow/dags/memes_dag.py
[2021-11-06 11:49:23,000] {scheduler_job.py:629} INFO - Processing file /opt/airflow/dags/memes_dag.py for tasks to queue
[2021-11-06 11:49:23,001] {logging_mixin.py:104} INFO - [2021-11-06 11:49:23,001] {dagbag.py:448} INFO - Filling up the DagBag from /opt/airflow/dags/memes_dag.py
[2021-11-06 11:49:23,002] {scheduler_job.py:641} WARNING - No viable dags retrieved from /opt/airflow/dags/memes_dag.py
[2021-11-06 11:49:23,003] {scheduler_job.py:190} INFO - Processing /opt/airflow/dags/memes_dag.py took 0.007 seconds
[2021-11-06 11:49:53,132] {scheduler_job.py:182} INFO - Started process (PID=511) to work on /opt/airflow/dags/memes_dag.py
[2021-11-06 11:49:53,134] {scheduler_job.py:629} INFO - Processing file /opt/airflow/dags/memes_dag.py for tasks to queue
[2021-11-06 11:49:53,135] {logging_mixin.py:104} INFO - [2021-11-06 11:49:53,135] {dagbag.py:448} INFO - Filling up the DagBag from /opt/airflow/dags/memes_dag.py
[2021-11-06 11:49:53,136] {scheduler_job.py:641} WARNING - No viable dags retrieved from /opt/airflow/dags/memes_dag.py
[2021-11-06 11:49:53,137] {scheduler_job.py:190} INFO - Processing /opt/airflow/dags/memes_dag.py took 0.006 seconds
[2021-11-06 11:50:23,413] {scheduler_job.py:182} INFO - Started process (PID=538) to work on /opt/airflow/dags/memes_dag.py
[2021-11-06 11:50:23,414] {scheduler_job.py:629} INFO - Processing file /opt/airflow/dags/memes_dag.py for tasks to queue
[2021-11-06 11:50:23,415] {logging_mixin.py:104} INFO - [2021-11-06 11:50:23,415] {dagbag.py:448} INFO - Filling up the DagBag from /opt/airflow/dags/memes_dag.py
[2021-11-06 11:50:23,416] {scheduler_job.py:641} WARNING - No viable dags retrieved from /opt/airflow/dags/memes_dag.py
[2021-11-06 11:50:23,417] {scheduler_job.py:190} INFO - Processing /opt/airflow/dags/memes_dag.py took 0.005 seconds
