[2021-12-29 12:41:09,956] {taskinstance.py:903} INFO - Dependencies all met for <TaskInstance: cleansing_dag.cleanse_kym 2021-12-29T12:41:09.227715+00:00 [queued]>
[2021-12-29 12:41:09,973] {taskinstance.py:903} INFO - Dependencies all met for <TaskInstance: cleansing_dag.cleanse_kym 2021-12-29T12:41:09.227715+00:00 [queued]>
[2021-12-29 12:41:09,973] {taskinstance.py:1094} INFO - 
--------------------------------------------------------------------------------
[2021-12-29 12:41:09,974] {taskinstance.py:1095} INFO - Starting attempt 1 of 2
[2021-12-29 12:41:09,974] {taskinstance.py:1096} INFO - 
--------------------------------------------------------------------------------
[2021-12-29 12:41:09,986] {taskinstance.py:1114} INFO - Executing <Task(PythonOperator): cleanse_kym> on 2021-12-29T12:41:09.227715+00:00
[2021-12-29 12:41:09,991] {standard_task_runner.py:52} INFO - Started process 6980 to run task
[2021-12-29 12:41:09,994] {standard_task_runner.py:76} INFO - Running: ['***', 'tasks', 'run', 'cleansing_dag', 'cleanse_kym', '2021-12-29T12:41:09.227715+00:00', '--job-id', '337', '--pool', 'default_pool', '--raw', '--subdir', 'DAGS_FOLDER/kym_cleansing.py', '--cfg-path', '/tmp/tmp9np1i_r1', '--error-file', '/tmp/tmp63r732wq']
[2021-12-29 12:41:09,995] {standard_task_runner.py:77} INFO - Job 337: Subtask cleanse_kym
[2021-12-29 12:41:10,036] {logging_mixin.py:109} INFO - Running <TaskInstance: cleansing_dag.cleanse_kym 2021-12-29T12:41:09.227715+00:00 [running]> on host 34521d0e1651
[2021-12-29 12:41:10,088] {taskinstance.py:1251} INFO - Exporting the following env vars:
AIRFLOW_CTX_DAG_OWNER=***
AIRFLOW_CTX_DAG_ID=cleansing_dag
AIRFLOW_CTX_TASK_ID=cleanse_kym
AIRFLOW_CTX_EXECUTION_DATE=2021-12-29T12:41:09.227715+00:00
AIRFLOW_CTX_DAG_RUN_ID=manual__2021-12-29T12:41:09.227715+00:00
[2021-12-29 12:44:14,836] {python.py:151} INFO - Done. Returned value was: None
[2021-12-29 12:44:14,941] {taskinstance.py:1211} INFO - Marking task as SUCCESS. dag_id=cleansing_dag, task_id=cleanse_kym, execution_date=20211229T124109, start_date=20211229T124109, end_date=20211229T124414
[2021-12-29 12:44:15,053] {local_task_job.py:151} INFO - Task exited with return code 0
