[2021-12-29 12:18:50,507] {taskinstance.py:903} INFO - Dependencies all met for <TaskInstance: cleansing_dag.cleanse_spotlight 2021-12-28T12:18:49.063800+00:00 [queued]>
[2021-12-29 12:18:50,523] {taskinstance.py:903} INFO - Dependencies all met for <TaskInstance: cleansing_dag.cleanse_spotlight 2021-12-28T12:18:49.063800+00:00 [queued]>
[2021-12-29 12:18:50,523] {taskinstance.py:1094} INFO - 
--------------------------------------------------------------------------------
[2021-12-29 12:18:50,524] {taskinstance.py:1095} INFO - Starting attempt 1 of 2
[2021-12-29 12:18:50,524] {taskinstance.py:1096} INFO - 
--------------------------------------------------------------------------------
[2021-12-29 12:18:50,537] {taskinstance.py:1114} INFO - Executing <Task(PythonOperator): cleanse_spotlight> on 2021-12-28T12:18:49.063800+00:00
[2021-12-29 12:18:50,542] {standard_task_runner.py:52} INFO - Started process 7074 to run task
[2021-12-29 12:18:50,544] {standard_task_runner.py:76} INFO - Running: ['***', 'tasks', 'run', 'cleansing_dag', 'cleanse_spotlight', '2021-12-28T12:18:49.063800+00:00', '--job-id', '325', '--pool', 'default_pool', '--raw', '--subdir', 'DAGS_FOLDER/kym_cleansing.py', '--cfg-path', '/tmp/tmpi4r38v2b', '--error-file', '/tmp/tmp45ve9ies']
[2021-12-29 12:18:50,545] {standard_task_runner.py:77} INFO - Job 325: Subtask cleanse_spotlight
[2021-12-29 12:18:50,586] {logging_mixin.py:109} INFO - Running <TaskInstance: cleansing_dag.cleanse_spotlight 2021-12-28T12:18:49.063800+00:00 [running]> on host 9b1c98289e99
[2021-12-29 12:18:50,635] {taskinstance.py:1251} INFO - Exporting the following env vars:
AIRFLOW_CTX_DAG_OWNER=***
AIRFLOW_CTX_DAG_ID=cleansing_dag
AIRFLOW_CTX_TASK_ID=cleanse_spotlight
AIRFLOW_CTX_EXECUTION_DATE=2021-12-28T12:18:49.063800+00:00
AIRFLOW_CTX_DAG_RUN_ID=scheduled__2021-12-28T12:18:49.063800+00:00
[2021-12-29 12:19:00,035] {python.py:151} INFO - Done. Returned value was: None
[2021-12-29 12:19:00,048] {taskinstance.py:1211} INFO - Marking task as SUCCESS. dag_id=cleansing_dag, task_id=cleanse_spotlight, execution_date=20211228T121849, start_date=20211229T121850, end_date=20211229T121900
[2021-12-29 12:19:00,080] {local_task_job.py:151} INFO - Task exited with return code 0
