[2021-12-13 15:25:33,732] {taskinstance.py:851} INFO - Dependencies all met for <TaskInstance: cleansing_dag.writeOut 2021-12-13T15:25:33.069325+00:00 [queued]>
[2021-12-13 15:25:33,761] {taskinstance.py:851} INFO - Dependencies all met for <TaskInstance: cleansing_dag.writeOut 2021-12-13T15:25:33.069325+00:00 [queued]>
[2021-12-13 15:25:33,761] {taskinstance.py:1042} INFO - 
--------------------------------------------------------------------------------
[2021-12-13 15:25:33,762] {taskinstance.py:1043} INFO - Starting attempt 1 of 2
[2021-12-13 15:25:33,762] {taskinstance.py:1044} INFO - 
--------------------------------------------------------------------------------
[2021-12-13 15:25:33,776] {taskinstance.py:1063} INFO - Executing <Task(PythonOperator): writeOut> on 2021-12-13T15:25:33.069325+00:00
[2021-12-13 15:25:33,781] {standard_task_runner.py:52} INFO - Started process 7151 to run task
[2021-12-13 15:25:33,784] {standard_task_runner.py:76} INFO - Running: ['airflow', 'tasks', 'run', 'cleansing_dag', 'writeOut', '2021-12-13T15:25:33.069325+00:00', '--job-id', '10', '--pool', 'default_pool', '--raw', '--subdir', 'DAGS_FOLDER/kym_cleansing.py', '--cfg-path', '/tmp/tmp3y6_lqqa', '--error-file', '/tmp/tmp_krufkjo']
[2021-12-13 15:25:33,785] {standard_task_runner.py:77} INFO - Job 10: Subtask writeOut
[2021-12-13 15:25:33,825] {logging_mixin.py:104} INFO - Running <TaskInstance: cleansing_dag.writeOut 2021-12-13T15:25:33.069325+00:00 [running]> on host e888e487975c
[2021-12-13 15:25:33,866] {taskinstance.py:1255} INFO - Exporting the following env vars:
AIRFLOW_CTX_DAG_OWNER=airflow
AIRFLOW_CTX_DAG_ID=cleansing_dag
AIRFLOW_CTX_TASK_ID=writeOut
AIRFLOW_CTX_EXECUTION_DATE=2021-12-13T15:25:33.069325+00:00
AIRFLOW_CTX_DAG_RUN_ID=manual__2021-12-13T15:25:33.069325+00:00
[2021-12-13 15:25:34,018] {python.py:118} INFO - Done. Returned value was: None
[2021-12-13 15:25:34,031] {taskinstance.py:1159} INFO - Marking task as SUCCESS. dag_id=cleansing_dag, task_id=writeOut, execution_date=20211213T152533, start_date=20211213T152533, end_date=20211213T152534
[2021-12-13 15:25:34,077] {local_task_job.py:146} INFO - Task exited with return code 0
