[2021-12-31 10:11:00,615] {taskinstance.py:903} INFO - Dependencies all met for <TaskInstance: main_dag.download_kym_data 2021-12-31T10:10:59.419213+00:00 [queued]>
[2021-12-31 10:11:00,626] {taskinstance.py:903} INFO - Dependencies all met for <TaskInstance: main_dag.download_kym_data 2021-12-31T10:10:59.419213+00:00 [queued]>
[2021-12-31 10:11:00,627] {taskinstance.py:1094} INFO - 
--------------------------------------------------------------------------------
[2021-12-31 10:11:00,627] {taskinstance.py:1095} INFO - Starting attempt 1 of 2
[2021-12-31 10:11:00,627] {taskinstance.py:1096} INFO - 
--------------------------------------------------------------------------------
[2021-12-31 10:11:00,642] {taskinstance.py:1114} INFO - Executing <Task(PythonOperator): download_kym_data> on 2021-12-31T10:10:59.419213+00:00
[2021-12-31 10:11:00,646] {standard_task_runner.py:52} INFO - Started process 7001 to run task
[2021-12-31 10:11:00,649] {standard_task_runner.py:76} INFO - Running: ['***', 'tasks', 'run', 'main_dag', 'download_kym_data', '2021-12-31T10:10:59.419213+00:00', '--job-id', '54', '--pool', 'default_pool', '--raw', '--subdir', 'DAGS_FOLDER/main_dag.py', '--cfg-path', '/tmp/tmpuxerwd0z', '--error-file', '/tmp/tmpqgf4d9gc']
[2021-12-31 10:11:00,650] {standard_task_runner.py:77} INFO - Job 54: Subtask download_kym_data
[2021-12-31 10:11:00,684] {logging_mixin.py:109} INFO - Running <TaskInstance: main_dag.download_kym_data 2021-12-31T10:10:59.419213+00:00 [running]> on host 71257c6b2a25
[2021-12-31 10:11:00,731] {taskinstance.py:1251} INFO - Exporting the following env vars:
AIRFLOW_CTX_DAG_OWNER=***
AIRFLOW_CTX_DAG_ID=main_dag
AIRFLOW_CTX_TASK_ID=download_kym_data
AIRFLOW_CTX_EXECUTION_DATE=2021-12-31T10:10:59.419213+00:00
AIRFLOW_CTX_DAG_RUN_ID=manual__2021-12-31T10:10:59.419213+00:00
[2021-12-31 10:11:22,522] {logging_mixin.py:109} INFO - File downloaded successfully.
[2021-12-31 10:11:22,523] {python.py:151} INFO - Done. Returned value was: None
[2021-12-31 10:11:22,553] {taskinstance.py:1211} INFO - Marking task as SUCCESS. dag_id=main_dag, task_id=download_kym_data, execution_date=20211231T101059, start_date=20211231T101100, end_date=20211231T101122
[2021-12-31 10:11:22,597] {local_task_job.py:151} INFO - Task exited with return code 0
