[2021-12-28 20:13:55,159] {taskinstance.py:903} INFO - Dependencies all met for <TaskInstance: cleansing_dag.cleanse_vision 2021-12-27T20:13:54.304938+00:00 [queued]>
[2021-12-28 20:13:55,177] {taskinstance.py:903} INFO - Dependencies all met for <TaskInstance: cleansing_dag.cleanse_vision 2021-12-27T20:13:54.304938+00:00 [queued]>
[2021-12-28 20:13:55,178] {taskinstance.py:1094} INFO - 
--------------------------------------------------------------------------------
[2021-12-28 20:13:55,178] {taskinstance.py:1095} INFO - Starting attempt 1 of 2
[2021-12-28 20:13:55,179] {taskinstance.py:1096} INFO - 
--------------------------------------------------------------------------------
[2021-12-28 20:13:55,188] {taskinstance.py:1114} INFO - Executing <Task(PythonOperator): cleanse_vision> on 2021-12-27T20:13:54.304938+00:00
[2021-12-28 20:13:55,193] {standard_task_runner.py:52} INFO - Started process 2182 to run task
[2021-12-28 20:13:55,196] {standard_task_runner.py:76} INFO - Running: ['***', 'tasks', 'run', 'cleansing_dag', 'cleanse_vision', '2021-12-27T20:13:54.304938+00:00', '--job-id', '295', '--pool', 'default_pool', '--raw', '--subdir', 'DAGS_FOLDER/kym_cleansing.py', '--cfg-path', '/tmp/tmpj3oacwsx', '--error-file', '/tmp/tmp93eqvblq']
[2021-12-28 20:13:55,197] {standard_task_runner.py:77} INFO - Job 295: Subtask cleanse_vision
[2021-12-28 20:13:55,236] {logging_mixin.py:109} INFO - Running <TaskInstance: cleansing_dag.cleanse_vision 2021-12-27T20:13:54.304938+00:00 [running]> on host 62c7f391d30e
[2021-12-28 20:13:55,288] {taskinstance.py:1251} INFO - Exporting the following env vars:
AIRFLOW_CTX_DAG_OWNER=***
AIRFLOW_CTX_DAG_ID=cleansing_dag
AIRFLOW_CTX_TASK_ID=cleanse_vision
AIRFLOW_CTX_EXECUTION_DATE=2021-12-27T20:13:54.304938+00:00
AIRFLOW_CTX_DAG_RUN_ID=scheduled__2021-12-27T20:13:54.304938+00:00
[2021-12-28 20:15:17,265] {python.py:151} INFO - Done. Returned value was: None
[2021-12-28 20:15:17,276] {taskinstance.py:1211} INFO - Marking task as SUCCESS. dag_id=cleansing_dag, task_id=cleanse_vision, execution_date=20211227T201354, start_date=20211228T201355, end_date=20211228T201517
[2021-12-28 20:15:17,313] {local_task_job.py:151} INFO - Task exited with return code 0
