[2021-11-14 14:58:13,890] {taskinstance.py:851} INFO - Dependencies all met for <TaskInstance: first_dag.addSafeSearchRows 2021-11-14T14:57:49.326630+00:00 [queued]>
[2021-11-14 14:58:13,908] {taskinstance.py:851} INFO - Dependencies all met for <TaskInstance: first_dag.addSafeSearchRows 2021-11-14T14:57:49.326630+00:00 [queued]>
[2021-11-14 14:58:13,908] {taskinstance.py:1042} INFO - 
--------------------------------------------------------------------------------
[2021-11-14 14:58:13,909] {taskinstance.py:1043} INFO - Starting attempt 1 of 2
[2021-11-14 14:58:13,909] {taskinstance.py:1044} INFO - 
--------------------------------------------------------------------------------
[2021-11-14 14:58:13,920] {taskinstance.py:1063} INFO - Executing <Task(PythonOperator): addSafeSearchRows> on 2021-11-14T14:57:49.326630+00:00
[2021-11-14 14:58:13,926] {standard_task_runner.py:52} INFO - Started process 52 to run task
[2021-11-14 14:58:13,929] {standard_task_runner.py:76} INFO - Running: ['airflow', 'tasks', 'run', 'first_dag', 'addSafeSearchRows', '2021-11-14T14:57:49.326630+00:00', '--job-id', '20', '--pool', 'default_pool', '--raw', '--subdir', 'DAGS_FOLDER/first_dag.py', '--cfg-path', '/tmp/tmp4ulbcjdi', '--error-file', '/tmp/tmp3s40l_6t']
[2021-11-14 14:58:13,929] {standard_task_runner.py:77} INFO - Job 20: Subtask addSafeSearchRows
[2021-11-14 14:58:13,967] {logging_mixin.py:104} INFO - Running <TaskInstance: first_dag.addSafeSearchRows 2021-11-14T14:57:49.326630+00:00 [running]> on host f65740cbacf4
[2021-11-14 14:58:14,006] {taskinstance.py:1257} INFO - Exporting the following env vars:
AIRFLOW_CTX_DAG_OWNER=airflow
AIRFLOW_CTX_DAG_ID=first_dag
AIRFLOW_CTX_TASK_ID=addSafeSearchRows
AIRFLOW_CTX_EXECUTION_DATE=2021-11-14T14:57:49.326630+00:00
AIRFLOW_CTX_DAG_RUN_ID=manual__2021-11-14T14:57:49.326630+00:00
[2021-11-14 15:01:27,790] {python.py:118} INFO - Done. Returned value was: None
[2021-11-14 15:01:28,246] {taskinstance.py:1166} INFO - Marking task as SUCCESS. dag_id=first_dag, task_id=addSafeSearchRows, execution_date=20211114T145749, start_date=20211114T145813, end_date=20211114T150128
[2021-11-14 15:01:28,578] {local_task_job.py:146} INFO - Task exited with return code 1
