[2021-12-28 19:59:55,036] {taskinstance.py:903} INFO - Dependencies all met for <TaskInstance: cleansing_dag.cleanse_kym 2021-12-28T19:59:54.431163+00:00 [queued]>
[2021-12-28 19:59:55,054] {taskinstance.py:903} INFO - Dependencies all met for <TaskInstance: cleansing_dag.cleanse_kym 2021-12-28T19:59:54.431163+00:00 [queued]>
[2021-12-28 19:59:55,055] {taskinstance.py:1094} INFO - 
--------------------------------------------------------------------------------
[2021-12-28 19:59:55,055] {taskinstance.py:1095} INFO - Starting attempt 1 of 2
[2021-12-28 19:59:55,056] {taskinstance.py:1096} INFO - 
--------------------------------------------------------------------------------
[2021-12-28 19:59:55,066] {taskinstance.py:1114} INFO - Executing <Task(PythonOperator): cleanse_kym> on 2021-12-28T19:59:54.431163+00:00
[2021-12-28 19:59:55,070] {standard_task_runner.py:52} INFO - Started process 7062 to run task
[2021-12-28 19:59:55,073] {standard_task_runner.py:76} INFO - Running: ['***', 'tasks', 'run', 'cleansing_dag', 'cleanse_kym', '2021-12-28T19:59:54.431163+00:00', '--job-id', '258', '--pool', 'default_pool', '--raw', '--subdir', 'DAGS_FOLDER/kym_cleansing.py', '--cfg-path', '/tmp/tmpd4j0c6x1', '--error-file', '/tmp/tmp80qaj5go']
[2021-12-28 19:59:55,074] {standard_task_runner.py:77} INFO - Job 258: Subtask cleanse_kym
[2021-12-28 19:59:55,114] {logging_mixin.py:109} INFO - Running <TaskInstance: cleansing_dag.cleanse_kym 2021-12-28T19:59:54.431163+00:00 [running]> on host 62c7f391d30e
[2021-12-28 19:59:55,162] {taskinstance.py:1251} INFO - Exporting the following env vars:
AIRFLOW_CTX_DAG_OWNER=***
AIRFLOW_CTX_DAG_ID=cleansing_dag
AIRFLOW_CTX_TASK_ID=cleanse_kym
AIRFLOW_CTX_EXECUTION_DATE=2021-12-28T19:59:54.431163+00:00
AIRFLOW_CTX_DAG_RUN_ID=manual__2021-12-28T19:59:54.431163+00:00
[2021-12-28 20:02:57,855] {python.py:151} INFO - Done. Returned value was: None
[2021-12-28 20:02:57,919] {taskinstance.py:1211} INFO - Marking task as SUCCESS. dag_id=cleansing_dag, task_id=cleanse_kym, execution_date=20211228T195954, start_date=20211228T195955, end_date=20211228T200257
[2021-12-28 20:02:57,987] {local_task_job.py:151} INFO - Task exited with return code 0
