[2021-12-09 15:49:51,389] {taskinstance.py:851} INFO - Dependencies all met for <TaskInstance: cleansing_dag.addSafeSearchRows 2021-12-08T15:49:29.859966+00:00 [queued]>
[2021-12-09 15:49:51,407] {taskinstance.py:851} INFO - Dependencies all met for <TaskInstance: cleansing_dag.addSafeSearchRows 2021-12-08T15:49:29.859966+00:00 [queued]>
[2021-12-09 15:49:51,408] {taskinstance.py:1042} INFO - 
--------------------------------------------------------------------------------
[2021-12-09 15:49:51,408] {taskinstance.py:1043} INFO - Starting attempt 1 of 2
[2021-12-09 15:49:51,408] {taskinstance.py:1044} INFO - 
--------------------------------------------------------------------------------
[2021-12-09 15:49:51,432] {taskinstance.py:1063} INFO - Executing <Task(PythonOperator): addSafeSearchRows> on 2021-12-08T15:49:29.859966+00:00
[2021-12-09 15:49:51,436] {standard_task_runner.py:52} INFO - Started process 53 to run task
[2021-12-09 15:49:51,439] {standard_task_runner.py:76} INFO - Running: ['airflow', 'tasks', 'run', 'cleansing_dag', 'addSafeSearchRows', '2021-12-08T15:49:29.859966+00:00', '--job-id', '42', '--pool', 'default_pool', '--raw', '--subdir', 'DAGS_FOLDER/kym_vision.py', '--cfg-path', '/tmp/tmpodzacwit', '--error-file', '/tmp/tmp0_fla2gv']
[2021-12-09 15:49:51,441] {standard_task_runner.py:77} INFO - Job 42: Subtask addSafeSearchRows
[2021-12-09 15:49:51,481] {logging_mixin.py:104} INFO - Running <TaskInstance: cleansing_dag.addSafeSearchRows 2021-12-08T15:49:29.859966+00:00 [running]> on host 8ea24132e477
[2021-12-09 15:49:51,525] {taskinstance.py:1257} INFO - Exporting the following env vars:
AIRFLOW_CTX_DAG_OWNER=airflow
AIRFLOW_CTX_DAG_ID=cleansing_dag
AIRFLOW_CTX_TASK_ID=addSafeSearchRows
AIRFLOW_CTX_EXECUTION_DATE=2021-12-08T15:49:29.859966+00:00
AIRFLOW_CTX_DAG_RUN_ID=scheduled__2021-12-08T15:49:29.859966+00:00
[2021-12-09 15:51:08,717] {python.py:118} INFO - Done. Returned value was: None
[2021-12-09 15:51:08,767] {taskinstance.py:1166} INFO - Marking task as SUCCESS. dag_id=cleansing_dag, task_id=addSafeSearchRows, execution_date=20211208T154929, start_date=20211209T154951, end_date=20211209T155108
[2021-12-09 15:51:08,805] {taskinstance.py:1220} INFO - 0 downstream tasks scheduled from follow-on schedule check
[2021-12-09 15:51:08,831] {local_task_job.py:146} INFO - Task exited with return code 0
