[2021-12-13 14:17:15,735] {taskinstance.py:851} INFO - Dependencies all met for <TaskInstance: cleansing_dag.writeOut 2021-12-12T14:17:11.049766+00:00 [queued]>
[2021-12-13 14:17:15,755] {taskinstance.py:851} INFO - Dependencies all met for <TaskInstance: cleansing_dag.writeOut 2021-12-12T14:17:11.049766+00:00 [queued]>
[2021-12-13 14:17:15,756] {taskinstance.py:1042} INFO - 
--------------------------------------------------------------------------------
[2021-12-13 14:17:15,756] {taskinstance.py:1043} INFO - Starting attempt 1 of 2
[2021-12-13 14:17:15,756] {taskinstance.py:1044} INFO - 
--------------------------------------------------------------------------------
[2021-12-13 14:17:15,767] {taskinstance.py:1063} INFO - Executing <Task(PythonOperator): writeOut> on 2021-12-12T14:17:11.049766+00:00
[2021-12-13 14:17:15,771] {standard_task_runner.py:52} INFO - Started process 55 to run task
[2021-12-13 14:17:15,775] {standard_task_runner.py:76} INFO - Running: ['airflow', 'tasks', 'run', 'cleansing_dag', 'writeOut', '2021-12-12T14:17:11.049766+00:00', '--job-id', '4', '--pool', 'default_pool', '--raw', '--subdir', 'DAGS_FOLDER/kym_cleansing.py', '--cfg-path', '/tmp/tmpp43im2wi', '--error-file', '/tmp/tmpzmris_ge']
[2021-12-13 14:17:15,777] {standard_task_runner.py:77} INFO - Job 4: Subtask writeOut
[2021-12-13 14:17:15,815] {logging_mixin.py:104} INFO - Running <TaskInstance: cleansing_dag.writeOut 2021-12-12T14:17:11.049766+00:00 [running]> on host f70ffe93e168
[2021-12-13 14:17:15,852] {taskinstance.py:1257} INFO - Exporting the following env vars:
AIRFLOW_CTX_DAG_OWNER=airflow
AIRFLOW_CTX_DAG_ID=cleansing_dag
AIRFLOW_CTX_TASK_ID=writeOut
AIRFLOW_CTX_EXECUTION_DATE=2021-12-12T14:17:11.049766+00:00
AIRFLOW_CTX_DAG_RUN_ID=scheduled__2021-12-12T14:17:11.049766+00:00
[2021-12-13 14:17:15,873] {taskinstance.py:1455} ERROR - kym_vision_processed.parquet
Traceback (most recent call last):
  File "/home/airflow/.local/lib/python3.6/site-packages/airflow/models/taskinstance.py", line 1112, in _run_raw_task
    self._prepare_and_execute_task_with_callbacks(context, task)
  File "/home/airflow/.local/lib/python3.6/site-packages/airflow/models/taskinstance.py", line 1285, in _prepare_and_execute_task_with_callbacks
    result = self._execute_task(context, task_copy)
  File "/home/airflow/.local/lib/python3.6/site-packages/airflow/models/taskinstance.py", line 1315, in _execute_task
    result = task_copy.execute(context=context)
  File "/home/airflow/.local/lib/python3.6/site-packages/airflow/operators/python.py", line 117, in execute
    return_value = self.execute_callable()
  File "/home/airflow/.local/lib/python3.6/site-packages/airflow/operators/python.py", line 128, in execute_callable
    return self.python_callable(*self.op_args, **self.op_kwargs)
  File "/opt/airflow/dags/kym_cleansing.py", line 170, in writeOutToParquet
    df = pd.read_parquet('kym_vision_processed.parquet', engine='pyarrow')
  File "/home/airflow/.local/lib/python3.6/site-packages/pandas/io/parquet.py", line 317, in read_parquet
    return impl.read(path, columns=columns, **kwargs)
  File "/home/airflow/.local/lib/python3.6/site-packages/pandas/io/parquet.py", line 142, in read
    path, columns=columns, filesystem=fs, **kwargs
  File "/home/airflow/.local/lib/python3.6/site-packages/pyarrow/parquet.py", line 1915, in read_table
    coerce_int96_timestamp_unit=coerce_int96_timestamp_unit
  File "/home/airflow/.local/lib/python3.6/site-packages/pyarrow/parquet.py", line 1729, in __init__
    ignore_prefixes=ignore_prefixes)
  File "/home/airflow/.local/lib/python3.6/site-packages/pyarrow/dataset.py", line 680, in dataset
    return _filesystem_dataset(source, **kwargs)
  File "/home/airflow/.local/lib/python3.6/site-packages/pyarrow/dataset.py", line 425, in _filesystem_dataset
    fs, paths_or_selector = _ensure_single_source(source, filesystem)
  File "/home/airflow/.local/lib/python3.6/site-packages/pyarrow/dataset.py", line 401, in _ensure_single_source
    raise FileNotFoundError(path)
FileNotFoundError: kym_vision_processed.parquet
[2021-12-13 14:17:15,879] {taskinstance.py:1503} INFO - Marking task as UP_FOR_RETRY. dag_id=cleansing_dag, task_id=writeOut, execution_date=20211212T141711, start_date=20211213T141715, end_date=20211213T141715
[2021-12-13 14:17:15,908] {local_task_job.py:146} INFO - Task exited with return code 1
