[2021-12-29 13:10:30,390] {taskinstance.py:903} INFO - Dependencies all met for <TaskInstance: cleansing_dag.create_tag_dimension_query 2021-12-28T13:07:47.731043+00:00 [queued]>
[2021-12-29 13:10:30,411] {taskinstance.py:903} INFO - Dependencies all met for <TaskInstance: cleansing_dag.create_tag_dimension_query 2021-12-28T13:07:47.731043+00:00 [queued]>
[2021-12-29 13:10:30,411] {taskinstance.py:1094} INFO - 
--------------------------------------------------------------------------------
[2021-12-29 13:10:30,412] {taskinstance.py:1095} INFO - Starting attempt 1 of 2
[2021-12-29 13:10:30,412] {taskinstance.py:1096} INFO - 
--------------------------------------------------------------------------------
[2021-12-29 13:10:30,425] {taskinstance.py:1114} INFO - Executing <Task(PythonOperator): create_tag_dimension_query> on 2021-12-28T13:07:47.731043+00:00
[2021-12-29 13:10:30,432] {standard_task_runner.py:52} INFO - Started process 16266 to run task
[2021-12-29 13:10:30,435] {standard_task_runner.py:76} INFO - Running: ['***', 'tasks', 'run', 'cleansing_dag', 'create_tag_dimension_query', '2021-12-28T13:07:47.731043+00:00', '--job-id', '378', '--pool', 'default_pool', '--raw', '--subdir', 'DAGS_FOLDER/kym_cleansing.py', '--cfg-path', '/tmp/tmp2ea0znkh', '--error-file', '/tmp/tmpo1hiko03']
[2021-12-29 13:10:30,436] {standard_task_runner.py:77} INFO - Job 378: Subtask create_tag_dimension_query
[2021-12-29 13:10:30,482] {logging_mixin.py:109} INFO - Running <TaskInstance: cleansing_dag.create_tag_dimension_query 2021-12-28T13:07:47.731043+00:00 [running]> on host 34521d0e1651
[2021-12-29 13:10:30,542] {taskinstance.py:1251} INFO - Exporting the following env vars:
AIRFLOW_CTX_DAG_OWNER=***
AIRFLOW_CTX_DAG_ID=cleansing_dag
AIRFLOW_CTX_TASK_ID=create_tag_dimension_query
AIRFLOW_CTX_EXECUTION_DATE=2021-12-28T13:07:47.731043+00:00
AIRFLOW_CTX_DAG_RUN_ID=scheduled__2021-12-28T13:07:47.731043+00:00
[2021-12-29 13:10:31,230] {python.py:151} INFO - Done. Returned value was: None
[2021-12-29 13:10:31,241] {taskinstance.py:1211} INFO - Marking task as SUCCESS. dag_id=cleansing_dag, task_id=create_tag_dimension_query, execution_date=20211228T130747, start_date=20211229T131030, end_date=20211229T131031
[2021-12-29 13:10:31,289] {local_task_job.py:151} INFO - Task exited with return code 0
