[2021-12-16 12:32:09,123] {taskinstance.py:851} INFO - Dependencies all met for <TaskInstance: cleansing_dag.merge 2021-12-13T15:27:53.676070+00:00 [queued]>
[2021-12-16 12:32:09,139] {taskinstance.py:851} INFO - Dependencies all met for <TaskInstance: cleansing_dag.merge 2021-12-13T15:27:53.676070+00:00 [queued]>
[2021-12-16 12:32:09,140] {taskinstance.py:1042} INFO - 
--------------------------------------------------------------------------------
[2021-12-16 12:32:09,140] {taskinstance.py:1043} INFO - Starting attempt 1 of 2
[2021-12-16 12:32:09,140] {taskinstance.py:1044} INFO - 
--------------------------------------------------------------------------------
[2021-12-16 12:32:09,155] {taskinstance.py:1063} INFO - Executing <Task(PythonOperator): merge> on 2021-12-13T15:27:53.676070+00:00
[2021-12-16 12:32:09,160] {standard_task_runner.py:52} INFO - Started process 13727 to run task
[2021-12-16 12:32:09,163] {standard_task_runner.py:76} INFO - Running: ['airflow', 'tasks', 'run', 'cleansing_dag', 'merge', '2021-12-13T15:27:53.676070+00:00', '--job-id', '29', '--pool', 'default_pool', '--raw', '--subdir', 'DAGS_FOLDER/kym_cleansing.py', '--cfg-path', '/tmp/tmpepdiqsza', '--error-file', '/tmp/tmph_bt2wjg']
[2021-12-16 12:32:09,164] {standard_task_runner.py:77} INFO - Job 29: Subtask merge
[2021-12-16 12:32:09,201] {logging_mixin.py:104} INFO - Running <TaskInstance: cleansing_dag.merge 2021-12-13T15:27:53.676070+00:00 [running]> on host f46d95c5a5d9
[2021-12-16 12:32:09,240] {taskinstance.py:1255} INFO - Exporting the following env vars:
AIRFLOW_CTX_DAG_OWNER=airflow
AIRFLOW_CTX_DAG_ID=cleansing_dag
AIRFLOW_CTX_TASK_ID=merge
AIRFLOW_CTX_EXECUTION_DATE=2021-12-13T15:27:53.676070+00:00
AIRFLOW_CTX_DAG_RUN_ID=scheduled__2021-12-13T15:27:53.676070+00:00
[2021-12-16 12:32:15,574] {python.py:118} INFO - Done. Returned value was: None
[2021-12-16 12:32:15,590] {taskinstance.py:1159} INFO - Marking task as SUCCESS. dag_id=cleansing_dag, task_id=merge, execution_date=20211213T152753, start_date=20211216T123209, end_date=20211216T123215
[2021-12-16 12:32:15,683] {local_task_job.py:146} INFO - Task exited with return code 0
