[2021-12-31 16:29:54,050] {taskinstance.py:903} INFO - Dependencies all met for <TaskInstance: main_dag.download_kym_data 2021-12-31T16:29:52.816585+00:00 [queued]>
[2021-12-31 16:29:54,064] {taskinstance.py:903} INFO - Dependencies all met for <TaskInstance: main_dag.download_kym_data 2021-12-31T16:29:52.816585+00:00 [queued]>
[2021-12-31 16:29:54,065] {taskinstance.py:1094} INFO - 
--------------------------------------------------------------------------------
[2021-12-31 16:29:54,065] {taskinstance.py:1095} INFO - Starting attempt 1 of 2
[2021-12-31 16:29:54,065] {taskinstance.py:1096} INFO - 
--------------------------------------------------------------------------------
[2021-12-31 16:29:54,081] {taskinstance.py:1114} INFO - Executing <Task(PythonOperator): download_kym_data> on 2021-12-31T16:29:52.816585+00:00
[2021-12-31 16:29:54,086] {standard_task_runner.py:52} INFO - Started process 31259 to run task
[2021-12-31 16:29:54,088] {standard_task_runner.py:76} INFO - Running: ['***', 'tasks', 'run', 'main_dag', 'download_kym_data', '2021-12-31T16:29:52.816585+00:00', '--job-id', '203', '--pool', 'default_pool', '--raw', '--subdir', 'DAGS_FOLDER/main_dag.py', '--cfg-path', '/tmp/tmpe2kcnigv', '--error-file', '/tmp/tmpbtbw3hap']
[2021-12-31 16:29:54,089] {standard_task_runner.py:77} INFO - Job 203: Subtask download_kym_data
[2021-12-31 16:29:54,127] {logging_mixin.py:109} INFO - Running <TaskInstance: main_dag.download_kym_data 2021-12-31T16:29:52.816585+00:00 [running]> on host 8e99a5d40b8f
[2021-12-31 16:29:54,178] {taskinstance.py:1251} INFO - Exporting the following env vars:
AIRFLOW_CTX_DAG_OWNER=***
AIRFLOW_CTX_DAG_ID=main_dag
AIRFLOW_CTX_TASK_ID=download_kym_data
AIRFLOW_CTX_EXECUTION_DATE=2021-12-31T16:29:52.816585+00:00
AIRFLOW_CTX_DAG_RUN_ID=manual__2021-12-31T16:29:52.816585+00:00
[2021-12-31 16:30:15,121] {logging_mixin.py:109} INFO - File downloaded successfully.
[2021-12-31 16:30:15,121] {python.py:151} INFO - Done. Returned value was: None
[2021-12-31 16:30:15,133] {taskinstance.py:1211} INFO - Marking task as SUCCESS. dag_id=main_dag, task_id=download_kym_data, execution_date=20211231T162952, start_date=20211231T162954, end_date=20211231T163015
[2021-12-31 16:30:15,172] {local_task_job.py:151} INFO - Task exited with return code 0
