[2021-12-31 15:41:10,602] {taskinstance.py:903} INFO - Dependencies all met for <TaskInstance: main_dag.cleanse_kym 2021-12-31T15:40:48.544744+00:00 [queued]>
[2021-12-31 15:41:10,619] {taskinstance.py:903} INFO - Dependencies all met for <TaskInstance: main_dag.cleanse_kym 2021-12-31T15:40:48.544744+00:00 [queued]>
[2021-12-31 15:41:10,620] {taskinstance.py:1094} INFO - 
--------------------------------------------------------------------------------
[2021-12-31 15:41:10,620] {taskinstance.py:1095} INFO - Starting attempt 1 of 2
[2021-12-31 15:41:10,621] {taskinstance.py:1096} INFO - 
--------------------------------------------------------------------------------
[2021-12-31 15:41:10,637] {taskinstance.py:1114} INFO - Executing <Task(PythonOperator): cleanse_kym> on 2021-12-31T15:40:48.544744+00:00
[2021-12-31 15:41:10,642] {standard_task_runner.py:52} INFO - Started process 2925 to run task
[2021-12-31 15:41:10,644] {standard_task_runner.py:76} INFO - Running: ['***', 'tasks', 'run', 'main_dag', 'cleanse_kym', '2021-12-31T15:40:48.544744+00:00', '--job-id', '115', '--pool', 'default_pool', '--raw', '--subdir', 'DAGS_FOLDER/main_dag.py', '--cfg-path', '/tmp/tmp_723xi6t', '--error-file', '/tmp/tmp5wd2e7le']
[2021-12-31 15:41:10,646] {standard_task_runner.py:77} INFO - Job 115: Subtask cleanse_kym
[2021-12-31 15:41:10,683] {logging_mixin.py:109} INFO - Running <TaskInstance: main_dag.cleanse_kym 2021-12-31T15:40:48.544744+00:00 [running]> on host 8e99a5d40b8f
[2021-12-31 15:41:10,734] {taskinstance.py:1251} INFO - Exporting the following env vars:
AIRFLOW_CTX_DAG_OWNER=***
AIRFLOW_CTX_DAG_ID=main_dag
AIRFLOW_CTX_TASK_ID=cleanse_kym
AIRFLOW_CTX_EXECUTION_DATE=2021-12-31T15:40:48.544744+00:00
AIRFLOW_CTX_DAG_RUN_ID=manual__2021-12-31T15:40:48.544744+00:00
[2021-12-31 15:43:43,911] {python.py:151} INFO - Done. Returned value was: None
[2021-12-31 15:43:43,923] {taskinstance.py:1211} INFO - Marking task as SUCCESS. dag_id=main_dag, task_id=cleanse_kym, execution_date=20211231T154048, start_date=20211231T154110, end_date=20211231T154343
[2021-12-31 15:43:43,957] {local_task_job.py:151} INFO - Task exited with return code 0
