[2021-12-13 16:00:21,320] {taskinstance.py:851} INFO - Dependencies all met for <TaskInstance: cleansing_dag.cleanse_vision 2021-12-13T15:58:19.950625+00:00 [queued]>
[2021-12-13 16:00:21,337] {taskinstance.py:851} INFO - Dependencies all met for <TaskInstance: cleansing_dag.cleanse_vision 2021-12-13T15:58:19.950625+00:00 [queued]>
[2021-12-13 16:00:21,337] {taskinstance.py:1042} INFO - 
--------------------------------------------------------------------------------
[2021-12-13 16:00:21,338] {taskinstance.py:1043} INFO - Starting attempt 1 of 2
[2021-12-13 16:00:21,338] {taskinstance.py:1044} INFO - 
--------------------------------------------------------------------------------
[2021-12-13 16:00:21,350] {taskinstance.py:1063} INFO - Executing <Task(PythonOperator): cleanse_vision> on 2021-12-13T15:58:19.950625+00:00
[2021-12-13 16:00:21,355] {standard_task_runner.py:52} INFO - Started process 28057 to run task
[2021-12-13 16:00:21,358] {standard_task_runner.py:76} INFO - Running: ['airflow', 'tasks', 'run', 'cleansing_dag', 'cleanse_vision', '2021-12-13T15:58:19.950625+00:00', '--job-id', '17', '--pool', 'default_pool', '--raw', '--subdir', 'DAGS_FOLDER/kym_cleansing.py', '--cfg-path', '/tmp/tmphrqxipgh', '--error-file', '/tmp/tmpbg0gsc8x']
[2021-12-13 16:00:21,359] {standard_task_runner.py:77} INFO - Job 17: Subtask cleanse_vision
[2021-12-13 16:00:21,401] {logging_mixin.py:104} INFO - Running <TaskInstance: cleansing_dag.cleanse_vision 2021-12-13T15:58:19.950625+00:00 [running]> on host e888e487975c
[2021-12-13 16:00:21,438] {taskinstance.py:1255} INFO - Exporting the following env vars:
AIRFLOW_CTX_DAG_OWNER=airflow
AIRFLOW_CTX_DAG_ID=cleansing_dag
AIRFLOW_CTX_TASK_ID=cleanse_vision
AIRFLOW_CTX_EXECUTION_DATE=2021-12-13T15:58:19.950625+00:00
AIRFLOW_CTX_DAG_RUN_ID=manual__2021-12-13T15:58:19.950625+00:00
[2021-12-13 16:07:55,221] {python.py:118} INFO - Done. Returned value was: None
[2021-12-13 16:07:55,699] {taskinstance.py:1159} INFO - Marking task as SUCCESS. dag_id=cleansing_dag, task_id=cleanse_vision, execution_date=20211213T155819, start_date=20211213T160021, end_date=20211213T160755
[2021-12-13 16:07:55,911] {local_task_job.py:146} INFO - Task exited with return code 0
