[2021-12-28 15:02:23,498] {taskinstance.py:903} INFO - Dependencies all met for <TaskInstance: cleansing_dag.cleanse_spotlight 2021-12-27T15:02:15.357290+00:00 [queued]>
[2021-12-28 15:02:23,510] {taskinstance.py:903} INFO - Dependencies all met for <TaskInstance: cleansing_dag.cleanse_spotlight 2021-12-27T15:02:15.357290+00:00 [queued]>
[2021-12-28 15:02:23,511] {taskinstance.py:1094} INFO - 
--------------------------------------------------------------------------------
[2021-12-28 15:02:23,511] {taskinstance.py:1095} INFO - Starting attempt 1 of 2
[2021-12-28 15:02:23,512] {taskinstance.py:1096} INFO - 
--------------------------------------------------------------------------------
[2021-12-28 15:02:23,529] {taskinstance.py:1114} INFO - Executing <Task(PythonOperator): cleanse_spotlight> on 2021-12-27T15:02:15.357290+00:00
[2021-12-28 15:02:23,534] {standard_task_runner.py:52} INFO - Started process 65 to run task
[2021-12-28 15:02:23,540] {standard_task_runner.py:76} INFO - Running: ['***', 'tasks', 'run', 'cleansing_dag', 'cleanse_spotlight', '2021-12-27T15:02:15.357290+00:00', '--job-id', '107', '--pool', 'default_pool', '--raw', '--subdir', 'DAGS_FOLDER/kym_cleansing.py', '--cfg-path', '/tmp/tmpmlpyyf4d', '--error-file', '/tmp/tmp85yleyun']
[2021-12-28 15:02:23,541] {standard_task_runner.py:77} INFO - Job 107: Subtask cleanse_spotlight
[2021-12-28 15:02:23,585] {logging_mixin.py:109} INFO - Running <TaskInstance: cleansing_dag.cleanse_spotlight 2021-12-27T15:02:15.357290+00:00 [running]> on host e9f043de1902
[2021-12-28 15:02:23,641] {taskinstance.py:1251} INFO - Exporting the following env vars:
AIRFLOW_CTX_DAG_OWNER=***
AIRFLOW_CTX_DAG_ID=cleansing_dag
AIRFLOW_CTX_TASK_ID=cleanse_spotlight
AIRFLOW_CTX_EXECUTION_DATE=2021-12-27T15:02:15.357290+00:00
AIRFLOW_CTX_DAG_RUN_ID=scheduled__2021-12-27T15:02:15.357290+00:00
[2021-12-28 15:02:34,322] {python.py:151} INFO - Done. Returned value was: None
[2021-12-28 15:02:34,338] {taskinstance.py:1211} INFO - Marking task as SUCCESS. dag_id=cleansing_dag, task_id=cleanse_spotlight, execution_date=20211227T150215, start_date=20211228T150223, end_date=20211228T150234
[2021-12-28 15:02:34,398] {local_task_job.py:151} INFO - Task exited with return code 0
