[2021-12-28 18:05:13,400] {taskinstance.py:903} INFO - Dependencies all met for <TaskInstance: cleansing_dag.create_date_dimension_query 2021-12-27T18:02:06.809133+00:00 [queued]>
[2021-12-28 18:05:13,432] {taskinstance.py:903} INFO - Dependencies all met for <TaskInstance: cleansing_dag.create_date_dimension_query 2021-12-27T18:02:06.809133+00:00 [queued]>
[2021-12-28 18:05:13,432] {taskinstance.py:1094} INFO - 
--------------------------------------------------------------------------------
[2021-12-28 18:05:13,433] {taskinstance.py:1095} INFO - Starting attempt 1 of 2
[2021-12-28 18:05:13,433] {taskinstance.py:1096} INFO - 
--------------------------------------------------------------------------------
[2021-12-28 18:05:13,448] {taskinstance.py:1114} INFO - Executing <Task(PythonOperator): create_date_dimension_query> on 2021-12-27T18:02:06.809133+00:00
[2021-12-28 18:05:13,458] {standard_task_runner.py:52} INFO - Started process 13944 to run task
[2021-12-28 18:05:13,469] {standard_task_runner.py:76} INFO - Running: ['***', 'tasks', 'run', 'cleansing_dag', 'create_date_dimension_query', '2021-12-27T18:02:06.809133+00:00', '--job-id', '155', '--pool', 'default_pool', '--raw', '--subdir', 'DAGS_FOLDER/kym_cleansing.py', '--cfg-path', '/tmp/tmpr95uv_la', '--error-file', '/tmp/tmpe_klfpoe']
[2021-12-28 18:05:13,471] {standard_task_runner.py:77} INFO - Job 155: Subtask create_date_dimension_query
[2021-12-28 18:05:13,539] {logging_mixin.py:109} INFO - Running <TaskInstance: cleansing_dag.create_date_dimension_query 2021-12-27T18:02:06.809133+00:00 [running]> on host e75bb9f39fa6
[2021-12-28 18:05:13,644] {taskinstance.py:1251} INFO - Exporting the following env vars:
AIRFLOW_CTX_DAG_OWNER=***
AIRFLOW_CTX_DAG_ID=cleansing_dag
AIRFLOW_CTX_TASK_ID=create_date_dimension_query
AIRFLOW_CTX_EXECUTION_DATE=2021-12-27T18:02:06.809133+00:00
AIRFLOW_CTX_DAG_RUN_ID=scheduled__2021-12-27T18:02:06.809133+00:00
[2021-12-28 18:05:13,860] {python.py:151} INFO - Done. Returned value was: None
[2021-12-28 18:05:13,875] {taskinstance.py:1211} INFO - Marking task as SUCCESS. dag_id=cleansing_dag, task_id=create_date_dimension_query, execution_date=20211227T180206, start_date=20211228T180513, end_date=20211228T180513
[2021-12-28 18:05:13,922] {local_task_job.py:151} INFO - Task exited with return code 0
