[2021-12-28 19:50:03,296] {taskinstance.py:903} INFO - Dependencies all met for <TaskInstance: cleansing_dag.cleanse_vision 2021-12-28T19:50:02.531981+00:00 [queued]>
[2021-12-28 19:50:03,310] {taskinstance.py:903} INFO - Dependencies all met for <TaskInstance: cleansing_dag.cleanse_vision 2021-12-28T19:50:02.531981+00:00 [queued]>
[2021-12-28 19:50:03,310] {taskinstance.py:1094} INFO - 
--------------------------------------------------------------------------------
[2021-12-28 19:50:03,311] {taskinstance.py:1095} INFO - Starting attempt 1 of 2
[2021-12-28 19:50:03,311] {taskinstance.py:1096} INFO - 
--------------------------------------------------------------------------------
[2021-12-28 19:50:03,328] {taskinstance.py:1114} INFO - Executing <Task(PythonOperator): cleanse_vision> on 2021-12-28T19:50:02.531981+00:00
[2021-12-28 19:50:03,333] {standard_task_runner.py:52} INFO - Started process 14135 to run task
[2021-12-28 19:50:03,336] {standard_task_runner.py:76} INFO - Running: ['***', 'tasks', 'run', 'cleansing_dag', 'cleanse_vision', '2021-12-28T19:50:02.531981+00:00', '--job-id', '224', '--pool', 'default_pool', '--raw', '--subdir', 'DAGS_FOLDER/kym_cleansing.py', '--cfg-path', '/tmp/tmp8rh_30uq', '--error-file', '/tmp/tmpw6ci7n0v']
[2021-12-28 19:50:03,337] {standard_task_runner.py:77} INFO - Job 224: Subtask cleanse_vision
[2021-12-28 19:50:03,384] {logging_mixin.py:109} INFO - Running <TaskInstance: cleansing_dag.cleanse_vision 2021-12-28T19:50:02.531981+00:00 [running]> on host 0b3e0a2afa7a
[2021-12-28 19:50:03,434] {taskinstance.py:1251} INFO - Exporting the following env vars:
AIRFLOW_CTX_DAG_OWNER=***
AIRFLOW_CTX_DAG_ID=cleansing_dag
AIRFLOW_CTX_TASK_ID=cleanse_vision
AIRFLOW_CTX_EXECUTION_DATE=2021-12-28T19:50:02.531981+00:00
AIRFLOW_CTX_DAG_RUN_ID=manual__2021-12-28T19:50:02.531981+00:00
[2021-12-28 19:51:46,869] {python.py:151} INFO - Done. Returned value was: None
[2021-12-28 19:51:46,881] {taskinstance.py:1211} INFO - Marking task as SUCCESS. dag_id=cleansing_dag, task_id=cleanse_vision, execution_date=20211228T195002, start_date=20211228T195003, end_date=20211228T195146
[2021-12-28 19:51:46,953] {local_task_job.py:151} INFO - Task exited with return code 0
