[2021-12-31 15:27:21,194] {taskinstance.py:903} INFO - Dependencies all met for <TaskInstance: main_dag.download_vision_data 2021-12-31T15:24:18.357473+00:00 [queued]>
[2021-12-31 15:27:21,208] {taskinstance.py:903} INFO - Dependencies all met for <TaskInstance: main_dag.download_vision_data 2021-12-31T15:24:18.357473+00:00 [queued]>
[2021-12-31 15:27:21,208] {taskinstance.py:1094} INFO - 
--------------------------------------------------------------------------------
[2021-12-31 15:27:21,209] {taskinstance.py:1095} INFO - Starting attempt 1 of 2
[2021-12-31 15:27:21,209] {taskinstance.py:1096} INFO - 
--------------------------------------------------------------------------------
[2021-12-31 15:27:21,224] {taskinstance.py:1114} INFO - Executing <Task(PythonOperator): download_vision_data> on 2021-12-31T15:24:18.357473+00:00
[2021-12-31 15:27:21,229] {standard_task_runner.py:52} INFO - Started process 28106 to run task
[2021-12-31 15:27:21,232] {standard_task_runner.py:76} INFO - Running: ['***', 'tasks', 'run', 'main_dag', 'download_vision_data', '2021-12-31T15:24:18.357473+00:00', '--job-id', '70', '--pool', 'default_pool', '--raw', '--subdir', 'DAGS_FOLDER/main_dag.py', '--cfg-path', '/tmp/tmplrg5o5fn', '--error-file', '/tmp/tmp_cqje_m0']
[2021-12-31 15:27:21,233] {standard_task_runner.py:77} INFO - Job 70: Subtask download_vision_data
[2021-12-31 15:27:21,272] {logging_mixin.py:109} INFO - Running <TaskInstance: main_dag.download_vision_data 2021-12-31T15:24:18.357473+00:00 [running]> on host 8e99a5d40b8f
[2021-12-31 15:27:21,318] {taskinstance.py:1251} INFO - Exporting the following env vars:
AIRFLOW_CTX_DAG_OWNER=***
AIRFLOW_CTX_DAG_ID=main_dag
AIRFLOW_CTX_TASK_ID=download_vision_data
AIRFLOW_CTX_EXECUTION_DATE=2021-12-31T15:24:18.357473+00:00
AIRFLOW_CTX_DAG_RUN_ID=manual__2021-12-31T15:24:18.357473+00:00
[2021-12-31 15:28:16,499] {logging_mixin.py:109} INFO - File downloaded successfully.
[2021-12-31 15:28:16,500] {python.py:151} INFO - Done. Returned value was: None
[2021-12-31 15:28:16,510] {taskinstance.py:1211} INFO - Marking task as SUCCESS. dag_id=main_dag, task_id=download_vision_data, execution_date=20211231T152418, start_date=20211231T152721, end_date=20211231T152816
[2021-12-31 15:28:16,571] {local_task_job.py:151} INFO - Task exited with return code 0
