[2021-12-28 17:55:59,069] {taskinstance.py:903} INFO - Dependencies all met for <TaskInstance: cleansing_dag.create_additional_analysis_table_query 2021-12-27T17:52:41.529825+00:00 [queued]>
[2021-12-28 17:55:59,087] {taskinstance.py:903} INFO - Dependencies all met for <TaskInstance: cleansing_dag.create_additional_analysis_table_query 2021-12-27T17:52:41.529825+00:00 [queued]>
[2021-12-28 17:55:59,087] {taskinstance.py:1094} INFO - 
--------------------------------------------------------------------------------
[2021-12-28 17:55:59,088] {taskinstance.py:1095} INFO - Starting attempt 1 of 2
[2021-12-28 17:55:59,088] {taskinstance.py:1096} INFO - 
--------------------------------------------------------------------------------
[2021-12-28 17:55:59,105] {taskinstance.py:1114} INFO - Executing <Task(PythonOperator): create_additional_analysis_table_query> on 2021-12-27T17:52:41.529825+00:00
[2021-12-28 17:55:59,110] {standard_task_runner.py:52} INFO - Started process 13896 to run task
[2021-12-28 17:55:59,112] {standard_task_runner.py:76} INFO - Running: ['***', 'tasks', 'run', 'cleansing_dag', 'create_additional_analysis_table_query', '2021-12-27T17:52:41.529825+00:00', '--job-id', '139', '--pool', 'default_pool', '--raw', '--subdir', 'DAGS_FOLDER/kym_cleansing.py', '--cfg-path', '/tmp/tmprm4y5i39', '--error-file', '/tmp/tmpfbf1k0xo']
[2021-12-28 17:55:59,113] {standard_task_runner.py:77} INFO - Job 139: Subtask create_additional_analysis_table_query
[2021-12-28 17:55:59,149] {logging_mixin.py:109} INFO - Running <TaskInstance: cleansing_dag.create_additional_analysis_table_query 2021-12-27T17:52:41.529825+00:00 [running]> on host 7deaf4b1fcdf
[2021-12-28 17:55:59,212] {taskinstance.py:1251} INFO - Exporting the following env vars:
AIRFLOW_CTX_DAG_OWNER=***
AIRFLOW_CTX_DAG_ID=cleansing_dag
AIRFLOW_CTX_TASK_ID=create_additional_analysis_table_query
AIRFLOW_CTX_EXECUTION_DATE=2021-12-27T17:52:41.529825+00:00
AIRFLOW_CTX_DAG_RUN_ID=scheduled__2021-12-27T17:52:41.529825+00:00
[2021-12-28 17:56:00,524] {python.py:151} INFO - Done. Returned value was: None
[2021-12-28 17:56:00,561] {taskinstance.py:1211} INFO - Marking task as SUCCESS. dag_id=cleansing_dag, task_id=create_additional_analysis_table_query, execution_date=20211227T175241, start_date=20211228T175559, end_date=20211228T175600
[2021-12-28 17:56:00,610] {local_task_job.py:151} INFO - Task exited with return code 0
