[2021-12-31 15:22:36,249] {taskinstance.py:903} INFO - Dependencies all met for <TaskInstance: main_dag.merge 2021-12-31T15:17:39.949213+00:00 [queued]>
[2021-12-31 15:22:36,265] {taskinstance.py:903} INFO - Dependencies all met for <TaskInstance: main_dag.merge 2021-12-31T15:17:39.949213+00:00 [queued]>
[2021-12-31 15:22:36,266] {taskinstance.py:1094} INFO - 
--------------------------------------------------------------------------------
[2021-12-31 15:22:36,266] {taskinstance.py:1095} INFO - Starting attempt 1 of 2
[2021-12-31 15:22:36,266] {taskinstance.py:1096} INFO - 
--------------------------------------------------------------------------------
[2021-12-31 15:22:36,283] {taskinstance.py:1114} INFO - Executing <Task(PythonOperator): merge> on 2021-12-31T15:17:39.949213+00:00
[2021-12-31 15:22:36,289] {standard_task_runner.py:52} INFO - Started process 21097 to run task
[2021-12-31 15:22:36,293] {standard_task_runner.py:76} INFO - Running: ['***', 'tasks', 'run', 'main_dag', 'merge', '2021-12-31T15:17:39.949213+00:00', '--job-id', '53', '--pool', 'default_pool', '--raw', '--subdir', 'DAGS_FOLDER/main_dag.py', '--cfg-path', '/tmp/tmp3ra_gztx', '--error-file', '/tmp/tmpu99awtie']
[2021-12-31 15:22:36,294] {standard_task_runner.py:77} INFO - Job 53: Subtask merge
[2021-12-31 15:22:36,364] {logging_mixin.py:109} INFO - Running <TaskInstance: main_dag.merge 2021-12-31T15:17:39.949213+00:00 [running]> on host 8e99a5d40b8f
[2021-12-31 15:22:36,414] {taskinstance.py:1251} INFO - Exporting the following env vars:
AIRFLOW_CTX_DAG_OWNER=***
AIRFLOW_CTX_DAG_ID=main_dag
AIRFLOW_CTX_TASK_ID=merge
AIRFLOW_CTX_EXECUTION_DATE=2021-12-31T15:17:39.949213+00:00
AIRFLOW_CTX_DAG_RUN_ID=manual__2021-12-31T15:17:39.949213+00:00
[2021-12-31 15:22:37,024] {python.py:151} INFO - Done. Returned value was: None
[2021-12-31 15:22:37,035] {taskinstance.py:1211} INFO - Marking task as SUCCESS. dag_id=main_dag, task_id=merge, execution_date=20211231T151739, start_date=20211231T152236, end_date=20211231T152237
[2021-12-31 15:22:37,070] {local_task_job.py:151} INFO - Task exited with return code 0
