[2021-12-28 18:05:13,401] {taskinstance.py:903} INFO - Dependencies all met for <TaskInstance: cleansing_dag.create_origin_dimension_query 2021-12-27T18:02:06.809133+00:00 [queued]>
[2021-12-28 18:05:13,436] {taskinstance.py:903} INFO - Dependencies all met for <TaskInstance: cleansing_dag.create_origin_dimension_query 2021-12-27T18:02:06.809133+00:00 [queued]>
[2021-12-28 18:05:13,437] {taskinstance.py:1094} INFO - 
--------------------------------------------------------------------------------
[2021-12-28 18:05:13,437] {taskinstance.py:1095} INFO - Starting attempt 1 of 2
[2021-12-28 18:05:13,438] {taskinstance.py:1096} INFO - 
--------------------------------------------------------------------------------
[2021-12-28 18:05:13,453] {taskinstance.py:1114} INFO - Executing <Task(PythonOperator): create_origin_dimension_query> on 2021-12-27T18:02:06.809133+00:00
[2021-12-28 18:05:13,462] {standard_task_runner.py:52} INFO - Started process 13945 to run task
[2021-12-28 18:05:13,476] {standard_task_runner.py:76} INFO - Running: ['***', 'tasks', 'run', 'cleansing_dag', 'create_origin_dimension_query', '2021-12-27T18:02:06.809133+00:00', '--job-id', '156', '--pool', 'default_pool', '--raw', '--subdir', 'DAGS_FOLDER/kym_cleansing.py', '--cfg-path', '/tmp/tmpjfq1wkdr', '--error-file', '/tmp/tmpz17xupwm']
[2021-12-28 18:05:13,478] {standard_task_runner.py:77} INFO - Job 156: Subtask create_origin_dimension_query
[2021-12-28 18:05:13,558] {logging_mixin.py:109} INFO - Running <TaskInstance: cleansing_dag.create_origin_dimension_query 2021-12-27T18:02:06.809133+00:00 [running]> on host e75bb9f39fa6
[2021-12-28 18:05:13,666] {taskinstance.py:1251} INFO - Exporting the following env vars:
AIRFLOW_CTX_DAG_OWNER=***
AIRFLOW_CTX_DAG_ID=cleansing_dag
AIRFLOW_CTX_TASK_ID=create_origin_dimension_query
AIRFLOW_CTX_EXECUTION_DATE=2021-12-27T18:02:06.809133+00:00
AIRFLOW_CTX_DAG_RUN_ID=scheduled__2021-12-27T18:02:06.809133+00:00
[2021-12-28 18:05:13,801] {python.py:151} INFO - Done. Returned value was: None
[2021-12-28 18:05:13,815] {taskinstance.py:1211} INFO - Marking task as SUCCESS. dag_id=cleansing_dag, task_id=create_origin_dimension_query, execution_date=20211227T180206, start_date=20211228T180513, end_date=20211228T180513
[2021-12-28 18:05:13,849] {local_task_job.py:151} INFO - Task exited with return code 0
