[2021-12-28 17:55:58,583] {taskinstance.py:903} INFO - Dependencies all met for <TaskInstance: cleansing_dag.create_tag_dimension_query 2021-12-27T17:52:41.529825+00:00 [queued]>
[2021-12-28 17:55:58,596] {taskinstance.py:903} INFO - Dependencies all met for <TaskInstance: cleansing_dag.create_tag_dimension_query 2021-12-27T17:52:41.529825+00:00 [queued]>
[2021-12-28 17:55:58,597] {taskinstance.py:1094} INFO - 
--------------------------------------------------------------------------------
[2021-12-28 17:55:58,597] {taskinstance.py:1095} INFO - Starting attempt 1 of 2
[2021-12-28 17:55:58,598] {taskinstance.py:1096} INFO - 
--------------------------------------------------------------------------------
[2021-12-28 17:55:58,613] {taskinstance.py:1114} INFO - Executing <Task(PythonOperator): create_tag_dimension_query> on 2021-12-27T17:52:41.529825+00:00
[2021-12-28 17:55:58,619] {standard_task_runner.py:52} INFO - Started process 13882 to run task
[2021-12-28 17:55:58,622] {standard_task_runner.py:76} INFO - Running: ['***', 'tasks', 'run', 'cleansing_dag', 'create_tag_dimension_query', '2021-12-27T17:52:41.529825+00:00', '--job-id', '135', '--pool', 'default_pool', '--raw', '--subdir', 'DAGS_FOLDER/kym_cleansing.py', '--cfg-path', '/tmp/tmp0l8cfrxk', '--error-file', '/tmp/tmp5mjuibdh']
[2021-12-28 17:55:58,623] {standard_task_runner.py:77} INFO - Job 135: Subtask create_tag_dimension_query
[2021-12-28 17:55:58,662] {logging_mixin.py:109} INFO - Running <TaskInstance: cleansing_dag.create_tag_dimension_query 2021-12-27T17:52:41.529825+00:00 [running]> on host 7deaf4b1fcdf
[2021-12-28 17:55:58,718] {taskinstance.py:1251} INFO - Exporting the following env vars:
AIRFLOW_CTX_DAG_OWNER=***
AIRFLOW_CTX_DAG_ID=cleansing_dag
AIRFLOW_CTX_TASK_ID=create_tag_dimension_query
AIRFLOW_CTX_EXECUTION_DATE=2021-12-27T17:52:41.529825+00:00
AIRFLOW_CTX_DAG_RUN_ID=scheduled__2021-12-27T17:52:41.529825+00:00
[2021-12-28 17:55:59,426] {python.py:151} INFO - Done. Returned value was: None
[2021-12-28 17:55:59,441] {taskinstance.py:1211} INFO - Marking task as SUCCESS. dag_id=cleansing_dag, task_id=create_tag_dimension_query, execution_date=20211227T175241, start_date=20211228T175558, end_date=20211228T175559
[2021-12-28 17:55:59,477] {local_task_job.py:151} INFO - Task exited with return code 0
