[2021-12-30 12:13:19,341] {taskinstance.py:903} INFO - Dependencies all met for <TaskInstance: cleansing_dag.cleanse_spotlight 2021-12-30T12:13:17.844567+00:00 [queued]>
[2021-12-30 12:13:19,352] {taskinstance.py:903} INFO - Dependencies all met for <TaskInstance: cleansing_dag.cleanse_spotlight 2021-12-30T12:13:17.844567+00:00 [queued]>
[2021-12-30 12:13:19,353] {taskinstance.py:1094} INFO - 
--------------------------------------------------------------------------------
[2021-12-30 12:13:19,353] {taskinstance.py:1095} INFO - Starting attempt 1 of 2
[2021-12-30 12:13:19,354] {taskinstance.py:1096} INFO - 
--------------------------------------------------------------------------------
[2021-12-30 12:13:19,369] {taskinstance.py:1114} INFO - Executing <Task(PythonOperator): cleanse_spotlight> on 2021-12-30T12:13:17.844567+00:00
[2021-12-30 12:13:19,373] {standard_task_runner.py:52} INFO - Started process 2492 to run task
[2021-12-30 12:13:19,376] {standard_task_runner.py:76} INFO - Running: ['***', 'tasks', 'run', 'cleansing_dag', 'cleanse_spotlight', '2021-12-30T12:13:17.844567+00:00', '--job-id', '73', '--pool', 'default_pool', '--raw', '--subdir', 'DAGS_FOLDER/kym_cleansing.py', '--cfg-path', '/tmp/tmp0uewtdpw', '--error-file', '/tmp/tmp_rl9384e']
[2021-12-30 12:13:19,377] {standard_task_runner.py:77} INFO - Job 73: Subtask cleanse_spotlight
[2021-12-30 12:13:19,419] {logging_mixin.py:109} INFO - Running <TaskInstance: cleansing_dag.cleanse_spotlight 2021-12-30T12:13:17.844567+00:00 [running]> on host 2eb70c976689
[2021-12-30 12:13:19,464] {taskinstance.py:1251} INFO - Exporting the following env vars:
AIRFLOW_CTX_DAG_OWNER=***
AIRFLOW_CTX_DAG_ID=cleansing_dag
AIRFLOW_CTX_TASK_ID=cleanse_spotlight
AIRFLOW_CTX_EXECUTION_DATE=2021-12-30T12:13:17.844567+00:00
AIRFLOW_CTX_DAG_RUN_ID=manual__2021-12-30T12:13:17.844567+00:00
[2021-12-30 12:13:29,242] {python.py:151} INFO - Done. Returned value was: None
[2021-12-30 12:13:29,254] {taskinstance.py:1211} INFO - Marking task as SUCCESS. dag_id=cleansing_dag, task_id=cleanse_spotlight, execution_date=20211230T121317, start_date=20211230T121319, end_date=20211230T121329
[2021-12-30 12:13:29,307] {local_task_job.py:151} INFO - Task exited with return code 0
