[2021-12-16 13:03:09,052] {taskinstance.py:851} INFO - Dependencies all met for <TaskInstance: cleansing_dag.cleanse_vision 2021-12-16T13:03:08.180080+00:00 [queued]>
[2021-12-16 13:03:09,069] {taskinstance.py:851} INFO - Dependencies all met for <TaskInstance: cleansing_dag.cleanse_vision 2021-12-16T13:03:08.180080+00:00 [queued]>
[2021-12-16 13:03:09,069] {taskinstance.py:1042} INFO - 
--------------------------------------------------------------------------------
[2021-12-16 13:03:09,069] {taskinstance.py:1043} INFO - Starting attempt 1 of 2
[2021-12-16 13:03:09,070] {taskinstance.py:1044} INFO - 
--------------------------------------------------------------------------------
[2021-12-16 13:03:09,081] {taskinstance.py:1063} INFO - Executing <Task(PythonOperator): cleanse_vision> on 2021-12-16T13:03:08.180080+00:00
[2021-12-16 13:03:09,087] {standard_task_runner.py:52} INFO - Started process 16870 to run task
[2021-12-16 13:03:09,090] {standard_task_runner.py:76} INFO - Running: ['airflow', 'tasks', 'run', 'cleansing_dag', 'cleanse_vision', '2021-12-16T13:03:08.180080+00:00', '--job-id', '35', '--pool', 'default_pool', '--raw', '--subdir', 'DAGS_FOLDER/kym_cleansing.py', '--cfg-path', '/tmp/tmpy7l9iejl', '--error-file', '/tmp/tmp704eiz4f']
[2021-12-16 13:03:09,091] {standard_task_runner.py:77} INFO - Job 35: Subtask cleanse_vision
[2021-12-16 13:03:09,133] {logging_mixin.py:104} INFO - Running <TaskInstance: cleansing_dag.cleanse_vision 2021-12-16T13:03:08.180080+00:00 [running]> on host f46d95c5a5d9
[2021-12-16 13:03:09,169] {taskinstance.py:1255} INFO - Exporting the following env vars:
AIRFLOW_CTX_DAG_OWNER=airflow
AIRFLOW_CTX_DAG_ID=cleansing_dag
AIRFLOW_CTX_TASK_ID=cleanse_vision
AIRFLOW_CTX_EXECUTION_DATE=2021-12-16T13:03:08.180080+00:00
AIRFLOW_CTX_DAG_RUN_ID=manual__2021-12-16T13:03:08.180080+00:00
[2021-12-16 13:04:59,816] {python.py:118} INFO - Done. Returned value was: None
[2021-12-16 13:04:59,827] {taskinstance.py:1159} INFO - Marking task as SUCCESS. dag_id=cleansing_dag, task_id=cleanse_vision, execution_date=20211216T130308, start_date=20211216T130309, end_date=20211216T130459
[2021-12-16 13:04:59,891] {local_task_job.py:146} INFO - Task exited with return code 0
