[2021-12-31 10:28:07,692] {taskinstance.py:903} INFO - Dependencies all met for <TaskInstance: main_dag.create_additional_analysis_table_query 2021-12-31T10:23:18.790454+00:00 [queued]>
[2021-12-31 10:28:07,736] {taskinstance.py:903} INFO - Dependencies all met for <TaskInstance: main_dag.create_additional_analysis_table_query 2021-12-31T10:23:18.790454+00:00 [queued]>
[2021-12-31 10:28:07,736] {taskinstance.py:1094} INFO - 
--------------------------------------------------------------------------------
[2021-12-31 10:28:07,737] {taskinstance.py:1095} INFO - Starting attempt 1 of 2
[2021-12-31 10:28:07,737] {taskinstance.py:1096} INFO - 
--------------------------------------------------------------------------------
[2021-12-31 10:28:07,771] {taskinstance.py:1114} INFO - Executing <Task(PythonOperator): create_additional_analysis_table_query> on 2021-12-31T10:23:18.790454+00:00
[2021-12-31 10:28:07,782] {standard_task_runner.py:52} INFO - Started process 27940 to run task
[2021-12-31 10:28:07,786] {standard_task_runner.py:76} INFO - Running: ['***', 'tasks', 'run', 'main_dag', 'create_additional_analysis_table_query', '2021-12-31T10:23:18.790454+00:00', '--job-id', '98', '--pool', 'default_pool', '--raw', '--subdir', 'DAGS_FOLDER/main_dag.py', '--cfg-path', '/tmp/tmpbgvmwnfn', '--error-file', '/tmp/tmpha9blf31']
[2021-12-31 10:28:07,787] {standard_task_runner.py:77} INFO - Job 98: Subtask create_additional_analysis_table_query
[2021-12-31 10:28:07,842] {logging_mixin.py:109} INFO - Running <TaskInstance: main_dag.create_additional_analysis_table_query 2021-12-31T10:23:18.790454+00:00 [running]> on host 71257c6b2a25
[2021-12-31 10:28:07,919] {taskinstance.py:1251} INFO - Exporting the following env vars:
AIRFLOW_CTX_DAG_OWNER=***
AIRFLOW_CTX_DAG_ID=main_dag
AIRFLOW_CTX_TASK_ID=create_additional_analysis_table_query
AIRFLOW_CTX_EXECUTION_DATE=2021-12-31T10:23:18.790454+00:00
AIRFLOW_CTX_DAG_RUN_ID=manual__2021-12-31T10:23:18.790454+00:00
[2021-12-31 10:28:08,779] {python.py:151} INFO - Done. Returned value was: None
[2021-12-31 10:28:08,792] {taskinstance.py:1211} INFO - Marking task as SUCCESS. dag_id=main_dag, task_id=create_additional_analysis_table_query, execution_date=20211231T102318, start_date=20211231T102807, end_date=20211231T102808
[2021-12-31 10:28:08,841] {local_task_job.py:151} INFO - Task exited with return code 0
