[2021-12-28 18:13:09,295] {taskinstance.py:903} INFO - Dependencies all met for <TaskInstance: cleansing_dag.create_origin_dimension_query 2021-12-27T18:09:12.698303+00:00 [queued]>
[2021-12-28 18:13:09,310] {taskinstance.py:903} INFO - Dependencies all met for <TaskInstance: cleansing_dag.create_origin_dimension_query 2021-12-27T18:09:12.698303+00:00 [queued]>
[2021-12-28 18:13:09,311] {taskinstance.py:1094} INFO - 
--------------------------------------------------------------------------------
[2021-12-28 18:13:09,311] {taskinstance.py:1095} INFO - Starting attempt 1 of 2
[2021-12-28 18:13:09,312] {taskinstance.py:1096} INFO - 
--------------------------------------------------------------------------------
[2021-12-28 18:13:09,329] {taskinstance.py:1114} INFO - Executing <Task(PythonOperator): create_origin_dimension_query> on 2021-12-27T18:09:12.698303+00:00
[2021-12-28 18:13:09,334] {standard_task_runner.py:52} INFO - Started process 20917 to run task
[2021-12-28 18:13:09,338] {standard_task_runner.py:76} INFO - Running: ['***', 'tasks', 'run', 'cleansing_dag', 'create_origin_dimension_query', '2021-12-27T18:09:12.698303+00:00', '--job-id', '177', '--pool', 'default_pool', '--raw', '--subdir', 'DAGS_FOLDER/kym_cleansing.py', '--cfg-path', '/tmp/tmp3u3ybsw3', '--error-file', '/tmp/tmpxj2g3yr4']
[2021-12-28 18:13:09,339] {standard_task_runner.py:77} INFO - Job 177: Subtask create_origin_dimension_query
[2021-12-28 18:13:09,381] {logging_mixin.py:109} INFO - Running <TaskInstance: cleansing_dag.create_origin_dimension_query 2021-12-27T18:09:12.698303+00:00 [running]> on host 8081e0fc56fe
[2021-12-28 18:13:09,438] {taskinstance.py:1251} INFO - Exporting the following env vars:
AIRFLOW_CTX_DAG_OWNER=***
AIRFLOW_CTX_DAG_ID=cleansing_dag
AIRFLOW_CTX_TASK_ID=create_origin_dimension_query
AIRFLOW_CTX_EXECUTION_DATE=2021-12-27T18:09:12.698303+00:00
AIRFLOW_CTX_DAG_RUN_ID=scheduled__2021-12-27T18:09:12.698303+00:00
[2021-12-28 18:13:09,551] {python.py:151} INFO - Done. Returned value was: None
[2021-12-28 18:13:09,582] {taskinstance.py:1211} INFO - Marking task as SUCCESS. dag_id=cleansing_dag, task_id=create_origin_dimension_query, execution_date=20211227T180912, start_date=20211228T181309, end_date=20211228T181309
[2021-12-28 18:13:09,631] {local_task_job.py:151} INFO - Task exited with return code 0
