[2021-12-28 19:36:20,614] {taskinstance.py:903} INFO - Dependencies all met for <TaskInstance: cleansing_dag.create_tag_dimension_query 2021-12-28T18:08:31.068607+00:00 [queued]>
[2021-12-28 19:36:20,633] {taskinstance.py:903} INFO - Dependencies all met for <TaskInstance: cleansing_dag.create_tag_dimension_query 2021-12-28T18:08:31.068607+00:00 [queued]>
[2021-12-28 19:36:20,634] {taskinstance.py:1094} INFO - 
--------------------------------------------------------------------------------
[2021-12-28 19:36:20,634] {taskinstance.py:1095} INFO - Starting attempt 1 of 2
[2021-12-28 19:36:20,635] {taskinstance.py:1096} INFO - 
--------------------------------------------------------------------------------
[2021-12-28 19:36:20,662] {taskinstance.py:1114} INFO - Executing <Task(PythonOperator): create_tag_dimension_query> on 2021-12-28T18:08:31.068607+00:00
[2021-12-28 19:36:20,673] {standard_task_runner.py:52} INFO - Started process 145 to run task
[2021-12-28 19:36:20,679] {standard_task_runner.py:76} INFO - Running: ['***', 'tasks', 'run', 'cleansing_dag', 'create_tag_dimension_query', '2021-12-28T18:08:31.068607+00:00', '--job-id', '197', '--pool', 'default_pool', '--raw', '--subdir', 'DAGS_FOLDER/kym_cleansing.py', '--cfg-path', '/tmp/tmp38sy4b0t', '--error-file', '/tmp/tmp05jyg06z']
[2021-12-28 19:36:20,681] {standard_task_runner.py:77} INFO - Job 197: Subtask create_tag_dimension_query
[2021-12-28 19:36:20,756] {logging_mixin.py:109} INFO - Running <TaskInstance: cleansing_dag.create_tag_dimension_query 2021-12-28T18:08:31.068607+00:00 [running]> on host 0b3e0a2afa7a
[2021-12-28 19:36:20,840] {taskinstance.py:1251} INFO - Exporting the following env vars:
AIRFLOW_CTX_DAG_OWNER=***
AIRFLOW_CTX_DAG_ID=cleansing_dag
AIRFLOW_CTX_TASK_ID=create_tag_dimension_query
AIRFLOW_CTX_EXECUTION_DATE=2021-12-28T18:08:31.068607+00:00
AIRFLOW_CTX_DAG_RUN_ID=manual__2021-12-28T18:08:31.068607+00:00
[2021-12-28 19:36:21,858] {python.py:151} INFO - Done. Returned value was: None
[2021-12-28 19:36:21,878] {taskinstance.py:1211} INFO - Marking task as SUCCESS. dag_id=cleansing_dag, task_id=create_tag_dimension_query, execution_date=20211228T180831, start_date=20211228T193620, end_date=20211228T193621
[2021-12-28 19:36:21,939] {local_task_job.py:151} INFO - Task exited with return code 0
