[2021-12-29 14:59:52,756] {taskinstance.py:903} INFO - Dependencies all met for <TaskInstance: cleansing_dag.cleanse_spotlight 2021-12-28T14:59:50.969749+00:00 [queued]>
[2021-12-29 14:59:52,776] {taskinstance.py:903} INFO - Dependencies all met for <TaskInstance: cleansing_dag.cleanse_spotlight 2021-12-28T14:59:50.969749+00:00 [queued]>
[2021-12-29 14:59:52,776] {taskinstance.py:1094} INFO - 
--------------------------------------------------------------------------------
[2021-12-29 14:59:52,776] {taskinstance.py:1095} INFO - Starting attempt 1 of 2
[2021-12-29 14:59:52,777] {taskinstance.py:1096} INFO - 
--------------------------------------------------------------------------------
[2021-12-29 14:59:52,788] {taskinstance.py:1114} INFO - Executing <Task(PythonOperator): cleanse_spotlight> on 2021-12-28T14:59:50.969749+00:00
[2021-12-29 14:59:52,793] {standard_task_runner.py:52} INFO - Started process 14352 to run task
[2021-12-29 14:59:52,810] {standard_task_runner.py:76} INFO - Running: ['***', 'tasks', 'run', 'cleansing_dag', 'cleanse_spotlight', '2021-12-28T14:59:50.969749+00:00', '--job-id', '511', '--pool', 'default_pool', '--raw', '--subdir', 'DAGS_FOLDER/kym_cleansing.py', '--cfg-path', '/tmp/tmp8yf7zoom', '--error-file', '/tmp/tmpg4uyn2qg']
[2021-12-29 14:59:52,812] {standard_task_runner.py:77} INFO - Job 511: Subtask cleanse_spotlight
[2021-12-29 14:59:52,876] {logging_mixin.py:109} INFO - Running <TaskInstance: cleansing_dag.cleanse_spotlight 2021-12-28T14:59:50.969749+00:00 [running]> on host 34521d0e1651
[2021-12-29 14:59:52,954] {taskinstance.py:1251} INFO - Exporting the following env vars:
AIRFLOW_CTX_DAG_OWNER=***
AIRFLOW_CTX_DAG_ID=cleansing_dag
AIRFLOW_CTX_TASK_ID=cleanse_spotlight
AIRFLOW_CTX_EXECUTION_DATE=2021-12-28T14:59:50.969749+00:00
AIRFLOW_CTX_DAG_RUN_ID=scheduled__2021-12-28T14:59:50.969749+00:00
[2021-12-29 15:00:06,957] {python.py:151} INFO - Done. Returned value was: None
[2021-12-29 15:00:06,975] {taskinstance.py:1211} INFO - Marking task as SUCCESS. dag_id=cleansing_dag, task_id=cleanse_spotlight, execution_date=20211228T145950, start_date=20211229T145952, end_date=20211229T150006
[2021-12-29 15:00:07,021] {local_task_job.py:151} INFO - Task exited with return code 0
