[2021-11-21 18:11:17,098] {taskinstance.py:851} INFO - Dependencies all met for <TaskInstance: first_dag.addSafeSearchRows 2021-11-20T18:11:09.696138+00:00 [queued]>
[2021-11-21 18:11:17,117] {taskinstance.py:851} INFO - Dependencies all met for <TaskInstance: first_dag.addSafeSearchRows 2021-11-20T18:11:09.696138+00:00 [queued]>
[2021-11-21 18:11:17,118] {taskinstance.py:1042} INFO - 
--------------------------------------------------------------------------------
[2021-11-21 18:11:17,118] {taskinstance.py:1043} INFO - Starting attempt 1 of 2
[2021-11-21 18:11:17,118] {taskinstance.py:1044} INFO - 
--------------------------------------------------------------------------------
[2021-11-21 18:11:17,130] {taskinstance.py:1063} INFO - Executing <Task(PythonOperator): addSafeSearchRows> on 2021-11-20T18:11:09.696138+00:00
[2021-11-21 18:11:17,134] {standard_task_runner.py:52} INFO - Started process 52 to run task
[2021-11-21 18:11:17,137] {standard_task_runner.py:76} INFO - Running: ['airflow', 'tasks', 'run', 'first_dag', 'addSafeSearchRows', '2021-11-20T18:11:09.696138+00:00', '--job-id', '32', '--pool', 'default_pool', '--raw', '--subdir', 'DAGS_FOLDER/first_dag.py', '--cfg-path', '/tmp/tmpg_9pvr52', '--error-file', '/tmp/tmpvi73ow48']
[2021-11-21 18:11:17,140] {standard_task_runner.py:77} INFO - Job 32: Subtask addSafeSearchRows
[2021-11-21 18:11:17,179] {logging_mixin.py:104} INFO - Running <TaskInstance: first_dag.addSafeSearchRows 2021-11-20T18:11:09.696138+00:00 [running]> on host 5212096de831
[2021-11-21 18:11:17,217] {taskinstance.py:1257} INFO - Exporting the following env vars:
AIRFLOW_CTX_DAG_OWNER=airflow
AIRFLOW_CTX_DAG_ID=first_dag
AIRFLOW_CTX_TASK_ID=addSafeSearchRows
AIRFLOW_CTX_EXECUTION_DATE=2021-11-20T18:11:09.696138+00:00
AIRFLOW_CTX_DAG_RUN_ID=scheduled__2021-11-20T18:11:09.696138+00:00
[2021-11-21 18:12:34,796] {python.py:118} INFO - Done. Returned value was: None
[2021-11-21 18:12:34,808] {taskinstance.py:1166} INFO - Marking task as SUCCESS. dag_id=first_dag, task_id=addSafeSearchRows, execution_date=20211120T181109, start_date=20211121T181117, end_date=20211121T181234
[2021-11-21 18:12:34,841] {taskinstance.py:1220} INFO - 1 downstream tasks scheduled from follow-on schedule check
[2021-11-21 18:12:34,862] {local_task_job.py:146} INFO - Task exited with return code 0
