[2021-12-13 14:37:15,340] {taskinstance.py:851} INFO - Dependencies all met for <TaskInstance: cleansing_dag.writeOut 2021-12-13T14:37:14.261895+00:00 [queued]>
[2021-12-13 14:37:15,366] {taskinstance.py:851} INFO - Dependencies all met for <TaskInstance: cleansing_dag.writeOut 2021-12-13T14:37:14.261895+00:00 [queued]>
[2021-12-13 14:37:15,367] {taskinstance.py:1042} INFO - 
--------------------------------------------------------------------------------
[2021-12-13 14:37:15,367] {taskinstance.py:1043} INFO - Starting attempt 1 of 2
[2021-12-13 14:37:15,368] {taskinstance.py:1044} INFO - 
--------------------------------------------------------------------------------
[2021-12-13 14:37:15,432] {taskinstance.py:1063} INFO - Executing <Task(PythonOperator): writeOut> on 2021-12-13T14:37:14.261895+00:00
[2021-12-13 14:37:15,436] {standard_task_runner.py:52} INFO - Started process 5175 to run task
[2021-12-13 14:37:15,439] {standard_task_runner.py:76} INFO - Running: ['airflow', 'tasks', 'run', 'cleansing_dag', 'writeOut', '2021-12-13T14:37:14.261895+00:00', '--job-id', '17', '--pool', 'default_pool', '--raw', '--subdir', 'DAGS_FOLDER/kym_cleansing.py', '--cfg-path', '/tmp/tmpawfb1yl5', '--error-file', '/tmp/tmph5nb6wbb']
[2021-12-13 14:37:15,439] {standard_task_runner.py:77} INFO - Job 17: Subtask writeOut
[2021-12-13 14:37:15,484] {logging_mixin.py:104} INFO - Running <TaskInstance: cleansing_dag.writeOut 2021-12-13T14:37:14.261895+00:00 [running]> on host c2664a5050de
[2021-12-13 14:37:15,532] {taskinstance.py:1255} INFO - Exporting the following env vars:
AIRFLOW_CTX_DAG_OWNER=airflow
AIRFLOW_CTX_DAG_ID=cleansing_dag
AIRFLOW_CTX_TASK_ID=writeOut
AIRFLOW_CTX_EXECUTION_DATE=2021-12-13T14:37:14.261895+00:00
AIRFLOW_CTX_DAG_RUN_ID=manual__2021-12-13T14:37:14.261895+00:00
[2021-12-13 14:37:15,555] {taskinstance.py:1455} ERROR - Could not open parquet input source '<Buffer>': Invalid: Parquet magic bytes not found in footer. Either the file is corrupted or this is not a parquet file.
Traceback (most recent call last):
  File "/home/airflow/.local/lib/python3.8/site-packages/airflow/models/taskinstance.py", line 1112, in _run_raw_task
    self._prepare_and_execute_task_with_callbacks(context, task)
  File "/home/airflow/.local/lib/python3.8/site-packages/airflow/models/taskinstance.py", line 1285, in _prepare_and_execute_task_with_callbacks
    result = self._execute_task(context, task_copy)
  File "/home/airflow/.local/lib/python3.8/site-packages/airflow/models/taskinstance.py", line 1315, in _execute_task
    result = task_copy.execute(context=context)
  File "/home/airflow/.local/lib/python3.8/site-packages/airflow/operators/python.py", line 117, in execute
    return_value = self.execute_callable()
  File "/home/airflow/.local/lib/python3.8/site-packages/airflow/operators/python.py", line 128, in execute_callable
    return self.python_callable(*self.op_args, **self.op_kwargs)
  File "/opt/airflow/dags/kym_cleansing.py", line 170, in writeOutToParquet
    df = pd.read_parquet('kym_processed.parquet', engine='pyarrow')
  File "/home/airflow/.local/lib/python3.8/site-packages/pandas/io/parquet.py", line 459, in read_parquet
    return impl.read(
  File "/home/airflow/.local/lib/python3.8/site-packages/pandas/io/parquet.py", line 221, in read
    return self.api.parquet.read_table(
  File "/home/airflow/.local/lib/python3.8/site-packages/pyarrow/parquet.py", line 1672, in read_table
    dataset = _ParquetDatasetV2(
  File "/home/airflow/.local/lib/python3.8/site-packages/pyarrow/parquet.py", line 1517, in __init__
    [fragment], schema=fragment.physical_schema,
  File "pyarrow/_dataset.pyx", line 723, in pyarrow._dataset.Fragment.physical_schema.__get__
  File "pyarrow/error.pxi", line 122, in pyarrow.lib.pyarrow_internal_check_status
  File "pyarrow/error.pxi", line 99, in pyarrow.lib.check_status
OSError: Could not open parquet input source '<Buffer>': Invalid: Parquet magic bytes not found in footer. Either the file is corrupted or this is not a parquet file.
[2021-12-13 14:37:15,560] {taskinstance.py:1496} INFO - Marking task as UP_FOR_RETRY. dag_id=cleansing_dag, task_id=writeOut, execution_date=20211213T143714, start_date=20211213T143715, end_date=20211213T143715
[2021-12-13 14:37:15,611] {local_task_job.py:146} INFO - Task exited with return code 1
