[2021-12-31 09:56:51,313] {taskinstance.py:903} INFO - Dependencies all met for <TaskInstance: main_dag.download_vision_data 2021-12-30T09:53:43.022101+00:00 [queued]>
[2021-12-31 09:56:51,325] {taskinstance.py:903} INFO - Dependencies all met for <TaskInstance: main_dag.download_vision_data 2021-12-30T09:53:43.022101+00:00 [queued]>
[2021-12-31 09:56:51,325] {taskinstance.py:1094} INFO - 
--------------------------------------------------------------------------------
[2021-12-31 09:56:51,325] {taskinstance.py:1095} INFO - Starting attempt 1 of 2
[2021-12-31 09:56:51,326] {taskinstance.py:1096} INFO - 
--------------------------------------------------------------------------------
[2021-12-31 09:56:51,340] {taskinstance.py:1114} INFO - Executing <Task(PythonOperator): download_vision_data> on 2021-12-30T09:53:43.022101+00:00
[2021-12-31 09:56:51,345] {standard_task_runner.py:52} INFO - Started process 6947 to run task
[2021-12-31 09:56:51,348] {standard_task_runner.py:76} INFO - Running: ['***', 'tasks', 'run', 'main_dag', 'download_vision_data', '2021-12-30T09:53:43.022101+00:00', '--job-id', '49', '--pool', 'default_pool', '--raw', '--subdir', 'DAGS_FOLDER/main_dag.py', '--cfg-path', '/tmp/tmpmi_h1qwh', '--error-file', '/tmp/tmpm85akwy2']
[2021-12-31 09:56:51,349] {standard_task_runner.py:77} INFO - Job 49: Subtask download_vision_data
[2021-12-31 09:56:51,384] {logging_mixin.py:109} INFO - Running <TaskInstance: main_dag.download_vision_data 2021-12-30T09:53:43.022101+00:00 [running]> on host 71257c6b2a25
[2021-12-31 09:56:51,428] {taskinstance.py:1251} INFO - Exporting the following env vars:
AIRFLOW_CTX_DAG_OWNER=***
AIRFLOW_CTX_DAG_ID=main_dag
AIRFLOW_CTX_TASK_ID=download_vision_data
AIRFLOW_CTX_EXECUTION_DATE=2021-12-30T09:53:43.022101+00:00
AIRFLOW_CTX_DAG_RUN_ID=scheduled__2021-12-30T09:53:43.022101+00:00
[2021-12-31 09:57:32,837] {logging_mixin.py:109} INFO - File downloaded successfully.
[2021-12-31 09:57:32,838] {python.py:151} INFO - Done. Returned value was: None
[2021-12-31 09:57:32,899] {taskinstance.py:1211} INFO - Marking task as SUCCESS. dag_id=main_dag, task_id=download_vision_data, execution_date=20211230T095343, start_date=20211231T095651, end_date=20211231T095732
[2021-12-31 09:57:32,947] {local_task_job.py:151} INFO - Task exited with return code 0
