[2021-12-31 10:11:23,540] {taskinstance.py:903} INFO - Dependencies all met for <TaskInstance: main_dag.cleanse_kym 2021-12-31T10:10:59.419213+00:00 [queued]>
[2021-12-31 10:11:23,552] {taskinstance.py:903} INFO - Dependencies all met for <TaskInstance: main_dag.cleanse_kym 2021-12-31T10:10:59.419213+00:00 [queued]>
[2021-12-31 10:11:23,553] {taskinstance.py:1094} INFO - 
--------------------------------------------------------------------------------
[2021-12-31 10:11:23,553] {taskinstance.py:1095} INFO - Starting attempt 1 of 2
[2021-12-31 10:11:23,553] {taskinstance.py:1096} INFO - 
--------------------------------------------------------------------------------
[2021-12-31 10:11:23,570] {taskinstance.py:1114} INFO - Executing <Task(PythonOperator): cleanse_kym> on 2021-12-31T10:10:59.419213+00:00
[2021-12-31 10:11:23,576] {standard_task_runner.py:52} INFO - Started process 7007 to run task
[2021-12-31 10:11:23,579] {standard_task_runner.py:76} INFO - Running: ['***', 'tasks', 'run', 'main_dag', 'cleanse_kym', '2021-12-31T10:10:59.419213+00:00', '--job-id', '56', '--pool', 'default_pool', '--raw', '--subdir', 'DAGS_FOLDER/main_dag.py', '--cfg-path', '/tmp/tmpenrcuigx', '--error-file', '/tmp/tmpcvrwqp3a']
[2021-12-31 10:11:23,579] {standard_task_runner.py:77} INFO - Job 56: Subtask cleanse_kym
[2021-12-31 10:11:23,620] {logging_mixin.py:109} INFO - Running <TaskInstance: main_dag.cleanse_kym 2021-12-31T10:10:59.419213+00:00 [running]> on host 71257c6b2a25
[2021-12-31 10:11:23,672] {taskinstance.py:1251} INFO - Exporting the following env vars:
AIRFLOW_CTX_DAG_OWNER=***
AIRFLOW_CTX_DAG_ID=main_dag
AIRFLOW_CTX_TASK_ID=cleanse_kym
AIRFLOW_CTX_EXECUTION_DATE=2021-12-31T10:10:59.419213+00:00
AIRFLOW_CTX_DAG_RUN_ID=manual__2021-12-31T10:10:59.419213+00:00
[2021-12-31 10:11:25,421] {taskinstance.py:1462} ERROR - Task failed with exception
Traceback (most recent call last):
  File "/home/airflow/.local/lib/python3.8/site-packages/airflow/models/taskinstance.py", line 1164, in _run_raw_task
    self._prepare_and_execute_task_with_callbacks(context, task)
  File "/home/airflow/.local/lib/python3.8/site-packages/airflow/models/taskinstance.py", line 1282, in _prepare_and_execute_task_with_callbacks
    result = self._execute_task(context, task_copy)
  File "/home/airflow/.local/lib/python3.8/site-packages/airflow/models/taskinstance.py", line 1312, in _execute_task
    result = task_copy.execute(context=context)
  File "/home/airflow/.local/lib/python3.8/site-packages/airflow/operators/python.py", line 150, in execute
    return_value = self.execute_callable()
  File "/home/airflow/.local/lib/python3.8/site-packages/airflow/operators/python.py", line 161, in execute_callable
    return self.python_callable(*self.op_args, **self.op_kwargs)
  File "/opt/airflow/dags/main_dag.py", line 28, in cleanse_kym
    memes = json.load(reader)
  File "/usr/local/lib/python3.8/json/__init__.py", line 293, in load
    return loads(fp.read(),
  File "/usr/local/lib/python3.8/json/__init__.py", line 357, in loads
    return _default_decoder.decode(s)
  File "/usr/local/lib/python3.8/json/decoder.py", line 337, in decode
    obj, end = self.raw_decode(s, idx=_w(s, 0).end())
  File "/usr/local/lib/python3.8/json/decoder.py", line 353, in raw_decode
    obj, end = self.scan_once(s, idx)
json.decoder.JSONDecodeError: Invalid control character at: line 3613 column 2494 (char 20488192)
[2021-12-31 10:11:25,758] {taskinstance.py:1505} INFO - Marking task as UP_FOR_RETRY. dag_id=main_dag, task_id=cleanse_kym, execution_date=20211231T101059, start_date=20211231T101123, end_date=20211231T101125
[2021-12-31 10:11:25,999] {local_task_job.py:151} INFO - Task exited with return code 1
