[2021-12-30 12:01:55,209] {taskinstance.py:903} INFO - Dependencies all met for <TaskInstance: cleansing_dag.request2 2021-12-30T11:59:00.197264+00:00 [queued]>
[2021-12-30 12:01:55,221] {taskinstance.py:903} INFO - Dependencies all met for <TaskInstance: cleansing_dag.request2 2021-12-30T11:59:00.197264+00:00 [queued]>
[2021-12-30 12:01:55,221] {taskinstance.py:1094} INFO - 
--------------------------------------------------------------------------------
[2021-12-30 12:01:55,222] {taskinstance.py:1095} INFO - Starting attempt 1 of 2
[2021-12-30 12:01:55,222] {taskinstance.py:1096} INFO - 
--------------------------------------------------------------------------------
[2021-12-30 12:01:55,236] {taskinstance.py:1114} INFO - Executing <Task(PostgresOperator): request2> on 2021-12-30T11:59:00.197264+00:00
[2021-12-30 12:01:55,242] {standard_task_runner.py:52} INFO - Started process 2473 to run task
[2021-12-30 12:01:55,245] {standard_task_runner.py:76} INFO - Running: ['***', 'tasks', 'run', 'cleansing_dag', 'request2', '2021-12-30T11:59:00.197264+00:00', '--job-id', '68', '--pool', 'default_pool', '--raw', '--subdir', 'DAGS_FOLDER/kym_cleansing.py', '--cfg-path', '/tmp/tmpdpccepif', '--error-file', '/tmp/tmpwlcirb0l']
[2021-12-30 12:01:55,246] {standard_task_runner.py:77} INFO - Job 68: Subtask request2
[2021-12-30 12:01:55,282] {logging_mixin.py:109} INFO - Running <TaskInstance: cleansing_dag.request2 2021-12-30T11:59:00.197264+00:00 [running]> on host 2eb70c976689
[2021-12-30 12:01:55,331] {taskinstance.py:1251} INFO - Exporting the following env vars:
AIRFLOW_CTX_DAG_OWNER=***
AIRFLOW_CTX_DAG_ID=cleansing_dag
AIRFLOW_CTX_TASK_ID=request2
AIRFLOW_CTX_EXECUTION_DATE=2021-12-30T11:59:00.197264+00:00
AIRFLOW_CTX_DAG_RUN_ID=manual__2021-12-30T11:59:00.197264+00:00
[2021-12-30 12:01:55,332] {postgres.py:68} INFO - Executing: SELECT * FROM additional_analysis_table;
[2021-12-30 12:01:55,340] {base.py:70} INFO - Using connection to: id: postgres_default. Host: postgres, Port: 5432, Schema: postgres, Login: ***, Password: ***, extra: {}
[2021-12-30 12:01:55,344] {dbapi.py:204} INFO - Running statement: SELECT * FROM additional_analysis_table;, parameters: None
[2021-12-30 12:01:55,400] {dbapi.py:212} INFO - Rows affected: 6204
[2021-12-30 12:01:55,411] {taskinstance.py:1211} INFO - Marking task as SUCCESS. dag_id=cleansing_dag, task_id=request2, execution_date=20211230T115900, start_date=20211230T120155, end_date=20211230T120155
[2021-12-30 12:01:55,458] {local_task_job.py:151} INFO - Task exited with return code 0
