[2021-12-13 14:37:15,333] {taskinstance.py:851} INFO - Dependencies all met for <TaskInstance: cleansing_dag.cleanse 2021-12-13T14:37:14.261895+00:00 [queued]>
[2021-12-13 14:37:15,354] {taskinstance.py:851} INFO - Dependencies all met for <TaskInstance: cleansing_dag.cleanse 2021-12-13T14:37:14.261895+00:00 [queued]>
[2021-12-13 14:37:15,354] {taskinstance.py:1042} INFO - 
--------------------------------------------------------------------------------
[2021-12-13 14:37:15,355] {taskinstance.py:1043} INFO - Starting attempt 1 of 2
[2021-12-13 14:37:15,355] {taskinstance.py:1044} INFO - 
--------------------------------------------------------------------------------
[2021-12-13 14:37:15,367] {taskinstance.py:1063} INFO - Executing <Task(PythonOperator): cleanse> on 2021-12-13T14:37:14.261895+00:00
[2021-12-13 14:37:15,372] {standard_task_runner.py:52} INFO - Started process 5161 to run task
[2021-12-13 14:37:15,375] {standard_task_runner.py:76} INFO - Running: ['airflow', 'tasks', 'run', 'cleansing_dag', 'cleanse', '2021-12-13T14:37:14.261895+00:00', '--job-id', '16', '--pool', 'default_pool', '--raw', '--subdir', 'DAGS_FOLDER/kym_cleansing.py', '--cfg-path', '/tmp/tmpkyjx6m_c', '--error-file', '/tmp/tmpwb6zh964']
[2021-12-13 14:37:15,376] {standard_task_runner.py:77} INFO - Job 16: Subtask cleanse
[2021-12-13 14:37:15,472] {logging_mixin.py:104} INFO - Running <TaskInstance: cleansing_dag.cleanse 2021-12-13T14:37:14.261895+00:00 [running]> on host c2664a5050de
[2021-12-13 14:37:15,516] {taskinstance.py:1255} INFO - Exporting the following env vars:
AIRFLOW_CTX_DAG_OWNER=airflow
AIRFLOW_CTX_DAG_ID=cleansing_dag
AIRFLOW_CTX_TASK_ID=cleanse
AIRFLOW_CTX_EXECUTION_DATE=2021-12-13T14:37:14.261895+00:00
AIRFLOW_CTX_DAG_RUN_ID=manual__2021-12-13T14:37:14.261895+00:00
[2021-12-13 14:40:31,538] {python.py:118} INFO - Done. Returned value was: None
[2021-12-13 14:40:31,554] {taskinstance.py:1159} INFO - Marking task as SUCCESS. dag_id=cleansing_dag, task_id=cleanse, execution_date=20211213T143714, start_date=20211213T143715, end_date=20211213T144031
[2021-12-13 14:40:31,589] {taskinstance.py:1220} INFO - 0 downstream tasks scheduled from follow-on schedule check
[2021-12-13 14:40:31,646] {local_task_job.py:146} INFO - Task exited with return code 0
