[2021-12-29 13:07:48,989] {taskinstance.py:903} INFO - Dependencies all met for <TaskInstance: cleansing_dag.cleanse_spotlight 2021-12-28T13:07:47.731043+00:00 [queued]>
[2021-12-29 13:07:49,006] {taskinstance.py:903} INFO - Dependencies all met for <TaskInstance: cleansing_dag.cleanse_spotlight 2021-12-28T13:07:47.731043+00:00 [queued]>
[2021-12-29 13:07:49,007] {taskinstance.py:1094} INFO - 
--------------------------------------------------------------------------------
[2021-12-29 13:07:49,007] {taskinstance.py:1095} INFO - Starting attempt 1 of 2
[2021-12-29 13:07:49,008] {taskinstance.py:1096} INFO - 
--------------------------------------------------------------------------------
[2021-12-29 13:07:49,021] {taskinstance.py:1114} INFO - Executing <Task(PythonOperator): cleanse_spotlight> on 2021-12-28T13:07:47.731043+00:00
[2021-12-29 13:07:49,026] {standard_task_runner.py:52} INFO - Started process 9200 to run task
[2021-12-29 13:07:49,029] {standard_task_runner.py:76} INFO - Running: ['***', 'tasks', 'run', 'cleansing_dag', 'cleanse_spotlight', '2021-12-28T13:07:47.731043+00:00', '--job-id', '372', '--pool', 'default_pool', '--raw', '--subdir', 'DAGS_FOLDER/kym_cleansing.py', '--cfg-path', '/tmp/tmpax_p1j58', '--error-file', '/tmp/tmp9g2wst39']
[2021-12-29 13:07:49,030] {standard_task_runner.py:77} INFO - Job 372: Subtask cleanse_spotlight
[2021-12-29 13:07:49,066] {logging_mixin.py:109} INFO - Running <TaskInstance: cleansing_dag.cleanse_spotlight 2021-12-28T13:07:47.731043+00:00 [running]> on host 34521d0e1651
[2021-12-29 13:07:49,117] {taskinstance.py:1251} INFO - Exporting the following env vars:
AIRFLOW_CTX_DAG_OWNER=***
AIRFLOW_CTX_DAG_ID=cleansing_dag
AIRFLOW_CTX_TASK_ID=cleanse_spotlight
AIRFLOW_CTX_EXECUTION_DATE=2021-12-28T13:07:47.731043+00:00
AIRFLOW_CTX_DAG_RUN_ID=scheduled__2021-12-28T13:07:47.731043+00:00
[2021-12-29 13:07:59,705] {python.py:151} INFO - Done. Returned value was: None
[2021-12-29 13:07:59,718] {taskinstance.py:1211} INFO - Marking task as SUCCESS. dag_id=cleansing_dag, task_id=cleanse_spotlight, execution_date=20211228T130747, start_date=20211229T130748, end_date=20211229T130759
[2021-12-29 13:07:59,768] {local_task_job.py:151} INFO - Task exited with return code 0
