[2021-12-30 14:07:06,956] {taskinstance.py:903} INFO - Dependencies all met for <TaskInstance: cleansing_dag.create_date_dimension_query 2021-12-30T14:04:21.341950+00:00 [queued]>
[2021-12-30 14:07:06,969] {taskinstance.py:903} INFO - Dependencies all met for <TaskInstance: cleansing_dag.create_date_dimension_query 2021-12-30T14:04:21.341950+00:00 [queued]>
[2021-12-30 14:07:06,970] {taskinstance.py:1094} INFO - 
--------------------------------------------------------------------------------
[2021-12-30 14:07:06,970] {taskinstance.py:1095} INFO - Starting attempt 1 of 2
[2021-12-30 14:07:06,970] {taskinstance.py:1096} INFO - 
--------------------------------------------------------------------------------
[2021-12-30 14:07:06,985] {taskinstance.py:1114} INFO - Executing <Task(PythonOperator): create_date_dimension_query> on 2021-12-30T14:04:21.341950+00:00
[2021-12-30 14:07:06,999] {standard_task_runner.py:52} INFO - Started process 7023 to run task
[2021-12-30 14:07:07,002] {standard_task_runner.py:76} INFO - Running: ['***', 'tasks', 'run', 'cleansing_dag', 'create_date_dimension_query', '2021-12-30T14:04:21.341950+00:00', '--job-id', '103', '--pool', 'default_pool', '--raw', '--subdir', 'DAGS_FOLDER/kym_cleansing.py', '--cfg-path', '/tmp/tmp7236x3w6', '--error-file', '/tmp/tmpuglgs6ug']
[2021-12-30 14:07:07,003] {standard_task_runner.py:77} INFO - Job 103: Subtask create_date_dimension_query
[2021-12-30 14:07:07,043] {logging_mixin.py:109} INFO - Running <TaskInstance: cleansing_dag.create_date_dimension_query 2021-12-30T14:04:21.341950+00:00 [running]> on host 2eb70c976689
[2021-12-30 14:07:07,097] {taskinstance.py:1251} INFO - Exporting the following env vars:
AIRFLOW_CTX_DAG_OWNER=***
AIRFLOW_CTX_DAG_ID=cleansing_dag
AIRFLOW_CTX_TASK_ID=create_date_dimension_query
AIRFLOW_CTX_EXECUTION_DATE=2021-12-30T14:04:21.341950+00:00
AIRFLOW_CTX_DAG_RUN_ID=manual__2021-12-30T14:04:21.341950+00:00
[2021-12-30 14:07:07,254] {python.py:151} INFO - Done. Returned value was: None
[2021-12-30 14:07:07,265] {taskinstance.py:1211} INFO - Marking task as SUCCESS. dag_id=cleansing_dag, task_id=create_date_dimension_query, execution_date=20211230T140421, start_date=20211230T140706, end_date=20211230T140707
[2021-12-30 14:07:07,294] {local_task_job.py:151} INFO - Task exited with return code 0
