[2021-12-29 15:16:19,820] {taskinstance.py:903} INFO - Dependencies all met for <TaskInstance: cleansing_dag.create_tag_dimension_query 2021-12-28T15:13:12.251660+00:00 [queued]>
[2021-12-29 15:16:19,852] {taskinstance.py:903} INFO - Dependencies all met for <TaskInstance: cleansing_dag.create_tag_dimension_query 2021-12-28T15:13:12.251660+00:00 [queued]>
[2021-12-29 15:16:19,853] {taskinstance.py:1094} INFO - 
--------------------------------------------------------------------------------
[2021-12-29 15:16:19,853] {taskinstance.py:1095} INFO - Starting attempt 1 of 2
[2021-12-29 15:16:19,855] {taskinstance.py:1096} INFO - 
--------------------------------------------------------------------------------
[2021-12-29 15:16:19,872] {taskinstance.py:1114} INFO - Executing <Task(PythonOperator): create_tag_dimension_query> on 2021-12-28T15:13:12.251660+00:00
[2021-12-29 15:16:19,879] {standard_task_runner.py:52} INFO - Started process 16825 to run task
[2021-12-29 15:16:19,885] {standard_task_runner.py:76} INFO - Running: ['***', 'tasks', 'run', 'cleansing_dag', 'create_tag_dimension_query', '2021-12-28T15:13:12.251660+00:00', '--job-id', '542', '--pool', 'default_pool', '--raw', '--subdir', 'DAGS_FOLDER/kym_cleansing.py', '--cfg-path', '/tmp/tmpuvtxbveb', '--error-file', '/tmp/tmp7jwauaxb']
[2021-12-29 15:16:19,886] {standard_task_runner.py:77} INFO - Job 542: Subtask create_tag_dimension_query
[2021-12-29 15:16:19,937] {logging_mixin.py:109} INFO - Running <TaskInstance: cleansing_dag.create_tag_dimension_query 2021-12-28T15:13:12.251660+00:00 [running]> on host 34521d0e1651
[2021-12-29 15:16:20,010] {taskinstance.py:1251} INFO - Exporting the following env vars:
AIRFLOW_CTX_DAG_OWNER=***
AIRFLOW_CTX_DAG_ID=cleansing_dag
AIRFLOW_CTX_TASK_ID=create_tag_dimension_query
AIRFLOW_CTX_EXECUTION_DATE=2021-12-28T15:13:12.251660+00:00
AIRFLOW_CTX_DAG_RUN_ID=scheduled__2021-12-28T15:13:12.251660+00:00
[2021-12-29 15:16:20,766] {python.py:151} INFO - Done. Returned value was: None
[2021-12-29 15:16:20,777] {taskinstance.py:1211} INFO - Marking task as SUCCESS. dag_id=cleansing_dag, task_id=create_tag_dimension_query, execution_date=20211228T151312, start_date=20211229T151619, end_date=20211229T151620
[2021-12-29 15:16:20,820] {local_task_job.py:151} INFO - Task exited with return code 0
