[2021-12-13 15:27:54,885] {taskinstance.py:851} INFO - Dependencies all met for <TaskInstance: cleansing_dag.cleanse_kym 2021-12-12T15:27:53.676070+00:00 [queued]>
[2021-12-13 15:27:54,900] {taskinstance.py:851} INFO - Dependencies all met for <TaskInstance: cleansing_dag.cleanse_kym 2021-12-12T15:27:53.676070+00:00 [queued]>
[2021-12-13 15:27:54,901] {taskinstance.py:1042} INFO - 
--------------------------------------------------------------------------------
[2021-12-13 15:27:54,902] {taskinstance.py:1043} INFO - Starting attempt 1 of 2
[2021-12-13 15:27:54,902] {taskinstance.py:1044} INFO - 
--------------------------------------------------------------------------------
[2021-12-13 15:27:54,912] {taskinstance.py:1063} INFO - Executing <Task(PythonOperator): cleanse_kym> on 2021-12-12T15:27:53.676070+00:00
[2021-12-13 15:27:54,916] {standard_task_runner.py:52} INFO - Started process 20984 to run task
[2021-12-13 15:27:54,920] {standard_task_runner.py:76} INFO - Running: ['airflow', 'tasks', 'run', 'cleansing_dag', 'cleanse_kym', '2021-12-12T15:27:53.676070+00:00', '--job-id', '13', '--pool', 'default_pool', '--raw', '--subdir', 'DAGS_FOLDER/kym_cleansing.py', '--cfg-path', '/tmp/tmphh8nka2d', '--error-file', '/tmp/tmp0t5o8j0s']
[2021-12-13 15:27:54,920] {standard_task_runner.py:77} INFO - Job 13: Subtask cleanse_kym
[2021-12-13 15:27:54,959] {logging_mixin.py:104} INFO - Running <TaskInstance: cleansing_dag.cleanse_kym 2021-12-12T15:27:53.676070+00:00 [running]> on host e888e487975c
[2021-12-13 15:27:54,997] {taskinstance.py:1255} INFO - Exporting the following env vars:
AIRFLOW_CTX_DAG_OWNER=airflow
AIRFLOW_CTX_DAG_ID=cleansing_dag
AIRFLOW_CTX_TASK_ID=cleanse_kym
AIRFLOW_CTX_EXECUTION_DATE=2021-12-12T15:27:53.676070+00:00
AIRFLOW_CTX_DAG_RUN_ID=scheduled__2021-12-12T15:27:53.676070+00:00
[2021-12-13 15:33:52,644] {python.py:118} INFO - Done. Returned value was: None
[2021-12-13 15:33:52,657] {taskinstance.py:1159} INFO - Marking task as SUCCESS. dag_id=cleansing_dag, task_id=cleanse_kym, execution_date=20211212T152753, start_date=20211213T152754, end_date=20211213T153352
[2021-12-13 15:33:52,702] {local_task_job.py:146} INFO - Task exited with return code 0
