[2021-12-28 18:08:32,016] {taskinstance.py:903} INFO - Dependencies all met for <TaskInstance: cleansing_dag.cleanse_spotlight 2021-12-28T18:08:31.068607+00:00 [queued]>
[2021-12-28 18:08:32,032] {taskinstance.py:903} INFO - Dependencies all met for <TaskInstance: cleansing_dag.cleanse_spotlight 2021-12-28T18:08:31.068607+00:00 [queued]>
[2021-12-28 18:08:32,032] {taskinstance.py:1094} INFO - 
--------------------------------------------------------------------------------
[2021-12-28 18:08:32,033] {taskinstance.py:1095} INFO - Starting attempt 1 of 2
[2021-12-28 18:08:32,034] {taskinstance.py:1096} INFO - 
--------------------------------------------------------------------------------
[2021-12-28 18:08:32,060] {taskinstance.py:1114} INFO - Executing <Task(PythonOperator): cleanse_spotlight> on 2021-12-28T18:08:31.068607+00:00
[2021-12-28 18:08:32,070] {standard_task_runner.py:52} INFO - Started process 72 to run task
[2021-12-28 18:08:32,075] {standard_task_runner.py:76} INFO - Running: ['***', 'tasks', 'run', 'cleansing_dag', 'cleanse_spotlight', '2021-12-28T18:08:31.068607+00:00', '--job-id', '169', '--pool', 'default_pool', '--raw', '--subdir', 'DAGS_FOLDER/kym_cleansing.py', '--cfg-path', '/tmp/tmpruwx8oyr', '--error-file', '/tmp/tmp2agz53l0']
[2021-12-28 18:08:32,077] {standard_task_runner.py:77} INFO - Job 169: Subtask cleanse_spotlight
[2021-12-28 18:08:32,134] {logging_mixin.py:109} INFO - Running <TaskInstance: cleansing_dag.cleanse_spotlight 2021-12-28T18:08:31.068607+00:00 [running]> on host 8081e0fc56fe
[2021-12-28 18:08:32,197] {taskinstance.py:1251} INFO - Exporting the following env vars:
AIRFLOW_CTX_DAG_OWNER=***
AIRFLOW_CTX_DAG_ID=cleansing_dag
AIRFLOW_CTX_TASK_ID=cleanse_spotlight
AIRFLOW_CTX_EXECUTION_DATE=2021-12-28T18:08:31.068607+00:00
AIRFLOW_CTX_DAG_RUN_ID=manual__2021-12-28T18:08:31.068607+00:00
[2021-12-28 18:08:50,162] {python.py:151} INFO - Done. Returned value was: None
[2021-12-28 18:08:50,178] {taskinstance.py:1211} INFO - Marking task as SUCCESS. dag_id=cleansing_dag, task_id=cleanse_spotlight, execution_date=20211228T180831, start_date=20211228T180832, end_date=20211228T180850
[2021-12-28 18:08:50,248] {local_task_job.py:151} INFO - Task exited with return code 0
