[2021-12-31 15:20:41,842] {taskinstance.py:903} INFO - Dependencies all met for <TaskInstance: main_dag.download_vision_data 2021-12-31T15:17:39.949213+00:00 [queued]>
[2021-12-31 15:20:41,854] {taskinstance.py:903} INFO - Dependencies all met for <TaskInstance: main_dag.download_vision_data 2021-12-31T15:17:39.949213+00:00 [queued]>
[2021-12-31 15:20:41,855] {taskinstance.py:1094} INFO - 
--------------------------------------------------------------------------------
[2021-12-31 15:20:41,855] {taskinstance.py:1095} INFO - Starting attempt 1 of 2
[2021-12-31 15:20:41,856] {taskinstance.py:1096} INFO - 
--------------------------------------------------------------------------------
[2021-12-31 15:20:41,871] {taskinstance.py:1114} INFO - Executing <Task(PythonOperator): download_vision_data> on 2021-12-31T15:17:39.949213+00:00
[2021-12-31 15:20:41,876] {standard_task_runner.py:52} INFO - Started process 21080 to run task
[2021-12-31 15:20:41,879] {standard_task_runner.py:76} INFO - Running: ['***', 'tasks', 'run', 'main_dag', 'download_vision_data', '2021-12-31T15:17:39.949213+00:00', '--job-id', '49', '--pool', 'default_pool', '--raw', '--subdir', 'DAGS_FOLDER/main_dag.py', '--cfg-path', '/tmp/tmpj0zcr_ma', '--error-file', '/tmp/tmp96gwc817']
[2021-12-31 15:20:41,880] {standard_task_runner.py:77} INFO - Job 49: Subtask download_vision_data
[2021-12-31 15:20:41,917] {logging_mixin.py:109} INFO - Running <TaskInstance: main_dag.download_vision_data 2021-12-31T15:17:39.949213+00:00 [running]> on host 8e99a5d40b8f
[2021-12-31 15:20:41,967] {taskinstance.py:1251} INFO - Exporting the following env vars:
AIRFLOW_CTX_DAG_OWNER=***
AIRFLOW_CTX_DAG_ID=main_dag
AIRFLOW_CTX_TASK_ID=download_vision_data
AIRFLOW_CTX_EXECUTION_DATE=2021-12-31T15:17:39.949213+00:00
AIRFLOW_CTX_DAG_RUN_ID=manual__2021-12-31T15:17:39.949213+00:00
[2021-12-31 15:21:26,580] {logging_mixin.py:109} INFO - File downloaded successfully.
[2021-12-31 15:21:26,581] {python.py:151} INFO - Done. Returned value was: None
[2021-12-31 15:21:26,591] {taskinstance.py:1211} INFO - Marking task as SUCCESS. dag_id=main_dag, task_id=download_vision_data, execution_date=20211231T151739, start_date=20211231T152041, end_date=20211231T152126
[2021-12-31 15:21:26,612] {local_task_job.py:151} INFO - Task exited with return code 0
