[2021-12-28 14:43:28,532] {taskinstance.py:851} INFO - Dependencies all met for <TaskInstance: cleansing_dag.merge 2021-12-27T14:40:38.307959+00:00 [queued]>
[2021-12-28 14:43:28,548] {taskinstance.py:851} INFO - Dependencies all met for <TaskInstance: cleansing_dag.merge 2021-12-27T14:40:38.307959+00:00 [queued]>
[2021-12-28 14:43:28,549] {taskinstance.py:1042} INFO - 
--------------------------------------------------------------------------------
[2021-12-28 14:43:28,549] {taskinstance.py:1043} INFO - Starting attempt 1 of 2
[2021-12-28 14:43:28,549] {taskinstance.py:1044} INFO - 
--------------------------------------------------------------------------------
[2021-12-28 14:43:28,559] {taskinstance.py:1063} INFO - Executing <Task(PythonOperator): merge> on 2021-12-27T14:40:38.307959+00:00
[2021-12-28 14:43:28,564] {standard_task_runner.py:52} INFO - Started process 14201 to run task
[2021-12-28 14:43:28,567] {standard_task_runner.py:76} INFO - Running: ['airflow', 'tasks', 'run', 'cleansing_dag', 'merge', '2021-12-27T14:40:38.307959+00:00', '--job-id', '87', '--pool', 'default_pool', '--raw', '--subdir', 'DAGS_FOLDER/kym_cleansing.py', '--cfg-path', '/tmp/tmp01u3ke2m', '--error-file', '/tmp/tmpef2wxx_f']
[2021-12-28 14:43:28,567] {standard_task_runner.py:77} INFO - Job 87: Subtask merge
[2021-12-28 14:43:28,603] {logging_mixin.py:104} INFO - Running <TaskInstance: cleansing_dag.merge 2021-12-27T14:40:38.307959+00:00 [running]> on host 78fdbf5e507e
[2021-12-28 14:43:28,641] {taskinstance.py:1255} INFO - Exporting the following env vars:
AIRFLOW_CTX_DAG_OWNER=airflow
AIRFLOW_CTX_DAG_ID=cleansing_dag
AIRFLOW_CTX_TASK_ID=merge
AIRFLOW_CTX_EXECUTION_DATE=2021-12-27T14:40:38.307959+00:00
AIRFLOW_CTX_DAG_RUN_ID=scheduled__2021-12-27T14:40:38.307959+00:00
[2021-12-28 14:43:28,955] {python.py:118} INFO - Done. Returned value was: None
[2021-12-28 14:43:29,001] {taskinstance.py:1159} INFO - Marking task as SUCCESS. dag_id=cleansing_dag, task_id=merge, execution_date=20211227T144038, start_date=20211228T144328, end_date=20211228T144329
[2021-12-28 14:43:29,061] {local_task_job.py:146} INFO - Task exited with return code 0
