[2021-12-31 15:29:29,153] {taskinstance.py:903} INFO - Dependencies all met for <TaskInstance: main_dag.create_tag_dimension_query 2021-12-31T15:24:18.357473+00:00 [queued]>
[2021-12-31 15:29:29,167] {taskinstance.py:903} INFO - Dependencies all met for <TaskInstance: main_dag.create_tag_dimension_query 2021-12-31T15:24:18.357473+00:00 [queued]>
[2021-12-31 15:29:29,168] {taskinstance.py:1094} INFO - 
--------------------------------------------------------------------------------
[2021-12-31 15:29:29,168] {taskinstance.py:1095} INFO - Starting attempt 1 of 2
[2021-12-31 15:29:29,169] {taskinstance.py:1096} INFO - 
--------------------------------------------------------------------------------
[2021-12-31 15:29:29,187] {taskinstance.py:1114} INFO - Executing <Task(PythonOperator): create_tag_dimension_query> on 2021-12-31T15:24:18.357473+00:00
[2021-12-31 15:29:29,196] {standard_task_runner.py:52} INFO - Started process 28198 to run task
[2021-12-31 15:29:29,200] {standard_task_runner.py:76} INFO - Running: ['***', 'tasks', 'run', 'main_dag', 'create_tag_dimension_query', '2021-12-31T15:24:18.357473+00:00', '--job-id', '80', '--pool', 'default_pool', '--raw', '--subdir', 'DAGS_FOLDER/main_dag.py', '--cfg-path', '/tmp/tmp2j15epyj', '--error-file', '/tmp/tmpofejhaih']
[2021-12-31 15:29:29,201] {standard_task_runner.py:77} INFO - Job 80: Subtask create_tag_dimension_query
[2021-12-31 15:29:29,247] {logging_mixin.py:109} INFO - Running <TaskInstance: main_dag.create_tag_dimension_query 2021-12-31T15:24:18.357473+00:00 [running]> on host 8e99a5d40b8f
[2021-12-31 15:29:29,313] {taskinstance.py:1251} INFO - Exporting the following env vars:
AIRFLOW_CTX_DAG_OWNER=***
AIRFLOW_CTX_DAG_ID=main_dag
AIRFLOW_CTX_TASK_ID=create_tag_dimension_query
AIRFLOW_CTX_EXECUTION_DATE=2021-12-31T15:24:18.357473+00:00
AIRFLOW_CTX_DAG_RUN_ID=manual__2021-12-31T15:24:18.357473+00:00
[2021-12-31 15:29:30,073] {python.py:151} INFO - Done. Returned value was: None
[2021-12-31 15:29:30,088] {taskinstance.py:1211} INFO - Marking task as SUCCESS. dag_id=main_dag, task_id=create_tag_dimension_query, execution_date=20211231T152418, start_date=20211231T152929, end_date=20211231T152930
[2021-12-31 15:29:30,135] {local_task_job.py:151} INFO - Task exited with return code 0
