[2021-12-31 10:14:58,692] {taskinstance.py:903} INFO - Dependencies all met for <TaskInstance: main_dag.cleanse_vision 2021-12-30T10:11:15.996335+00:00 [queued]>
[2021-12-31 10:14:58,704] {taskinstance.py:903} INFO - Dependencies all met for <TaskInstance: main_dag.cleanse_vision 2021-12-30T10:11:15.996335+00:00 [queued]>
[2021-12-31 10:14:58,705] {taskinstance.py:1094} INFO - 
--------------------------------------------------------------------------------
[2021-12-31 10:14:58,705] {taskinstance.py:1095} INFO - Starting attempt 1 of 2
[2021-12-31 10:14:58,706] {taskinstance.py:1096} INFO - 
--------------------------------------------------------------------------------
[2021-12-31 10:14:58,721] {taskinstance.py:1114} INFO - Executing <Task(PythonOperator): cleanse_vision> on 2021-12-30T10:11:15.996335+00:00
[2021-12-31 10:14:58,726] {standard_task_runner.py:52} INFO - Started process 13882 to run task
[2021-12-31 10:14:58,729] {standard_task_runner.py:76} INFO - Running: ['***', 'tasks', 'run', 'main_dag', 'cleanse_vision', '2021-12-30T10:11:15.996335+00:00', '--job-id', '61', '--pool', 'default_pool', '--raw', '--subdir', 'DAGS_FOLDER/main_dag.py', '--cfg-path', '/tmp/tmp_qy666g5', '--error-file', '/tmp/tmpibzsdha9']
[2021-12-31 10:14:58,730] {standard_task_runner.py:77} INFO - Job 61: Subtask cleanse_vision
[2021-12-31 10:14:58,769] {logging_mixin.py:109} INFO - Running <TaskInstance: main_dag.cleanse_vision 2021-12-30T10:11:15.996335+00:00 [running]> on host 71257c6b2a25
[2021-12-31 10:14:58,903] {taskinstance.py:1251} INFO - Exporting the following env vars:
AIRFLOW_CTX_DAG_OWNER=***
AIRFLOW_CTX_DAG_ID=main_dag
AIRFLOW_CTX_TASK_ID=cleanse_vision
AIRFLOW_CTX_EXECUTION_DATE=2021-12-30T10:11:15.996335+00:00
AIRFLOW_CTX_DAG_RUN_ID=scheduled__2021-12-30T10:11:15.996335+00:00
[2021-12-31 10:16:02,051] {python.py:151} INFO - Done. Returned value was: None
[2021-12-31 10:16:02,063] {taskinstance.py:1211} INFO - Marking task as SUCCESS. dag_id=main_dag, task_id=cleanse_vision, execution_date=20211230T101115, start_date=20211231T101458, end_date=20211231T101602
[2021-12-31 10:16:02,095] {local_task_job.py:151} INFO - Task exited with return code 0
