[2021-12-13 15:12:28,490] {taskinstance.py:851} INFO - Dependencies all met for <TaskInstance: first_dag.addSafeSearchRows 2021-12-12T15:12:09.901226+00:00 [queued]>
[2021-12-13 15:12:28,508] {taskinstance.py:851} INFO - Dependencies all met for <TaskInstance: first_dag.addSafeSearchRows 2021-12-12T15:12:09.901226+00:00 [queued]>
[2021-12-13 15:12:28,509] {taskinstance.py:1042} INFO - 
--------------------------------------------------------------------------------
[2021-12-13 15:12:28,509] {taskinstance.py:1043} INFO - Starting attempt 1 of 2
[2021-12-13 15:12:28,509] {taskinstance.py:1044} INFO - 
--------------------------------------------------------------------------------
[2021-12-13 15:12:28,521] {taskinstance.py:1063} INFO - Executing <Task(PythonOperator): addSafeSearchRows> on 2021-12-12T15:12:09.901226+00:00
[2021-12-13 15:12:28,525] {standard_task_runner.py:52} INFO - Started process 53 to run task
[2021-12-13 15:12:28,528] {standard_task_runner.py:76} INFO - Running: ['airflow', 'tasks', 'run', 'first_dag', 'addSafeSearchRows', '2021-12-12T15:12:09.901226+00:00', '--job-id', '2', '--pool', 'default_pool', '--raw', '--subdir', 'DAGS_FOLDER/kym_vision.py', '--cfg-path', '/tmp/tmpb95kfs70', '--error-file', '/tmp/tmppcgf6ik9']
[2021-12-13 15:12:28,529] {standard_task_runner.py:77} INFO - Job 2: Subtask addSafeSearchRows
[2021-12-13 15:12:28,563] {logging_mixin.py:104} INFO - Running <TaskInstance: first_dag.addSafeSearchRows 2021-12-12T15:12:09.901226+00:00 [running]> on host e888e487975c
[2021-12-13 15:12:28,604] {taskinstance.py:1255} INFO - Exporting the following env vars:
AIRFLOW_CTX_DAG_OWNER=airflow
AIRFLOW_CTX_DAG_ID=first_dag
AIRFLOW_CTX_TASK_ID=addSafeSearchRows
AIRFLOW_CTX_EXECUTION_DATE=2021-12-12T15:12:09.901226+00:00
AIRFLOW_CTX_DAG_RUN_ID=scheduled__2021-12-12T15:12:09.901226+00:00
[2021-12-13 15:13:39,740] {python.py:118} INFO - Done. Returned value was: None
[2021-12-13 15:13:39,755] {taskinstance.py:1159} INFO - Marking task as SUCCESS. dag_id=first_dag, task_id=addSafeSearchRows, execution_date=20211212T151209, start_date=20211213T151228, end_date=20211213T151339
[2021-12-13 15:13:39,813] {local_task_job.py:146} INFO - Task exited with return code 0
