[2021-12-28 18:09:14,878] {taskinstance.py:903} INFO - Dependencies all met for <TaskInstance: cleansing_dag.cleanse_vision 2021-12-27T18:09:12.698303+00:00 [queued]>
[2021-12-28 18:09:14,898] {taskinstance.py:903} INFO - Dependencies all met for <TaskInstance: cleansing_dag.cleanse_vision 2021-12-27T18:09:12.698303+00:00 [queued]>
[2021-12-28 18:09:14,899] {taskinstance.py:1094} INFO - 
--------------------------------------------------------------------------------
[2021-12-28 18:09:14,899] {taskinstance.py:1095} INFO - Starting attempt 1 of 2
[2021-12-28 18:09:14,900] {taskinstance.py:1096} INFO - 
--------------------------------------------------------------------------------
[2021-12-28 18:09:14,923] {taskinstance.py:1114} INFO - Executing <Task(PythonOperator): cleanse_vision> on 2021-12-27T18:09:12.698303+00:00
[2021-12-28 18:09:14,929] {standard_task_runner.py:52} INFO - Started process 85 to run task
[2021-12-28 18:09:14,933] {standard_task_runner.py:76} INFO - Running: ['***', 'tasks', 'run', 'cleansing_dag', 'cleanse_vision', '2021-12-27T18:09:12.698303+00:00', '--job-id', '171', '--pool', 'default_pool', '--raw', '--subdir', 'DAGS_FOLDER/kym_cleansing.py', '--cfg-path', '/tmp/tmplkm8bb_9', '--error-file', '/tmp/tmp9xlwl39p']
[2021-12-28 18:09:14,934] {standard_task_runner.py:77} INFO - Job 171: Subtask cleanse_vision
[2021-12-28 18:09:14,987] {logging_mixin.py:109} INFO - Running <TaskInstance: cleansing_dag.cleanse_vision 2021-12-27T18:09:12.698303+00:00 [running]> on host 8081e0fc56fe
[2021-12-28 18:09:15,065] {taskinstance.py:1251} INFO - Exporting the following env vars:
AIRFLOW_CTX_DAG_OWNER=***
AIRFLOW_CTX_DAG_ID=cleansing_dag
AIRFLOW_CTX_TASK_ID=cleanse_vision
AIRFLOW_CTX_EXECUTION_DATE=2021-12-27T18:09:12.698303+00:00
AIRFLOW_CTX_DAG_RUN_ID=scheduled__2021-12-27T18:09:12.698303+00:00
[2021-12-28 18:11:44,892] {python.py:151} INFO - Done. Returned value was: None
[2021-12-28 18:11:44,907] {taskinstance.py:1211} INFO - Marking task as SUCCESS. dag_id=cleansing_dag, task_id=cleanse_vision, execution_date=20211227T180912, start_date=20211228T180914, end_date=20211228T181144
[2021-12-28 18:11:44,958] {local_task_job.py:151} INFO - Task exited with return code 0
