[2021-12-28 14:19:30,402] {taskinstance.py:851} INFO - Dependencies all met for <TaskInstance: cleansing_dag.cleanse_vision 2021-12-27T14:19:09.586609+00:00 [queued]>
[2021-12-28 14:19:30,419] {taskinstance.py:851} INFO - Dependencies all met for <TaskInstance: cleansing_dag.cleanse_vision 2021-12-27T14:19:09.586609+00:00 [queued]>
[2021-12-28 14:19:30,420] {taskinstance.py:1042} INFO - 
--------------------------------------------------------------------------------
[2021-12-28 14:19:30,420] {taskinstance.py:1043} INFO - Starting attempt 1 of 2
[2021-12-28 14:19:30,420] {taskinstance.py:1044} INFO - 
--------------------------------------------------------------------------------
[2021-12-28 14:19:30,431] {taskinstance.py:1063} INFO - Executing <Task(PythonOperator): cleanse_vision> on 2021-12-27T14:19:09.586609+00:00
[2021-12-28 14:19:30,437] {standard_task_runner.py:52} INFO - Started process 73 to run task
[2021-12-28 14:19:30,440] {standard_task_runner.py:76} INFO - Running: ['airflow', 'tasks', 'run', 'cleansing_dag', 'cleanse_vision', '2021-12-27T14:19:09.586609+00:00', '--job-id', '68', '--pool', 'default_pool', '--raw', '--subdir', 'DAGS_FOLDER/kym_cleansing.py', '--cfg-path', '/tmp/tmpw34hjhph', '--error-file', '/tmp/tmpcwh_bnja']
[2021-12-28 14:19:30,441] {standard_task_runner.py:77} INFO - Job 68: Subtask cleanse_vision
[2021-12-28 14:19:30,488] {logging_mixin.py:104} INFO - Running <TaskInstance: cleansing_dag.cleanse_vision 2021-12-27T14:19:09.586609+00:00 [running]> on host 78fdbf5e507e
[2021-12-28 14:19:30,529] {taskinstance.py:1255} INFO - Exporting the following env vars:
AIRFLOW_CTX_DAG_OWNER=airflow
AIRFLOW_CTX_DAG_ID=cleansing_dag
AIRFLOW_CTX_TASK_ID=cleanse_vision
AIRFLOW_CTX_EXECUTION_DATE=2021-12-27T14:19:09.586609+00:00
AIRFLOW_CTX_DAG_RUN_ID=scheduled__2021-12-27T14:19:09.586609+00:00
[2021-12-28 14:21:15,412] {python.py:118} INFO - Done. Returned value was: None
[2021-12-28 14:21:15,423] {taskinstance.py:1159} INFO - Marking task as SUCCESS. dag_id=cleansing_dag, task_id=cleanse_vision, execution_date=20211227T141909, start_date=20211228T141930, end_date=20211228T142115
[2021-12-28 14:21:15,479] {local_task_job.py:146} INFO - Task exited with return code 0
