[2021-12-28 20:08:20,107] {taskinstance.py:903} INFO - Dependencies all met for <TaskInstance: cleansing_dag.create_type_dimension_query 2021-12-27T20:05:08.090968+00:00 [queued]>
[2021-12-28 20:08:20,137] {taskinstance.py:903} INFO - Dependencies all met for <TaskInstance: cleansing_dag.create_type_dimension_query 2021-12-27T20:05:08.090968+00:00 [queued]>
[2021-12-28 20:08:20,138] {taskinstance.py:1094} INFO - 
--------------------------------------------------------------------------------
[2021-12-28 20:08:20,138] {taskinstance.py:1095} INFO - Starting attempt 1 of 2
[2021-12-28 20:08:20,138] {taskinstance.py:1096} INFO - 
--------------------------------------------------------------------------------
[2021-12-28 20:08:20,157] {taskinstance.py:1114} INFO - Executing <Task(PythonOperator): create_type_dimension_query> on 2021-12-27T20:05:08.090968+00:00
[2021-12-28 20:08:20,163] {standard_task_runner.py:52} INFO - Started process 2150 to run task
[2021-12-28 20:08:20,165] {standard_task_runner.py:76} INFO - Running: ['***', 'tasks', 'run', 'cleansing_dag', 'create_type_dimension_query', '2021-12-27T20:05:08.090968+00:00', '--job-id', '289', '--pool', 'default_pool', '--raw', '--subdir', 'DAGS_FOLDER/kym_cleansing.py', '--cfg-path', '/tmp/tmprz0jhn57', '--error-file', '/tmp/tmpya73ht_9']
[2021-12-28 20:08:20,166] {standard_task_runner.py:77} INFO - Job 289: Subtask create_type_dimension_query
[2021-12-28 20:08:20,209] {logging_mixin.py:109} INFO - Running <TaskInstance: cleansing_dag.create_type_dimension_query 2021-12-27T20:05:08.090968+00:00 [running]> on host 62c7f391d30e
[2021-12-28 20:08:20,292] {taskinstance.py:1251} INFO - Exporting the following env vars:
AIRFLOW_CTX_DAG_OWNER=***
AIRFLOW_CTX_DAG_ID=cleansing_dag
AIRFLOW_CTX_TASK_ID=create_type_dimension_query
AIRFLOW_CTX_EXECUTION_DATE=2021-12-27T20:05:08.090968+00:00
AIRFLOW_CTX_DAG_RUN_ID=scheduled__2021-12-27T20:05:08.090968+00:00
[2021-12-28 20:08:20,366] {python.py:151} INFO - Done. Returned value was: None
[2021-12-28 20:08:20,379] {taskinstance.py:1211} INFO - Marking task as SUCCESS. dag_id=cleansing_dag, task_id=create_type_dimension_query, execution_date=20211227T200508, start_date=20211228T200820, end_date=20211228T200820
[2021-12-28 20:08:20,423] {local_task_job.py:151} INFO - Task exited with return code 0
