[2021-12-29 14:10:50,886] {taskinstance.py:903} INFO - Dependencies all met for <TaskInstance: cleansing_dag.create_date_dimension_query 2021-12-29T13:56:44.064632+00:00 [queued]>
[2021-12-29 14:10:50,910] {taskinstance.py:903} INFO - Dependencies all met for <TaskInstance: cleansing_dag.create_date_dimension_query 2021-12-29T13:56:44.064632+00:00 [queued]>
[2021-12-29 14:10:50,911] {taskinstance.py:1094} INFO - 
--------------------------------------------------------------------------------
[2021-12-29 14:10:50,911] {taskinstance.py:1095} INFO - Starting attempt 1 of 2
[2021-12-29 14:10:50,912] {taskinstance.py:1096} INFO - 
--------------------------------------------------------------------------------
[2021-12-29 14:10:50,923] {taskinstance.py:1114} INFO - Executing <Task(PythonOperator): create_date_dimension_query> on 2021-12-29T13:56:44.064632+00:00
[2021-12-29 14:10:50,929] {standard_task_runner.py:52} INFO - Started process 4969 to run task
[2021-12-29 14:10:50,934] {standard_task_runner.py:76} INFO - Running: ['***', 'tasks', 'run', 'cleansing_dag', 'create_date_dimension_query', '2021-12-29T13:56:44.064632+00:00', '--job-id', '419', '--pool', 'default_pool', '--raw', '--subdir', 'DAGS_FOLDER/kym_cleansing.py', '--cfg-path', '/tmp/tmp3mzjexsq', '--error-file', '/tmp/tmpmqdxhnak']
[2021-12-29 14:10:50,935] {standard_task_runner.py:77} INFO - Job 419: Subtask create_date_dimension_query
[2021-12-29 14:10:50,977] {logging_mixin.py:109} INFO - Running <TaskInstance: cleansing_dag.create_date_dimension_query 2021-12-29T13:56:44.064632+00:00 [running]> on host 34521d0e1651
[2021-12-29 14:10:51,031] {taskinstance.py:1251} INFO - Exporting the following env vars:
AIRFLOW_CTX_DAG_OWNER=***
AIRFLOW_CTX_DAG_ID=cleansing_dag
AIRFLOW_CTX_TASK_ID=create_date_dimension_query
AIRFLOW_CTX_EXECUTION_DATE=2021-12-29T13:56:44.064632+00:00
AIRFLOW_CTX_DAG_RUN_ID=manual__2021-12-29T13:56:44.064632+00:00
[2021-12-29 14:10:51,199] {python.py:151} INFO - Done. Returned value was: None
[2021-12-29 14:10:51,210] {taskinstance.py:1211} INFO - Marking task as SUCCESS. dag_id=cleansing_dag, task_id=create_date_dimension_query, execution_date=20211229T135644, start_date=20211229T141050, end_date=20211229T141051
[2021-12-29 14:10:51,266] {local_task_job.py:151} INFO - Task exited with return code 0
