[2021-12-31 10:20:56,709] {taskinstance.py:903} INFO - Dependencies all met for <TaskInstance: main_dag.cleanse_spotlight 2021-12-30T10:17:56.843539+00:00 [queued]>
[2021-12-31 10:20:56,720] {taskinstance.py:903} INFO - Dependencies all met for <TaskInstance: main_dag.cleanse_spotlight 2021-12-30T10:17:56.843539+00:00 [queued]>
[2021-12-31 10:20:56,720] {taskinstance.py:1094} INFO - 
--------------------------------------------------------------------------------
[2021-12-31 10:20:56,721] {taskinstance.py:1095} INFO - Starting attempt 1 of 2
[2021-12-31 10:20:56,721] {taskinstance.py:1096} INFO - 
--------------------------------------------------------------------------------
[2021-12-31 10:20:56,736] {taskinstance.py:1114} INFO - Executing <Task(PythonOperator): cleanse_spotlight> on 2021-12-30T10:17:56.843539+00:00
[2021-12-31 10:20:56,741] {standard_task_runner.py:52} INFO - Started process 20825 to run task
[2021-12-31 10:20:56,745] {standard_task_runner.py:76} INFO - Running: ['***', 'tasks', 'run', 'main_dag', 'cleanse_spotlight', '2021-12-30T10:17:56.843539+00:00', '--job-id', '70', '--pool', 'default_pool', '--raw', '--subdir', 'DAGS_FOLDER/main_dag.py', '--cfg-path', '/tmp/tmp1_b45qzr', '--error-file', '/tmp/tmpmri8pg7r']
[2021-12-31 10:20:56,746] {standard_task_runner.py:77} INFO - Job 70: Subtask cleanse_spotlight
[2021-12-31 10:20:56,778] {logging_mixin.py:109} INFO - Running <TaskInstance: main_dag.cleanse_spotlight 2021-12-30T10:17:56.843539+00:00 [running]> on host 71257c6b2a25
[2021-12-31 10:20:56,829] {taskinstance.py:1251} INFO - Exporting the following env vars:
AIRFLOW_CTX_DAG_OWNER=***
AIRFLOW_CTX_DAG_ID=main_dag
AIRFLOW_CTX_TASK_ID=cleanse_spotlight
AIRFLOW_CTX_EXECUTION_DATE=2021-12-30T10:17:56.843539+00:00
AIRFLOW_CTX_DAG_RUN_ID=scheduled__2021-12-30T10:17:56.843539+00:00
[2021-12-31 10:21:06,199] {python.py:151} INFO - Done. Returned value was: None
[2021-12-31 10:21:06,211] {taskinstance.py:1211} INFO - Marking task as SUCCESS. dag_id=main_dag, task_id=cleanse_spotlight, execution_date=20211230T101756, start_date=20211231T102056, end_date=20211231T102106
[2021-12-31 10:21:06,266] {local_task_job.py:151} INFO - Task exited with return code 0
