[2021-12-29 12:13:41,887] {taskinstance.py:903} INFO - Dependencies all met for <TaskInstance: cleansing_dag.create_date_dimension_query 2021-12-28T12:10:39.570058+00:00 [queued]>
[2021-12-29 12:13:41,905] {taskinstance.py:903} INFO - Dependencies all met for <TaskInstance: cleansing_dag.create_date_dimension_query 2021-12-28T12:10:39.570058+00:00 [queued]>
[2021-12-29 12:13:41,906] {taskinstance.py:1094} INFO - 
--------------------------------------------------------------------------------
[2021-12-29 12:13:41,906] {taskinstance.py:1095} INFO - Starting attempt 1 of 2
[2021-12-29 12:13:41,906] {taskinstance.py:1096} INFO - 
--------------------------------------------------------------------------------
[2021-12-29 12:13:41,917] {taskinstance.py:1114} INFO - Executing <Task(PythonOperator): create_date_dimension_query> on 2021-12-28T12:10:39.570058+00:00
[2021-12-29 12:13:41,922] {standard_task_runner.py:52} INFO - Started process 7023 to run task
[2021-12-29 12:13:41,925] {standard_task_runner.py:76} INFO - Running: ['***', 'tasks', 'run', 'cleansing_dag', 'create_date_dimension_query', '2021-12-28T12:10:39.570058+00:00', '--job-id', '316', '--pool', 'default_pool', '--raw', '--subdir', 'DAGS_FOLDER/kym_cleansing.py', '--cfg-path', '/tmp/tmp683v9sb0', '--error-file', '/tmp/tmp6u4twcz_']
[2021-12-29 12:13:41,926] {standard_task_runner.py:77} INFO - Job 316: Subtask create_date_dimension_query
[2021-12-29 12:13:41,968] {logging_mixin.py:109} INFO - Running <TaskInstance: cleansing_dag.create_date_dimension_query 2021-12-28T12:10:39.570058+00:00 [running]> on host 9b1c98289e99
[2021-12-29 12:13:42,035] {taskinstance.py:1251} INFO - Exporting the following env vars:
AIRFLOW_CTX_DAG_OWNER=***
AIRFLOW_CTX_DAG_ID=cleansing_dag
AIRFLOW_CTX_TASK_ID=create_date_dimension_query
AIRFLOW_CTX_EXECUTION_DATE=2021-12-28T12:10:39.570058+00:00
AIRFLOW_CTX_DAG_RUN_ID=scheduled__2021-12-28T12:10:39.570058+00:00
[2021-12-29 12:13:42,241] {python.py:151} INFO - Done. Returned value was: None
[2021-12-29 12:13:42,253] {taskinstance.py:1211} INFO - Marking task as SUCCESS. dag_id=cleansing_dag, task_id=create_date_dimension_query, execution_date=20211228T121039, start_date=20211229T121341, end_date=20211229T121342
[2021-12-29 12:13:42,299] {local_task_job.py:151} INFO - Task exited with return code 0
