[2021-12-28 20:03:07,585] {taskinstance.py:903} INFO - Dependencies all met for <TaskInstance: cleansing_dag.create_additional_analysis_table_query 2021-12-27T20:00:00.364332+00:00 [queued]>
[2021-12-28 20:03:07,604] {taskinstance.py:903} INFO - Dependencies all met for <TaskInstance: cleansing_dag.create_additional_analysis_table_query 2021-12-27T20:00:00.364332+00:00 [queued]>
[2021-12-28 20:03:07,605] {taskinstance.py:1094} INFO - 
--------------------------------------------------------------------------------
[2021-12-28 20:03:07,606] {taskinstance.py:1095} INFO - Starting attempt 1 of 2
[2021-12-28 20:03:07,606] {taskinstance.py:1096} INFO - 
--------------------------------------------------------------------------------
[2021-12-28 20:03:07,618] {taskinstance.py:1114} INFO - Executing <Task(PythonOperator): create_additional_analysis_table_query> on 2021-12-27T20:00:00.364332+00:00
[2021-12-28 20:03:07,623] {standard_task_runner.py:52} INFO - Started process 20857 to run task
[2021-12-28 20:03:07,633] {standard_task_runner.py:76} INFO - Running: ['***', 'tasks', 'run', 'cleansing_dag', 'create_additional_analysis_table_query', '2021-12-27T20:00:00.364332+00:00', '--job-id', '268', '--pool', 'default_pool', '--raw', '--subdir', 'DAGS_FOLDER/kym_cleansing.py', '--cfg-path', '/tmp/tmpfwcgbqpx', '--error-file', '/tmp/tmpozlqmpqx']
[2021-12-28 20:03:07,634] {standard_task_runner.py:77} INFO - Job 268: Subtask create_additional_analysis_table_query
[2021-12-28 20:03:07,680] {logging_mixin.py:109} INFO - Running <TaskInstance: cleansing_dag.create_additional_analysis_table_query 2021-12-27T20:00:00.364332+00:00 [running]> on host 62c7f391d30e
[2021-12-28 20:03:07,743] {taskinstance.py:1251} INFO - Exporting the following env vars:
AIRFLOW_CTX_DAG_OWNER=***
AIRFLOW_CTX_DAG_ID=cleansing_dag
AIRFLOW_CTX_TASK_ID=create_additional_analysis_table_query
AIRFLOW_CTX_EXECUTION_DATE=2021-12-27T20:00:00.364332+00:00
AIRFLOW_CTX_DAG_RUN_ID=scheduled__2021-12-27T20:00:00.364332+00:00
[2021-12-28 20:03:09,058] {python.py:151} INFO - Done. Returned value was: None
[2021-12-28 20:03:09,071] {taskinstance.py:1211} INFO - Marking task as SUCCESS. dag_id=cleansing_dag, task_id=create_additional_analysis_table_query, execution_date=20211227T200000, start_date=20211228T200307, end_date=20211228T200309
[2021-12-28 20:03:09,124] {local_task_job.py:151} INFO - Task exited with return code 0
