[2021-12-30 11:34:33,428] {taskinstance.py:903} INFO - Dependencies all met for <TaskInstance: cleansing_dag.create_tag_dimension_query 2021-12-29T11:31:27.968238+00:00 [queued]>
[2021-12-30 11:34:33,443] {taskinstance.py:903} INFO - Dependencies all met for <TaskInstance: cleansing_dag.create_tag_dimension_query 2021-12-29T11:31:27.968238+00:00 [queued]>
[2021-12-30 11:34:33,444] {taskinstance.py:1094} INFO - 
--------------------------------------------------------------------------------
[2021-12-30 11:34:33,444] {taskinstance.py:1095} INFO - Starting attempt 1 of 2
[2021-12-30 11:34:33,444] {taskinstance.py:1096} INFO - 
--------------------------------------------------------------------------------
[2021-12-30 11:34:33,460] {taskinstance.py:1114} INFO - Executing <Task(PythonOperator): create_tag_dimension_query> on 2021-12-29T11:31:27.968238+00:00
[2021-12-30 11:34:33,466] {standard_task_runner.py:52} INFO - Started process 7036 to run task
[2021-12-30 11:34:33,469] {standard_task_runner.py:76} INFO - Running: ['***', 'tasks', 'run', 'cleansing_dag', 'create_tag_dimension_query', '2021-12-29T11:31:27.968238+00:00', '--job-id', '11', '--pool', 'default_pool', '--raw', '--subdir', 'DAGS_FOLDER/kym_cleansing.py', '--cfg-path', '/tmp/tmp34zhtvvg', '--error-file', '/tmp/tmp1mkz6ouo']
[2021-12-30 11:34:33,470] {standard_task_runner.py:77} INFO - Job 11: Subtask create_tag_dimension_query
[2021-12-30 11:34:33,507] {logging_mixin.py:109} INFO - Running <TaskInstance: cleansing_dag.create_tag_dimension_query 2021-12-29T11:31:27.968238+00:00 [running]> on host 2eb70c976689
[2021-12-30 11:34:33,558] {taskinstance.py:1251} INFO - Exporting the following env vars:
AIRFLOW_CTX_DAG_OWNER=***
AIRFLOW_CTX_DAG_ID=cleansing_dag
AIRFLOW_CTX_TASK_ID=create_tag_dimension_query
AIRFLOW_CTX_EXECUTION_DATE=2021-12-29T11:31:27.968238+00:00
AIRFLOW_CTX_DAG_RUN_ID=scheduled__2021-12-29T11:31:27.968238+00:00
[2021-12-30 11:34:34,226] {python.py:151} INFO - Done. Returned value was: None
[2021-12-30 11:34:34,238] {taskinstance.py:1211} INFO - Marking task as SUCCESS. dag_id=cleansing_dag, task_id=create_tag_dimension_query, execution_date=20211229T113127, start_date=20211230T113433, end_date=20211230T113434
[2021-12-30 11:34:34,283] {local_task_job.py:151} INFO - Task exited with return code 0
