[2021-12-09 15:56:25,133] {taskinstance.py:851} INFO - Dependencies all met for <TaskInstance: cleansing_dag.writeOut 2021-12-08T15:56:04.243356+00:00 [queued]>
[2021-12-09 15:56:25,154] {taskinstance.py:851} INFO - Dependencies all met for <TaskInstance: cleansing_dag.writeOut 2021-12-08T15:56:04.243356+00:00 [queued]>
[2021-12-09 15:56:25,155] {taskinstance.py:1042} INFO - 
--------------------------------------------------------------------------------
[2021-12-09 15:56:25,155] {taskinstance.py:1043} INFO - Starting attempt 1 of 2
[2021-12-09 15:56:25,156] {taskinstance.py:1044} INFO - 
--------------------------------------------------------------------------------
[2021-12-09 15:56:25,167] {taskinstance.py:1063} INFO - Executing <Task(PythonOperator): writeOut> on 2021-12-08T15:56:04.243356+00:00
[2021-12-09 15:56:25,173] {standard_task_runner.py:52} INFO - Started process 161 to run task
[2021-12-09 15:56:25,175] {standard_task_runner.py:76} INFO - Running: ['airflow', 'tasks', 'run', 'cleansing_dag', 'writeOut', '2021-12-08T15:56:04.243356+00:00', '--job-id', '49', '--pool', 'default_pool', '--raw', '--subdir', 'DAGS_FOLDER/kym_cleansing.py', '--cfg-path', '/tmp/tmp6kn4kavi', '--error-file', '/tmp/tmp9cf69dlb']
[2021-12-09 15:56:25,177] {standard_task_runner.py:77} INFO - Job 49: Subtask writeOut
[2021-12-09 15:56:25,212] {logging_mixin.py:104} INFO - Running <TaskInstance: cleansing_dag.writeOut 2021-12-08T15:56:04.243356+00:00 [running]> on host 8ea24132e477
[2021-12-09 15:56:25,246] {taskinstance.py:1257} INFO - Exporting the following env vars:
AIRFLOW_CTX_DAG_OWNER=airflow
AIRFLOW_CTX_DAG_ID=cleansing_dag
AIRFLOW_CTX_TASK_ID=writeOut
AIRFLOW_CTX_EXECUTION_DATE=2021-12-08T15:56:04.243356+00:00
AIRFLOW_CTX_DAG_RUN_ID=scheduled__2021-12-08T15:56:04.243356+00:00
[2021-12-09 15:56:31,988] {python.py:118} INFO - Done. Returned value was: None
[2021-12-09 15:56:32,903] {taskinstance.py:1166} INFO - Marking task as SUCCESS. dag_id=cleansing_dag, task_id=writeOut, execution_date=20211208T155604, start_date=20211209T155625, end_date=20211209T155632
[2021-12-09 15:56:32,937] {taskinstance.py:1220} INFO - 0 downstream tasks scheduled from follow-on schedule check
[2021-12-09 15:56:33,022] {local_task_job.py:146} INFO - Task exited with return code 0
