[2021-12-29 14:56:29,585] {taskinstance.py:903} INFO - Dependencies all met for <TaskInstance: cleansing_dag.create_origin_dimension_query 2021-12-28T14:53:47.862251+00:00 [queued]>
[2021-12-29 14:56:29,605] {taskinstance.py:903} INFO - Dependencies all met for <TaskInstance: cleansing_dag.create_origin_dimension_query 2021-12-28T14:53:47.862251+00:00 [queued]>
[2021-12-29 14:56:29,605] {taskinstance.py:1094} INFO - 
--------------------------------------------------------------------------------
[2021-12-29 14:56:29,606] {taskinstance.py:1095} INFO - Starting attempt 1 of 2
[2021-12-29 14:56:29,606] {taskinstance.py:1096} INFO - 
--------------------------------------------------------------------------------
[2021-12-29 14:56:29,623] {taskinstance.py:1114} INFO - Executing <Task(PythonOperator): create_origin_dimension_query> on 2021-12-28T14:53:47.862251+00:00
[2021-12-29 14:56:29,628] {standard_task_runner.py:52} INFO - Started process 14273 to run task
[2021-12-29 14:56:29,631] {standard_task_runner.py:76} INFO - Running: ['***', 'tasks', 'run', 'cleansing_dag', 'create_origin_dimension_query', '2021-12-28T14:53:47.862251+00:00', '--job-id', '496', '--pool', 'default_pool', '--raw', '--subdir', 'DAGS_FOLDER/kym_cleansing.py', '--cfg-path', '/tmp/tmp7z0aqz4q', '--error-file', '/tmp/tmpu1jojo1a']
[2021-12-29 14:56:29,632] {standard_task_runner.py:77} INFO - Job 496: Subtask create_origin_dimension_query
[2021-12-29 14:56:29,676] {logging_mixin.py:109} INFO - Running <TaskInstance: cleansing_dag.create_origin_dimension_query 2021-12-28T14:53:47.862251+00:00 [running]> on host 34521d0e1651
[2021-12-29 14:56:29,735] {taskinstance.py:1251} INFO - Exporting the following env vars:
AIRFLOW_CTX_DAG_OWNER=***
AIRFLOW_CTX_DAG_ID=cleansing_dag
AIRFLOW_CTX_TASK_ID=create_origin_dimension_query
AIRFLOW_CTX_EXECUTION_DATE=2021-12-28T14:53:47.862251+00:00
AIRFLOW_CTX_DAG_RUN_ID=scheduled__2021-12-28T14:53:47.862251+00:00
[2021-12-29 14:56:29,834] {python.py:151} INFO - Done. Returned value was: None
[2021-12-29 14:56:29,844] {taskinstance.py:1211} INFO - Marking task as SUCCESS. dag_id=cleansing_dag, task_id=create_origin_dimension_query, execution_date=20211228T145347, start_date=20211229T145629, end_date=20211229T145629
[2021-12-29 14:56:29,884] {local_task_job.py:151} INFO - Task exited with return code 0
