[2021-12-31 15:31:27,347] {taskinstance.py:903} INFO - Dependencies all met for <TaskInstance: main_dag.cleanse_kym 2021-12-31T15:30:57.489827+00:00 [queued]>
[2021-12-31 15:31:27,361] {taskinstance.py:903} INFO - Dependencies all met for <TaskInstance: main_dag.cleanse_kym 2021-12-31T15:30:57.489827+00:00 [queued]>
[2021-12-31 15:31:27,362] {taskinstance.py:1094} INFO - 
--------------------------------------------------------------------------------
[2021-12-31 15:31:27,362] {taskinstance.py:1095} INFO - Starting attempt 1 of 2
[2021-12-31 15:31:27,363] {taskinstance.py:1096} INFO - 
--------------------------------------------------------------------------------
[2021-12-31 15:31:27,378] {taskinstance.py:1114} INFO - Executing <Task(PythonOperator): cleanse_kym> on 2021-12-31T15:30:57.489827+00:00
[2021-12-31 15:31:27,384] {standard_task_runner.py:52} INFO - Started process 28276 to run task
[2021-12-31 15:31:27,386] {standard_task_runner.py:76} INFO - Running: ['***', 'tasks', 'run', 'main_dag', 'cleanse_kym', '2021-12-31T15:30:57.489827+00:00', '--job-id', '92', '--pool', 'default_pool', '--raw', '--subdir', 'DAGS_FOLDER/main_dag.py', '--cfg-path', '/tmp/tmp0c7kct7m', '--error-file', '/tmp/tmp4k83bqll']
[2021-12-31 15:31:27,387] {standard_task_runner.py:77} INFO - Job 92: Subtask cleanse_kym
[2021-12-31 15:31:27,421] {logging_mixin.py:109} INFO - Running <TaskInstance: main_dag.cleanse_kym 2021-12-31T15:30:57.489827+00:00 [running]> on host 8e99a5d40b8f
[2021-12-31 15:31:27,467] {taskinstance.py:1251} INFO - Exporting the following env vars:
AIRFLOW_CTX_DAG_OWNER=***
AIRFLOW_CTX_DAG_ID=main_dag
AIRFLOW_CTX_TASK_ID=cleanse_kym
AIRFLOW_CTX_EXECUTION_DATE=2021-12-31T15:30:57.489827+00:00
AIRFLOW_CTX_DAG_RUN_ID=manual__2021-12-31T15:30:57.489827+00:00
[2021-12-31 15:34:02,639] {python.py:151} INFO - Done. Returned value was: None
[2021-12-31 15:34:02,652] {taskinstance.py:1211} INFO - Marking task as SUCCESS. dag_id=main_dag, task_id=cleanse_kym, execution_date=20211231T153057, start_date=20211231T153127, end_date=20211231T153402
[2021-12-31 15:34:02,716] {local_task_job.py:151} INFO - Task exited with return code 0
