[2021-12-30 12:16:02,604] {taskinstance.py:903} INFO - Dependencies all met for <TaskInstance: cleansing_dag.cleanse_spotlight 2021-12-30T12:16:01.909559+00:00 [queued]>
[2021-12-30 12:16:02,615] {taskinstance.py:903} INFO - Dependencies all met for <TaskInstance: cleansing_dag.cleanse_spotlight 2021-12-30T12:16:01.909559+00:00 [queued]>
[2021-12-30 12:16:02,615] {taskinstance.py:1094} INFO - 
--------------------------------------------------------------------------------
[2021-12-30 12:16:02,616] {taskinstance.py:1095} INFO - Starting attempt 1 of 2
[2021-12-30 12:16:02,616] {taskinstance.py:1096} INFO - 
--------------------------------------------------------------------------------
[2021-12-30 12:16:02,633] {taskinstance.py:1114} INFO - Executing <Task(PythonOperator): cleanse_spotlight> on 2021-12-30T12:16:01.909559+00:00
[2021-12-30 12:16:02,639] {standard_task_runner.py:52} INFO - Started process 9456 to run task
[2021-12-30 12:16:02,641] {standard_task_runner.py:76} INFO - Running: ['***', 'tasks', 'run', 'cleansing_dag', 'cleanse_spotlight', '2021-12-30T12:16:01.909559+00:00', '--job-id', '78', '--pool', 'default_pool', '--raw', '--subdir', 'DAGS_FOLDER/kym_cleansing.py', '--cfg-path', '/tmp/tmpoa_vql4_', '--error-file', '/tmp/tmpiu6m_fxh']
[2021-12-30 12:16:02,642] {standard_task_runner.py:77} INFO - Job 78: Subtask cleanse_spotlight
[2021-12-30 12:16:02,681] {logging_mixin.py:109} INFO - Running <TaskInstance: cleansing_dag.cleanse_spotlight 2021-12-30T12:16:01.909559+00:00 [running]> on host 2eb70c976689
[2021-12-30 12:16:02,735] {taskinstance.py:1251} INFO - Exporting the following env vars:
AIRFLOW_CTX_DAG_OWNER=***
AIRFLOW_CTX_DAG_ID=cleansing_dag
AIRFLOW_CTX_TASK_ID=cleanse_spotlight
AIRFLOW_CTX_EXECUTION_DATE=2021-12-30T12:16:01.909559+00:00
AIRFLOW_CTX_DAG_RUN_ID=manual__2021-12-30T12:16:01.909559+00:00
[2021-12-30 12:16:12,842] {python.py:151} INFO - Done. Returned value was: None
[2021-12-30 12:16:12,853] {taskinstance.py:1211} INFO - Marking task as SUCCESS. dag_id=cleansing_dag, task_id=cleanse_spotlight, execution_date=20211230T121601, start_date=20211230T121602, end_date=20211230T121612
[2021-12-30 12:16:12,901] {local_task_job.py:151} INFO - Task exited with return code 0
