[2021-12-28 19:53:04,284] {taskinstance.py:903} INFO - Dependencies all met for <TaskInstance: cleansing_dag.merge 2021-12-28T19:50:02.531981+00:00 [queued]>
[2021-12-28 19:53:04,295] {taskinstance.py:903} INFO - Dependencies all met for <TaskInstance: cleansing_dag.merge 2021-12-28T19:50:02.531981+00:00 [queued]>
[2021-12-28 19:53:04,296] {taskinstance.py:1094} INFO - 
--------------------------------------------------------------------------------
[2021-12-28 19:53:04,296] {taskinstance.py:1095} INFO - Starting attempt 1 of 2
[2021-12-28 19:53:04,297] {taskinstance.py:1096} INFO - 
--------------------------------------------------------------------------------
[2021-12-28 19:53:04,311] {taskinstance.py:1114} INFO - Executing <Task(PythonOperator): merge> on 2021-12-28T19:50:02.531981+00:00
[2021-12-28 19:53:04,315] {standard_task_runner.py:52} INFO - Started process 27441 to run task
[2021-12-28 19:53:04,318] {standard_task_runner.py:76} INFO - Running: ['***', 'tasks', 'run', 'cleansing_dag', 'merge', '2021-12-28T19:50:02.531981+00:00', '--job-id', '229', '--pool', 'default_pool', '--raw', '--subdir', 'DAGS_FOLDER/kym_cleansing.py', '--cfg-path', '/tmp/tmp896q10id', '--error-file', '/tmp/tmp5kzfliki']
[2021-12-28 19:53:04,319] {standard_task_runner.py:77} INFO - Job 229: Subtask merge
[2021-12-28 19:53:04,359] {logging_mixin.py:109} INFO - Running <TaskInstance: cleansing_dag.merge 2021-12-28T19:50:02.531981+00:00 [running]> on host 0b3e0a2afa7a
[2021-12-28 19:53:04,408] {taskinstance.py:1251} INFO - Exporting the following env vars:
AIRFLOW_CTX_DAG_OWNER=***
AIRFLOW_CTX_DAG_ID=cleansing_dag
AIRFLOW_CTX_TASK_ID=merge
AIRFLOW_CTX_EXECUTION_DATE=2021-12-28T19:50:02.531981+00:00
AIRFLOW_CTX_DAG_RUN_ID=manual__2021-12-28T19:50:02.531981+00:00
[2021-12-28 19:53:04,491] {taskinstance.py:1462} ERROR - Task failed with exception
Traceback (most recent call last):
  File "/home/airflow/.local/lib/python3.8/site-packages/airflow/models/taskinstance.py", line 1164, in _run_raw_task
    self._prepare_and_execute_task_with_callbacks(context, task)
  File "/home/airflow/.local/lib/python3.8/site-packages/airflow/models/taskinstance.py", line 1282, in _prepare_and_execute_task_with_callbacks
    result = self._execute_task(context, task_copy)
  File "/home/airflow/.local/lib/python3.8/site-packages/airflow/models/taskinstance.py", line 1312, in _execute_task
    result = task_copy.execute(context=context)
  File "/home/airflow/.local/lib/python3.8/site-packages/airflow/operators/python.py", line 150, in execute
    return_value = self.execute_callable()
  File "/home/airflow/.local/lib/python3.8/site-packages/airflow/operators/python.py", line 161, in execute_callable
    return self.python_callable(*self.op_args, **self.op_kwargs)
  File "/opt/airflow/dags/kym_cleansing.py", line 217, in merge_all
    kym = pd.read_parquet(path1, engine='pyarrow')
  File "/home/airflow/.local/lib/python3.8/site-packages/pandas/io/parquet.py", line 495, in read_parquet
    return impl.read(
  File "/home/airflow/.local/lib/python3.8/site-packages/pandas/io/parquet.py", line 239, in read
    result = self.api.parquet.read_table(
  File "/home/airflow/.local/lib/python3.8/site-packages/pyarrow/parquet.py", line 1731, in read_table
    return dataset.read(columns=columns, use_threads=use_threads,
  File "/home/airflow/.local/lib/python3.8/site-packages/pyarrow/parquet.py", line 1608, in read
    table = self._dataset.to_table(
  File "pyarrow/_dataset.pyx", line 458, in pyarrow._dataset.Dataset.to_table
  File "pyarrow/_dataset.pyx", line 2889, in pyarrow._dataset.Scanner.to_table
  File "pyarrow/error.pxi", line 141, in pyarrow.lib.pyarrow_internal_check_status
  File "pyarrow/error.pxi", line 112, in pyarrow.lib.check_status
OSError: Tried reading 62522 bytes starting at position 1721406 from file but only got 3014
[2021-12-28 19:53:04,506] {taskinstance.py:1505} INFO - Marking task as UP_FOR_RETRY. dag_id=cleansing_dag, task_id=merge, execution_date=20211228T195002, start_date=20211228T195304, end_date=20211228T195304
[2021-12-28 19:53:04,530] {local_task_job.py:151} INFO - Task exited with return code 1
