[2021-12-28 09:45:38,713] {taskinstance.py:851} INFO - Dependencies all met for <TaskInstance: cleansing_dag.merge 2021-12-27T09:42:40.890836+00:00 [queued]>
[2021-12-28 09:45:38,731] {taskinstance.py:851} INFO - Dependencies all met for <TaskInstance: cleansing_dag.merge 2021-12-27T09:42:40.890836+00:00 [queued]>
[2021-12-28 09:45:38,731] {taskinstance.py:1042} INFO - 
--------------------------------------------------------------------------------
[2021-12-28 09:45:38,732] {taskinstance.py:1043} INFO - Starting attempt 1 of 2
[2021-12-28 09:45:38,732] {taskinstance.py:1044} INFO - 
--------------------------------------------------------------------------------
[2021-12-28 09:45:38,742] {taskinstance.py:1063} INFO - Executing <Task(PythonOperator): merge> on 2021-12-27T09:42:40.890836+00:00
[2021-12-28 09:45:38,747] {standard_task_runner.py:52} INFO - Started process 6988 to run task
[2021-12-28 09:45:38,750] {standard_task_runner.py:76} INFO - Running: ['airflow', 'tasks', 'run', 'cleansing_dag', 'merge', '2021-12-27T09:42:40.890836+00:00', '--job-id', '57', '--pool', 'default_pool', '--raw', '--subdir', 'DAGS_FOLDER/kym_cleansing.py', '--cfg-path', '/tmp/tmpu5kzwuxr', '--error-file', '/tmp/tmp7ah_53b6']
[2021-12-28 09:45:38,750] {standard_task_runner.py:77} INFO - Job 57: Subtask merge
[2021-12-28 09:45:38,786] {logging_mixin.py:104} INFO - Running <TaskInstance: cleansing_dag.merge 2021-12-27T09:42:40.890836+00:00 [running]> on host 256d7b44c1c3
[2021-12-28 09:45:38,822] {taskinstance.py:1255} INFO - Exporting the following env vars:
AIRFLOW_CTX_DAG_OWNER=airflow
AIRFLOW_CTX_DAG_ID=cleansing_dag
AIRFLOW_CTX_TASK_ID=merge
AIRFLOW_CTX_EXECUTION_DATE=2021-12-27T09:42:40.890836+00:00
AIRFLOW_CTX_DAG_RUN_ID=scheduled__2021-12-27T09:42:40.890836+00:00
[2021-12-28 09:45:39,177] {python.py:118} INFO - Done. Returned value was: None
[2021-12-28 09:45:39,188] {taskinstance.py:1159} INFO - Marking task as SUCCESS. dag_id=cleansing_dag, task_id=merge, execution_date=20211227T094240, start_date=20211228T094538, end_date=20211228T094539
[2021-12-28 09:45:39,245] {local_task_job.py:146} INFO - Task exited with return code 0
