[2021-12-31 15:45:37,438] {taskinstance.py:903} INFO - Dependencies all met for <TaskInstance: main_dag.create_origin_dimension_query 2021-12-31T15:40:48.544744+00:00 [queued]>
[2021-12-31 15:45:37,451] {taskinstance.py:903} INFO - Dependencies all met for <TaskInstance: main_dag.create_origin_dimension_query 2021-12-31T15:40:48.544744+00:00 [queued]>
[2021-12-31 15:45:37,452] {taskinstance.py:1094} INFO - 
--------------------------------------------------------------------------------
[2021-12-31 15:45:37,453] {taskinstance.py:1095} INFO - Starting attempt 1 of 2
[2021-12-31 15:45:37,453] {taskinstance.py:1096} INFO - 
--------------------------------------------------------------------------------
[2021-12-31 15:45:37,474] {taskinstance.py:1114} INFO - Executing <Task(PythonOperator): create_origin_dimension_query> on 2021-12-31T15:40:48.544744+00:00
[2021-12-31 15:45:37,480] {standard_task_runner.py:52} INFO - Started process 9970 to run task
[2021-12-31 15:45:37,483] {standard_task_runner.py:76} INFO - Running: ['***', 'tasks', 'run', 'main_dag', 'create_origin_dimension_query', '2021-12-31T15:40:48.544744+00:00', '--job-id', '122', '--pool', 'default_pool', '--raw', '--subdir', 'DAGS_FOLDER/main_dag.py', '--cfg-path', '/tmp/tmpejhka97x', '--error-file', '/tmp/tmpcdy1jumw']
[2021-12-31 15:45:37,484] {standard_task_runner.py:77} INFO - Job 122: Subtask create_origin_dimension_query
[2021-12-31 15:45:37,526] {logging_mixin.py:109} INFO - Running <TaskInstance: main_dag.create_origin_dimension_query 2021-12-31T15:40:48.544744+00:00 [running]> on host 8e99a5d40b8f
[2021-12-31 15:45:37,597] {taskinstance.py:1251} INFO - Exporting the following env vars:
AIRFLOW_CTX_DAG_OWNER=***
AIRFLOW_CTX_DAG_ID=main_dag
AIRFLOW_CTX_TASK_ID=create_origin_dimension_query
AIRFLOW_CTX_EXECUTION_DATE=2021-12-31T15:40:48.544744+00:00
AIRFLOW_CTX_DAG_RUN_ID=manual__2021-12-31T15:40:48.544744+00:00
[2021-12-31 15:45:37,719] {python.py:151} INFO - Done. Returned value was: None
[2021-12-31 15:45:37,730] {taskinstance.py:1211} INFO - Marking task as SUCCESS. dag_id=main_dag, task_id=create_origin_dimension_query, execution_date=20211231T154048, start_date=20211231T154537, end_date=20211231T154537
[2021-12-31 15:45:37,790] {local_task_job.py:151} INFO - Task exited with return code 0
