[2021-11-14 15:46:47,693] {taskinstance.py:851} INFO - Dependencies all met for <TaskInstance: first_dag.writeOut 2021-11-13T15:45:25.862346+00:00 [queued]>
[2021-11-14 15:46:47,737] {taskinstance.py:851} INFO - Dependencies all met for <TaskInstance: first_dag.writeOut 2021-11-13T15:45:25.862346+00:00 [queued]>
[2021-11-14 15:46:47,738] {taskinstance.py:1042} INFO - 
--------------------------------------------------------------------------------
[2021-11-14 15:46:47,739] {taskinstance.py:1043} INFO - Starting attempt 1 of 2
[2021-11-14 15:46:47,739] {taskinstance.py:1044} INFO - 
--------------------------------------------------------------------------------
[2021-11-14 15:46:47,981] {taskinstance.py:1063} INFO - Executing <Task(PythonOperator): writeOut> on 2021-11-13T15:45:25.862346+00:00
[2021-11-14 15:46:47,985] {standard_task_runner.py:52} INFO - Started process 216 to run task
[2021-11-14 15:46:47,988] {standard_task_runner.py:76} INFO - Running: ['airflow', 'tasks', 'run', 'first_dag', 'writeOut', '2021-11-13T15:45:25.862346+00:00', '--job-id', '29', '--pool', 'default_pool', '--raw', '--subdir', 'DAGS_FOLDER/first_dag.py', '--cfg-path', '/tmp/tmpp7o_k63y', '--error-file', '/tmp/tmpz5xetz9i']
[2021-11-14 15:46:47,989] {standard_task_runner.py:77} INFO - Job 29: Subtask writeOut
[2021-11-14 15:46:48,292] {logging_mixin.py:104} INFO - Running <TaskInstance: first_dag.writeOut 2021-11-13T15:45:25.862346+00:00 [running]> on host f65740cbacf4
[2021-11-14 15:46:48,375] {taskinstance.py:1257} INFO - Exporting the following env vars:
AIRFLOW_CTX_DAG_OWNER=airflow
AIRFLOW_CTX_DAG_ID=first_dag
AIRFLOW_CTX_TASK_ID=writeOut
AIRFLOW_CTX_EXECUTION_DATE=2021-11-13T15:45:25.862346+00:00
AIRFLOW_CTX_DAG_RUN_ID=scheduled__2021-11-13T15:45:25.862346+00:00
[2021-11-14 15:47:01,634] {python.py:118} INFO - Done. Returned value was: None
[2021-11-14 15:47:01,969] {taskinstance.py:1166} INFO - Marking task as SUCCESS. dag_id=first_dag, task_id=writeOut, execution_date=20211113T154525, start_date=20211114T154647, end_date=20211114T154701
[2021-11-14 15:47:02,107] {taskinstance.py:1220} INFO - 0 downstream tasks scheduled from follow-on schedule check
[2021-11-14 15:47:02,157] {local_task_job.py:146} INFO - Task exited with return code 0
