[2021-12-13 16:57:16,883] {taskinstance.py:851} INFO - Dependencies all met for <TaskInstance: cleansing_dag.cleanse_kym 2021-12-13T16:57:16.100349+00:00 [queued]>
[2021-12-13 16:57:16,900] {taskinstance.py:851} INFO - Dependencies all met for <TaskInstance: cleansing_dag.cleanse_kym 2021-12-13T16:57:16.100349+00:00 [queued]>
[2021-12-13 16:57:16,900] {taskinstance.py:1042} INFO - 
--------------------------------------------------------------------------------
[2021-12-13 16:57:16,901] {taskinstance.py:1043} INFO - Starting attempt 1 of 2
[2021-12-13 16:57:16,901] {taskinstance.py:1044} INFO - 
--------------------------------------------------------------------------------
[2021-12-13 16:57:16,911] {taskinstance.py:1063} INFO - Executing <Task(PythonOperator): cleanse_kym> on 2021-12-13T16:57:16.100349+00:00
[2021-12-13 16:57:16,916] {standard_task_runner.py:52} INFO - Started process 2589 to run task
[2021-12-13 16:57:16,920] {standard_task_runner.py:76} INFO - Running: ['airflow', 'tasks', 'run', 'cleansing_dag', 'cleanse_kym', '2021-12-13T16:57:16.100349+00:00', '--job-id', '20', '--pool', 'default_pool', '--raw', '--subdir', 'DAGS_FOLDER/kym_cleansing.py', '--cfg-path', '/tmp/tmpn9c2djcr', '--error-file', '/tmp/tmpiq0yut3s']
[2021-12-13 16:57:16,921] {standard_task_runner.py:77} INFO - Job 20: Subtask cleanse_kym
[2021-12-13 16:57:16,961] {logging_mixin.py:104} INFO - Running <TaskInstance: cleansing_dag.cleanse_kym 2021-12-13T16:57:16.100349+00:00 [running]> on host e888e487975c
[2021-12-13 16:57:16,998] {taskinstance.py:1255} INFO - Exporting the following env vars:
AIRFLOW_CTX_DAG_OWNER=airflow
AIRFLOW_CTX_DAG_ID=cleansing_dag
AIRFLOW_CTX_TASK_ID=cleanse_kym
AIRFLOW_CTX_EXECUTION_DATE=2021-12-13T16:57:16.100349+00:00
AIRFLOW_CTX_DAG_RUN_ID=manual__2021-12-13T16:57:16.100349+00:00
[2021-12-13 17:05:39,060] {python.py:118} INFO - Done. Returned value was: None
[2021-12-13 17:05:39,075] {taskinstance.py:1159} INFO - Marking task as SUCCESS. dag_id=cleansing_dag, task_id=cleanse_kym, execution_date=20211213T165716, start_date=20211213T165716, end_date=20211213T170539
[2021-12-13 17:05:39,141] {local_task_job.py:146} INFO - Task exited with return code 0
