[2021-12-28 17:52:42,548] {taskinstance.py:903} INFO - Dependencies all met for <TaskInstance: cleansing_dag.cleanse_vision 2021-12-27T17:52:41.529825+00:00 [queued]>
[2021-12-28 17:52:42,567] {taskinstance.py:903} INFO - Dependencies all met for <TaskInstance: cleansing_dag.cleanse_vision 2021-12-27T17:52:41.529825+00:00 [queued]>
[2021-12-28 17:52:42,568] {taskinstance.py:1094} INFO - 
--------------------------------------------------------------------------------
[2021-12-28 17:52:42,569] {taskinstance.py:1095} INFO - Starting attempt 1 of 2
[2021-12-28 17:52:42,569] {taskinstance.py:1096} INFO - 
--------------------------------------------------------------------------------
[2021-12-28 17:52:42,588] {taskinstance.py:1114} INFO - Executing <Task(PythonOperator): cleanse_vision> on 2021-12-27T17:52:41.529825+00:00
[2021-12-28 17:52:42,594] {standard_task_runner.py:52} INFO - Started process 73 to run task
[2021-12-28 17:52:42,598] {standard_task_runner.py:76} INFO - Running: ['***', 'tasks', 'run', 'cleansing_dag', 'cleanse_vision', '2021-12-27T17:52:41.529825+00:00', '--job-id', '132', '--pool', 'default_pool', '--raw', '--subdir', 'DAGS_FOLDER/kym_cleansing.py', '--cfg-path', '/tmp/tmppi4uq7xi', '--error-file', '/tmp/tmp1vjl1x11']
[2021-12-28 17:52:42,599] {standard_task_runner.py:77} INFO - Job 132: Subtask cleanse_vision
[2021-12-28 17:52:42,654] {logging_mixin.py:109} INFO - Running <TaskInstance: cleansing_dag.cleanse_vision 2021-12-27T17:52:41.529825+00:00 [running]> on host 7deaf4b1fcdf
[2021-12-28 17:52:42,719] {taskinstance.py:1251} INFO - Exporting the following env vars:
AIRFLOW_CTX_DAG_OWNER=***
AIRFLOW_CTX_DAG_ID=cleansing_dag
AIRFLOW_CTX_TASK_ID=cleanse_vision
AIRFLOW_CTX_EXECUTION_DATE=2021-12-27T17:52:41.529825+00:00
AIRFLOW_CTX_DAG_RUN_ID=scheduled__2021-12-27T17:52:41.529825+00:00
[2021-12-28 17:54:52,552] {python.py:151} INFO - Done. Returned value was: None
[2021-12-28 17:54:52,569] {taskinstance.py:1211} INFO - Marking task as SUCCESS. dag_id=cleansing_dag, task_id=cleanse_vision, execution_date=20211227T175241, start_date=20211228T175242, end_date=20211228T175452
[2021-12-28 17:54:52,634] {local_task_job.py:151} INFO - Task exited with return code 0
