[2021-12-29 14:35:58,375] {taskinstance.py:903} INFO - Dependencies all met for <TaskInstance: cleansing_dag.create_fact_table_query 2021-12-28T14:32:56.175656+00:00 [queued]>
[2021-12-29 14:35:58,393] {taskinstance.py:903} INFO - Dependencies all met for <TaskInstance: cleansing_dag.create_fact_table_query 2021-12-28T14:32:56.175656+00:00 [queued]>
[2021-12-29 14:35:58,393] {taskinstance.py:1094} INFO - 
--------------------------------------------------------------------------------
[2021-12-29 14:35:58,394] {taskinstance.py:1095} INFO - Starting attempt 1 of 2
[2021-12-29 14:35:58,394] {taskinstance.py:1096} INFO - 
--------------------------------------------------------------------------------
[2021-12-29 14:35:58,405] {taskinstance.py:1114} INFO - Executing <Task(PythonOperator): create_fact_table_query> on 2021-12-28T14:32:56.175656+00:00
[2021-12-29 14:35:58,410] {standard_task_runner.py:52} INFO - Started process 18984 to run task
[2021-12-29 14:35:58,413] {standard_task_runner.py:76} INFO - Running: ['***', 'tasks', 'run', 'cleansing_dag', 'create_fact_table_query', '2021-12-28T14:32:56.175656+00:00', '--job-id', '449', '--pool', 'default_pool', '--raw', '--subdir', 'DAGS_FOLDER/kym_cleansing.py', '--cfg-path', '/tmp/tmpygazzrc5', '--error-file', '/tmp/tmptjeeyltl']
[2021-12-29 14:35:58,414] {standard_task_runner.py:77} INFO - Job 449: Subtask create_fact_table_query
[2021-12-29 14:35:58,452] {logging_mixin.py:109} INFO - Running <TaskInstance: cleansing_dag.create_fact_table_query 2021-12-28T14:32:56.175656+00:00 [running]> on host 34521d0e1651
[2021-12-29 14:35:58,514] {taskinstance.py:1251} INFO - Exporting the following env vars:
AIRFLOW_CTX_DAG_OWNER=***
AIRFLOW_CTX_DAG_ID=cleansing_dag
AIRFLOW_CTX_TASK_ID=create_fact_table_query
AIRFLOW_CTX_EXECUTION_DATE=2021-12-28T14:32:56.175656+00:00
AIRFLOW_CTX_DAG_RUN_ID=scheduled__2021-12-28T14:32:56.175656+00:00
[2021-12-29 14:36:00,468] {python.py:151} INFO - Done. Returned value was: None
[2021-12-29 14:36:00,479] {taskinstance.py:1211} INFO - Marking task as SUCCESS. dag_id=cleansing_dag, task_id=create_fact_table_query, execution_date=20211228T143256, start_date=20211229T143558, end_date=20211229T143600
[2021-12-29 14:36:00,513] {local_task_job.py:151} INFO - Task exited with return code 0
