[2021-12-31 15:36:10,774] {taskinstance.py:903} INFO - Dependencies all met for <TaskInstance: main_dag.merge 2021-12-31T15:30:57.489827+00:00 [queued]>
[2021-12-31 15:36:10,793] {taskinstance.py:903} INFO - Dependencies all met for <TaskInstance: main_dag.merge 2021-12-31T15:30:57.489827+00:00 [queued]>
[2021-12-31 15:36:10,794] {taskinstance.py:1094} INFO - 
--------------------------------------------------------------------------------
[2021-12-31 15:36:10,795] {taskinstance.py:1095} INFO - Starting attempt 1 of 2
[2021-12-31 15:36:10,795] {taskinstance.py:1096} INFO - 
--------------------------------------------------------------------------------
[2021-12-31 15:36:10,816] {taskinstance.py:1114} INFO - Executing <Task(PythonOperator): merge> on 2021-12-31T15:30:57.489827+00:00
[2021-12-31 15:36:10,823] {standard_task_runner.py:52} INFO - Started process 2771 to run task
[2021-12-31 15:36:10,826] {standard_task_runner.py:76} INFO - Running: ['***', 'tasks', 'run', 'main_dag', 'merge', '2021-12-31T15:30:57.489827+00:00', '--job-id', '97', '--pool', 'default_pool', '--raw', '--subdir', 'DAGS_FOLDER/main_dag.py', '--cfg-path', '/tmp/tmpl3jdc39j', '--error-file', '/tmp/tmpjb4ow54q']
[2021-12-31 15:36:10,828] {standard_task_runner.py:77} INFO - Job 97: Subtask merge
[2021-12-31 15:36:10,867] {logging_mixin.py:109} INFO - Running <TaskInstance: main_dag.merge 2021-12-31T15:30:57.489827+00:00 [running]> on host 8e99a5d40b8f
[2021-12-31 15:36:10,938] {taskinstance.py:1251} INFO - Exporting the following env vars:
AIRFLOW_CTX_DAG_OWNER=***
AIRFLOW_CTX_DAG_ID=main_dag
AIRFLOW_CTX_TASK_ID=merge
AIRFLOW_CTX_EXECUTION_DATE=2021-12-31T15:30:57.489827+00:00
AIRFLOW_CTX_DAG_RUN_ID=manual__2021-12-31T15:30:57.489827+00:00
[2021-12-31 15:36:11,676] {python.py:151} INFO - Done. Returned value was: None
[2021-12-31 15:36:11,738] {taskinstance.py:1211} INFO - Marking task as SUCCESS. dag_id=main_dag, task_id=merge, execution_date=20211231T153057, start_date=20211231T153610, end_date=20211231T153611
[2021-12-31 15:36:11,810] {local_task_job.py:151} INFO - Task exited with return code 0
