[2021-12-31 15:58:21,280] {taskinstance.py:903} INFO - Dependencies all met for <TaskInstance: main_dag.cleanse_vision 2021-12-31T15:54:30.789280+00:00 [queued]>
[2021-12-31 15:58:21,294] {taskinstance.py:903} INFO - Dependencies all met for <TaskInstance: main_dag.cleanse_vision 2021-12-31T15:54:30.789280+00:00 [queued]>
[2021-12-31 15:58:21,295] {taskinstance.py:1094} INFO - 
--------------------------------------------------------------------------------
[2021-12-31 15:58:21,295] {taskinstance.py:1095} INFO - Starting attempt 1 of 2
[2021-12-31 15:58:21,296] {taskinstance.py:1096} INFO - 
--------------------------------------------------------------------------------
[2021-12-31 15:58:21,365] {taskinstance.py:1114} INFO - Executing <Task(PythonOperator): cleanse_vision> on 2021-12-31T15:54:30.789280+00:00
[2021-12-31 15:58:21,371] {standard_task_runner.py:52} INFO - Started process 24038 to run task
[2021-12-31 15:58:21,375] {standard_task_runner.py:76} INFO - Running: ['***', 'tasks', 'run', 'main_dag', 'cleanse_vision', '2021-12-31T15:54:30.789280+00:00', '--job-id', '163', '--pool', 'default_pool', '--raw', '--subdir', 'DAGS_FOLDER/main_dag.py', '--cfg-path', '/tmp/tmpj4t5jeb0', '--error-file', '/tmp/tmp0x1_pezl']
[2021-12-31 15:58:21,376] {standard_task_runner.py:77} INFO - Job 163: Subtask cleanse_vision
[2021-12-31 15:58:21,419] {logging_mixin.py:109} INFO - Running <TaskInstance: main_dag.cleanse_vision 2021-12-31T15:54:30.789280+00:00 [running]> on host 8e99a5d40b8f
[2021-12-31 15:58:21,466] {taskinstance.py:1251} INFO - Exporting the following env vars:
AIRFLOW_CTX_DAG_OWNER=***
AIRFLOW_CTX_DAG_ID=main_dag
AIRFLOW_CTX_TASK_ID=cleanse_vision
AIRFLOW_CTX_EXECUTION_DATE=2021-12-31T15:54:30.789280+00:00
AIRFLOW_CTX_DAG_RUN_ID=manual__2021-12-31T15:54:30.789280+00:00
[2021-12-31 15:59:31,075] {python.py:151} INFO - Done. Returned value was: None
[2021-12-31 15:59:31,109] {taskinstance.py:1211} INFO - Marking task as SUCCESS. dag_id=main_dag, task_id=cleanse_vision, execution_date=20211231T155430, start_date=20211231T155821, end_date=20211231T155931
[2021-12-31 15:59:31,138] {local_task_job.py:151} INFO - Task exited with return code 0
