[2021-12-30 11:44:25,056] {taskinstance.py:903} INFO - Dependencies all met for <TaskInstance: cleansing_dag.create_additional_analysis_table_query 2021-12-29T11:41:09.897762+00:00 [queued]>
[2021-12-30 11:44:25,075] {taskinstance.py:903} INFO - Dependencies all met for <TaskInstance: cleansing_dag.create_additional_analysis_table_query 2021-12-29T11:41:09.897762+00:00 [queued]>
[2021-12-30 11:44:25,075] {taskinstance.py:1094} INFO - 
--------------------------------------------------------------------------------
[2021-12-30 11:44:25,076] {taskinstance.py:1095} INFO - Starting attempt 1 of 2
[2021-12-30 11:44:25,077] {taskinstance.py:1096} INFO - 
--------------------------------------------------------------------------------
[2021-12-30 11:44:25,097] {taskinstance.py:1114} INFO - Executing <Task(PythonOperator): create_additional_analysis_table_query> on 2021-12-29T11:41:09.897762+00:00
[2021-12-30 11:44:25,102] {standard_task_runner.py:52} INFO - Started process 27884 to run task
[2021-12-30 11:44:25,106] {standard_task_runner.py:76} INFO - Running: ['***', 'tasks', 'run', 'cleansing_dag', 'create_additional_analysis_table_query', '2021-12-29T11:41:09.897762+00:00', '--job-id', '43', '--pool', 'default_pool', '--raw', '--subdir', 'DAGS_FOLDER/kym_cleansing.py', '--cfg-path', '/tmp/tmpjjjcy0ql', '--error-file', '/tmp/tmpmgu4i99h']
[2021-12-30 11:44:25,107] {standard_task_runner.py:77} INFO - Job 43: Subtask create_additional_analysis_table_query
[2021-12-30 11:44:25,146] {logging_mixin.py:109} INFO - Running <TaskInstance: cleansing_dag.create_additional_analysis_table_query 2021-12-29T11:41:09.897762+00:00 [running]> on host 2eb70c976689
[2021-12-30 11:44:25,238] {taskinstance.py:1251} INFO - Exporting the following env vars:
AIRFLOW_CTX_DAG_OWNER=***
AIRFLOW_CTX_DAG_ID=cleansing_dag
AIRFLOW_CTX_TASK_ID=create_additional_analysis_table_query
AIRFLOW_CTX_EXECUTION_DATE=2021-12-29T11:41:09.897762+00:00
AIRFLOW_CTX_DAG_RUN_ID=scheduled__2021-12-29T11:41:09.897762+00:00
[2021-12-30 11:44:26,075] {python.py:151} INFO - Done. Returned value was: None
[2021-12-30 11:44:26,087] {taskinstance.py:1211} INFO - Marking task as SUCCESS. dag_id=cleansing_dag, task_id=create_additional_analysis_table_query, execution_date=20211229T114109, start_date=20211230T114425, end_date=20211230T114426
[2021-12-30 11:44:26,124] {local_task_job.py:151} INFO - Task exited with return code 0
