[2021-12-31 16:06:48,034] {taskinstance.py:903} INFO - Dependencies all met for <TaskInstance: main_dag.download_vision_data 2021-12-31T16:03:42.129662+00:00 [queued]>
[2021-12-31 16:06:48,045] {taskinstance.py:903} INFO - Dependencies all met for <TaskInstance: main_dag.download_vision_data 2021-12-31T16:03:42.129662+00:00 [queued]>
[2021-12-31 16:06:48,046] {taskinstance.py:1094} INFO - 
--------------------------------------------------------------------------------
[2021-12-31 16:06:48,046] {taskinstance.py:1095} INFO - Starting attempt 1 of 2
[2021-12-31 16:06:48,047] {taskinstance.py:1096} INFO - 
--------------------------------------------------------------------------------
[2021-12-31 16:06:48,062] {taskinstance.py:1114} INFO - Executing <Task(PythonOperator): download_vision_data> on 2021-12-31T16:03:42.129662+00:00
[2021-12-31 16:06:48,068] {standard_task_runner.py:52} INFO - Started process 31091 to run task
[2021-12-31 16:06:48,071] {standard_task_runner.py:76} INFO - Running: ['***', 'tasks', 'run', 'main_dag', 'download_vision_data', '2021-12-31T16:03:42.129662+00:00', '--job-id', '183', '--pool', 'default_pool', '--raw', '--subdir', 'DAGS_FOLDER/main_dag.py', '--cfg-path', '/tmp/tmpv4k2u4s7', '--error-file', '/tmp/tmpv3ctm4ib']
[2021-12-31 16:06:48,072] {standard_task_runner.py:77} INFO - Job 183: Subtask download_vision_data
[2021-12-31 16:06:48,109] {logging_mixin.py:109} INFO - Running <TaskInstance: main_dag.download_vision_data 2021-12-31T16:03:42.129662+00:00 [running]> on host 8e99a5d40b8f
[2021-12-31 16:06:48,159] {taskinstance.py:1251} INFO - Exporting the following env vars:
AIRFLOW_CTX_DAG_OWNER=***
AIRFLOW_CTX_DAG_ID=main_dag
AIRFLOW_CTX_TASK_ID=download_vision_data
AIRFLOW_CTX_EXECUTION_DATE=2021-12-31T16:03:42.129662+00:00
AIRFLOW_CTX_DAG_RUN_ID=manual__2021-12-31T16:03:42.129662+00:00
[2021-12-31 16:07:29,066] {logging_mixin.py:109} INFO - File downloaded successfully.
[2021-12-31 16:07:29,067] {python.py:151} INFO - Done. Returned value was: None
[2021-12-31 16:07:29,078] {taskinstance.py:1211} INFO - Marking task as SUCCESS. dag_id=main_dag, task_id=download_vision_data, execution_date=20211231T160342, start_date=20211231T160648, end_date=20211231T160729
[2021-12-31 16:07:29,128] {local_task_job.py:151} INFO - Task exited with return code 0
