[2021-12-31 15:29:29,148] {taskinstance.py:903} INFO - Dependencies all met for <TaskInstance: main_dag.create_type_dimension_query 2021-12-31T15:24:18.357473+00:00 [queued]>
[2021-12-31 15:29:29,161] {taskinstance.py:903} INFO - Dependencies all met for <TaskInstance: main_dag.create_type_dimension_query 2021-12-31T15:24:18.357473+00:00 [queued]>
[2021-12-31 15:29:29,162] {taskinstance.py:1094} INFO - 
--------------------------------------------------------------------------------
[2021-12-31 15:29:29,162] {taskinstance.py:1095} INFO - Starting attempt 1 of 2
[2021-12-31 15:29:29,163] {taskinstance.py:1096} INFO - 
--------------------------------------------------------------------------------
[2021-12-31 15:29:29,182] {taskinstance.py:1114} INFO - Executing <Task(PythonOperator): create_type_dimension_query> on 2021-12-31T15:24:18.357473+00:00
[2021-12-31 15:29:29,188] {standard_task_runner.py:52} INFO - Started process 28195 to run task
[2021-12-31 15:29:29,191] {standard_task_runner.py:76} INFO - Running: ['***', 'tasks', 'run', 'main_dag', 'create_type_dimension_query', '2021-12-31T15:24:18.357473+00:00', '--job-id', '77', '--pool', 'default_pool', '--raw', '--subdir', 'DAGS_FOLDER/main_dag.py', '--cfg-path', '/tmp/tmpeknsj0zy', '--error-file', '/tmp/tmpgb3v6m6l']
[2021-12-31 15:29:29,192] {standard_task_runner.py:77} INFO - Job 77: Subtask create_type_dimension_query
[2021-12-31 15:29:29,240] {logging_mixin.py:109} INFO - Running <TaskInstance: main_dag.create_type_dimension_query 2021-12-31T15:24:18.357473+00:00 [running]> on host 8e99a5d40b8f
[2021-12-31 15:29:29,304] {taskinstance.py:1251} INFO - Exporting the following env vars:
AIRFLOW_CTX_DAG_OWNER=***
AIRFLOW_CTX_DAG_ID=main_dag
AIRFLOW_CTX_TASK_ID=create_type_dimension_query
AIRFLOW_CTX_EXECUTION_DATE=2021-12-31T15:24:18.357473+00:00
AIRFLOW_CTX_DAG_RUN_ID=manual__2021-12-31T15:24:18.357473+00:00
[2021-12-31 15:29:29,354] {python.py:151} INFO - Done. Returned value was: None
[2021-12-31 15:29:29,368] {taskinstance.py:1211} INFO - Marking task as SUCCESS. dag_id=main_dag, task_id=create_type_dimension_query, execution_date=20211231T152418, start_date=20211231T152929, end_date=20211231T152929
[2021-12-31 15:29:29,404] {local_task_job.py:151} INFO - Task exited with return code 0
