[2021-12-31 15:54:51,616] {taskinstance.py:903} INFO - Dependencies all met for <TaskInstance: main_dag.cleanse_kym 2021-12-31T15:54:30.789280+00:00 [queued]>
[2021-12-31 15:54:51,628] {taskinstance.py:903} INFO - Dependencies all met for <TaskInstance: main_dag.cleanse_kym 2021-12-31T15:54:30.789280+00:00 [queued]>
[2021-12-31 15:54:51,628] {taskinstance.py:1094} INFO - 
--------------------------------------------------------------------------------
[2021-12-31 15:54:51,629] {taskinstance.py:1095} INFO - Starting attempt 1 of 2
[2021-12-31 15:54:51,629] {taskinstance.py:1096} INFO - 
--------------------------------------------------------------------------------
[2021-12-31 15:54:51,646] {taskinstance.py:1114} INFO - Executing <Task(PythonOperator): cleanse_kym> on 2021-12-31T15:54:30.789280+00:00
[2021-12-31 15:54:51,651] {standard_task_runner.py:52} INFO - Started process 17124 to run task
[2021-12-31 15:54:51,654] {standard_task_runner.py:76} INFO - Running: ['***', 'tasks', 'run', 'main_dag', 'cleanse_kym', '2021-12-31T15:54:30.789280+00:00', '--job-id', '159', '--pool', 'default_pool', '--raw', '--subdir', 'DAGS_FOLDER/main_dag.py', '--cfg-path', '/tmp/tmpdveavfh_', '--error-file', '/tmp/tmpyzmokfny']
[2021-12-31 15:54:51,655] {standard_task_runner.py:77} INFO - Job 159: Subtask cleanse_kym
[2021-12-31 15:54:51,693] {logging_mixin.py:109} INFO - Running <TaskInstance: main_dag.cleanse_kym 2021-12-31T15:54:30.789280+00:00 [running]> on host 8e99a5d40b8f
[2021-12-31 15:54:51,746] {taskinstance.py:1251} INFO - Exporting the following env vars:
AIRFLOW_CTX_DAG_OWNER=***
AIRFLOW_CTX_DAG_ID=main_dag
AIRFLOW_CTX_TASK_ID=cleanse_kym
AIRFLOW_CTX_EXECUTION_DATE=2021-12-31T15:54:30.789280+00:00
AIRFLOW_CTX_DAG_RUN_ID=manual__2021-12-31T15:54:30.789280+00:00
[2021-12-31 15:57:27,382] {python.py:151} INFO - Done. Returned value was: None
[2021-12-31 15:57:27,434] {taskinstance.py:1211} INFO - Marking task as SUCCESS. dag_id=main_dag, task_id=cleanse_kym, execution_date=20211231T155430, start_date=20211231T155451, end_date=20211231T155727
[2021-12-31 15:57:27,471] {local_task_job.py:151} INFO - Task exited with return code 0
