[2021-12-30 14:07:15,868] {taskinstance.py:903} INFO - Dependencies all met for <TaskInstance: cleansing_dag.request1 2021-12-30T14:04:21.341950+00:00 [queued]>
[2021-12-30 14:07:15,880] {taskinstance.py:903} INFO - Dependencies all met for <TaskInstance: cleansing_dag.request1 2021-12-30T14:04:21.341950+00:00 [queued]>
[2021-12-30 14:07:15,881] {taskinstance.py:1094} INFO - 
--------------------------------------------------------------------------------
[2021-12-30 14:07:15,882] {taskinstance.py:1095} INFO - Starting attempt 1 of 2
[2021-12-30 14:07:15,882] {taskinstance.py:1096} INFO - 
--------------------------------------------------------------------------------
[2021-12-30 14:07:15,896] {taskinstance.py:1114} INFO - Executing <Task(PostgresOperator): request1> on 2021-12-30T14:04:21.341950+00:00
[2021-12-30 14:07:15,900] {standard_task_runner.py:52} INFO - Started process 7090 to run task
[2021-12-30 14:07:15,903] {standard_task_runner.py:76} INFO - Running: ['***', 'tasks', 'run', 'cleansing_dag', 'request1', '2021-12-30T14:04:21.341950+00:00', '--job-id', '114', '--pool', 'default_pool', '--raw', '--subdir', 'DAGS_FOLDER/kym_cleansing.py', '--cfg-path', '/tmp/tmpxjfdwkqz', '--error-file', '/tmp/tmp9is2cggw']
[2021-12-30 14:07:15,904] {standard_task_runner.py:77} INFO - Job 114: Subtask request1
[2021-12-30 14:07:15,944] {logging_mixin.py:109} INFO - Running <TaskInstance: cleansing_dag.request1 2021-12-30T14:04:21.341950+00:00 [running]> on host 2eb70c976689
[2021-12-30 14:07:15,992] {taskinstance.py:1251} INFO - Exporting the following env vars:
AIRFLOW_CTX_DAG_OWNER=***
AIRFLOW_CTX_DAG_ID=cleansing_dag
AIRFLOW_CTX_TASK_ID=request1
AIRFLOW_CTX_EXECUTION_DATE=2021-12-30T14:04:21.341950+00:00
AIRFLOW_CTX_DAG_RUN_ID=manual__2021-12-30T14:04:21.341950+00:00
[2021-12-30 14:07:15,993] {postgres.py:68} INFO - Executing: SELECT * FROM fact_table;
[2021-12-30 14:07:16,002] {base.py:70} INFO - Using connection to: id: postgres_default. Host: postgres, Port: 5432, Schema: postgres, Login: ***, Password: ***, extra: {}
[2021-12-30 14:07:16,006] {dbapi.py:204} INFO - Running statement: SELECT * FROM fact_table;, parameters: None
[2021-12-30 14:07:16,113] {dbapi.py:212} INFO - Rows affected: 93609
[2021-12-30 14:07:16,124] {taskinstance.py:1211} INFO - Marking task as SUCCESS. dag_id=cleansing_dag, task_id=request1, execution_date=20211230T140421, start_date=20211230T140715, end_date=20211230T140716
[2021-12-30 14:07:16,156] {local_task_job.py:151} INFO - Task exited with return code 0
