[2021-12-31 10:23:20,081] {taskinstance.py:903} INFO - Dependencies all met for <TaskInstance: main_dag.download_kym_data 2021-12-31T10:23:18.790454+00:00 [queued]>
[2021-12-31 10:23:20,092] {taskinstance.py:903} INFO - Dependencies all met for <TaskInstance: main_dag.download_kym_data 2021-12-31T10:23:18.790454+00:00 [queued]>
[2021-12-31 10:23:20,093] {taskinstance.py:1094} INFO - 
--------------------------------------------------------------------------------
[2021-12-31 10:23:20,093] {taskinstance.py:1095} INFO - Starting attempt 1 of 2
[2021-12-31 10:23:20,093] {taskinstance.py:1096} INFO - 
--------------------------------------------------------------------------------
[2021-12-31 10:23:20,107] {taskinstance.py:1114} INFO - Executing <Task(PythonOperator): download_kym_data> on 2021-12-31T10:23:18.790454+00:00
[2021-12-31 10:23:20,111] {standard_task_runner.py:52} INFO - Started process 20975 to run task
[2021-12-31 10:23:20,113] {standard_task_runner.py:76} INFO - Running: ['***', 'tasks', 'run', 'main_dag', 'download_kym_data', '2021-12-31T10:23:18.790454+00:00', '--job-id', '86', '--pool', 'default_pool', '--raw', '--subdir', 'DAGS_FOLDER/main_dag.py', '--cfg-path', '/tmp/tmpgr28muij', '--error-file', '/tmp/tmptbu0h4c5']
[2021-12-31 10:23:20,114] {standard_task_runner.py:77} INFO - Job 86: Subtask download_kym_data
[2021-12-31 10:23:20,147] {logging_mixin.py:109} INFO - Running <TaskInstance: main_dag.download_kym_data 2021-12-31T10:23:18.790454+00:00 [running]> on host 71257c6b2a25
[2021-12-31 10:23:20,192] {taskinstance.py:1251} INFO - Exporting the following env vars:
AIRFLOW_CTX_DAG_OWNER=***
AIRFLOW_CTX_DAG_ID=main_dag
AIRFLOW_CTX_TASK_ID=download_kym_data
AIRFLOW_CTX_EXECUTION_DATE=2021-12-31T10:23:18.790454+00:00
AIRFLOW_CTX_DAG_RUN_ID=manual__2021-12-31T10:23:18.790454+00:00
[2021-12-31 10:23:41,437] {logging_mixin.py:109} INFO - File downloaded successfully.
[2021-12-31 10:23:41,438] {python.py:151} INFO - Done. Returned value was: None
[2021-12-31 10:23:41,449] {taskinstance.py:1211} INFO - Marking task as SUCCESS. dag_id=main_dag, task_id=download_kym_data, execution_date=20211231T102318, start_date=20211231T102320, end_date=20211231T102341
[2021-12-31 10:23:41,473] {local_task_job.py:151} INFO - Task exited with return code 0
