[2021-12-13 14:41:27,714] {taskinstance.py:851} INFO - Dependencies all met for <TaskInstance: cleansing_dag.writeOut 2021-12-12T14:41:26.653188+00:00 [queued]>
[2021-12-13 14:41:27,732] {taskinstance.py:851} INFO - Dependencies all met for <TaskInstance: cleansing_dag.writeOut 2021-12-12T14:41:26.653188+00:00 [queued]>
[2021-12-13 14:41:27,733] {taskinstance.py:1042} INFO - 
--------------------------------------------------------------------------------
[2021-12-13 14:41:27,733] {taskinstance.py:1043} INFO - Starting attempt 1 of 2
[2021-12-13 14:41:27,734] {taskinstance.py:1044} INFO - 
--------------------------------------------------------------------------------
[2021-12-13 14:41:27,745] {taskinstance.py:1063} INFO - Executing <Task(PythonOperator): writeOut> on 2021-12-12T14:41:26.653188+00:00
[2021-12-13 14:41:27,750] {standard_task_runner.py:52} INFO - Started process 2078 to run task
[2021-12-13 14:41:27,752] {standard_task_runner.py:76} INFO - Running: ['airflow', 'tasks', 'run', 'cleansing_dag', 'writeOut', '2021-12-12T14:41:26.653188+00:00', '--job-id', '21', '--pool', 'default_pool', '--raw', '--subdir', 'DAGS_FOLDER/kym_cleansing.py', '--cfg-path', '/tmp/tmpwabo_yf9', '--error-file', '/tmp/tmpk48ks_5w']
[2021-12-13 14:41:27,753] {standard_task_runner.py:77} INFO - Job 21: Subtask writeOut
[2021-12-13 14:41:27,797] {logging_mixin.py:104} INFO - Running <TaskInstance: cleansing_dag.writeOut 2021-12-12T14:41:26.653188+00:00 [running]> on host c2664a5050de
[2021-12-13 14:41:27,834] {taskinstance.py:1255} INFO - Exporting the following env vars:
AIRFLOW_CTX_DAG_OWNER=airflow
AIRFLOW_CTX_DAG_ID=cleansing_dag
AIRFLOW_CTX_TASK_ID=writeOut
AIRFLOW_CTX_EXECUTION_DATE=2021-12-12T14:41:26.653188+00:00
AIRFLOW_CTX_DAG_RUN_ID=scheduled__2021-12-12T14:41:26.653188+00:00
[2021-12-13 14:41:27,971] {python.py:118} INFO - Done. Returned value was: None
[2021-12-13 14:41:27,982] {taskinstance.py:1159} INFO - Marking task as SUCCESS. dag_id=cleansing_dag, task_id=writeOut, execution_date=20211212T144126, start_date=20211213T144127, end_date=20211213T144127
[2021-12-13 14:41:28,008] {taskinstance.py:1220} INFO - 0 downstream tasks scheduled from follow-on schedule check
[2021-12-13 14:41:28,045] {local_task_job.py:146} INFO - Task exited with return code 0
