[2021-12-31 16:07:29,809] {taskinstance.py:903} INFO - Dependencies all met for <TaskInstance: main_dag.cleanse_vision 2021-12-31T16:03:42.129662+00:00 [queued]>
[2021-12-31 16:07:29,822] {taskinstance.py:903} INFO - Dependencies all met for <TaskInstance: main_dag.cleanse_vision 2021-12-31T16:03:42.129662+00:00 [queued]>
[2021-12-31 16:07:29,823] {taskinstance.py:1094} INFO - 
--------------------------------------------------------------------------------
[2021-12-31 16:07:29,823] {taskinstance.py:1095} INFO - Starting attempt 1 of 2
[2021-12-31 16:07:29,823] {taskinstance.py:1096} INFO - 
--------------------------------------------------------------------------------
[2021-12-31 16:07:29,837] {taskinstance.py:1114} INFO - Executing <Task(PythonOperator): cleanse_vision> on 2021-12-31T16:03:42.129662+00:00
[2021-12-31 16:07:29,843] {standard_task_runner.py:52} INFO - Started process 31100 to run task
[2021-12-31 16:07:29,846] {standard_task_runner.py:76} INFO - Running: ['***', 'tasks', 'run', 'main_dag', 'cleanse_vision', '2021-12-31T16:03:42.129662+00:00', '--job-id', '185', '--pool', 'default_pool', '--raw', '--subdir', 'DAGS_FOLDER/main_dag.py', '--cfg-path', '/tmp/tmpnnxi5vv6', '--error-file', '/tmp/tmpobpmfwmi']
[2021-12-31 16:07:29,847] {standard_task_runner.py:77} INFO - Job 185: Subtask cleanse_vision
[2021-12-31 16:07:29,888] {logging_mixin.py:109} INFO - Running <TaskInstance: main_dag.cleanse_vision 2021-12-31T16:03:42.129662+00:00 [running]> on host 8e99a5d40b8f
[2021-12-31 16:07:29,939] {taskinstance.py:1251} INFO - Exporting the following env vars:
AIRFLOW_CTX_DAG_OWNER=***
AIRFLOW_CTX_DAG_ID=main_dag
AIRFLOW_CTX_TASK_ID=cleanse_vision
AIRFLOW_CTX_EXECUTION_DATE=2021-12-31T16:03:42.129662+00:00
AIRFLOW_CTX_DAG_RUN_ID=manual__2021-12-31T16:03:42.129662+00:00
[2021-12-31 16:08:41,058] {python.py:151} INFO - Done. Returned value was: None
[2021-12-31 16:08:41,071] {taskinstance.py:1211} INFO - Marking task as SUCCESS. dag_id=main_dag, task_id=cleanse_vision, execution_date=20211231T160342, start_date=20211231T160729, end_date=20211231T160841
[2021-12-31 16:08:41,133] {local_task_job.py:151} INFO - Task exited with return code 0
