[2021-12-28 18:13:09,321] {taskinstance.py:903} INFO - Dependencies all met for <TaskInstance: cleansing_dag.create_date_dimension_query 2021-12-27T18:09:12.698303+00:00 [queued]>
[2021-12-28 18:13:09,335] {taskinstance.py:903} INFO - Dependencies all met for <TaskInstance: cleansing_dag.create_date_dimension_query 2021-12-27T18:09:12.698303+00:00 [queued]>
[2021-12-28 18:13:09,335] {taskinstance.py:1094} INFO - 
--------------------------------------------------------------------------------
[2021-12-28 18:13:09,336] {taskinstance.py:1095} INFO - Starting attempt 1 of 2
[2021-12-28 18:13:09,337] {taskinstance.py:1096} INFO - 
--------------------------------------------------------------------------------
[2021-12-28 18:13:09,353] {taskinstance.py:1114} INFO - Executing <Task(PythonOperator): create_date_dimension_query> on 2021-12-27T18:09:12.698303+00:00
[2021-12-28 18:13:09,360] {standard_task_runner.py:52} INFO - Started process 20918 to run task
[2021-12-28 18:13:09,362] {standard_task_runner.py:76} INFO - Running: ['***', 'tasks', 'run', 'cleansing_dag', 'create_date_dimension_query', '2021-12-27T18:09:12.698303+00:00', '--job-id', '178', '--pool', 'default_pool', '--raw', '--subdir', 'DAGS_FOLDER/kym_cleansing.py', '--cfg-path', '/tmp/tmpw5qp4b8g', '--error-file', '/tmp/tmp9fj0dszj']
[2021-12-28 18:13:09,363] {standard_task_runner.py:77} INFO - Job 178: Subtask create_date_dimension_query
[2021-12-28 18:13:09,408] {logging_mixin.py:109} INFO - Running <TaskInstance: cleansing_dag.create_date_dimension_query 2021-12-27T18:09:12.698303+00:00 [running]> on host 8081e0fc56fe
[2021-12-28 18:13:09,464] {taskinstance.py:1251} INFO - Exporting the following env vars:
AIRFLOW_CTX_DAG_OWNER=***
AIRFLOW_CTX_DAG_ID=cleansing_dag
AIRFLOW_CTX_TASK_ID=create_date_dimension_query
AIRFLOW_CTX_EXECUTION_DATE=2021-12-27T18:09:12.698303+00:00
AIRFLOW_CTX_DAG_RUN_ID=scheduled__2021-12-27T18:09:12.698303+00:00
[2021-12-28 18:13:09,652] {python.py:151} INFO - Done. Returned value was: None
[2021-12-28 18:13:09,668] {taskinstance.py:1211} INFO - Marking task as SUCCESS. dag_id=cleansing_dag, task_id=create_date_dimension_query, execution_date=20211227T180912, start_date=20211228T181309, end_date=20211228T181309
[2021-12-28 18:13:09,696] {local_task_job.py:151} INFO - Task exited with return code 0
