[2021-12-29 14:59:29,297] {taskinstance.py:903} INFO - Dependencies all met for <TaskInstance: cleansing_dag.cleanse_spotlight 2021-12-29T14:59:28.388940+00:00 [queued]>
[2021-12-29 14:59:29,315] {taskinstance.py:903} INFO - Dependencies all met for <TaskInstance: cleansing_dag.cleanse_spotlight 2021-12-29T14:59:28.388940+00:00 [queued]>
[2021-12-29 14:59:29,316] {taskinstance.py:1094} INFO - 
--------------------------------------------------------------------------------
[2021-12-29 14:59:29,316] {taskinstance.py:1095} INFO - Starting attempt 1 of 2
[2021-12-29 14:59:29,317] {taskinstance.py:1096} INFO - 
--------------------------------------------------------------------------------
[2021-12-29 14:59:29,327] {taskinstance.py:1114} INFO - Executing <Task(PythonOperator): cleanse_spotlight> on 2021-12-29T14:59:28.388940+00:00
[2021-12-29 14:59:29,331] {standard_task_runner.py:52} INFO - Started process 14340 to run task
[2021-12-29 14:59:29,335] {standard_task_runner.py:76} INFO - Running: ['***', 'tasks', 'run', 'cleansing_dag', 'cleanse_spotlight', '2021-12-29T14:59:28.388940+00:00', '--job-id', '507', '--pool', 'default_pool', '--raw', '--subdir', 'DAGS_FOLDER/kym_cleansing.py', '--cfg-path', '/tmp/tmpl07ptixe', '--error-file', '/tmp/tmp8qhh5la7']
[2021-12-29 14:59:29,336] {standard_task_runner.py:77} INFO - Job 507: Subtask cleanse_spotlight
[2021-12-29 14:59:29,375] {logging_mixin.py:109} INFO - Running <TaskInstance: cleansing_dag.cleanse_spotlight 2021-12-29T14:59:28.388940+00:00 [running]> on host 34521d0e1651
[2021-12-29 14:59:29,431] {taskinstance.py:1251} INFO - Exporting the following env vars:
AIRFLOW_CTX_DAG_OWNER=***
AIRFLOW_CTX_DAG_ID=cleansing_dag
AIRFLOW_CTX_TASK_ID=cleanse_spotlight
AIRFLOW_CTX_EXECUTION_DATE=2021-12-29T14:59:28.388940+00:00
AIRFLOW_CTX_DAG_RUN_ID=manual__2021-12-29T14:59:28.388940+00:00
[2021-12-29 14:59:40,432] {python.py:151} INFO - Done. Returned value was: None
[2021-12-29 14:59:40,498] {taskinstance.py:1211} INFO - Marking task as SUCCESS. dag_id=cleansing_dag, task_id=cleanse_spotlight, execution_date=20211229T145928, start_date=20211229T145929, end_date=20211229T145940
[2021-12-29 14:59:40,537] {local_task_job.py:151} INFO - Task exited with return code 0
