[2021-12-30 14:04:23,383] {taskinstance.py:903} INFO - Dependencies all met for <TaskInstance: cleansing_dag.cleanse_spotlight 2021-12-30T14:04:21.341950+00:00 [queued]>
[2021-12-30 14:04:23,395] {taskinstance.py:903} INFO - Dependencies all met for <TaskInstance: cleansing_dag.cleanse_spotlight 2021-12-30T14:04:21.341950+00:00 [queued]>
[2021-12-30 14:04:23,396] {taskinstance.py:1094} INFO - 
--------------------------------------------------------------------------------
[2021-12-30 14:04:23,396] {taskinstance.py:1095} INFO - Starting attempt 1 of 2
[2021-12-30 14:04:23,396] {taskinstance.py:1096} INFO - 
--------------------------------------------------------------------------------
[2021-12-30 14:04:23,414] {taskinstance.py:1114} INFO - Executing <Task(PythonOperator): cleanse_spotlight> on 2021-12-30T14:04:21.341950+00:00
[2021-12-30 14:04:23,424] {standard_task_runner.py:52} INFO - Started process 64 to run task
[2021-12-30 14:04:23,429] {standard_task_runner.py:76} INFO - Running: ['***', 'tasks', 'run', 'cleansing_dag', 'cleanse_spotlight', '2021-12-30T14:04:21.341950+00:00', '--job-id', '98', '--pool', 'default_pool', '--raw', '--subdir', 'DAGS_FOLDER/kym_cleansing.py', '--cfg-path', '/tmp/tmpq_2tb1f5', '--error-file', '/tmp/tmpjlv5otjl']
[2021-12-30 14:04:23,430] {standard_task_runner.py:77} INFO - Job 98: Subtask cleanse_spotlight
[2021-12-30 14:04:23,474] {logging_mixin.py:109} INFO - Running <TaskInstance: cleansing_dag.cleanse_spotlight 2021-12-30T14:04:21.341950+00:00 [running]> on host 2eb70c976689
[2021-12-30 14:04:23,522] {taskinstance.py:1251} INFO - Exporting the following env vars:
AIRFLOW_CTX_DAG_OWNER=***
AIRFLOW_CTX_DAG_ID=cleansing_dag
AIRFLOW_CTX_TASK_ID=cleanse_spotlight
AIRFLOW_CTX_EXECUTION_DATE=2021-12-30T14:04:21.341950+00:00
AIRFLOW_CTX_DAG_RUN_ID=manual__2021-12-30T14:04:21.341950+00:00
[2021-12-30 14:04:33,715] {python.py:151} INFO - Done. Returned value was: None
[2021-12-30 14:04:33,982] {taskinstance.py:1211} INFO - Marking task as SUCCESS. dag_id=cleansing_dag, task_id=cleanse_spotlight, execution_date=20211230T140421, start_date=20211230T140423, end_date=20211230T140433
[2021-12-30 14:04:34,036] {local_task_job.py:151} INFO - Task exited with return code 0
