[2021-12-31 10:14:15,794] {taskinstance.py:903} INFO - Dependencies all met for <TaskInstance: main_dag.download_vision_data 2021-12-30T10:11:15.996335+00:00 [queued]>
[2021-12-31 10:14:15,805] {taskinstance.py:903} INFO - Dependencies all met for <TaskInstance: main_dag.download_vision_data 2021-12-30T10:11:15.996335+00:00 [queued]>
[2021-12-31 10:14:15,805] {taskinstance.py:1094} INFO - 
--------------------------------------------------------------------------------
[2021-12-31 10:14:15,806] {taskinstance.py:1095} INFO - Starting attempt 1 of 2
[2021-12-31 10:14:15,806] {taskinstance.py:1096} INFO - 
--------------------------------------------------------------------------------
[2021-12-31 10:14:15,821] {taskinstance.py:1114} INFO - Executing <Task(PythonOperator): download_vision_data> on 2021-12-30T10:11:15.996335+00:00
[2021-12-31 10:14:15,826] {standard_task_runner.py:52} INFO - Started process 13874 to run task
[2021-12-31 10:14:15,829] {standard_task_runner.py:76} INFO - Running: ['***', 'tasks', 'run', 'main_dag', 'download_vision_data', '2021-12-30T10:11:15.996335+00:00', '--job-id', '59', '--pool', 'default_pool', '--raw', '--subdir', 'DAGS_FOLDER/main_dag.py', '--cfg-path', '/tmp/tmpqffvoj_c', '--error-file', '/tmp/tmpvrwvu3p4']
[2021-12-31 10:14:15,831] {standard_task_runner.py:77} INFO - Job 59: Subtask download_vision_data
[2021-12-31 10:14:15,870] {logging_mixin.py:109} INFO - Running <TaskInstance: main_dag.download_vision_data 2021-12-30T10:11:15.996335+00:00 [running]> on host 71257c6b2a25
[2021-12-31 10:14:15,918] {taskinstance.py:1251} INFO - Exporting the following env vars:
AIRFLOW_CTX_DAG_OWNER=***
AIRFLOW_CTX_DAG_ID=main_dag
AIRFLOW_CTX_TASK_ID=download_vision_data
AIRFLOW_CTX_EXECUTION_DATE=2021-12-30T10:11:15.996335+00:00
AIRFLOW_CTX_DAG_RUN_ID=scheduled__2021-12-30T10:11:15.996335+00:00
[2021-12-31 10:14:57,388] {logging_mixin.py:109} INFO - File downloaded successfully.
[2021-12-31 10:14:57,388] {python.py:151} INFO - Done. Returned value was: None
[2021-12-31 10:14:57,403] {taskinstance.py:1211} INFO - Marking task as SUCCESS. dag_id=main_dag, task_id=download_vision_data, execution_date=20211230T101115, start_date=20211231T101415, end_date=20211231T101457
[2021-12-31 10:14:57,528] {local_task_job.py:151} INFO - Task exited with return code 0
