[2021-12-29 13:10:27,342] {taskinstance.py:903} INFO - Dependencies all met for <TaskInstance: cleansing_dag.merge 2021-12-28T13:07:47.731043+00:00 [queued]>
[2021-12-29 13:10:27,359] {taskinstance.py:903} INFO - Dependencies all met for <TaskInstance: cleansing_dag.merge 2021-12-28T13:07:47.731043+00:00 [queued]>
[2021-12-29 13:10:27,359] {taskinstance.py:1094} INFO - 
--------------------------------------------------------------------------------
[2021-12-29 13:10:27,360] {taskinstance.py:1095} INFO - Starting attempt 1 of 2
[2021-12-29 13:10:27,360] {taskinstance.py:1096} INFO - 
--------------------------------------------------------------------------------
[2021-12-29 13:10:27,370] {taskinstance.py:1114} INFO - Executing <Task(PythonOperator): merge> on 2021-12-28T13:07:47.731043+00:00
[2021-12-29 13:10:27,375] {standard_task_runner.py:52} INFO - Started process 16194 to run task
[2021-12-29 13:10:27,377] {standard_task_runner.py:76} INFO - Running: ['***', 'tasks', 'run', 'cleansing_dag', 'merge', '2021-12-28T13:07:47.731043+00:00', '--job-id', '373', '--pool', 'default_pool', '--raw', '--subdir', 'DAGS_FOLDER/kym_cleansing.py', '--cfg-path', '/tmp/tmptehbkqer', '--error-file', '/tmp/tmpwinyfuj2']
[2021-12-29 13:10:27,378] {standard_task_runner.py:77} INFO - Job 373: Subtask merge
[2021-12-29 13:10:27,414] {logging_mixin.py:109} INFO - Running <TaskInstance: cleansing_dag.merge 2021-12-28T13:07:47.731043+00:00 [running]> on host 34521d0e1651
[2021-12-29 13:10:27,467] {taskinstance.py:1251} INFO - Exporting the following env vars:
AIRFLOW_CTX_DAG_OWNER=***
AIRFLOW_CTX_DAG_ID=cleansing_dag
AIRFLOW_CTX_TASK_ID=merge
AIRFLOW_CTX_EXECUTION_DATE=2021-12-28T13:07:47.731043+00:00
AIRFLOW_CTX_DAG_RUN_ID=scheduled__2021-12-28T13:07:47.731043+00:00
[2021-12-29 13:10:27,833] {python.py:151} INFO - Done. Returned value was: None
[2021-12-29 13:10:27,845] {taskinstance.py:1211} INFO - Marking task as SUCCESS. dag_id=cleansing_dag, task_id=merge, execution_date=20211228T130747, start_date=20211229T131027, end_date=20211229T131027
[2021-12-29 13:10:27,871] {local_task_job.py:151} INFO - Task exited with return code 0
