[2021-12-28 19:37:16,735] {taskinstance.py:903} INFO - Dependencies all met for <TaskInstance: cleansing_dag.cleanse_kym 2021-12-27T19:37:15.797023+00:00 [queued]>
[2021-12-28 19:37:16,748] {taskinstance.py:903} INFO - Dependencies all met for <TaskInstance: cleansing_dag.cleanse_kym 2021-12-27T19:37:15.797023+00:00 [queued]>
[2021-12-28 19:37:16,748] {taskinstance.py:1094} INFO - 
--------------------------------------------------------------------------------
[2021-12-28 19:37:16,749] {taskinstance.py:1095} INFO - Starting attempt 1 of 2
[2021-12-28 19:37:16,749] {taskinstance.py:1096} INFO - 
--------------------------------------------------------------------------------
[2021-12-28 19:37:16,768] {taskinstance.py:1114} INFO - Executing <Task(PythonOperator): cleanse_kym> on 2021-12-27T19:37:15.797023+00:00
[2021-12-28 19:37:16,774] {standard_task_runner.py:52} INFO - Started process 200 to run task
[2021-12-28 19:37:16,777] {standard_task_runner.py:76} INFO - Running: ['***', 'tasks', 'run', 'cleansing_dag', 'cleanse_kym', '2021-12-27T19:37:15.797023+00:00', '--job-id', '206', '--pool', 'default_pool', '--raw', '--subdir', 'DAGS_FOLDER/kym_cleansing.py', '--cfg-path', '/tmp/tmpwb4qjz7_', '--error-file', '/tmp/tmp9a9rzuup']
[2021-12-28 19:37:16,779] {standard_task_runner.py:77} INFO - Job 206: Subtask cleanse_kym
[2021-12-28 19:37:16,902] {logging_mixin.py:109} INFO - Running <TaskInstance: cleansing_dag.cleanse_kym 2021-12-27T19:37:15.797023+00:00 [running]> on host 0b3e0a2afa7a
[2021-12-28 19:37:16,948] {taskinstance.py:1251} INFO - Exporting the following env vars:
AIRFLOW_CTX_DAG_OWNER=***
AIRFLOW_CTX_DAG_ID=cleansing_dag
AIRFLOW_CTX_TASK_ID=cleanse_kym
AIRFLOW_CTX_EXECUTION_DATE=2021-12-27T19:37:15.797023+00:00
AIRFLOW_CTX_DAG_RUN_ID=scheduled__2021-12-27T19:37:15.797023+00:00
[2021-12-28 19:39:58,788] {python.py:151} INFO - Done. Returned value was: None
[2021-12-28 19:39:58,801] {taskinstance.py:1211} INFO - Marking task as SUCCESS. dag_id=cleansing_dag, task_id=cleanse_kym, execution_date=20211227T193715, start_date=20211228T193716, end_date=20211228T193958
[2021-12-28 19:39:58,861] {local_task_job.py:151} INFO - Task exited with return code 0
