[2021-12-08 18:48:58,888] {scheduler_job.py:182} INFO - Started process (PID=35) to work on /opt/airflow/dags/first_dag.py
[2021-12-08 18:48:58,890] {scheduler_job.py:629} INFO - Processing file /opt/airflow/dags/first_dag.py for tasks to queue
[2021-12-08 18:48:58,891] {logging_mixin.py:104} INFO - [2021-12-08 18:48:58,891] {dagbag.py:448} INFO - Filling up the DagBag from /opt/airflow/dags/first_dag.py
[2021-12-08 18:49:00,061] {scheduler_job.py:639} INFO - DAG(s) dict_keys(['first_dag']) retrieved from /opt/airflow/dags/first_dag.py
[2021-12-08 18:49:00,086] {logging_mixin.py:104} INFO - [2021-12-08 18:49:00,084] {dag.py:1818} INFO - Sync 1 DAGs
[2021-12-08 18:49:00,101] {logging_mixin.py:104} INFO - [2021-12-08 18:49:00,101] {dag.py:2273} INFO - Setting next_dagrun for first_dag to 2021-12-08 18:48:58.633060+00:00
[2021-12-08 18:49:00,113] {scheduler_job.py:190} INFO - Processing /opt/airflow/dags/first_dag.py took 1.228 seconds
[2021-12-08 18:49:30,608] {scheduler_job.py:182} INFO - Started process (PID=37) to work on /opt/airflow/dags/first_dag.py
[2021-12-08 18:49:30,611] {scheduler_job.py:629} INFO - Processing file /opt/airflow/dags/first_dag.py for tasks to queue
[2021-12-08 18:49:30,614] {logging_mixin.py:104} INFO - [2021-12-08 18:49:30,614] {dagbag.py:448} INFO - Filling up the DagBag from /opt/airflow/dags/first_dag.py
[2021-12-08 18:49:31,183] {scheduler_job.py:639} INFO - DAG(s) dict_keys(['first_dag']) retrieved from /opt/airflow/dags/first_dag.py
[2021-12-08 18:49:31,213] {logging_mixin.py:104} INFO - [2021-12-08 18:49:31,211] {dag.py:1818} INFO - Sync 1 DAGs
[2021-12-08 18:49:31,235] {logging_mixin.py:104} INFO - [2021-12-08 18:49:31,235] {dag.py:2273} INFO - Setting next_dagrun for first_dag to 2021-12-08 18:48:58.633060+00:00
[2021-12-08 18:49:31,249] {scheduler_job.py:190} INFO - Processing /opt/airflow/dags/first_dag.py took 0.654 seconds
[2021-12-08 18:50:01,333] {scheduler_job.py:182} INFO - Started process (PID=39) to work on /opt/airflow/dags/first_dag.py
[2021-12-08 18:50:01,334] {scheduler_job.py:629} INFO - Processing file /opt/airflow/dags/first_dag.py for tasks to queue
[2021-12-08 18:50:01,335] {logging_mixin.py:104} INFO - [2021-12-08 18:50:01,335] {dagbag.py:448} INFO - Filling up the DagBag from /opt/airflow/dags/first_dag.py
[2021-12-08 18:50:01,650] {scheduler_job.py:639} INFO - DAG(s) dict_keys(['first_dag']) retrieved from /opt/airflow/dags/first_dag.py
[2021-12-08 18:50:01,668] {logging_mixin.py:104} INFO - [2021-12-08 18:50:01,667] {dag.py:1818} INFO - Sync 1 DAGs
[2021-12-08 18:50:01,681] {logging_mixin.py:104} INFO - [2021-12-08 18:50:01,681] {dag.py:2273} INFO - Setting next_dagrun for first_dag to 2021-12-08 18:48:58.633060+00:00
[2021-12-08 18:50:01,692] {scheduler_job.py:190} INFO - Processing /opt/airflow/dags/first_dag.py took 0.362 seconds
[2021-12-08 18:50:31,754] {scheduler_job.py:182} INFO - Started process (PID=41) to work on /opt/airflow/dags/first_dag.py
[2021-12-08 18:50:31,755] {scheduler_job.py:629} INFO - Processing file /opt/airflow/dags/first_dag.py for tasks to queue
[2021-12-08 18:50:31,756] {logging_mixin.py:104} INFO - [2021-12-08 18:50:31,756] {dagbag.py:448} INFO - Filling up the DagBag from /opt/airflow/dags/first_dag.py
[2021-12-08 18:50:32,109] {scheduler_job.py:639} INFO - DAG(s) dict_keys(['first_dag']) retrieved from /opt/airflow/dags/first_dag.py
[2021-12-08 18:50:32,127] {logging_mixin.py:104} INFO - [2021-12-08 18:50:32,126] {dag.py:1818} INFO - Sync 1 DAGs
[2021-12-08 18:50:32,139] {logging_mixin.py:104} INFO - [2021-12-08 18:50:32,139] {dag.py:2273} INFO - Setting next_dagrun for first_dag to 2021-12-08 18:48:58.633060+00:00
[2021-12-08 18:50:32,150] {scheduler_job.py:190} INFO - Processing /opt/airflow/dags/first_dag.py took 0.398 seconds
[2021-12-08 18:51:02,266] {scheduler_job.py:182} INFO - Started process (PID=48) to work on /opt/airflow/dags/first_dag.py
[2021-12-08 18:51:02,268] {scheduler_job.py:629} INFO - Processing file /opt/airflow/dags/first_dag.py for tasks to queue
[2021-12-08 18:51:02,268] {logging_mixin.py:104} INFO - [2021-12-08 18:51:02,268] {dagbag.py:448} INFO - Filling up the DagBag from /opt/airflow/dags/first_dag.py
[2021-12-08 18:51:02,626] {scheduler_job.py:639} INFO - DAG(s) dict_keys(['first_dag']) retrieved from /opt/airflow/dags/first_dag.py
[2021-12-08 18:51:02,643] {logging_mixin.py:104} INFO - [2021-12-08 18:51:02,642] {dag.py:1818} INFO - Sync 1 DAGs
[2021-12-08 18:51:02,656] {logging_mixin.py:104} INFO - [2021-12-08 18:51:02,656] {dag.py:2273} INFO - Setting next_dagrun for first_dag to 2021-12-08 18:48:58.633060+00:00
[2021-12-08 18:51:02,667] {scheduler_job.py:190} INFO - Processing /opt/airflow/dags/first_dag.py took 0.404 seconds
[2021-12-08 18:51:32,740] {scheduler_job.py:182} INFO - Started process (PID=50) to work on /opt/airflow/dags/first_dag.py
[2021-12-08 18:51:32,742] {scheduler_job.py:629} INFO - Processing file /opt/airflow/dags/first_dag.py for tasks to queue
[2021-12-08 18:51:32,743] {logging_mixin.py:104} INFO - [2021-12-08 18:51:32,743] {dagbag.py:448} INFO - Filling up the DagBag from /opt/airflow/dags/first_dag.py
[2021-12-08 18:51:33,049] {scheduler_job.py:639} INFO - DAG(s) dict_keys(['first_dag']) retrieved from /opt/airflow/dags/first_dag.py
[2021-12-08 18:51:33,064] {logging_mixin.py:104} INFO - [2021-12-08 18:51:33,063] {dag.py:1818} INFO - Sync 1 DAGs
[2021-12-08 18:51:33,078] {logging_mixin.py:104} INFO - [2021-12-08 18:51:33,078] {dag.py:2273} INFO - Setting next_dagrun for first_dag to 2021-12-08 18:48:58.633060+00:00
[2021-12-08 18:51:33,090] {scheduler_job.py:190} INFO - Processing /opt/airflow/dags/first_dag.py took 0.351 seconds
[2021-12-08 18:52:03,153] {scheduler_job.py:182} INFO - Started process (PID=52) to work on /opt/airflow/dags/first_dag.py
[2021-12-08 18:52:03,155] {scheduler_job.py:629} INFO - Processing file /opt/airflow/dags/first_dag.py for tasks to queue
[2021-12-08 18:52:03,155] {logging_mixin.py:104} INFO - [2021-12-08 18:52:03,155] {dagbag.py:448} INFO - Filling up the DagBag from /opt/airflow/dags/first_dag.py
[2021-12-08 18:52:03,425] {scheduler_job.py:639} INFO - DAG(s) dict_keys(['first_dag']) retrieved from /opt/airflow/dags/first_dag.py
[2021-12-08 18:52:03,441] {logging_mixin.py:104} INFO - [2021-12-08 18:52:03,440] {dag.py:1818} INFO - Sync 1 DAGs
[2021-12-08 18:52:03,451] {logging_mixin.py:104} INFO - [2021-12-08 18:52:03,451] {dag.py:2273} INFO - Setting next_dagrun for first_dag to 2021-12-08 18:48:58.633060+00:00
[2021-12-08 18:52:03,490] {scheduler_job.py:190} INFO - Processing /opt/airflow/dags/first_dag.py took 0.339 seconds
[2021-12-08 18:52:33,597] {scheduler_job.py:182} INFO - Started process (PID=54) to work on /opt/airflow/dags/first_dag.py
[2021-12-08 18:52:33,599] {scheduler_job.py:629} INFO - Processing file /opt/airflow/dags/first_dag.py for tasks to queue
[2021-12-08 18:52:33,600] {logging_mixin.py:104} INFO - [2021-12-08 18:52:33,600] {dagbag.py:448} INFO - Filling up the DagBag from /opt/airflow/dags/first_dag.py
[2021-12-08 18:52:33,861] {scheduler_job.py:639} INFO - DAG(s) dict_keys(['first_dag']) retrieved from /opt/airflow/dags/first_dag.py
[2021-12-08 18:52:33,878] {logging_mixin.py:104} INFO - [2021-12-08 18:52:33,877] {dag.py:1818} INFO - Sync 1 DAGs
[2021-12-08 18:52:33,890] {logging_mixin.py:104} INFO - [2021-12-08 18:52:33,890] {dag.py:2273} INFO - Setting next_dagrun for first_dag to 2021-12-08 18:48:58.633060+00:00
[2021-12-08 18:52:33,903] {scheduler_job.py:190} INFO - Processing /opt/airflow/dags/first_dag.py took 0.308 seconds
[2021-12-08 18:53:03,968] {scheduler_job.py:182} INFO - Started process (PID=56) to work on /opt/airflow/dags/first_dag.py
[2021-12-08 18:53:03,968] {scheduler_job.py:629} INFO - Processing file /opt/airflow/dags/first_dag.py for tasks to queue
[2021-12-08 18:53:03,969] {logging_mixin.py:104} INFO - [2021-12-08 18:53:03,969] {dagbag.py:448} INFO - Filling up the DagBag from /opt/airflow/dags/first_dag.py
[2021-12-08 18:53:04,235] {scheduler_job.py:639} INFO - DAG(s) dict_keys(['first_dag']) retrieved from /opt/airflow/dags/first_dag.py
[2021-12-08 18:53:04,250] {logging_mixin.py:104} INFO - [2021-12-08 18:53:04,249] {dag.py:1818} INFO - Sync 1 DAGs
[2021-12-08 18:53:04,262] {logging_mixin.py:104} INFO - [2021-12-08 18:53:04,262] {dag.py:2273} INFO - Setting next_dagrun for first_dag to 2021-12-08 18:48:58.633060+00:00
[2021-12-08 18:53:04,318] {scheduler_job.py:190} INFO - Processing /opt/airflow/dags/first_dag.py took 0.353 seconds
[2021-12-08 18:53:34,392] {scheduler_job.py:182} INFO - Started process (PID=58) to work on /opt/airflow/dags/first_dag.py
[2021-12-08 18:53:34,393] {scheduler_job.py:629} INFO - Processing file /opt/airflow/dags/first_dag.py for tasks to queue
[2021-12-08 18:53:34,394] {logging_mixin.py:104} INFO - [2021-12-08 18:53:34,394] {dagbag.py:448} INFO - Filling up the DagBag from /opt/airflow/dags/first_dag.py
[2021-12-08 18:53:34,650] {scheduler_job.py:639} INFO - DAG(s) dict_keys(['first_dag']) retrieved from /opt/airflow/dags/first_dag.py
[2021-12-08 18:53:34,666] {logging_mixin.py:104} INFO - [2021-12-08 18:53:34,665] {dag.py:1818} INFO - Sync 1 DAGs
[2021-12-08 18:53:34,677] {logging_mixin.py:104} INFO - [2021-12-08 18:53:34,676] {dag.py:2273} INFO - Setting next_dagrun for first_dag to 2021-12-08 18:48:58.633060+00:00
[2021-12-08 18:53:34,721] {scheduler_job.py:190} INFO - Processing /opt/airflow/dags/first_dag.py took 0.331 seconds
[2021-12-08 18:54:04,917] {scheduler_job.py:182} INFO - Started process (PID=60) to work on /opt/airflow/dags/first_dag.py
[2021-12-08 18:54:04,918] {scheduler_job.py:629} INFO - Processing file /opt/airflow/dags/first_dag.py for tasks to queue
[2021-12-08 18:54:04,918] {logging_mixin.py:104} INFO - [2021-12-08 18:54:04,918] {dagbag.py:448} INFO - Filling up the DagBag from /opt/airflow/dags/first_dag.py
[2021-12-08 18:54:05,173] {scheduler_job.py:639} INFO - DAG(s) dict_keys(['first_dag']) retrieved from /opt/airflow/dags/first_dag.py
[2021-12-08 18:54:05,189] {logging_mixin.py:104} INFO - [2021-12-08 18:54:05,188] {dag.py:1818} INFO - Sync 1 DAGs
[2021-12-08 18:54:05,200] {logging_mixin.py:104} INFO - [2021-12-08 18:54:05,199] {dag.py:2273} INFO - Setting next_dagrun for first_dag to 2021-12-08 18:48:58.633060+00:00
[2021-12-08 18:54:05,212] {scheduler_job.py:190} INFO - Processing /opt/airflow/dags/first_dag.py took 0.297 seconds
[2021-12-08 18:54:35,275] {scheduler_job.py:182} INFO - Started process (PID=62) to work on /opt/airflow/dags/first_dag.py
[2021-12-08 18:54:35,277] {scheduler_job.py:629} INFO - Processing file /opt/airflow/dags/first_dag.py for tasks to queue
[2021-12-08 18:54:35,278] {logging_mixin.py:104} INFO - [2021-12-08 18:54:35,278] {dagbag.py:448} INFO - Filling up the DagBag from /opt/airflow/dags/first_dag.py
[2021-12-08 18:54:35,658] {scheduler_job.py:639} INFO - DAG(s) dict_keys(['first_dag']) retrieved from /opt/airflow/dags/first_dag.py
[2021-12-08 18:54:35,682] {logging_mixin.py:104} INFO - [2021-12-08 18:54:35,681] {dag.py:1818} INFO - Sync 1 DAGs
[2021-12-08 18:54:35,709] {logging_mixin.py:104} INFO - [2021-12-08 18:54:35,705] {dag.py:2273} INFO - Setting next_dagrun for first_dag to 2021-12-08 18:48:58.633060+00:00
[2021-12-08 18:54:35,735] {scheduler_job.py:190} INFO - Processing /opt/airflow/dags/first_dag.py took 0.462 seconds
[2021-12-08 18:55:05,813] {scheduler_job.py:182} INFO - Started process (PID=64) to work on /opt/airflow/dags/first_dag.py
[2021-12-08 18:55:05,814] {scheduler_job.py:629} INFO - Processing file /opt/airflow/dags/first_dag.py for tasks to queue
[2021-12-08 18:55:05,814] {logging_mixin.py:104} INFO - [2021-12-08 18:55:05,814] {dagbag.py:448} INFO - Filling up the DagBag from /opt/airflow/dags/first_dag.py
[2021-12-08 18:55:06,072] {scheduler_job.py:639} INFO - DAG(s) dict_keys(['first_dag']) retrieved from /opt/airflow/dags/first_dag.py
[2021-12-08 18:55:06,088] {logging_mixin.py:104} INFO - [2021-12-08 18:55:06,087] {dag.py:1818} INFO - Sync 1 DAGs
[2021-12-08 18:55:06,099] {logging_mixin.py:104} INFO - [2021-12-08 18:55:06,099] {dag.py:2273} INFO - Setting next_dagrun for first_dag to 2021-12-08 18:48:58.633060+00:00
[2021-12-08 18:55:06,152] {scheduler_job.py:190} INFO - Processing /opt/airflow/dags/first_dag.py took 0.342 seconds
[2021-12-08 18:55:36,218] {scheduler_job.py:182} INFO - Started process (PID=66) to work on /opt/airflow/dags/first_dag.py
[2021-12-08 18:55:36,220] {scheduler_job.py:629} INFO - Processing file /opt/airflow/dags/first_dag.py for tasks to queue
[2021-12-08 18:55:36,221] {logging_mixin.py:104} INFO - [2021-12-08 18:55:36,220] {dagbag.py:448} INFO - Filling up the DagBag from /opt/airflow/dags/first_dag.py
[2021-12-08 18:55:36,484] {scheduler_job.py:639} INFO - DAG(s) dict_keys(['first_dag']) retrieved from /opt/airflow/dags/first_dag.py
[2021-12-08 18:55:36,500] {logging_mixin.py:104} INFO - [2021-12-08 18:55:36,499] {dag.py:1818} INFO - Sync 1 DAGs
[2021-12-08 18:55:36,511] {logging_mixin.py:104} INFO - [2021-12-08 18:55:36,511] {dag.py:2273} INFO - Setting next_dagrun for first_dag to 2021-12-08 18:48:58.633060+00:00
[2021-12-08 18:55:36,522] {scheduler_job.py:190} INFO - Processing /opt/airflow/dags/first_dag.py took 0.306 seconds
[2021-12-08 18:56:06,585] {scheduler_job.py:182} INFO - Started process (PID=68) to work on /opt/airflow/dags/first_dag.py
[2021-12-08 18:56:06,587] {scheduler_job.py:629} INFO - Processing file /opt/airflow/dags/first_dag.py for tasks to queue
[2021-12-08 18:56:06,587] {logging_mixin.py:104} INFO - [2021-12-08 18:56:06,587] {dagbag.py:448} INFO - Filling up the DagBag from /opt/airflow/dags/first_dag.py
[2021-12-08 18:56:06,859] {scheduler_job.py:639} INFO - DAG(s) dict_keys(['first_dag']) retrieved from /opt/airflow/dags/first_dag.py
[2021-12-08 18:56:06,875] {logging_mixin.py:104} INFO - [2021-12-08 18:56:06,874] {dag.py:1818} INFO - Sync 1 DAGs
[2021-12-08 18:56:06,886] {logging_mixin.py:104} INFO - [2021-12-08 18:56:06,886] {dag.py:2273} INFO - Setting next_dagrun for first_dag to 2021-12-08 18:48:58.633060+00:00
[2021-12-08 18:56:06,896] {scheduler_job.py:190} INFO - Processing /opt/airflow/dags/first_dag.py took 0.312 seconds
[2021-12-08 18:56:36,964] {scheduler_job.py:182} INFO - Started process (PID=70) to work on /opt/airflow/dags/first_dag.py
[2021-12-08 18:56:36,966] {scheduler_job.py:629} INFO - Processing file /opt/airflow/dags/first_dag.py for tasks to queue
[2021-12-08 18:56:36,967] {logging_mixin.py:104} INFO - [2021-12-08 18:56:36,967] {dagbag.py:448} INFO - Filling up the DagBag from /opt/airflow/dags/first_dag.py
[2021-12-08 18:56:37,291] {scheduler_job.py:639} INFO - DAG(s) dict_keys(['first_dag']) retrieved from /opt/airflow/dags/first_dag.py
[2021-12-08 18:56:37,313] {logging_mixin.py:104} INFO - [2021-12-08 18:56:37,312] {dag.py:1818} INFO - Sync 1 DAGs
[2021-12-08 18:56:37,326] {logging_mixin.py:104} INFO - [2021-12-08 18:56:37,326] {dag.py:2273} INFO - Setting next_dagrun for first_dag to 2021-12-08 18:48:58.633060+00:00
[2021-12-08 18:56:37,337] {scheduler_job.py:190} INFO - Processing /opt/airflow/dags/first_dag.py took 0.375 seconds
[2021-12-08 18:57:07,401] {scheduler_job.py:182} INFO - Started process (PID=72) to work on /opt/airflow/dags/first_dag.py
[2021-12-08 18:57:07,402] {scheduler_job.py:629} INFO - Processing file /opt/airflow/dags/first_dag.py for tasks to queue
[2021-12-08 18:57:07,403] {logging_mixin.py:104} INFO - [2021-12-08 18:57:07,403] {dagbag.py:448} INFO - Filling up the DagBag from /opt/airflow/dags/first_dag.py
[2021-12-08 18:57:07,717] {scheduler_job.py:639} INFO - DAG(s) dict_keys(['first_dag']) retrieved from /opt/airflow/dags/first_dag.py
[2021-12-08 18:57:07,735] {logging_mixin.py:104} INFO - [2021-12-08 18:57:07,734] {dag.py:1818} INFO - Sync 1 DAGs
[2021-12-08 18:57:07,747] {logging_mixin.py:104} INFO - [2021-12-08 18:57:07,747] {dag.py:2273} INFO - Setting next_dagrun for first_dag to 2021-12-08 18:48:58.633060+00:00
[2021-12-08 18:57:07,758] {scheduler_job.py:190} INFO - Processing /opt/airflow/dags/first_dag.py took 0.359 seconds
[2021-12-08 18:57:37,821] {scheduler_job.py:182} INFO - Started process (PID=74) to work on /opt/airflow/dags/first_dag.py
[2021-12-08 18:57:37,822] {scheduler_job.py:629} INFO - Processing file /opt/airflow/dags/first_dag.py for tasks to queue
[2021-12-08 18:57:37,823] {logging_mixin.py:104} INFO - [2021-12-08 18:57:37,822] {dagbag.py:448} INFO - Filling up the DagBag from /opt/airflow/dags/first_dag.py
[2021-12-08 18:57:38,074] {scheduler_job.py:639} INFO - DAG(s) dict_keys(['first_dag']) retrieved from /opt/airflow/dags/first_dag.py
[2021-12-08 18:57:38,089] {logging_mixin.py:104} INFO - [2021-12-08 18:57:38,088] {dag.py:1818} INFO - Sync 1 DAGs
[2021-12-08 18:57:38,100] {logging_mixin.py:104} INFO - [2021-12-08 18:57:38,100] {dag.py:2273} INFO - Setting next_dagrun for first_dag to 2021-12-08 18:48:58.633060+00:00
[2021-12-08 18:57:38,111] {scheduler_job.py:190} INFO - Processing /opt/airflow/dags/first_dag.py took 0.292 seconds
[2021-12-08 18:58:08,175] {scheduler_job.py:182} INFO - Started process (PID=76) to work on /opt/airflow/dags/first_dag.py
[2021-12-08 18:58:08,176] {scheduler_job.py:629} INFO - Processing file /opt/airflow/dags/first_dag.py for tasks to queue
[2021-12-08 18:58:08,177] {logging_mixin.py:104} INFO - [2021-12-08 18:58:08,177] {dagbag.py:448} INFO - Filling up the DagBag from /opt/airflow/dags/first_dag.py
[2021-12-08 18:58:08,178] {scheduler_job.py:641} WARNING - No viable dags retrieved from /opt/airflow/dags/first_dag.py
[2021-12-08 18:58:08,179] {scheduler_job.py:190} INFO - Processing /opt/airflow/dags/first_dag.py took 0.006 seconds
[2021-12-08 18:58:38,255] {scheduler_job.py:182} INFO - Started process (PID=77) to work on /opt/airflow/dags/first_dag.py
[2021-12-08 18:58:38,256] {scheduler_job.py:629} INFO - Processing file /opt/airflow/dags/first_dag.py for tasks to queue
[2021-12-08 18:58:38,257] {logging_mixin.py:104} INFO - [2021-12-08 18:58:38,257] {dagbag.py:448} INFO - Filling up the DagBag from /opt/airflow/dags/first_dag.py
[2021-12-08 18:58:38,258] {scheduler_job.py:641} WARNING - No viable dags retrieved from /opt/airflow/dags/first_dag.py
[2021-12-08 18:58:38,258] {scheduler_job.py:190} INFO - Processing /opt/airflow/dags/first_dag.py took 0.005 seconds
