[2021-12-29 14:45:18,631] {taskinstance.py:903} INFO - Dependencies all met for <TaskInstance: cleansing_dag.create_additional_analysis_table_query 2021-12-28T14:42:35.793315+00:00 [queued]>
[2021-12-29 14:45:18,649] {taskinstance.py:903} INFO - Dependencies all met for <TaskInstance: cleansing_dag.create_additional_analysis_table_query 2021-12-28T14:42:35.793315+00:00 [queued]>
[2021-12-29 14:45:18,650] {taskinstance.py:1094} INFO - 
--------------------------------------------------------------------------------
[2021-12-29 14:45:18,650] {taskinstance.py:1095} INFO - Starting attempt 1 of 2
[2021-12-29 14:45:18,651] {taskinstance.py:1096} INFO - 
--------------------------------------------------------------------------------
[2021-12-29 14:45:18,666] {taskinstance.py:1114} INFO - Executing <Task(PythonOperator): create_additional_analysis_table_query> on 2021-12-28T14:42:35.793315+00:00
[2021-12-29 14:45:18,673] {standard_task_runner.py:52} INFO - Started process 25918 to run task
[2021-12-29 14:45:18,677] {standard_task_runner.py:76} INFO - Running: ['***', 'tasks', 'run', 'cleansing_dag', 'create_additional_analysis_table_query', '2021-12-28T14:42:35.793315+00:00', '--job-id', '457', '--pool', 'default_pool', '--raw', '--subdir', 'DAGS_FOLDER/kym_cleansing.py', '--cfg-path', '/tmp/tmpa1pa5_vh', '--error-file', '/tmp/tmp6qhc3693']
[2021-12-29 14:45:18,678] {standard_task_runner.py:77} INFO - Job 457: Subtask create_additional_analysis_table_query
[2021-12-29 14:45:18,723] {logging_mixin.py:109} INFO - Running <TaskInstance: cleansing_dag.create_additional_analysis_table_query 2021-12-28T14:42:35.793315+00:00 [running]> on host 34521d0e1651
[2021-12-29 14:45:18,785] {taskinstance.py:1251} INFO - Exporting the following env vars:
AIRFLOW_CTX_DAG_OWNER=***
AIRFLOW_CTX_DAG_ID=cleansing_dag
AIRFLOW_CTX_TASK_ID=create_additional_analysis_table_query
AIRFLOW_CTX_EXECUTION_DATE=2021-12-28T14:42:35.793315+00:00
AIRFLOW_CTX_DAG_RUN_ID=scheduled__2021-12-28T14:42:35.793315+00:00
[2021-12-29 14:45:19,464] {python.py:151} INFO - Done. Returned value was: None
[2021-12-29 14:45:19,477] {taskinstance.py:1211} INFO - Marking task as SUCCESS. dag_id=cleansing_dag, task_id=create_additional_analysis_table_query, execution_date=20211228T144235, start_date=20211229T144518, end_date=20211229T144519
[2021-12-29 14:45:19,531] {local_task_job.py:151} INFO - Task exited with return code 0
