[2021-12-13 14:34:42,591] {taskinstance.py:851} INFO - Dependencies all met for <TaskInstance: cleansing_dag.cleanse 2021-12-12T14:34:41.228908+00:00 [queued]>
[2021-12-13 14:34:42,609] {taskinstance.py:851} INFO - Dependencies all met for <TaskInstance: cleansing_dag.cleanse 2021-12-12T14:34:41.228908+00:00 [queued]>
[2021-12-13 14:34:42,610] {taskinstance.py:1042} INFO - 
--------------------------------------------------------------------------------
[2021-12-13 14:34:42,610] {taskinstance.py:1043} INFO - Starting attempt 1 of 2
[2021-12-13 14:34:42,611] {taskinstance.py:1044} INFO - 
--------------------------------------------------------------------------------
[2021-12-13 14:34:42,623] {taskinstance.py:1063} INFO - Executing <Task(PythonOperator): cleanse> on 2021-12-12T14:34:41.228908+00:00
[2021-12-13 14:34:42,628] {standard_task_runner.py:52} INFO - Started process 57 to run task
[2021-12-13 14:34:42,631] {standard_task_runner.py:76} INFO - Running: ['airflow', 'tasks', 'run', 'cleansing_dag', 'cleanse', '2021-12-12T14:34:41.228908+00:00', '--job-id', '11', '--pool', 'default_pool', '--raw', '--subdir', 'DAGS_FOLDER/kym_cleansing.py', '--cfg-path', '/tmp/tmpbh6o5sx_', '--error-file', '/tmp/tmpm7sftbjm']
[2021-12-13 14:34:42,631] {standard_task_runner.py:77} INFO - Job 11: Subtask cleanse
[2021-12-13 14:34:42,668] {logging_mixin.py:104} INFO - Running <TaskInstance: cleansing_dag.cleanse 2021-12-12T14:34:41.228908+00:00 [running]> on host c2664a5050de
[2021-12-13 14:34:42,703] {taskinstance.py:1255} INFO - Exporting the following env vars:
AIRFLOW_CTX_DAG_OWNER=airflow
AIRFLOW_CTX_DAG_ID=cleansing_dag
AIRFLOW_CTX_TASK_ID=cleanse
AIRFLOW_CTX_EXECUTION_DATE=2021-12-12T14:34:41.228908+00:00
AIRFLOW_CTX_DAG_RUN_ID=scheduled__2021-12-12T14:34:41.228908+00:00
[2021-12-13 14:39:13,013] {python.py:118} INFO - Done. Returned value was: None
[2021-12-13 14:39:13,029] {taskinstance.py:1159} INFO - Marking task as SUCCESS. dag_id=cleansing_dag, task_id=cleanse, execution_date=20211212T143441, start_date=20211213T143442, end_date=20211213T143913
[2021-12-13 14:39:13,099] {local_task_job.py:146} INFO - Task exited with return code 1
