[2021-12-31 15:36:15,043] {taskinstance.py:903} INFO - Dependencies all met for <TaskInstance: main_dag.create_type_dimension_query 2021-12-31T15:30:57.489827+00:00 [queued]>
[2021-12-31 15:36:15,073] {taskinstance.py:903} INFO - Dependencies all met for <TaskInstance: main_dag.create_type_dimension_query 2021-12-31T15:30:57.489827+00:00 [queued]>
[2021-12-31 15:36:15,074] {taskinstance.py:1094} INFO - 
--------------------------------------------------------------------------------
[2021-12-31 15:36:15,074] {taskinstance.py:1095} INFO - Starting attempt 1 of 2
[2021-12-31 15:36:15,075] {taskinstance.py:1096} INFO - 
--------------------------------------------------------------------------------
[2021-12-31 15:36:15,094] {taskinstance.py:1114} INFO - Executing <Task(PythonOperator): create_type_dimension_query> on 2021-12-31T15:30:57.489827+00:00
[2021-12-31 15:36:15,102] {standard_task_runner.py:52} INFO - Started process 2847 to run task
[2021-12-31 15:36:15,106] {standard_task_runner.py:76} INFO - Running: ['***', 'tasks', 'run', 'main_dag', 'create_type_dimension_query', '2021-12-31T15:30:57.489827+00:00', '--job-id', '102', '--pool', 'default_pool', '--raw', '--subdir', 'DAGS_FOLDER/main_dag.py', '--cfg-path', '/tmp/tmpfy59sbl6', '--error-file', '/tmp/tmpcmadip4c']
[2021-12-31 15:36:15,108] {standard_task_runner.py:77} INFO - Job 102: Subtask create_type_dimension_query
[2021-12-31 15:36:15,163] {logging_mixin.py:109} INFO - Running <TaskInstance: main_dag.create_type_dimension_query 2021-12-31T15:30:57.489827+00:00 [running]> on host 8e99a5d40b8f
[2021-12-31 15:36:15,236] {taskinstance.py:1251} INFO - Exporting the following env vars:
AIRFLOW_CTX_DAG_OWNER=***
AIRFLOW_CTX_DAG_ID=main_dag
AIRFLOW_CTX_TASK_ID=create_type_dimension_query
AIRFLOW_CTX_EXECUTION_DATE=2021-12-31T15:30:57.489827+00:00
AIRFLOW_CTX_DAG_RUN_ID=manual__2021-12-31T15:30:57.489827+00:00
[2021-12-31 15:36:15,312] {python.py:151} INFO - Done. Returned value was: None
[2021-12-31 15:36:15,327] {taskinstance.py:1211} INFO - Marking task as SUCCESS. dag_id=main_dag, task_id=create_type_dimension_query, execution_date=20211231T153057, start_date=20211231T153615, end_date=20211231T153615
[2021-12-31 15:36:15,359] {local_task_job.py:151} INFO - Task exited with return code 0
