[2021-12-27 15:47:58,742] {taskinstance.py:851} INFO - Dependencies all met for <TaskInstance: cleansing_dag.cleanse_vision 2021-12-26T15:47:50.127847+00:00 [queued]>
[2021-12-27 15:47:58,761] {taskinstance.py:851} INFO - Dependencies all met for <TaskInstance: cleansing_dag.cleanse_vision 2021-12-26T15:47:50.127847+00:00 [queued]>
[2021-12-27 15:47:58,761] {taskinstance.py:1042} INFO - 
--------------------------------------------------------------------------------
[2021-12-27 15:47:58,762] {taskinstance.py:1043} INFO - Starting attempt 1 of 2
[2021-12-27 15:47:58,762] {taskinstance.py:1044} INFO - 
--------------------------------------------------------------------------------
[2021-12-27 15:47:58,775] {taskinstance.py:1063} INFO - Executing <Task(PythonOperator): cleanse_vision> on 2021-12-26T15:47:50.127847+00:00
[2021-12-27 15:47:58,780] {standard_task_runner.py:52} INFO - Started process 55 to run task
[2021-12-27 15:47:58,785] {standard_task_runner.py:76} INFO - Running: ['airflow', 'tasks', 'run', 'cleansing_dag', 'cleanse_vision', '2021-12-26T15:47:50.127847+00:00', '--job-id', '47', '--pool', 'default_pool', '--raw', '--subdir', 'DAGS_FOLDER/kym_cleansing.py', '--cfg-path', '/tmp/tmpy79yc02j', '--error-file', '/tmp/tmpdymcrqoq']
[2021-12-27 15:47:58,786] {standard_task_runner.py:77} INFO - Job 47: Subtask cleanse_vision
[2021-12-27 15:47:58,830] {logging_mixin.py:104} INFO - Running <TaskInstance: cleansing_dag.cleanse_vision 2021-12-26T15:47:50.127847+00:00 [running]> on host d83a161471aa
[2021-12-27 15:47:58,880] {taskinstance.py:1255} INFO - Exporting the following env vars:
AIRFLOW_CTX_DAG_OWNER=airflow
AIRFLOW_CTX_DAG_ID=cleansing_dag
AIRFLOW_CTX_TASK_ID=cleanse_vision
AIRFLOW_CTX_EXECUTION_DATE=2021-12-26T15:47:50.127847+00:00
AIRFLOW_CTX_DAG_RUN_ID=scheduled__2021-12-26T15:47:50.127847+00:00
[2021-12-27 15:49:41,517] {python.py:118} INFO - Done. Returned value was: None
[2021-12-27 15:49:41,528] {taskinstance.py:1159} INFO - Marking task as SUCCESS. dag_id=cleansing_dag, task_id=cleanse_vision, execution_date=20211226T154750, start_date=20211227T154758, end_date=20211227T154941
[2021-12-27 15:49:41,569] {local_task_job.py:146} INFO - Task exited with return code 0
