[2021-12-29 15:13:08,444] {taskinstance.py:903} INFO - Dependencies all met for <TaskInstance: cleansing_dag.cleanse_kym 2021-12-29T15:13:07.686599+00:00 [queued]>
[2021-12-29 15:13:08,462] {taskinstance.py:903} INFO - Dependencies all met for <TaskInstance: cleansing_dag.cleanse_kym 2021-12-29T15:13:07.686599+00:00 [queued]>
[2021-12-29 15:13:08,462] {taskinstance.py:1094} INFO - 
--------------------------------------------------------------------------------
[2021-12-29 15:13:08,463] {taskinstance.py:1095} INFO - Starting attempt 1 of 2
[2021-12-29 15:13:08,463] {taskinstance.py:1096} INFO - 
--------------------------------------------------------------------------------
[2021-12-29 15:13:08,477] {taskinstance.py:1114} INFO - Executing <Task(PythonOperator): cleanse_kym> on 2021-12-29T15:13:07.686599+00:00
[2021-12-29 15:13:08,481] {standard_task_runner.py:52} INFO - Started process 2860 to run task
[2021-12-29 15:13:08,484] {standard_task_runner.py:76} INFO - Running: ['***', 'tasks', 'run', 'cleansing_dag', 'cleanse_kym', '2021-12-29T15:13:07.686599+00:00', '--job-id', '530', '--pool', 'default_pool', '--raw', '--subdir', 'DAGS_FOLDER/kym_cleansing.py', '--cfg-path', '/tmp/tmpge240z7s', '--error-file', '/tmp/tmp7f5cautg']
[2021-12-29 15:13:08,485] {standard_task_runner.py:77} INFO - Job 530: Subtask cleanse_kym
[2021-12-29 15:13:08,527] {logging_mixin.py:109} INFO - Running <TaskInstance: cleansing_dag.cleanse_kym 2021-12-29T15:13:07.686599+00:00 [running]> on host 34521d0e1651
[2021-12-29 15:13:08,579] {taskinstance.py:1251} INFO - Exporting the following env vars:
AIRFLOW_CTX_DAG_OWNER=***
AIRFLOW_CTX_DAG_ID=cleansing_dag
AIRFLOW_CTX_TASK_ID=cleanse_kym
AIRFLOW_CTX_EXECUTION_DATE=2021-12-29T15:13:07.686599+00:00
AIRFLOW_CTX_DAG_RUN_ID=manual__2021-12-29T15:13:07.686599+00:00
[2021-12-29 15:16:07,996] {python.py:151} INFO - Done. Returned value was: None
[2021-12-29 15:16:08,039] {taskinstance.py:1211} INFO - Marking task as SUCCESS. dag_id=cleansing_dag, task_id=cleanse_kym, execution_date=20211229T151307, start_date=20211229T151308, end_date=20211229T151608
[2021-12-29 15:16:08,136] {local_task_job.py:151} INFO - Task exited with return code 0
