[2021-12-31 09:54:16,294] {taskinstance.py:903} INFO - Dependencies all met for <TaskInstance: main_dag.cleanse_kym 2021-12-30T09:53:43.022101+00:00 [queued]>
[2021-12-31 09:54:16,306] {taskinstance.py:903} INFO - Dependencies all met for <TaskInstance: main_dag.cleanse_kym 2021-12-30T09:53:43.022101+00:00 [queued]>
[2021-12-31 09:54:16,306] {taskinstance.py:1094} INFO - 
--------------------------------------------------------------------------------
[2021-12-31 09:54:16,307] {taskinstance.py:1095} INFO - Starting attempt 1 of 2
[2021-12-31 09:54:16,307] {taskinstance.py:1096} INFO - 
--------------------------------------------------------------------------------
[2021-12-31 09:54:16,323] {taskinstance.py:1114} INFO - Executing <Task(PythonOperator): cleanse_kym> on 2021-12-30T09:53:43.022101+00:00
[2021-12-31 09:54:16,327] {standard_task_runner.py:52} INFO - Started process 68 to run task
[2021-12-31 09:54:16,329] {standard_task_runner.py:76} INFO - Running: ['***', 'tasks', 'run', 'main_dag', 'cleanse_kym', '2021-12-30T09:53:43.022101+00:00', '--job-id', '47', '--pool', 'default_pool', '--raw', '--subdir', 'DAGS_FOLDER/main_dag.py', '--cfg-path', '/tmp/tmp9mvdu89e', '--error-file', '/tmp/tmp0kr3dlct']
[2021-12-31 09:54:16,331] {standard_task_runner.py:77} INFO - Job 47: Subtask cleanse_kym
[2021-12-31 09:54:16,368] {logging_mixin.py:109} INFO - Running <TaskInstance: main_dag.cleanse_kym 2021-12-30T09:53:43.022101+00:00 [running]> on host 71257c6b2a25
[2021-12-31 09:54:16,417] {taskinstance.py:1251} INFO - Exporting the following env vars:
AIRFLOW_CTX_DAG_OWNER=***
AIRFLOW_CTX_DAG_ID=main_dag
AIRFLOW_CTX_TASK_ID=cleanse_kym
AIRFLOW_CTX_EXECUTION_DATE=2021-12-30T09:53:43.022101+00:00
AIRFLOW_CTX_DAG_RUN_ID=scheduled__2021-12-30T09:53:43.022101+00:00
[2021-12-31 09:56:49,818] {python.py:151} INFO - Done. Returned value was: None
[2021-12-31 09:56:49,829] {taskinstance.py:1211} INFO - Marking task as SUCCESS. dag_id=main_dag, task_id=cleanse_kym, execution_date=20211230T095343, start_date=20211231T095416, end_date=20211231T095649
[2021-12-31 09:56:49,857] {local_task_job.py:151} INFO - Task exited with return code 0
