[2021-12-31 10:22:43,058] {taskinstance.py:903} INFO - Dependencies all met for <TaskInstance: main_dag.create_tag_dimension_query 2021-12-30T10:17:56.843539+00:00 [queued]>
[2021-12-31 10:22:43,072] {taskinstance.py:903} INFO - Dependencies all met for <TaskInstance: main_dag.create_tag_dimension_query 2021-12-30T10:17:56.843539+00:00 [queued]>
[2021-12-31 10:22:43,073] {taskinstance.py:1094} INFO - 
--------------------------------------------------------------------------------
[2021-12-31 10:22:43,073] {taskinstance.py:1095} INFO - Starting attempt 1 of 2
[2021-12-31 10:22:43,074] {taskinstance.py:1096} INFO - 
--------------------------------------------------------------------------------
[2021-12-31 10:22:43,089] {taskinstance.py:1114} INFO - Executing <Task(PythonOperator): create_tag_dimension_query> on 2021-12-30T10:17:56.843539+00:00
[2021-12-31 10:22:43,094] {standard_task_runner.py:52} INFO - Started process 20912 to run task
[2021-12-31 10:22:43,097] {standard_task_runner.py:76} INFO - Running: ['***', 'tasks', 'run', 'main_dag', 'create_tag_dimension_query', '2021-12-30T10:17:56.843539+00:00', '--job-id', '76', '--pool', 'default_pool', '--raw', '--subdir', 'DAGS_FOLDER/main_dag.py', '--cfg-path', '/tmp/tmpgurzx3iv', '--error-file', '/tmp/tmpw2701n8u']
[2021-12-31 10:22:43,098] {standard_task_runner.py:77} INFO - Job 76: Subtask create_tag_dimension_query
[2021-12-31 10:22:43,135] {logging_mixin.py:109} INFO - Running <TaskInstance: main_dag.create_tag_dimension_query 2021-12-30T10:17:56.843539+00:00 [running]> on host 71257c6b2a25
[2021-12-31 10:22:43,190] {taskinstance.py:1251} INFO - Exporting the following env vars:
AIRFLOW_CTX_DAG_OWNER=***
AIRFLOW_CTX_DAG_ID=main_dag
AIRFLOW_CTX_TASK_ID=create_tag_dimension_query
AIRFLOW_CTX_EXECUTION_DATE=2021-12-30T10:17:56.843539+00:00
AIRFLOW_CTX_DAG_RUN_ID=scheduled__2021-12-30T10:17:56.843539+00:00
[2021-12-31 10:22:43,929] {python.py:151} INFO - Done. Returned value was: None
[2021-12-31 10:22:43,942] {taskinstance.py:1211} INFO - Marking task as SUCCESS. dag_id=main_dag, task_id=create_tag_dimension_query, execution_date=20211230T101756, start_date=20211231T102243, end_date=20211231T102243
[2021-12-31 10:22:43,992] {local_task_job.py:151} INFO - Task exited with return code 0
