[2021-12-30 11:31:50,593] {taskinstance.py:903} INFO - Dependencies all met for <TaskInstance: cleansing_dag.cleanse_vision 2021-12-29T11:31:27.968238+00:00 [queued]>
[2021-12-30 11:31:50,604] {taskinstance.py:903} INFO - Dependencies all met for <TaskInstance: cleansing_dag.cleanse_vision 2021-12-29T11:31:27.968238+00:00 [queued]>
[2021-12-30 11:31:50,605] {taskinstance.py:1094} INFO - 
--------------------------------------------------------------------------------
[2021-12-30 11:31:50,605] {taskinstance.py:1095} INFO - Starting attempt 1 of 2
[2021-12-30 11:31:50,606] {taskinstance.py:1096} INFO - 
--------------------------------------------------------------------------------
[2021-12-30 11:31:50,623] {taskinstance.py:1114} INFO - Executing <Task(PythonOperator): cleanse_vision> on 2021-12-29T11:31:27.968238+00:00
[2021-12-30 11:31:50,627] {standard_task_runner.py:52} INFO - Started process 65 to run task
[2021-12-30 11:31:50,631] {standard_task_runner.py:76} INFO - Running: ['***', 'tasks', 'run', 'cleansing_dag', 'cleanse_vision', '2021-12-29T11:31:27.968238+00:00', '--job-id', '5', '--pool', 'default_pool', '--raw', '--subdir', 'DAGS_FOLDER/kym_cleansing.py', '--cfg-path', '/tmp/tmpmcpn3k6b', '--error-file', '/tmp/tmpas63r8so']
[2021-12-30 11:31:50,632] {standard_task_runner.py:77} INFO - Job 5: Subtask cleanse_vision
[2021-12-30 11:31:50,673] {logging_mixin.py:109} INFO - Running <TaskInstance: cleansing_dag.cleanse_vision 2021-12-29T11:31:27.968238+00:00 [running]> on host 2eb70c976689
[2021-12-30 11:31:50,723] {taskinstance.py:1251} INFO - Exporting the following env vars:
AIRFLOW_CTX_DAG_OWNER=***
AIRFLOW_CTX_DAG_ID=cleansing_dag
AIRFLOW_CTX_TASK_ID=cleanse_vision
AIRFLOW_CTX_EXECUTION_DATE=2021-12-29T11:31:27.968238+00:00
AIRFLOW_CTX_DAG_RUN_ID=scheduled__2021-12-29T11:31:27.968238+00:00
[2021-12-30 11:33:06,957] {python.py:151} INFO - Done. Returned value was: None
[2021-12-30 11:33:06,968] {taskinstance.py:1211} INFO - Marking task as SUCCESS. dag_id=cleansing_dag, task_id=cleanse_vision, execution_date=20211229T113127, start_date=20211230T113150, end_date=20211230T113306
[2021-12-30 11:33:07,032] {local_task_job.py:151} INFO - Task exited with return code 0
