[2021-12-30 16:28:28,897] {taskinstance.py:903} INFO - Dependencies all met for <TaskInstance: cleansing_dag.request1 2021-12-29T16:24:18.694921+00:00 [queued]>
[2021-12-30 16:28:28,917] {taskinstance.py:903} INFO - Dependencies all met for <TaskInstance: cleansing_dag.request1 2021-12-29T16:24:18.694921+00:00 [queued]>
[2021-12-30 16:28:28,917] {taskinstance.py:1094} INFO - 
--------------------------------------------------------------------------------
[2021-12-30 16:28:28,917] {taskinstance.py:1095} INFO - Starting attempt 1 of 2
[2021-12-30 16:28:28,918] {taskinstance.py:1096} INFO - 
--------------------------------------------------------------------------------
[2021-12-30 16:28:28,927] {taskinstance.py:1114} INFO - Executing <Task(PostgresOperator): request1> on 2021-12-29T16:24:18.694921+00:00
[2021-12-30 16:28:28,933] {standard_task_runner.py:52} INFO - Started process 27916 to run task
[2021-12-30 16:28:28,936] {standard_task_runner.py:76} INFO - Running: ['***', 'tasks', 'run', 'cleansing_dag', 'request1', '2021-12-29T16:24:18.694921+00:00', '--job-id', '42', '--pool', 'default_pool', '--raw', '--subdir', 'DAGS_FOLDER/kym_cleansing.py', '--cfg-path', '/tmp/tmpttzqhzr0', '--error-file', '/tmp/tmpcu9pd4ui']
[2021-12-30 16:28:28,937] {standard_task_runner.py:77} INFO - Job 42: Subtask request1
[2021-12-30 16:28:28,973] {logging_mixin.py:109} INFO - Running <TaskInstance: cleansing_dag.request1 2021-12-29T16:24:18.694921+00:00 [running]> on host 71257c6b2a25
[2021-12-30 16:28:29,020] {taskinstance.py:1251} INFO - Exporting the following env vars:
AIRFLOW_CTX_DAG_OWNER=***
AIRFLOW_CTX_DAG_ID=cleansing_dag
AIRFLOW_CTX_TASK_ID=request1
AIRFLOW_CTX_EXECUTION_DATE=2021-12-29T16:24:18.694921+00:00
AIRFLOW_CTX_DAG_RUN_ID=scheduled__2021-12-29T16:24:18.694921+00:00
[2021-12-30 16:28:29,020] {postgres.py:68} INFO - Executing: SELECT * FROM fact_table;
[2021-12-30 16:28:29,028] {base.py:70} INFO - Using connection to: id: postgres_default. Host: postgres, Port: 5432, Schema: postgres, Login: ***, Password: ***, extra: {}
[2021-12-30 16:28:29,032] {dbapi.py:204} INFO - Running statement: SELECT * FROM fact_table;, parameters: None
[2021-12-30 16:28:29,047] {dbapi.py:212} INFO - Rows affected: 31203
[2021-12-30 16:28:29,058] {taskinstance.py:1211} INFO - Marking task as SUCCESS. dag_id=cleansing_dag, task_id=request1, execution_date=20211229T162418, start_date=20211230T162828, end_date=20211230T162829
[2021-12-30 16:28:29,108] {local_task_job.py:151} INFO - Task exited with return code 0
