[2021-12-29 13:56:45,271] {taskinstance.py:903} INFO - Dependencies all met for <TaskInstance: cleansing_dag.cleanse_kym 2021-12-29T13:56:44.064632+00:00 [queued]>
[2021-12-29 13:56:45,290] {taskinstance.py:903} INFO - Dependencies all met for <TaskInstance: cleansing_dag.cleanse_kym 2021-12-29T13:56:44.064632+00:00 [queued]>
[2021-12-29 13:56:45,291] {taskinstance.py:1094} INFO - 
--------------------------------------------------------------------------------
[2021-12-29 13:56:45,291] {taskinstance.py:1095} INFO - Starting attempt 1 of 2
[2021-12-29 13:56:45,292] {taskinstance.py:1096} INFO - 
--------------------------------------------------------------------------------
[2021-12-29 13:56:45,304] {taskinstance.py:1114} INFO - Executing <Task(PythonOperator): cleanse_kym> on 2021-12-29T13:56:44.064632+00:00
[2021-12-29 13:56:45,308] {standard_task_runner.py:52} INFO - Started process 16341 to run task
[2021-12-29 13:56:45,313] {standard_task_runner.py:76} INFO - Running: ['***', 'tasks', 'run', 'cleansing_dag', 'cleanse_kym', '2021-12-29T13:56:44.064632+00:00', '--job-id', '391', '--pool', 'default_pool', '--raw', '--subdir', 'DAGS_FOLDER/kym_cleansing.py', '--cfg-path', '/tmp/tmpt97g076r', '--error-file', '/tmp/tmp0woafi5q']
[2021-12-29 13:56:45,313] {standard_task_runner.py:77} INFO - Job 391: Subtask cleanse_kym
[2021-12-29 13:56:45,357] {logging_mixin.py:109} INFO - Running <TaskInstance: cleansing_dag.cleanse_kym 2021-12-29T13:56:44.064632+00:00 [running]> on host 34521d0e1651
[2021-12-29 13:56:45,411] {taskinstance.py:1251} INFO - Exporting the following env vars:
AIRFLOW_CTX_DAG_OWNER=***
AIRFLOW_CTX_DAG_ID=cleansing_dag
AIRFLOW_CTX_TASK_ID=cleanse_kym
AIRFLOW_CTX_EXECUTION_DATE=2021-12-29T13:56:44.064632+00:00
AIRFLOW_CTX_DAG_RUN_ID=manual__2021-12-29T13:56:44.064632+00:00
[2021-12-29 14:00:45,013] {python.py:151} INFO - Done. Returned value was: None
[2021-12-29 14:00:45,372] {taskinstance.py:1211} INFO - Marking task as SUCCESS. dag_id=cleansing_dag, task_id=cleanse_kym, execution_date=20211229T135644, start_date=20211229T135645, end_date=20211229T140045
[2021-12-29 14:00:45,482] {local_task_job.py:208} WARNING - State of this instance has been externally set to success. Terminating instance.
