[2021-12-13 14:41:27,707] {taskinstance.py:851} INFO - Dependencies all met for <TaskInstance: cleansing_dag.cleanse 2021-12-12T14:41:26.653188+00:00 [queued]>
[2021-12-13 14:41:27,722] {taskinstance.py:851} INFO - Dependencies all met for <TaskInstance: cleansing_dag.cleanse 2021-12-12T14:41:26.653188+00:00 [queued]>
[2021-12-13 14:41:27,723] {taskinstance.py:1042} INFO - 
--------------------------------------------------------------------------------
[2021-12-13 14:41:27,723] {taskinstance.py:1043} INFO - Starting attempt 1 of 2
[2021-12-13 14:41:27,723] {taskinstance.py:1044} INFO - 
--------------------------------------------------------------------------------
[2021-12-13 14:41:27,734] {taskinstance.py:1063} INFO - Executing <Task(PythonOperator): cleanse> on 2021-12-12T14:41:26.653188+00:00
[2021-12-13 14:41:27,738] {standard_task_runner.py:52} INFO - Started process 2077 to run task
[2021-12-13 14:41:27,741] {standard_task_runner.py:76} INFO - Running: ['airflow', 'tasks', 'run', 'cleansing_dag', 'cleanse', '2021-12-12T14:41:26.653188+00:00', '--job-id', '20', '--pool', 'default_pool', '--raw', '--subdir', 'DAGS_FOLDER/kym_cleansing.py', '--cfg-path', '/tmp/tmpbvzdvdlq', '--error-file', '/tmp/tmpdk9or6q4']
[2021-12-13 14:41:27,742] {standard_task_runner.py:77} INFO - Job 20: Subtask cleanse
[2021-12-13 14:41:27,776] {logging_mixin.py:104} INFO - Running <TaskInstance: cleansing_dag.cleanse 2021-12-12T14:41:26.653188+00:00 [running]> on host c2664a5050de
[2021-12-13 14:41:27,813] {taskinstance.py:1255} INFO - Exporting the following env vars:
AIRFLOW_CTX_DAG_OWNER=airflow
AIRFLOW_CTX_DAG_ID=cleansing_dag
AIRFLOW_CTX_TASK_ID=cleanse
AIRFLOW_CTX_EXECUTION_DATE=2021-12-12T14:41:26.653188+00:00
AIRFLOW_CTX_DAG_RUN_ID=scheduled__2021-12-12T14:41:26.653188+00:00
[2021-12-13 14:49:25,079] {local_task_job.py:187} WARNING - State of this instance has been externally set to up_for_retry. Terminating instance.
[2021-12-13 14:49:25,082] {process_utils.py:100} INFO - Sending Signals.SIGTERM to GPID 2077
[2021-12-13 14:49:25,085] {taskinstance.py:1239} ERROR - Received SIGTERM. Terminating subprocesses.
[2021-12-13 14:49:25,094] {taskinstance.py:1455} ERROR - Task received SIGTERM signal
Traceback (most recent call last):
  File "/home/airflow/.local/lib/python3.8/site-packages/airflow/models/taskinstance.py", line 1112, in _run_raw_task
    self._prepare_and_execute_task_with_callbacks(context, task)
  File "/home/airflow/.local/lib/python3.8/site-packages/airflow/models/taskinstance.py", line 1285, in _prepare_and_execute_task_with_callbacks
    result = self._execute_task(context, task_copy)
  File "/home/airflow/.local/lib/python3.8/site-packages/airflow/models/taskinstance.py", line 1315, in _execute_task
    result = task_copy.execute(context=context)
  File "/home/airflow/.local/lib/python3.8/site-packages/airflow/operators/python.py", line 117, in execute
    return_value = self.execute_callable()
  File "/home/airflow/.local/lib/python3.8/site-packages/airflow/operators/python.py", line 128, in execute_callable
    return self.python_callable(*self.op_args, **self.op_kwargs)
  File "/opt/airflow/dags/kym_cleansing.py", line 166, in cleanse
    pd.DataFrame(cleaned_memes).to_parquet("kym_processed.parquet")
  File "/home/airflow/.local/lib/python3.8/site-packages/pandas/util/_decorators.py", line 199, in wrapper
    return func(*args, **kwargs)
  File "/home/airflow/.local/lib/python3.8/site-packages/pandas/core/frame.py", line 2455, in to_parquet
    return to_parquet(
  File "/home/airflow/.local/lib/python3.8/site-packages/pandas/io/parquet.py", line 390, in to_parquet
    impl.write(
  File "/home/airflow/.local/lib/python3.8/site-packages/pandas/io/parquet.py", line 173, in write
    self.api.parquet.write_table(
  File "/home/airflow/.local/lib/python3.8/site-packages/pyarrow/parquet.py", line 1798, in write_table
    writer.write_table(table, row_group_size=row_group_size)
  File "/home/airflow/.local/lib/python3.8/site-packages/pyarrow/parquet.py", line 651, in write_table
    self.writer.write_table(table, row_group_size=row_group_size)
  File "pyarrow/_parquet.pyx", line 1409, in pyarrow._parquet.ParquetWriter.write_table
  File "/home/airflow/.local/lib/python3.8/site-packages/airflow/models/taskinstance.py", line 1241, in signal_handler
    raise AirflowException("Task received SIGTERM signal")
airflow.exceptions.AirflowException: Task received SIGTERM signal
[2021-12-13 14:49:25,100] {taskinstance.py:1496} INFO - Marking task as FAILED. dag_id=cleansing_dag, task_id=cleanse, execution_date=20211212T144126, start_date=20211213T144127, end_date=20211213T144925
[2021-12-13 14:49:25,175] {process_utils.py:66} INFO - Process psutil.Process(pid=2077, status='terminated', exitcode=1, started='14:41:27') (2077) terminated with exit code 1
