[2021-11-14 15:45:26,878] {taskinstance.py:851} INFO - Dependencies all met for <TaskInstance: first_dag.addSafeSearchRows 2021-11-13T15:45:25.862346+00:00 [queued]>
[2021-11-14 15:45:26,897] {taskinstance.py:851} INFO - Dependencies all met for <TaskInstance: first_dag.addSafeSearchRows 2021-11-13T15:45:25.862346+00:00 [queued]>
[2021-11-14 15:45:26,897] {taskinstance.py:1042} INFO - 
--------------------------------------------------------------------------------
[2021-11-14 15:45:26,898] {taskinstance.py:1043} INFO - Starting attempt 1 of 2
[2021-11-14 15:45:26,898] {taskinstance.py:1044} INFO - 
--------------------------------------------------------------------------------
[2021-11-14 15:45:26,909] {taskinstance.py:1063} INFO - Executing <Task(PythonOperator): addSafeSearchRows> on 2021-11-13T15:45:25.862346+00:00
[2021-11-14 15:45:26,913] {standard_task_runner.py:52} INFO - Started process 213 to run task
[2021-11-14 15:45:26,915] {standard_task_runner.py:76} INFO - Running: ['airflow', 'tasks', 'run', 'first_dag', 'addSafeSearchRows', '2021-11-13T15:45:25.862346+00:00', '--job-id', '28', '--pool', 'default_pool', '--raw', '--subdir', 'DAGS_FOLDER/first_dag.py', '--cfg-path', '/tmp/tmpl7yyuqzy', '--error-file', '/tmp/tmpya5xcr5j']
[2021-11-14 15:45:26,917] {standard_task_runner.py:77} INFO - Job 28: Subtask addSafeSearchRows
[2021-11-14 15:45:26,955] {logging_mixin.py:104} INFO - Running <TaskInstance: first_dag.addSafeSearchRows 2021-11-13T15:45:25.862346+00:00 [running]> on host f65740cbacf4
[2021-11-14 15:45:26,994] {taskinstance.py:1257} INFO - Exporting the following env vars:
AIRFLOW_CTX_DAG_OWNER=airflow
AIRFLOW_CTX_DAG_ID=first_dag
AIRFLOW_CTX_TASK_ID=addSafeSearchRows
AIRFLOW_CTX_EXECUTION_DATE=2021-11-13T15:45:25.862346+00:00
AIRFLOW_CTX_DAG_RUN_ID=scheduled__2021-11-13T15:45:25.862346+00:00
[2021-11-14 15:46:44,547] {python.py:118} INFO - Done. Returned value was: None
[2021-11-14 15:46:44,877] {taskinstance.py:1166} INFO - Marking task as SUCCESS. dag_id=first_dag, task_id=addSafeSearchRows, execution_date=20211113T154525, start_date=20211114T154526, end_date=20211114T154644
[2021-11-14 15:46:45,183] {taskinstance.py:1220} INFO - 1 downstream tasks scheduled from follow-on schedule check
[2021-11-14 15:46:45,237] {local_task_job.py:146} INFO - Task exited with return code 0
