[2021-12-28 19:42:50,677] {taskinstance.py:903} INFO - Dependencies all met for <TaskInstance: cleansing_dag.create_tag_dimension_query 2021-12-27T19:39:50.349164+00:00 [queued]>
[2021-12-28 19:42:50,692] {taskinstance.py:903} INFO - Dependencies all met for <TaskInstance: cleansing_dag.create_tag_dimension_query 2021-12-27T19:39:50.349164+00:00 [queued]>
[2021-12-28 19:42:50,693] {taskinstance.py:1094} INFO - 
--------------------------------------------------------------------------------
[2021-12-28 19:42:50,693] {taskinstance.py:1095} INFO - Starting attempt 1 of 2
[2021-12-28 19:42:50,693] {taskinstance.py:1096} INFO - 
--------------------------------------------------------------------------------
[2021-12-28 19:42:50,711] {taskinstance.py:1114} INFO - Executing <Task(PythonOperator): create_tag_dimension_query> on 2021-12-27T19:39:50.349164+00:00
[2021-12-28 19:42:50,716] {standard_task_runner.py:52} INFO - Started process 14080 to run task
[2021-12-28 19:42:50,719] {standard_task_runner.py:76} INFO - Running: ['***', 'tasks', 'run', 'cleansing_dag', 'create_tag_dimension_query', '2021-12-27T19:39:50.349164+00:00', '--job-id', '213', '--pool', 'default_pool', '--raw', '--subdir', 'DAGS_FOLDER/kym_cleansing.py', '--cfg-path', '/tmp/tmpul2bsaig', '--error-file', '/tmp/tmpm1lik5cr']
[2021-12-28 19:42:50,720] {standard_task_runner.py:77} INFO - Job 213: Subtask create_tag_dimension_query
[2021-12-28 19:42:50,764] {logging_mixin.py:109} INFO - Running <TaskInstance: cleansing_dag.create_tag_dimension_query 2021-12-27T19:39:50.349164+00:00 [running]> on host 0b3e0a2afa7a
[2021-12-28 19:42:50,818] {taskinstance.py:1251} INFO - Exporting the following env vars:
AIRFLOW_CTX_DAG_OWNER=***
AIRFLOW_CTX_DAG_ID=cleansing_dag
AIRFLOW_CTX_TASK_ID=create_tag_dimension_query
AIRFLOW_CTX_EXECUTION_DATE=2021-12-27T19:39:50.349164+00:00
AIRFLOW_CTX_DAG_RUN_ID=scheduled__2021-12-27T19:39:50.349164+00:00
[2021-12-28 19:42:51,499] {python.py:151} INFO - Done. Returned value was: None
[2021-12-28 19:42:51,510] {taskinstance.py:1211} INFO - Marking task as SUCCESS. dag_id=cleansing_dag, task_id=create_tag_dimension_query, execution_date=20211227T193950, start_date=20211228T194250, end_date=20211228T194251
[2021-12-28 19:42:51,573] {local_task_job.py:151} INFO - Task exited with return code 0
