[2021-12-31 10:28:11,401] {taskinstance.py:903} INFO - Dependencies all met for <TaskInstance: main_dag.create_fact_table_query 2021-12-31T10:23:18.790454+00:00 [queued]>
[2021-12-31 10:28:11,413] {taskinstance.py:903} INFO - Dependencies all met for <TaskInstance: main_dag.create_fact_table_query 2021-12-31T10:23:18.790454+00:00 [queued]>
[2021-12-31 10:28:11,414] {taskinstance.py:1094} INFO - 
--------------------------------------------------------------------------------
[2021-12-31 10:28:11,414] {taskinstance.py:1095} INFO - Starting attempt 1 of 2
[2021-12-31 10:28:11,414] {taskinstance.py:1096} INFO - 
--------------------------------------------------------------------------------
[2021-12-31 10:28:11,428] {taskinstance.py:1114} INFO - Executing <Task(PythonOperator): create_fact_table_query> on 2021-12-31T10:23:18.790454+00:00
[2021-12-31 10:28:11,433] {standard_task_runner.py:52} INFO - Started process 27986 to run task
[2021-12-31 10:28:11,436] {standard_task_runner.py:76} INFO - Running: ['***', 'tasks', 'run', 'main_dag', 'create_fact_table_query', '2021-12-31T10:23:18.790454+00:00', '--job-id', '104', '--pool', 'default_pool', '--raw', '--subdir', 'DAGS_FOLDER/main_dag.py', '--cfg-path', '/tmp/tmpowsedu1x', '--error-file', '/tmp/tmpg1mt5e7t']
[2021-12-31 10:28:11,437] {standard_task_runner.py:77} INFO - Job 104: Subtask create_fact_table_query
[2021-12-31 10:28:11,476] {logging_mixin.py:109} INFO - Running <TaskInstance: main_dag.create_fact_table_query 2021-12-31T10:23:18.790454+00:00 [running]> on host 71257c6b2a25
[2021-12-31 10:28:11,527] {taskinstance.py:1251} INFO - Exporting the following env vars:
AIRFLOW_CTX_DAG_OWNER=***
AIRFLOW_CTX_DAG_ID=main_dag
AIRFLOW_CTX_TASK_ID=create_fact_table_query
AIRFLOW_CTX_EXECUTION_DATE=2021-12-31T10:23:18.790454+00:00
AIRFLOW_CTX_DAG_RUN_ID=manual__2021-12-31T10:23:18.790454+00:00
[2021-12-31 10:28:13,368] {python.py:151} INFO - Done. Returned value was: None
[2021-12-31 10:28:13,378] {taskinstance.py:1211} INFO - Marking task as SUCCESS. dag_id=main_dag, task_id=create_fact_table_query, execution_date=20211231T102318, start_date=20211231T102811, end_date=20211231T102813
[2021-12-31 10:28:13,417] {local_task_job.py:151} INFO - Task exited with return code 0
