[2021-12-28 20:05:11,184] {taskinstance.py:903} INFO - Dependencies all met for <TaskInstance: cleansing_dag.cleanse_spotlight 2021-12-28T20:05:10.149066+00:00 [queued]>
[2021-12-28 20:05:11,207] {taskinstance.py:903} INFO - Dependencies all met for <TaskInstance: cleansing_dag.cleanse_spotlight 2021-12-28T20:05:10.149066+00:00 [queued]>
[2021-12-28 20:05:11,208] {taskinstance.py:1094} INFO - 
--------------------------------------------------------------------------------
[2021-12-28 20:05:11,208] {taskinstance.py:1095} INFO - Starting attempt 1 of 2
[2021-12-28 20:05:11,209] {taskinstance.py:1096} INFO - 
--------------------------------------------------------------------------------
[2021-12-28 20:05:11,224] {taskinstance.py:1114} INFO - Executing <Task(PythonOperator): cleanse_spotlight> on 2021-12-28T20:05:10.149066+00:00
[2021-12-28 20:05:11,231] {standard_task_runner.py:52} INFO - Started process 20921 to run task
[2021-12-28 20:05:11,235] {standard_task_runner.py:76} INFO - Running: ['***', 'tasks', 'run', 'cleansing_dag', 'cleanse_spotlight', '2021-12-28T20:05:10.149066+00:00', '--job-id', '282', '--pool', 'default_pool', '--raw', '--subdir', 'DAGS_FOLDER/kym_cleansing.py', '--cfg-path', '/tmp/tmpxzo5lwk_', '--error-file', '/tmp/tmpy2eki690']
[2021-12-28 20:05:11,236] {standard_task_runner.py:77} INFO - Job 282: Subtask cleanse_spotlight
[2021-12-28 20:05:11,293] {logging_mixin.py:109} INFO - Running <TaskInstance: cleansing_dag.cleanse_spotlight 2021-12-28T20:05:10.149066+00:00 [running]> on host 62c7f391d30e
[2021-12-28 20:05:11,357] {taskinstance.py:1251} INFO - Exporting the following env vars:
AIRFLOW_CTX_DAG_OWNER=***
AIRFLOW_CTX_DAG_ID=cleansing_dag
AIRFLOW_CTX_TASK_ID=cleanse_spotlight
AIRFLOW_CTX_EXECUTION_DATE=2021-12-28T20:05:10.149066+00:00
AIRFLOW_CTX_DAG_RUN_ID=manual__2021-12-28T20:05:10.149066+00:00
[2021-12-28 20:05:31,072] {python.py:151} INFO - Done. Returned value was: None
[2021-12-28 20:05:31,090] {taskinstance.py:1211} INFO - Marking task as SUCCESS. dag_id=cleansing_dag, task_id=cleanse_spotlight, execution_date=20211228T200510, start_date=20211228T200511, end_date=20211228T200531
[2021-12-28 20:05:31,168] {local_task_job.py:151} INFO - Task exited with return code 0
