[2021-12-31 15:11:40,200] {taskinstance.py:903} INFO - Dependencies all met for <TaskInstance: main_dag.create_additional_analysis_table_query 2021-12-31T15:06:37.773378+00:00 [queued]>
[2021-12-31 15:11:40,214] {taskinstance.py:903} INFO - Dependencies all met for <TaskInstance: main_dag.create_additional_analysis_table_query 2021-12-31T15:06:37.773378+00:00 [queued]>
[2021-12-31 15:11:40,215] {taskinstance.py:1094} INFO - 
--------------------------------------------------------------------------------
[2021-12-31 15:11:40,215] {taskinstance.py:1095} INFO - Starting attempt 1 of 2
[2021-12-31 15:11:40,216] {taskinstance.py:1096} INFO - 
--------------------------------------------------------------------------------
[2021-12-31 15:11:40,232] {taskinstance.py:1114} INFO - Executing <Task(PythonOperator): create_additional_analysis_table_query> on 2021-12-31T15:06:37.773378+00:00
[2021-12-31 15:11:40,237] {standard_task_runner.py:52} INFO - Started process 14099 to run task
[2021-12-31 15:11:40,240] {standard_task_runner.py:76} INFO - Running: ['***', 'tasks', 'run', 'main_dag', 'create_additional_analysis_table_query', '2021-12-31T15:06:37.773378+00:00', '--job-id', '37', '--pool', 'default_pool', '--raw', '--subdir', 'DAGS_FOLDER/main_dag.py', '--cfg-path', '/tmp/tmpf_4d_4x1', '--error-file', '/tmp/tmp52mplghp']
[2021-12-31 15:11:40,241] {standard_task_runner.py:77} INFO - Job 37: Subtask create_additional_analysis_table_query
[2021-12-31 15:11:40,278] {logging_mixin.py:109} INFO - Running <TaskInstance: main_dag.create_additional_analysis_table_query 2021-12-31T15:06:37.773378+00:00 [running]> on host 8e99a5d40b8f
[2021-12-31 15:11:40,340] {taskinstance.py:1251} INFO - Exporting the following env vars:
AIRFLOW_CTX_DAG_OWNER=***
AIRFLOW_CTX_DAG_ID=main_dag
AIRFLOW_CTX_TASK_ID=create_additional_analysis_table_query
AIRFLOW_CTX_EXECUTION_DATE=2021-12-31T15:06:37.773378+00:00
AIRFLOW_CTX_DAG_RUN_ID=manual__2021-12-31T15:06:37.773378+00:00
[2021-12-31 15:11:41,047] {python.py:151} INFO - Done. Returned value was: None
[2021-12-31 15:11:41,092] {taskinstance.py:1211} INFO - Marking task as SUCCESS. dag_id=main_dag, task_id=create_additional_analysis_table_query, execution_date=20211231T150637, start_date=20211231T151140, end_date=20211231T151141
[2021-12-31 15:11:41,138] {local_task_job.py:151} INFO - Task exited with return code 0
