[2021-12-29 14:45:18,658] {taskinstance.py:903} INFO - Dependencies all met for <TaskInstance: cleansing_dag.create_origin_dimension_query 2021-12-28T14:42:35.793315+00:00 [queued]>
[2021-12-29 14:45:18,681] {taskinstance.py:903} INFO - Dependencies all met for <TaskInstance: cleansing_dag.create_origin_dimension_query 2021-12-28T14:42:35.793315+00:00 [queued]>
[2021-12-29 14:45:18,682] {taskinstance.py:1094} INFO - 
--------------------------------------------------------------------------------
[2021-12-29 14:45:18,682] {taskinstance.py:1095} INFO - Starting attempt 1 of 2
[2021-12-29 14:45:18,682] {taskinstance.py:1096} INFO - 
--------------------------------------------------------------------------------
[2021-12-29 14:45:18,700] {taskinstance.py:1114} INFO - Executing <Task(PythonOperator): create_origin_dimension_query> on 2021-12-28T14:42:35.793315+00:00
[2021-12-29 14:45:18,707] {standard_task_runner.py:52} INFO - Started process 25921 to run task
[2021-12-29 14:45:18,711] {standard_task_runner.py:76} INFO - Running: ['***', 'tasks', 'run', 'cleansing_dag', 'create_origin_dimension_query', '2021-12-28T14:42:35.793315+00:00', '--job-id', '460', '--pool', 'default_pool', '--raw', '--subdir', 'DAGS_FOLDER/kym_cleansing.py', '--cfg-path', '/tmp/tmpc2gv6w2x', '--error-file', '/tmp/tmp5tttd6gs']
[2021-12-29 14:45:18,712] {standard_task_runner.py:77} INFO - Job 460: Subtask create_origin_dimension_query
[2021-12-29 14:45:18,758] {logging_mixin.py:109} INFO - Running <TaskInstance: cleansing_dag.create_origin_dimension_query 2021-12-28T14:42:35.793315+00:00 [running]> on host 34521d0e1651
[2021-12-29 14:45:18,814] {taskinstance.py:1251} INFO - Exporting the following env vars:
AIRFLOW_CTX_DAG_OWNER=***
AIRFLOW_CTX_DAG_ID=cleansing_dag
AIRFLOW_CTX_TASK_ID=create_origin_dimension_query
AIRFLOW_CTX_EXECUTION_DATE=2021-12-28T14:42:35.793315+00:00
AIRFLOW_CTX_DAG_RUN_ID=scheduled__2021-12-28T14:42:35.793315+00:00
[2021-12-29 14:45:18,927] {python.py:151} INFO - Done. Returned value was: None
[2021-12-29 14:45:19,019] {taskinstance.py:1211} INFO - Marking task as SUCCESS. dag_id=cleansing_dag, task_id=create_origin_dimension_query, execution_date=20211228T144235, start_date=20211229T144518, end_date=20211229T144519
[2021-12-29 14:45:19,084] {local_task_job.py:151} INFO - Task exited with return code 0
