[2021-12-09 15:53:40,434] {taskinstance.py:851} INFO - Dependencies all met for <TaskInstance: cleansing_dag.writeOut 2021-12-09T15:53:34.637918+00:00 [queued]>
[2021-12-09 15:53:40,463] {taskinstance.py:851} INFO - Dependencies all met for <TaskInstance: cleansing_dag.writeOut 2021-12-09T15:53:34.637918+00:00 [queued]>
[2021-12-09 15:53:40,463] {taskinstance.py:1042} INFO - 
--------------------------------------------------------------------------------
[2021-12-09 15:53:40,463] {taskinstance.py:1043} INFO - Starting attempt 1 of 2
[2021-12-09 15:53:40,464] {taskinstance.py:1044} INFO - 
--------------------------------------------------------------------------------
[2021-12-09 15:53:40,475] {taskinstance.py:1063} INFO - Executing <Task(PythonOperator): writeOut> on 2021-12-09T15:53:34.637918+00:00
[2021-12-09 15:53:40,479] {standard_task_runner.py:52} INFO - Started process 127 to run task
[2021-12-09 15:53:40,482] {standard_task_runner.py:76} INFO - Running: ['airflow', 'tasks', 'run', 'cleansing_dag', 'writeOut', '2021-12-09T15:53:34.637918+00:00', '--job-id', '48', '--pool', 'default_pool', '--raw', '--subdir', 'DAGS_FOLDER/kym_cleansing.py', '--cfg-path', '/tmp/tmpzh11a628', '--error-file', '/tmp/tmplsv9tlkx']
[2021-12-09 15:53:40,484] {standard_task_runner.py:77} INFO - Job 48: Subtask writeOut
[2021-12-09 15:53:40,523] {logging_mixin.py:104} INFO - Running <TaskInstance: cleansing_dag.writeOut 2021-12-09T15:53:34.637918+00:00 [running]> on host 8ea24132e477
[2021-12-09 15:53:40,558] {taskinstance.py:1257} INFO - Exporting the following env vars:
AIRFLOW_CTX_DAG_OWNER=airflow
AIRFLOW_CTX_DAG_ID=cleansing_dag
AIRFLOW_CTX_TASK_ID=writeOut
AIRFLOW_CTX_EXECUTION_DATE=2021-12-09T15:53:34.637918+00:00
AIRFLOW_CTX_DAG_RUN_ID=manual__2021-12-09T15:53:34.637918+00:00
[2021-12-09 15:53:46,700] {python.py:118} INFO - Done. Returned value was: None
[2021-12-09 15:53:47,035] {taskinstance.py:1166} INFO - Marking task as SUCCESS. dag_id=cleansing_dag, task_id=writeOut, execution_date=20211209T155334, start_date=20211209T155340, end_date=20211209T155347
[2021-12-09 15:53:47,063] {taskinstance.py:1220} INFO - 0 downstream tasks scheduled from follow-on schedule check
[2021-12-09 15:53:47,121] {local_task_job.py:146} INFO - Task exited with return code 0
