[2021-12-28 20:16:44,006] {taskinstance.py:903} INFO - Dependencies all met for <TaskInstance: cleansing_dag.create_additional_analysis_table_query 2021-12-27T20:13:54.304938+00:00 [queued]>
[2021-12-28 20:16:44,024] {taskinstance.py:903} INFO - Dependencies all met for <TaskInstance: cleansing_dag.create_additional_analysis_table_query 2021-12-27T20:13:54.304938+00:00 [queued]>
[2021-12-28 20:16:44,025] {taskinstance.py:1094} INFO - 
--------------------------------------------------------------------------------
[2021-12-28 20:16:44,025] {taskinstance.py:1095} INFO - Starting attempt 1 of 2
[2021-12-28 20:16:44,026] {taskinstance.py:1096} INFO - 
--------------------------------------------------------------------------------
[2021-12-28 20:16:44,036] {taskinstance.py:1114} INFO - Executing <Task(PythonOperator): create_additional_analysis_table_query> on 2021-12-27T20:13:54.304938+00:00
[2021-12-28 20:16:44,041] {standard_task_runner.py:52} INFO - Started process 9122 to run task
[2021-12-28 20:16:44,045] {standard_task_runner.py:76} INFO - Running: ['***', 'tasks', 'run', 'cleansing_dag', 'create_additional_analysis_table_query', '2021-12-27T20:13:54.304938+00:00', '--job-id', '300', '--pool', 'default_pool', '--raw', '--subdir', 'DAGS_FOLDER/kym_cleansing.py', '--cfg-path', '/tmp/tmp9_pgr0q1', '--error-file', '/tmp/tmpg6hqj6vk']
[2021-12-28 20:16:44,046] {standard_task_runner.py:77} INFO - Job 300: Subtask create_additional_analysis_table_query
[2021-12-28 20:16:44,085] {logging_mixin.py:109} INFO - Running <TaskInstance: cleansing_dag.create_additional_analysis_table_query 2021-12-27T20:13:54.304938+00:00 [running]> on host 62c7f391d30e
[2021-12-28 20:16:44,139] {taskinstance.py:1251} INFO - Exporting the following env vars:
AIRFLOW_CTX_DAG_OWNER=***
AIRFLOW_CTX_DAG_ID=cleansing_dag
AIRFLOW_CTX_TASK_ID=create_additional_analysis_table_query
AIRFLOW_CTX_EXECUTION_DATE=2021-12-27T20:13:54.304938+00:00
AIRFLOW_CTX_DAG_RUN_ID=scheduled__2021-12-27T20:13:54.304938+00:00
[2021-12-28 20:16:45,467] {python.py:151} INFO - Done. Returned value was: None
[2021-12-28 20:16:45,482] {taskinstance.py:1211} INFO - Marking task as SUCCESS. dag_id=cleansing_dag, task_id=create_additional_analysis_table_query, execution_date=20211227T201354, start_date=20211228T201644, end_date=20211228T201645
[2021-12-28 20:16:45,542] {local_task_job.py:151} INFO - Task exited with return code 0
