[2021-12-28 20:03:07,691] {taskinstance.py:903} INFO - Dependencies all met for <TaskInstance: cleansing_dag.create_origin_dimension_query 2021-12-27T20:00:00.364332+00:00 [queued]>
[2021-12-28 20:03:07,712] {taskinstance.py:903} INFO - Dependencies all met for <TaskInstance: cleansing_dag.create_origin_dimension_query 2021-12-27T20:00:00.364332+00:00 [queued]>
[2021-12-28 20:03:07,713] {taskinstance.py:1094} INFO - 
--------------------------------------------------------------------------------
[2021-12-28 20:03:07,713] {taskinstance.py:1095} INFO - Starting attempt 1 of 2
[2021-12-28 20:03:07,714] {taskinstance.py:1096} INFO - 
--------------------------------------------------------------------------------
[2021-12-28 20:03:07,728] {taskinstance.py:1114} INFO - Executing <Task(PythonOperator): create_origin_dimension_query> on 2021-12-27T20:00:00.364332+00:00
[2021-12-28 20:03:07,737] {standard_task_runner.py:52} INFO - Started process 20862 to run task
[2021-12-28 20:03:07,740] {standard_task_runner.py:76} INFO - Running: ['***', 'tasks', 'run', 'cleansing_dag', 'create_origin_dimension_query', '2021-12-27T20:00:00.364332+00:00', '--job-id', '271', '--pool', 'default_pool', '--raw', '--subdir', 'DAGS_FOLDER/kym_cleansing.py', '--cfg-path', '/tmp/tmpvo0arwbm', '--error-file', '/tmp/tmpdqark_xj']
[2021-12-28 20:03:07,741] {standard_task_runner.py:77} INFO - Job 271: Subtask create_origin_dimension_query
[2021-12-28 20:03:07,786] {logging_mixin.py:109} INFO - Running <TaskInstance: cleansing_dag.create_origin_dimension_query 2021-12-27T20:00:00.364332+00:00 [running]> on host 62c7f391d30e
[2021-12-28 20:03:07,867] {taskinstance.py:1251} INFO - Exporting the following env vars:
AIRFLOW_CTX_DAG_OWNER=***
AIRFLOW_CTX_DAG_ID=cleansing_dag
AIRFLOW_CTX_TASK_ID=create_origin_dimension_query
AIRFLOW_CTX_EXECUTION_DATE=2021-12-27T20:00:00.364332+00:00
AIRFLOW_CTX_DAG_RUN_ID=scheduled__2021-12-27T20:00:00.364332+00:00
[2021-12-28 20:03:07,984] {python.py:151} INFO - Done. Returned value was: None
[2021-12-28 20:03:08,053] {taskinstance.py:1211} INFO - Marking task as SUCCESS. dag_id=cleansing_dag, task_id=create_origin_dimension_query, execution_date=20211227T200000, start_date=20211228T200307, end_date=20211228T200308
[2021-12-28 20:03:08,114] {local_task_job.py:151} INFO - Task exited with return code 0
