[2021-12-16 13:29:56,201] {taskinstance.py:851} INFO - Dependencies all met for <TaskInstance: cleansing_dag.cleanse_kym 2021-12-16T13:29:54.966426+00:00 [queued]>
[2021-12-16 13:29:56,220] {taskinstance.py:851} INFO - Dependencies all met for <TaskInstance: cleansing_dag.cleanse_kym 2021-12-16T13:29:54.966426+00:00 [queued]>
[2021-12-16 13:29:56,220] {taskinstance.py:1042} INFO - 
--------------------------------------------------------------------------------
[2021-12-16 13:29:56,220] {taskinstance.py:1043} INFO - Starting attempt 1 of 2
[2021-12-16 13:29:56,220] {taskinstance.py:1044} INFO - 
--------------------------------------------------------------------------------
[2021-12-16 13:29:56,234] {taskinstance.py:1063} INFO - Executing <Task(PythonOperator): cleanse_kym> on 2021-12-16T13:29:54.966426+00:00
[2021-12-16 13:29:56,238] {standard_task_runner.py:52} INFO - Started process 2133 to run task
[2021-12-16 13:29:56,242] {standard_task_runner.py:76} INFO - Running: ['airflow', 'tasks', 'run', 'cleansing_dag', 'cleanse_kym', '2021-12-16T13:29:54.966426+00:00', '--job-id', '42', '--pool', 'default_pool', '--raw', '--subdir', 'DAGS_FOLDER/kym_cleansing.py', '--cfg-path', '/tmp/tmpvt62cffz', '--error-file', '/tmp/tmpkwhnowbx']
[2021-12-16 13:29:56,243] {standard_task_runner.py:77} INFO - Job 42: Subtask cleanse_kym
[2021-12-16 13:29:56,278] {logging_mixin.py:104} INFO - Running <TaskInstance: cleansing_dag.cleanse_kym 2021-12-16T13:29:54.966426+00:00 [running]> on host f46d95c5a5d9
[2021-12-16 13:29:56,314] {taskinstance.py:1255} INFO - Exporting the following env vars:
AIRFLOW_CTX_DAG_OWNER=airflow
AIRFLOW_CTX_DAG_ID=cleansing_dag
AIRFLOW_CTX_TASK_ID=cleanse_kym
AIRFLOW_CTX_EXECUTION_DATE=2021-12-16T13:29:54.966426+00:00
AIRFLOW_CTX_DAG_RUN_ID=manual__2021-12-16T13:29:54.966426+00:00
[2021-12-16 13:32:47,284] {python.py:118} INFO - Done. Returned value was: None
[2021-12-16 13:32:47,297] {taskinstance.py:1159} INFO - Marking task as SUCCESS. dag_id=cleansing_dag, task_id=cleanse_kym, execution_date=20211216T132954, start_date=20211216T132956, end_date=20211216T133247
[2021-12-16 13:32:47,355] {local_task_job.py:146} INFO - Task exited with return code 0
