[2021-12-30 16:28:21,516] {taskinstance.py:903} INFO - Dependencies all met for <TaskInstance: cleansing_dag.create_origin_dimension_query 2021-12-29T16:24:18.694921+00:00 [queued]>
[2021-12-30 16:28:21,540] {taskinstance.py:903} INFO - Dependencies all met for <TaskInstance: cleansing_dag.create_origin_dimension_query 2021-12-29T16:24:18.694921+00:00 [queued]>
[2021-12-30 16:28:21,541] {taskinstance.py:1094} INFO - 
--------------------------------------------------------------------------------
[2021-12-30 16:28:21,541] {taskinstance.py:1095} INFO - Starting attempt 1 of 2
[2021-12-30 16:28:21,542] {taskinstance.py:1096} INFO - 
--------------------------------------------------------------------------------
[2021-12-30 16:28:21,555] {taskinstance.py:1114} INFO - Executing <Task(PythonOperator): create_origin_dimension_query> on 2021-12-29T16:24:18.694921+00:00
[2021-12-30 16:28:21,560] {standard_task_runner.py:52} INFO - Started process 27869 to run task
[2021-12-30 16:28:21,564] {standard_task_runner.py:76} INFO - Running: ['***', 'tasks', 'run', 'cleansing_dag', 'create_origin_dimension_query', '2021-12-29T16:24:18.694921+00:00', '--job-id', '33', '--pool', 'default_pool', '--raw', '--subdir', 'DAGS_FOLDER/kym_cleansing.py', '--cfg-path', '/tmp/tmprwq6pht2', '--error-file', '/tmp/tmpo4ue00n8']
[2021-12-30 16:28:21,565] {standard_task_runner.py:77} INFO - Job 33: Subtask create_origin_dimension_query
[2021-12-30 16:28:21,605] {logging_mixin.py:109} INFO - Running <TaskInstance: cleansing_dag.create_origin_dimension_query 2021-12-29T16:24:18.694921+00:00 [running]> on host 71257c6b2a25
[2021-12-30 16:28:21,672] {taskinstance.py:1251} INFO - Exporting the following env vars:
AIRFLOW_CTX_DAG_OWNER=***
AIRFLOW_CTX_DAG_ID=cleansing_dag
AIRFLOW_CTX_TASK_ID=create_origin_dimension_query
AIRFLOW_CTX_EXECUTION_DATE=2021-12-29T16:24:18.694921+00:00
AIRFLOW_CTX_DAG_RUN_ID=scheduled__2021-12-29T16:24:18.694921+00:00
[2021-12-30 16:28:21,795] {python.py:151} INFO - Done. Returned value was: None
[2021-12-30 16:28:21,807] {taskinstance.py:1211} INFO - Marking task as SUCCESS. dag_id=cleansing_dag, task_id=create_origin_dimension_query, execution_date=20211229T162418, start_date=20211230T162821, end_date=20211230T162821
[2021-12-30 16:28:21,862] {local_task_job.py:151} INFO - Task exited with return code 0
