[2021-12-29 14:32:44,132] {taskinstance.py:903} INFO - Dependencies all met for <TaskInstance: cleansing_dag.cleanse_spotlight 2021-12-29T14:32:42.604175+00:00 [queued]>
[2021-12-29 14:32:44,149] {taskinstance.py:903} INFO - Dependencies all met for <TaskInstance: cleansing_dag.cleanse_spotlight 2021-12-29T14:32:42.604175+00:00 [queued]>
[2021-12-29 14:32:44,149] {taskinstance.py:1094} INFO - 
--------------------------------------------------------------------------------
[2021-12-29 14:32:44,149] {taskinstance.py:1095} INFO - Starting attempt 1 of 2
[2021-12-29 14:32:44,150] {taskinstance.py:1096} INFO - 
--------------------------------------------------------------------------------
[2021-12-29 14:32:44,162] {taskinstance.py:1114} INFO - Executing <Task(PythonOperator): cleanse_spotlight> on 2021-12-29T14:32:42.604175+00:00
[2021-12-29 14:32:44,168] {standard_task_runner.py:52} INFO - Started process 5047 to run task
[2021-12-29 14:32:44,171] {standard_task_runner.py:76} INFO - Running: ['***', 'tasks', 'run', 'cleansing_dag', 'cleanse_spotlight', '2021-12-29T14:32:42.604175+00:00', '--job-id', '431', '--pool', 'default_pool', '--raw', '--subdir', 'DAGS_FOLDER/kym_cleansing.py', '--cfg-path', '/tmp/tmprxwg9s2q', '--error-file', '/tmp/tmp4x1uhqrz']
[2021-12-29 14:32:44,172] {standard_task_runner.py:77} INFO - Job 431: Subtask cleanse_spotlight
[2021-12-29 14:32:44,214] {logging_mixin.py:109} INFO - Running <TaskInstance: cleansing_dag.cleanse_spotlight 2021-12-29T14:32:42.604175+00:00 [running]> on host 34521d0e1651
[2021-12-29 14:32:44,268] {taskinstance.py:1251} INFO - Exporting the following env vars:
AIRFLOW_CTX_DAG_OWNER=***
AIRFLOW_CTX_DAG_ID=cleansing_dag
AIRFLOW_CTX_TASK_ID=cleanse_spotlight
AIRFLOW_CTX_EXECUTION_DATE=2021-12-29T14:32:42.604175+00:00
AIRFLOW_CTX_DAG_RUN_ID=manual__2021-12-29T14:32:42.604175+00:00
[2021-12-29 14:32:53,480] {python.py:151} INFO - Done. Returned value was: None
[2021-12-29 14:32:53,492] {taskinstance.py:1211} INFO - Marking task as SUCCESS. dag_id=cleansing_dag, task_id=cleanse_spotlight, execution_date=20211229T143242, start_date=20211229T143244, end_date=20211229T143253
[2021-12-29 14:32:53,547] {local_task_job.py:151} INFO - Task exited with return code 0
