[2021-12-28 14:43:30,989] {taskinstance.py:851} INFO - Dependencies all met for <TaskInstance: cleansing_dag.create_origin_dimension_query 2021-12-27T14:40:38.307959+00:00 [queued]>
[2021-12-28 14:43:31,006] {taskinstance.py:851} INFO - Dependencies all met for <TaskInstance: cleansing_dag.create_origin_dimension_query 2021-12-27T14:40:38.307959+00:00 [queued]>
[2021-12-28 14:43:31,007] {taskinstance.py:1042} INFO - 
--------------------------------------------------------------------------------
[2021-12-28 14:43:31,008] {taskinstance.py:1043} INFO - Starting attempt 1 of 2
[2021-12-28 14:43:31,008] {taskinstance.py:1044} INFO - 
--------------------------------------------------------------------------------
[2021-12-28 14:43:31,021] {taskinstance.py:1063} INFO - Executing <Task(PythonOperator): create_origin_dimension_query> on 2021-12-27T14:40:38.307959+00:00
[2021-12-28 14:43:31,027] {standard_task_runner.py:52} INFO - Started process 14290 to run task
[2021-12-28 14:43:31,030] {standard_task_runner.py:76} INFO - Running: ['airflow', 'tasks', 'run', 'cleansing_dag', 'create_origin_dimension_query', '2021-12-27T14:40:38.307959+00:00', '--job-id', '93', '--pool', 'default_pool', '--raw', '--subdir', 'DAGS_FOLDER/kym_cleansing.py', '--cfg-path', '/tmp/tmp1eq2grds', '--error-file', '/tmp/tmpb72n_efg']
[2021-12-28 14:43:31,032] {standard_task_runner.py:77} INFO - Job 93: Subtask create_origin_dimension_query
[2021-12-28 14:43:31,080] {logging_mixin.py:104} INFO - Running <TaskInstance: cleansing_dag.create_origin_dimension_query 2021-12-27T14:40:38.307959+00:00 [running]> on host 78fdbf5e507e
[2021-12-28 14:43:31,177] {taskinstance.py:1255} INFO - Exporting the following env vars:
AIRFLOW_CTX_DAG_OWNER=airflow
AIRFLOW_CTX_DAG_ID=cleansing_dag
AIRFLOW_CTX_TASK_ID=create_origin_dimension_query
AIRFLOW_CTX_EXECUTION_DATE=2021-12-27T14:40:38.307959+00:00
AIRFLOW_CTX_DAG_RUN_ID=scheduled__2021-12-27T14:40:38.307959+00:00
[2021-12-28 14:43:31,353] {python.py:118} INFO - Done. Returned value was: None
[2021-12-28 14:43:31,363] {taskinstance.py:1159} INFO - Marking task as SUCCESS. dag_id=cleansing_dag, task_id=create_origin_dimension_query, execution_date=20211227T144038, start_date=20211228T144330, end_date=20211228T144331
[2021-12-28 14:43:31,404] {local_task_job.py:146} INFO - Task exited with return code 0
