[2021-12-31 16:32:54,253] {taskinstance.py:903} INFO - Dependencies all met for <TaskInstance: main_dag.cleanse_spotlight 2021-12-31T16:29:52.816585+00:00 [queued]>
[2021-12-31 16:32:54,266] {taskinstance.py:903} INFO - Dependencies all met for <TaskInstance: main_dag.cleanse_spotlight 2021-12-31T16:29:52.816585+00:00 [queued]>
[2021-12-31 16:32:54,267] {taskinstance.py:1094} INFO - 
--------------------------------------------------------------------------------
[2021-12-31 16:32:54,268] {taskinstance.py:1095} INFO - Starting attempt 1 of 2
[2021-12-31 16:32:54,268] {taskinstance.py:1096} INFO - 
--------------------------------------------------------------------------------
[2021-12-31 16:32:54,284] {taskinstance.py:1114} INFO - Executing <Task(PythonOperator): cleanse_spotlight> on 2021-12-31T16:29:52.816585+00:00
[2021-12-31 16:32:54,289] {standard_task_runner.py:52} INFO - Started process 5668 to run task
[2021-12-31 16:32:54,292] {standard_task_runner.py:76} INFO - Running: ['***', 'tasks', 'run', 'main_dag', 'cleanse_spotlight', '2021-12-31T16:29:52.816585+00:00', '--job-id', '207', '--pool', 'default_pool', '--raw', '--subdir', 'DAGS_FOLDER/main_dag.py', '--cfg-path', '/tmp/tmp3fnw6ei2', '--error-file', '/tmp/tmp83uplx3d']
[2021-12-31 16:32:54,293] {standard_task_runner.py:77} INFO - Job 207: Subtask cleanse_spotlight
[2021-12-31 16:32:54,331] {logging_mixin.py:109} INFO - Running <TaskInstance: main_dag.cleanse_spotlight 2021-12-31T16:29:52.816585+00:00 [running]> on host 8e99a5d40b8f
[2021-12-31 16:32:54,378] {taskinstance.py:1251} INFO - Exporting the following env vars:
AIRFLOW_CTX_DAG_OWNER=***
AIRFLOW_CTX_DAG_ID=main_dag
AIRFLOW_CTX_TASK_ID=cleanse_spotlight
AIRFLOW_CTX_EXECUTION_DATE=2021-12-31T16:29:52.816585+00:00
AIRFLOW_CTX_DAG_RUN_ID=manual__2021-12-31T16:29:52.816585+00:00
[2021-12-31 16:33:04,627] {python.py:151} INFO - Done. Returned value was: None
[2021-12-31 16:33:04,675] {taskinstance.py:1211} INFO - Marking task as SUCCESS. dag_id=main_dag, task_id=cleanse_spotlight, execution_date=20211231T162952, start_date=20211231T163254, end_date=20211231T163304
[2021-12-31 16:33:04,704] {local_task_job.py:151} INFO - Task exited with return code 0
