[2021-12-16 12:32:09,123] {taskinstance.py:851} INFO - Dependencies all met for <TaskInstance: cleansing_dag.merge 2021-12-15T12:24:11.111892+00:00 [queued]>
[2021-12-16 12:32:09,136] {taskinstance.py:851} INFO - Dependencies all met for <TaskInstance: cleansing_dag.merge 2021-12-15T12:24:11.111892+00:00 [queued]>
[2021-12-16 12:32:09,136] {taskinstance.py:1042} INFO - 
--------------------------------------------------------------------------------
[2021-12-16 12:32:09,137] {taskinstance.py:1043} INFO - Starting attempt 1 of 2
[2021-12-16 12:32:09,137] {taskinstance.py:1044} INFO - 
--------------------------------------------------------------------------------
[2021-12-16 12:32:09,153] {taskinstance.py:1063} INFO - Executing <Task(PythonOperator): merge> on 2021-12-15T12:24:11.111892+00:00
[2021-12-16 12:32:09,157] {standard_task_runner.py:52} INFO - Started process 13726 to run task
[2021-12-16 12:32:09,159] {standard_task_runner.py:76} INFO - Running: ['airflow', 'tasks', 'run', 'cleansing_dag', 'merge', '2021-12-15T12:24:11.111892+00:00', '--job-id', '30', '--pool', 'default_pool', '--raw', '--subdir', 'DAGS_FOLDER/kym_cleansing.py', '--cfg-path', '/tmp/tmpbjy0grll', '--error-file', '/tmp/tmpe1z6fa18']
[2021-12-16 12:32:09,160] {standard_task_runner.py:77} INFO - Job 30: Subtask merge
[2021-12-16 12:32:09,197] {logging_mixin.py:104} INFO - Running <TaskInstance: cleansing_dag.merge 2021-12-15T12:24:11.111892+00:00 [running]> on host f46d95c5a5d9
[2021-12-16 12:32:09,242] {taskinstance.py:1255} INFO - Exporting the following env vars:
AIRFLOW_CTX_DAG_OWNER=airflow
AIRFLOW_CTX_DAG_ID=cleansing_dag
AIRFLOW_CTX_TASK_ID=merge
AIRFLOW_CTX_EXECUTION_DATE=2021-12-15T12:24:11.111892+00:00
AIRFLOW_CTX_DAG_RUN_ID=scheduled__2021-12-15T12:24:11.111892+00:00
[2021-12-16 12:32:15,575] {python.py:118} INFO - Done. Returned value was: None
[2021-12-16 12:32:15,587] {taskinstance.py:1159} INFO - Marking task as SUCCESS. dag_id=cleansing_dag, task_id=merge, execution_date=20211215T122411, start_date=20211216T123209, end_date=20211216T123215
[2021-12-16 12:32:15,679] {local_task_job.py:146} INFO - Task exited with return code 0
