[2021-12-28 20:05:11,168] {taskinstance.py:903} INFO - Dependencies all met for <TaskInstance: cleansing_dag.cleanse_vision 2021-12-28T20:05:10.149066+00:00 [queued]>
[2021-12-28 20:05:11,191] {taskinstance.py:903} INFO - Dependencies all met for <TaskInstance: cleansing_dag.cleanse_vision 2021-12-28T20:05:10.149066+00:00 [queued]>
[2021-12-28 20:05:11,192] {taskinstance.py:1094} INFO - 
--------------------------------------------------------------------------------
[2021-12-28 20:05:11,192] {taskinstance.py:1095} INFO - Starting attempt 1 of 2
[2021-12-28 20:05:11,193] {taskinstance.py:1096} INFO - 
--------------------------------------------------------------------------------
[2021-12-28 20:05:11,206] {taskinstance.py:1114} INFO - Executing <Task(PythonOperator): cleanse_vision> on 2021-12-28T20:05:10.149066+00:00
[2021-12-28 20:05:11,214] {standard_task_runner.py:52} INFO - Started process 20920 to run task
[2021-12-28 20:05:11,218] {standard_task_runner.py:76} INFO - Running: ['***', 'tasks', 'run', 'cleansing_dag', 'cleanse_vision', '2021-12-28T20:05:10.149066+00:00', '--job-id', '281', '--pool', 'default_pool', '--raw', '--subdir', 'DAGS_FOLDER/kym_cleansing.py', '--cfg-path', '/tmp/tmp7t6nrugw', '--error-file', '/tmp/tmpy5zryxh9']
[2021-12-28 20:05:11,219] {standard_task_runner.py:77} INFO - Job 281: Subtask cleanse_vision
[2021-12-28 20:05:11,277] {logging_mixin.py:109} INFO - Running <TaskInstance: cleansing_dag.cleanse_vision 2021-12-28T20:05:10.149066+00:00 [running]> on host 62c7f391d30e
[2021-12-28 20:05:11,345] {taskinstance.py:1251} INFO - Exporting the following env vars:
AIRFLOW_CTX_DAG_OWNER=***
AIRFLOW_CTX_DAG_ID=cleansing_dag
AIRFLOW_CTX_TASK_ID=cleanse_vision
AIRFLOW_CTX_EXECUTION_DATE=2021-12-28T20:05:10.149066+00:00
AIRFLOW_CTX_DAG_RUN_ID=manual__2021-12-28T20:05:10.149066+00:00
[2021-12-28 20:07:01,356] {python.py:151} INFO - Done. Returned value was: None
[2021-12-28 20:07:01,373] {taskinstance.py:1211} INFO - Marking task as SUCCESS. dag_id=cleansing_dag, task_id=cleanse_vision, execution_date=20211228T200510, start_date=20211228T200511, end_date=20211228T200701
[2021-12-28 20:07:01,444] {local_task_job.py:151} INFO - Task exited with return code 0
