[2021-12-29 13:02:02,712] {taskinstance.py:903} INFO - Dependencies all met for <TaskInstance: cleansing_dag.create_type_dimension_query 2021-12-28T12:59:02.489473+00:00 [queued]>
[2021-12-29 13:02:02,732] {taskinstance.py:903} INFO - Dependencies all met for <TaskInstance: cleansing_dag.create_type_dimension_query 2021-12-28T12:59:02.489473+00:00 [queued]>
[2021-12-29 13:02:02,733] {taskinstance.py:1094} INFO - 
--------------------------------------------------------------------------------
[2021-12-29 13:02:02,733] {taskinstance.py:1095} INFO - Starting attempt 1 of 2
[2021-12-29 13:02:02,733] {taskinstance.py:1096} INFO - 
--------------------------------------------------------------------------------
[2021-12-29 13:02:02,747] {taskinstance.py:1114} INFO - Executing <Task(PythonOperator): create_type_dimension_query> on 2021-12-28T12:59:02.489473+00:00
[2021-12-29 13:02:02,753] {standard_task_runner.py:52} INFO - Started process 9136 to run task
[2021-12-29 13:02:02,756] {standard_task_runner.py:76} INFO - Running: ['***', 'tasks', 'run', 'cleansing_dag', 'create_type_dimension_query', '2021-12-28T12:59:02.489473+00:00', '--job-id', '363', '--pool', 'default_pool', '--raw', '--subdir', 'DAGS_FOLDER/kym_cleansing.py', '--cfg-path', '/tmp/tmpbpy6wjzi', '--error-file', '/tmp/tmpi57oa6c1']
[2021-12-29 13:02:02,757] {standard_task_runner.py:77} INFO - Job 363: Subtask create_type_dimension_query
[2021-12-29 13:02:02,801] {logging_mixin.py:109} INFO - Running <TaskInstance: cleansing_dag.create_type_dimension_query 2021-12-28T12:59:02.489473+00:00 [running]> on host 34521d0e1651
[2021-12-29 13:02:02,859] {taskinstance.py:1251} INFO - Exporting the following env vars:
AIRFLOW_CTX_DAG_OWNER=***
AIRFLOW_CTX_DAG_ID=cleansing_dag
AIRFLOW_CTX_TASK_ID=create_type_dimension_query
AIRFLOW_CTX_EXECUTION_DATE=2021-12-28T12:59:02.489473+00:00
AIRFLOW_CTX_DAG_RUN_ID=scheduled__2021-12-28T12:59:02.489473+00:00
[2021-12-29 13:02:02,904] {python.py:151} INFO - Done. Returned value was: None
[2021-12-29 13:02:02,919] {taskinstance.py:1211} INFO - Marking task as SUCCESS. dag_id=cleansing_dag, task_id=create_type_dimension_query, execution_date=20211228T125902, start_date=20211229T130202, end_date=20211229T130202
[2021-12-29 13:02:02,968] {local_task_job.py:151} INFO - Task exited with return code 0
