[2021-12-31 15:51:24,921] {taskinstance.py:903} INFO - Dependencies all met for <TaskInstance: main_dag.cleanse_vision 2021-12-31T15:47:34.975008+00:00 [queued]>
[2021-12-31 15:51:24,933] {taskinstance.py:903} INFO - Dependencies all met for <TaskInstance: main_dag.cleanse_vision 2021-12-31T15:47:34.975008+00:00 [queued]>
[2021-12-31 15:51:24,934] {taskinstance.py:1094} INFO - 
--------------------------------------------------------------------------------
[2021-12-31 15:51:24,934] {taskinstance.py:1095} INFO - Starting attempt 1 of 2
[2021-12-31 15:51:24,935] {taskinstance.py:1096} INFO - 
--------------------------------------------------------------------------------
[2021-12-31 15:51:24,951] {taskinstance.py:1114} INFO - Executing <Task(PythonOperator): cleanse_vision> on 2021-12-31T15:47:34.975008+00:00
[2021-12-31 15:51:24,956] {standard_task_runner.py:52} INFO - Started process 16966 to run task
[2021-12-31 15:51:24,959] {standard_task_runner.py:76} INFO - Running: ['***', 'tasks', 'run', 'main_dag', 'cleanse_vision', '2021-12-31T15:47:34.975008+00:00', '--job-id', '141', '--pool', 'default_pool', '--raw', '--subdir', 'DAGS_FOLDER/main_dag.py', '--cfg-path', '/tmp/tmp3g8434js', '--error-file', '/tmp/tmp74nlop3l']
[2021-12-31 15:51:24,960] {standard_task_runner.py:77} INFO - Job 141: Subtask cleanse_vision
[2021-12-31 15:51:24,998] {logging_mixin.py:109} INFO - Running <TaskInstance: main_dag.cleanse_vision 2021-12-31T15:47:34.975008+00:00 [running]> on host 8e99a5d40b8f
[2021-12-31 15:51:25,046] {taskinstance.py:1251} INFO - Exporting the following env vars:
AIRFLOW_CTX_DAG_OWNER=***
AIRFLOW_CTX_DAG_ID=main_dag
AIRFLOW_CTX_TASK_ID=cleanse_vision
AIRFLOW_CTX_EXECUTION_DATE=2021-12-31T15:47:34.975008+00:00
AIRFLOW_CTX_DAG_RUN_ID=manual__2021-12-31T15:47:34.975008+00:00
[2021-12-31 15:52:37,913] {python.py:151} INFO - Done. Returned value was: None
[2021-12-31 15:52:37,925] {taskinstance.py:1211} INFO - Marking task as SUCCESS. dag_id=main_dag, task_id=cleanse_vision, execution_date=20211231T154734, start_date=20211231T155124, end_date=20211231T155237
[2021-12-31 15:52:37,969] {local_task_job.py:151} INFO - Task exited with return code 0
