[2021-12-31 14:24:54,089] {taskinstance.py:903} INFO - Dependencies all met for <TaskInstance: main_dag.download_kym_data 2021-12-30T14:24:46.319481+00:00 [queued]>
[2021-12-31 14:24:54,101] {taskinstance.py:903} INFO - Dependencies all met for <TaskInstance: main_dag.download_kym_data 2021-12-30T14:24:46.319481+00:00 [queued]>
[2021-12-31 14:24:54,102] {taskinstance.py:1094} INFO - 
--------------------------------------------------------------------------------
[2021-12-31 14:24:54,102] {taskinstance.py:1095} INFO - Starting attempt 1 of 2
[2021-12-31 14:24:54,102] {taskinstance.py:1096} INFO - 
--------------------------------------------------------------------------------
[2021-12-31 14:24:54,116] {taskinstance.py:1114} INFO - Executing <Task(PythonOperator): download_kym_data> on 2021-12-30T14:24:46.319481+00:00
[2021-12-31 14:24:54,120] {standard_task_runner.py:52} INFO - Started process 59 to run task
[2021-12-31 14:24:54,124] {standard_task_runner.py:76} INFO - Running: ['***', 'tasks', 'run', 'main_dag', 'download_kym_data', '2021-12-30T14:24:46.319481+00:00', '--job-id', '5', '--pool', 'default_pool', '--raw', '--subdir', 'DAGS_FOLDER/main_dag.py', '--cfg-path', '/tmp/tmpgabkt631', '--error-file', '/tmp/tmpnvcjn_vh']
[2021-12-31 14:24:54,125] {standard_task_runner.py:77} INFO - Job 5: Subtask download_kym_data
[2021-12-31 14:24:54,161] {logging_mixin.py:109} INFO - Running <TaskInstance: main_dag.download_kym_data 2021-12-30T14:24:46.319481+00:00 [running]> on host 8e99a5d40b8f
[2021-12-31 14:24:54,211] {taskinstance.py:1251} INFO - Exporting the following env vars:
AIRFLOW_CTX_DAG_OWNER=***
AIRFLOW_CTX_DAG_ID=main_dag
AIRFLOW_CTX_TASK_ID=download_kym_data
AIRFLOW_CTX_EXECUTION_DATE=2021-12-30T14:24:46.319481+00:00
AIRFLOW_CTX_DAG_RUN_ID=scheduled__2021-12-30T14:24:46.319481+00:00
[2021-12-31 14:25:14,490] {logging_mixin.py:109} INFO - File downloaded successfully.
[2021-12-31 14:25:14,491] {python.py:151} INFO - Done. Returned value was: None
[2021-12-31 14:25:14,502] {taskinstance.py:1211} INFO - Marking task as SUCCESS. dag_id=main_dag, task_id=download_kym_data, execution_date=20211230T142446, start_date=20211231T142454, end_date=20211231T142514
[2021-12-31 14:25:14,550] {local_task_job.py:151} INFO - Task exited with return code 0
