[2021-12-30 12:01:50,283] {taskinstance.py:903} INFO - Dependencies all met for <TaskInstance: cleansing_dag.create_date_dimension_query 2021-12-30T11:59:00.197264+00:00 [queued]>
[2021-12-30 12:01:50,304] {taskinstance.py:903} INFO - Dependencies all met for <TaskInstance: cleansing_dag.create_date_dimension_query 2021-12-30T11:59:00.197264+00:00 [queued]>
[2021-12-30 12:01:50,305] {taskinstance.py:1094} INFO - 
--------------------------------------------------------------------------------
[2021-12-30 12:01:50,306] {taskinstance.py:1095} INFO - Starting attempt 1 of 2
[2021-12-30 12:01:50,306] {taskinstance.py:1096} INFO - 
--------------------------------------------------------------------------------
[2021-12-30 12:01:50,324] {taskinstance.py:1114} INFO - Executing <Task(PythonOperator): create_date_dimension_query> on 2021-12-30T11:59:00.197264+00:00
[2021-12-30 12:01:50,330] {standard_task_runner.py:52} INFO - Started process 2425 to run task
[2021-12-30 12:01:50,333] {standard_task_runner.py:76} INFO - Running: ['***', 'tasks', 'run', 'cleansing_dag', 'create_date_dimension_query', '2021-12-30T11:59:00.197264+00:00', '--job-id', '60', '--pool', 'default_pool', '--raw', '--subdir', 'DAGS_FOLDER/kym_cleansing.py', '--cfg-path', '/tmp/tmp4sljf71w', '--error-file', '/tmp/tmp90ijxud4']
[2021-12-30 12:01:50,334] {standard_task_runner.py:77} INFO - Job 60: Subtask create_date_dimension_query
[2021-12-30 12:01:50,376] {logging_mixin.py:109} INFO - Running <TaskInstance: cleansing_dag.create_date_dimension_query 2021-12-30T11:59:00.197264+00:00 [running]> on host 2eb70c976689
[2021-12-30 12:01:50,431] {taskinstance.py:1251} INFO - Exporting the following env vars:
AIRFLOW_CTX_DAG_OWNER=***
AIRFLOW_CTX_DAG_ID=cleansing_dag
AIRFLOW_CTX_TASK_ID=create_date_dimension_query
AIRFLOW_CTX_EXECUTION_DATE=2021-12-30T11:59:00.197264+00:00
AIRFLOW_CTX_DAG_RUN_ID=manual__2021-12-30T11:59:00.197264+00:00
[2021-12-30 12:01:50,594] {python.py:151} INFO - Done. Returned value was: None
[2021-12-30 12:01:50,671] {taskinstance.py:1211} INFO - Marking task as SUCCESS. dag_id=cleansing_dag, task_id=create_date_dimension_query, execution_date=20211230T115900, start_date=20211230T120150, end_date=20211230T120150
[2021-12-30 12:01:50,706] {local_task_job.py:151} INFO - Task exited with return code 0
