[2021-12-31 16:33:39,386] {taskinstance.py:903} INFO - Dependencies all met for <TaskInstance: main_dag.cleanse_vision 2021-12-31T16:29:52.816585+00:00 [queued]>
[2021-12-31 16:33:39,400] {taskinstance.py:903} INFO - Dependencies all met for <TaskInstance: main_dag.cleanse_vision 2021-12-31T16:29:52.816585+00:00 [queued]>
[2021-12-31 16:33:39,400] {taskinstance.py:1094} INFO - 
--------------------------------------------------------------------------------
[2021-12-31 16:33:39,401] {taskinstance.py:1095} INFO - Starting attempt 1 of 2
[2021-12-31 16:33:39,402] {taskinstance.py:1096} INFO - 
--------------------------------------------------------------------------------
[2021-12-31 16:33:39,420] {taskinstance.py:1114} INFO - Executing <Task(PythonOperator): cleanse_vision> on 2021-12-31T16:29:52.816585+00:00
[2021-12-31 16:33:39,427] {standard_task_runner.py:52} INFO - Started process 5673 to run task
[2021-12-31 16:33:39,430] {standard_task_runner.py:76} INFO - Running: ['***', 'tasks', 'run', 'main_dag', 'cleanse_vision', '2021-12-31T16:29:52.816585+00:00', '--job-id', '208', '--pool', 'default_pool', '--raw', '--subdir', 'DAGS_FOLDER/main_dag.py', '--cfg-path', '/tmp/tmpcqddc_ug', '--error-file', '/tmp/tmps8vz7xvn']
[2021-12-31 16:33:39,431] {standard_task_runner.py:77} INFO - Job 208: Subtask cleanse_vision
[2021-12-31 16:33:39,489] {logging_mixin.py:109} INFO - Running <TaskInstance: main_dag.cleanse_vision 2021-12-31T16:29:52.816585+00:00 [running]> on host 8e99a5d40b8f
[2021-12-31 16:33:39,545] {taskinstance.py:1251} INFO - Exporting the following env vars:
AIRFLOW_CTX_DAG_OWNER=***
AIRFLOW_CTX_DAG_ID=main_dag
AIRFLOW_CTX_TASK_ID=cleanse_vision
AIRFLOW_CTX_EXECUTION_DATE=2021-12-31T16:29:52.816585+00:00
AIRFLOW_CTX_DAG_RUN_ID=manual__2021-12-31T16:29:52.816585+00:00
[2021-12-31 16:35:01,528] {python.py:151} INFO - Done. Returned value was: None
[2021-12-31 16:35:01,547] {taskinstance.py:1211} INFO - Marking task as SUCCESS. dag_id=main_dag, task_id=cleanse_vision, execution_date=20211231T162952, start_date=20211231T163339, end_date=20211231T163501
[2021-12-31 16:35:01,608] {local_task_job.py:151} INFO - Task exited with return code 0
