[2021-12-31 16:30:16,555] {taskinstance.py:903} INFO - Dependencies all met for <TaskInstance: main_dag.cleanse_kym 2021-12-31T16:29:52.816585+00:00 [queued]>
[2021-12-31 16:30:16,568] {taskinstance.py:903} INFO - Dependencies all met for <TaskInstance: main_dag.cleanse_kym 2021-12-31T16:29:52.816585+00:00 [queued]>
[2021-12-31 16:30:16,568] {taskinstance.py:1094} INFO - 
--------------------------------------------------------------------------------
[2021-12-31 16:30:16,569] {taskinstance.py:1095} INFO - Starting attempt 1 of 2
[2021-12-31 16:30:16,569] {taskinstance.py:1096} INFO - 
--------------------------------------------------------------------------------
[2021-12-31 16:30:16,583] {taskinstance.py:1114} INFO - Executing <Task(PythonOperator): cleanse_kym> on 2021-12-31T16:29:52.816585+00:00
[2021-12-31 16:30:16,587] {standard_task_runner.py:52} INFO - Started process 31262 to run task
[2021-12-31 16:30:16,590] {standard_task_runner.py:76} INFO - Running: ['***', 'tasks', 'run', 'main_dag', 'cleanse_kym', '2021-12-31T16:29:52.816585+00:00', '--job-id', '204', '--pool', 'default_pool', '--raw', '--subdir', 'DAGS_FOLDER/main_dag.py', '--cfg-path', '/tmp/tmpt9cz2srv', '--error-file', '/tmp/tmpw78ef4zq']
[2021-12-31 16:30:16,591] {standard_task_runner.py:77} INFO - Job 204: Subtask cleanse_kym
[2021-12-31 16:30:16,627] {logging_mixin.py:109} INFO - Running <TaskInstance: main_dag.cleanse_kym 2021-12-31T16:29:52.816585+00:00 [running]> on host 8e99a5d40b8f
[2021-12-31 16:30:16,680] {taskinstance.py:1251} INFO - Exporting the following env vars:
AIRFLOW_CTX_DAG_OWNER=***
AIRFLOW_CTX_DAG_ID=main_dag
AIRFLOW_CTX_TASK_ID=cleanse_kym
AIRFLOW_CTX_EXECUTION_DATE=2021-12-31T16:29:52.816585+00:00
AIRFLOW_CTX_DAG_RUN_ID=manual__2021-12-31T16:29:52.816585+00:00
[2021-12-31 16:32:48,330] {python.py:151} INFO - Done. Returned value was: None
[2021-12-31 16:32:48,385] {taskinstance.py:1211} INFO - Marking task as SUCCESS. dag_id=main_dag, task_id=cleanse_kym, execution_date=20211231T162952, start_date=20211231T163016, end_date=20211231T163248
[2021-12-31 16:32:48,437] {local_task_job.py:151} INFO - Task exited with return code 0
