[2021-12-13 09:30:01,297] {taskinstance.py:851} INFO - Dependencies all met for <TaskInstance: cleansing_dag.writeOut 2021-12-09T16:04:42.997356+00:00 [queued]>
[2021-12-13 09:30:01,324] {taskinstance.py:851} INFO - Dependencies all met for <TaskInstance: cleansing_dag.writeOut 2021-12-09T16:04:42.997356+00:00 [queued]>
[2021-12-13 09:30:01,324] {taskinstance.py:1042} INFO - 
--------------------------------------------------------------------------------
[2021-12-13 09:30:01,325] {taskinstance.py:1043} INFO - Starting attempt 1 of 2
[2021-12-13 09:30:01,326] {taskinstance.py:1044} INFO - 
--------------------------------------------------------------------------------
[2021-12-13 09:30:01,338] {taskinstance.py:1063} INFO - Executing <Task(PythonOperator): writeOut> on 2021-12-09T16:04:42.997356+00:00
[2021-12-13 09:30:01,346] {standard_task_runner.py:76} INFO - Running: ['airflow', 'tasks', 'run', 'cleansing_dag', 'writeOut', '2021-12-09T16:04:42.997356+00:00', '--job-id', '61', '--pool', 'default_pool', '--raw', '--subdir', 'DAGS_FOLDER/kym_cleansing.py', '--cfg-path', '/tmp/tmp0qwoqi94', '--error-file', '/tmp/tmp03khlu8h']
[2021-12-13 09:30:01,343] {standard_task_runner.py:52} INFO - Started process 59 to run task
[2021-12-13 09:30:01,348] {standard_task_runner.py:77} INFO - Job 61: Subtask writeOut
[2021-12-13 09:30:01,387] {logging_mixin.py:104} INFO - Running <TaskInstance: cleansing_dag.writeOut 2021-12-09T16:04:42.997356+00:00 [running]> on host 8ea24132e477
[2021-12-13 09:30:01,435] {taskinstance.py:1257} INFO - Exporting the following env vars:
AIRFLOW_CTX_DAG_OWNER=airflow
AIRFLOW_CTX_DAG_ID=cleansing_dag
AIRFLOW_CTX_TASK_ID=writeOut
AIRFLOW_CTX_EXECUTION_DATE=2021-12-09T16:04:42.997356+00:00
AIRFLOW_CTX_DAG_RUN_ID=scheduled__2021-12-09T16:04:42.997356+00:00
[2021-12-13 09:30:11,853] {python.py:118} INFO - Done. Returned value was: None
[2021-12-13 09:30:12,159] {taskinstance.py:1166} INFO - Marking task as SUCCESS. dag_id=cleansing_dag, task_id=writeOut, execution_date=20211209T160442, start_date=20211213T093001, end_date=20211213T093012
[2021-12-13 09:30:12,187] {taskinstance.py:1220} INFO - 0 downstream tasks scheduled from follow-on schedule check
[2021-12-13 09:30:12,247] {local_task_job.py:146} INFO - Task exited with return code 0
