[2021-12-29 14:32:44,143] {taskinstance.py:903} INFO - Dependencies all met for <TaskInstance: cleansing_dag.cleanse_vision 2021-12-29T14:32:42.604175+00:00 [queued]>
[2021-12-29 14:32:44,159] {taskinstance.py:903} INFO - Dependencies all met for <TaskInstance: cleansing_dag.cleanse_vision 2021-12-29T14:32:42.604175+00:00 [queued]>
[2021-12-29 14:32:44,160] {taskinstance.py:1094} INFO - 
--------------------------------------------------------------------------------
[2021-12-29 14:32:44,160] {taskinstance.py:1095} INFO - Starting attempt 1 of 2
[2021-12-29 14:32:44,160] {taskinstance.py:1096} INFO - 
--------------------------------------------------------------------------------
[2021-12-29 14:32:44,171] {taskinstance.py:1114} INFO - Executing <Task(PythonOperator): cleanse_vision> on 2021-12-29T14:32:42.604175+00:00
[2021-12-29 14:32:44,179] {standard_task_runner.py:52} INFO - Started process 5048 to run task
[2021-12-29 14:32:44,183] {standard_task_runner.py:76} INFO - Running: ['***', 'tasks', 'run', 'cleansing_dag', 'cleanse_vision', '2021-12-29T14:32:42.604175+00:00', '--job-id', '432', '--pool', 'default_pool', '--raw', '--subdir', 'DAGS_FOLDER/kym_cleansing.py', '--cfg-path', '/tmp/tmp0_dmy0dt', '--error-file', '/tmp/tmpt37_mwqe']
[2021-12-29 14:32:44,184] {standard_task_runner.py:77} INFO - Job 432: Subtask cleanse_vision
[2021-12-29 14:32:44,227] {logging_mixin.py:109} INFO - Running <TaskInstance: cleansing_dag.cleanse_vision 2021-12-29T14:32:42.604175+00:00 [running]> on host 34521d0e1651
[2021-12-29 14:32:44,281] {taskinstance.py:1251} INFO - Exporting the following env vars:
AIRFLOW_CTX_DAG_OWNER=***
AIRFLOW_CTX_DAG_ID=cleansing_dag
AIRFLOW_CTX_TASK_ID=cleanse_vision
AIRFLOW_CTX_EXECUTION_DATE=2021-12-29T14:32:42.604175+00:00
AIRFLOW_CTX_DAG_RUN_ID=manual__2021-12-29T14:32:42.604175+00:00
[2021-12-29 14:34:20,582] {python.py:151} INFO - Done. Returned value was: None
[2021-12-29 14:34:20,599] {taskinstance.py:1211} INFO - Marking task as SUCCESS. dag_id=cleansing_dag, task_id=cleanse_vision, execution_date=20211229T143242, start_date=20211229T143244, end_date=20211229T143420
[2021-12-29 14:34:20,652] {local_task_job.py:151} INFO - Task exited with return code 0
