[2021-12-29 14:10:50,757] {taskinstance.py:903} INFO - Dependencies all met for <TaskInstance: cleansing_dag.create_tag_dimension_query 2021-12-29T13:56:44.064632+00:00 [queued]>
[2021-12-29 14:10:50,826] {taskinstance.py:903} INFO - Dependencies all met for <TaskInstance: cleansing_dag.create_tag_dimension_query 2021-12-29T13:56:44.064632+00:00 [queued]>
[2021-12-29 14:10:50,827] {taskinstance.py:1094} INFO - 
--------------------------------------------------------------------------------
[2021-12-29 14:10:50,827] {taskinstance.py:1095} INFO - Starting attempt 1 of 2
[2021-12-29 14:10:50,828] {taskinstance.py:1096} INFO - 
--------------------------------------------------------------------------------
[2021-12-29 14:10:50,841] {taskinstance.py:1114} INFO - Executing <Task(PythonOperator): create_tag_dimension_query> on 2021-12-29T13:56:44.064632+00:00
[2021-12-29 14:10:50,848] {standard_task_runner.py:52} INFO - Started process 4965 to run task
[2021-12-29 14:10:50,851] {standard_task_runner.py:76} INFO - Running: ['***', 'tasks', 'run', 'cleansing_dag', 'create_tag_dimension_query', '2021-12-29T13:56:44.064632+00:00', '--job-id', '415', '--pool', 'default_pool', '--raw', '--subdir', 'DAGS_FOLDER/kym_cleansing.py', '--cfg-path', '/tmp/tmplm_s_cf2', '--error-file', '/tmp/tmpupcrb89v']
[2021-12-29 14:10:50,852] {standard_task_runner.py:77} INFO - Job 415: Subtask create_tag_dimension_query
[2021-12-29 14:10:50,902] {logging_mixin.py:109} INFO - Running <TaskInstance: cleansing_dag.create_tag_dimension_query 2021-12-29T13:56:44.064632+00:00 [running]> on host 34521d0e1651
[2021-12-29 14:10:50,961] {taskinstance.py:1251} INFO - Exporting the following env vars:
AIRFLOW_CTX_DAG_OWNER=***
AIRFLOW_CTX_DAG_ID=cleansing_dag
AIRFLOW_CTX_TASK_ID=create_tag_dimension_query
AIRFLOW_CTX_EXECUTION_DATE=2021-12-29T13:56:44.064632+00:00
AIRFLOW_CTX_DAG_RUN_ID=manual__2021-12-29T13:56:44.064632+00:00
[2021-12-29 14:10:51,628] {python.py:151} INFO - Done. Returned value was: None
[2021-12-29 14:10:51,639] {taskinstance.py:1211} INFO - Marking task as SUCCESS. dag_id=cleansing_dag, task_id=create_tag_dimension_query, execution_date=20211229T135644, start_date=20211229T141050, end_date=20211229T141051
[2021-12-29 14:10:51,667] {local_task_job.py:151} INFO - Task exited with return code 0
