[2021-12-31 15:45:37,444] {taskinstance.py:903} INFO - Dependencies all met for <TaskInstance: main_dag.create_additional_analysis_table_query 2021-12-31T15:40:48.544744+00:00 [queued]>
[2021-12-31 15:45:37,458] {taskinstance.py:903} INFO - Dependencies all met for <TaskInstance: main_dag.create_additional_analysis_table_query 2021-12-31T15:40:48.544744+00:00 [queued]>
[2021-12-31 15:45:37,459] {taskinstance.py:1094} INFO - 
--------------------------------------------------------------------------------
[2021-12-31 15:45:37,460] {taskinstance.py:1095} INFO - Starting attempt 1 of 2
[2021-12-31 15:45:37,460] {taskinstance.py:1096} INFO - 
--------------------------------------------------------------------------------
[2021-12-31 15:45:37,477] {taskinstance.py:1114} INFO - Executing <Task(PythonOperator): create_additional_analysis_table_query> on 2021-12-31T15:40:48.544744+00:00
[2021-12-31 15:45:37,483] {standard_task_runner.py:52} INFO - Started process 9972 to run task
[2021-12-31 15:45:37,486] {standard_task_runner.py:76} INFO - Running: ['***', 'tasks', 'run', 'main_dag', 'create_additional_analysis_table_query', '2021-12-31T15:40:48.544744+00:00', '--job-id', '124', '--pool', 'default_pool', '--raw', '--subdir', 'DAGS_FOLDER/main_dag.py', '--cfg-path', '/tmp/tmpw9nz_0xu', '--error-file', '/tmp/tmpxfy7j_qp']
[2021-12-31 15:45:37,487] {standard_task_runner.py:77} INFO - Job 124: Subtask create_additional_analysis_table_query
[2021-12-31 15:45:37,543] {logging_mixin.py:109} INFO - Running <TaskInstance: main_dag.create_additional_analysis_table_query 2021-12-31T15:40:48.544744+00:00 [running]> on host 8e99a5d40b8f
[2021-12-31 15:45:37,619] {taskinstance.py:1251} INFO - Exporting the following env vars:
AIRFLOW_CTX_DAG_OWNER=***
AIRFLOW_CTX_DAG_ID=main_dag
AIRFLOW_CTX_TASK_ID=create_additional_analysis_table_query
AIRFLOW_CTX_EXECUTION_DATE=2021-12-31T15:40:48.544744+00:00
AIRFLOW_CTX_DAG_RUN_ID=manual__2021-12-31T15:40:48.544744+00:00
[2021-12-31 15:45:38,244] {python.py:151} INFO - Done. Returned value was: None
[2021-12-31 15:45:38,313] {taskinstance.py:1211} INFO - Marking task as SUCCESS. dag_id=main_dag, task_id=create_additional_analysis_table_query, execution_date=20211231T154048, start_date=20211231T154537, end_date=20211231T154538
[2021-12-31 15:45:38,421] {local_task_job.py:151} INFO - Task exited with return code 0
