[2021-12-31 15:52:42,751] {taskinstance.py:903} INFO - Dependencies all met for <TaskInstance: main_dag.create_tag_dimension_query 2021-12-31T15:47:34.975008+00:00 [queued]>
[2021-12-31 15:52:42,768] {taskinstance.py:903} INFO - Dependencies all met for <TaskInstance: main_dag.create_tag_dimension_query 2021-12-31T15:47:34.975008+00:00 [queued]>
[2021-12-31 15:52:42,769] {taskinstance.py:1094} INFO - 
--------------------------------------------------------------------------------
[2021-12-31 15:52:42,770] {taskinstance.py:1095} INFO - Starting attempt 1 of 2
[2021-12-31 15:52:42,770] {taskinstance.py:1096} INFO - 
--------------------------------------------------------------------------------
[2021-12-31 15:52:42,794] {taskinstance.py:1114} INFO - Executing <Task(PythonOperator): create_tag_dimension_query> on 2021-12-31T15:47:34.975008+00:00
[2021-12-31 15:52:42,802] {standard_task_runner.py:52} INFO - Started process 17047 to run task
[2021-12-31 15:52:42,807] {standard_task_runner.py:76} INFO - Running: ['***', 'tasks', 'run', 'main_dag', 'create_tag_dimension_query', '2021-12-31T15:47:34.975008+00:00', '--job-id', '146', '--pool', 'default_pool', '--raw', '--subdir', 'DAGS_FOLDER/main_dag.py', '--cfg-path', '/tmp/tmpcderjqcy', '--error-file', '/tmp/tmp51_5t2h6']
[2021-12-31 15:52:42,808] {standard_task_runner.py:77} INFO - Job 146: Subtask create_tag_dimension_query
[2021-12-31 15:52:42,864] {logging_mixin.py:109} INFO - Running <TaskInstance: main_dag.create_tag_dimension_query 2021-12-31T15:47:34.975008+00:00 [running]> on host 8e99a5d40b8f
[2021-12-31 15:52:42,935] {taskinstance.py:1251} INFO - Exporting the following env vars:
AIRFLOW_CTX_DAG_OWNER=***
AIRFLOW_CTX_DAG_ID=main_dag
AIRFLOW_CTX_TASK_ID=create_tag_dimension_query
AIRFLOW_CTX_EXECUTION_DATE=2021-12-31T15:47:34.975008+00:00
AIRFLOW_CTX_DAG_RUN_ID=manual__2021-12-31T15:47:34.975008+00:00
[2021-12-31 15:52:43,924] {python.py:151} INFO - Done. Returned value was: None
[2021-12-31 15:52:43,937] {taskinstance.py:1211} INFO - Marking task as SUCCESS. dag_id=main_dag, task_id=create_tag_dimension_query, execution_date=20211231T154734, start_date=20211231T155242, end_date=20211231T155243
[2021-12-31 15:52:43,983] {local_task_job.py:151} INFO - Task exited with return code 0
