[2021-12-28 18:08:31,099] {taskinstance.py:903} INFO - Dependencies all met for <TaskInstance: cleansing_dag.cleanse_kym 2021-12-27T18:08:29.231405+00:00 [queued]>
[2021-12-28 18:08:31,111] {taskinstance.py:903} INFO - Dependencies all met for <TaskInstance: cleansing_dag.cleanse_kym 2021-12-27T18:08:29.231405+00:00 [queued]>
[2021-12-28 18:08:31,112] {taskinstance.py:1094} INFO - 
--------------------------------------------------------------------------------
[2021-12-28 18:08:31,112] {taskinstance.py:1095} INFO - Starting attempt 1 of 2
[2021-12-28 18:08:31,113] {taskinstance.py:1096} INFO - 
--------------------------------------------------------------------------------
[2021-12-28 18:08:31,132] {taskinstance.py:1114} INFO - Executing <Task(PythonOperator): cleanse_kym> on 2021-12-27T18:08:29.231405+00:00
[2021-12-28 18:08:31,138] {standard_task_runner.py:52} INFO - Started process 63 to run task
[2021-12-28 18:08:31,142] {standard_task_runner.py:76} INFO - Running: ['***', 'tasks', 'run', 'cleansing_dag', 'cleanse_kym', '2021-12-27T18:08:29.231405+00:00', '--job-id', '165', '--pool', 'default_pool', '--raw', '--subdir', 'DAGS_FOLDER/kym_cleansing.py', '--cfg-path', '/tmp/tmp046244wi', '--error-file', '/tmp/tmp379q68ip']
[2021-12-28 18:08:31,142] {standard_task_runner.py:77} INFO - Job 165: Subtask cleanse_kym
[2021-12-28 18:08:31,188] {logging_mixin.py:109} INFO - Running <TaskInstance: cleansing_dag.cleanse_kym 2021-12-27T18:08:29.231405+00:00 [running]> on host 8081e0fc56fe
[2021-12-28 18:08:31,249] {taskinstance.py:1251} INFO - Exporting the following env vars:
AIRFLOW_CTX_DAG_OWNER=***
AIRFLOW_CTX_DAG_ID=cleansing_dag
AIRFLOW_CTX_TASK_ID=cleanse_kym
AIRFLOW_CTX_EXECUTION_DATE=2021-12-27T18:08:29.231405+00:00
AIRFLOW_CTX_DAG_RUN_ID=scheduled__2021-12-27T18:08:29.231405+00:00
[2021-12-28 18:12:38,814] {python.py:151} INFO - Done. Returned value was: None
[2021-12-28 18:12:39,236] {taskinstance.py:1211} INFO - Marking task as SUCCESS. dag_id=cleansing_dag, task_id=cleanse_kym, execution_date=20211227T180829, start_date=20211228T180831, end_date=20211228T181239
[2021-12-28 18:12:39,417] {local_task_job.py:151} INFO - Task exited with return code 0
