[2021-12-31 15:22:40,380] {taskinstance.py:903} INFO - Dependencies all met for <TaskInstance: main_dag.create_tag_dimension_query 2021-12-31T15:17:39.949213+00:00 [queued]>
[2021-12-31 15:22:40,395] {taskinstance.py:903} INFO - Dependencies all met for <TaskInstance: main_dag.create_tag_dimension_query 2021-12-31T15:17:39.949213+00:00 [queued]>
[2021-12-31 15:22:40,396] {taskinstance.py:1094} INFO - 
--------------------------------------------------------------------------------
[2021-12-31 15:22:40,397] {taskinstance.py:1095} INFO - Starting attempt 1 of 2
[2021-12-31 15:22:40,397] {taskinstance.py:1096} INFO - 
--------------------------------------------------------------------------------
[2021-12-31 15:22:40,417] {taskinstance.py:1114} INFO - Executing <Task(PythonOperator): create_tag_dimension_query> on 2021-12-31T15:17:39.949213+00:00
[2021-12-31 15:22:40,423] {standard_task_runner.py:52} INFO - Started process 21170 to run task
[2021-12-31 15:22:40,426] {standard_task_runner.py:76} INFO - Running: ['***', 'tasks', 'run', 'main_dag', 'create_tag_dimension_query', '2021-12-31T15:17:39.949213+00:00', '--job-id', '55', '--pool', 'default_pool', '--raw', '--subdir', 'DAGS_FOLDER/main_dag.py', '--cfg-path', '/tmp/tmpzvfd0a6l', '--error-file', '/tmp/tmpywhxc3ps']
[2021-12-31 15:22:40,428] {standard_task_runner.py:77} INFO - Job 55: Subtask create_tag_dimension_query
[2021-12-31 15:22:40,481] {logging_mixin.py:109} INFO - Running <TaskInstance: main_dag.create_tag_dimension_query 2021-12-31T15:17:39.949213+00:00 [running]> on host 8e99a5d40b8f
[2021-12-31 15:22:40,537] {taskinstance.py:1251} INFO - Exporting the following env vars:
AIRFLOW_CTX_DAG_OWNER=***
AIRFLOW_CTX_DAG_ID=main_dag
AIRFLOW_CTX_TASK_ID=create_tag_dimension_query
AIRFLOW_CTX_EXECUTION_DATE=2021-12-31T15:17:39.949213+00:00
AIRFLOW_CTX_DAG_RUN_ID=manual__2021-12-31T15:17:39.949213+00:00
[2021-12-31 15:22:41,257] {python.py:151} INFO - Done. Returned value was: None
[2021-12-31 15:22:41,270] {taskinstance.py:1211} INFO - Marking task as SUCCESS. dag_id=main_dag, task_id=create_tag_dimension_query, execution_date=20211231T151739, start_date=20211231T152240, end_date=20211231T152241
[2021-12-31 15:22:41,322] {local_task_job.py:151} INFO - Task exited with return code 0
