[2021-12-28 09:42:42,896] {taskinstance.py:851} INFO - Dependencies all met for <TaskInstance: cleansing_dag.cleanse_spotlight 2021-12-27T09:42:40.890836+00:00 [queued]>
[2021-12-28 09:42:42,912] {taskinstance.py:851} INFO - Dependencies all met for <TaskInstance: cleansing_dag.cleanse_spotlight 2021-12-27T09:42:40.890836+00:00 [queued]>
[2021-12-28 09:42:42,912] {taskinstance.py:1042} INFO - 
--------------------------------------------------------------------------------
[2021-12-28 09:42:42,913] {taskinstance.py:1043} INFO - Starting attempt 1 of 2
[2021-12-28 09:42:42,913] {taskinstance.py:1044} INFO - 
--------------------------------------------------------------------------------
[2021-12-28 09:42:42,925] {taskinstance.py:1063} INFO - Executing <Task(PythonOperator): cleanse_spotlight> on 2021-12-27T09:42:40.890836+00:00
[2021-12-28 09:42:42,930] {standard_task_runner.py:52} INFO - Started process 57 to run task
[2021-12-28 09:42:42,933] {standard_task_runner.py:76} INFO - Running: ['airflow', 'tasks', 'run', 'cleansing_dag', 'cleanse_spotlight', '2021-12-27T09:42:40.890836+00:00', '--job-id', '56', '--pool', 'default_pool', '--raw', '--subdir', 'DAGS_FOLDER/kym_cleansing.py', '--cfg-path', '/tmp/tmp5e1ft9u9', '--error-file', '/tmp/tmpwbbs2gg0']
[2021-12-28 09:42:42,934] {standard_task_runner.py:77} INFO - Job 56: Subtask cleanse_spotlight
[2021-12-28 09:42:42,976] {logging_mixin.py:104} INFO - Running <TaskInstance: cleansing_dag.cleanse_spotlight 2021-12-27T09:42:40.890836+00:00 [running]> on host 256d7b44c1c3
[2021-12-28 09:42:43,018] {taskinstance.py:1255} INFO - Exporting the following env vars:
AIRFLOW_CTX_DAG_OWNER=airflow
AIRFLOW_CTX_DAG_ID=cleansing_dag
AIRFLOW_CTX_TASK_ID=cleanse_spotlight
AIRFLOW_CTX_EXECUTION_DATE=2021-12-27T09:42:40.890836+00:00
AIRFLOW_CTX_DAG_RUN_ID=scheduled__2021-12-27T09:42:40.890836+00:00
[2021-12-28 09:42:56,574] {python.py:118} INFO - Done. Returned value was: None
[2021-12-28 09:42:56,585] {taskinstance.py:1159} INFO - Marking task as SUCCESS. dag_id=cleansing_dag, task_id=cleanse_spotlight, execution_date=20211227T094240, start_date=20211228T094242, end_date=20211228T094256
[2021-12-28 09:42:56,622] {local_task_job.py:146} INFO - Task exited with return code 0
