[2021-12-28 19:50:09,074] {taskinstance.py:903} INFO - Dependencies all met for <TaskInstance: cleansing_dag.cleanse_spotlight 2021-12-27T19:50:06.869223+00:00 [queued]>
[2021-12-28 19:50:09,090] {taskinstance.py:903} INFO - Dependencies all met for <TaskInstance: cleansing_dag.cleanse_spotlight 2021-12-27T19:50:06.869223+00:00 [queued]>
[2021-12-28 19:50:09,091] {taskinstance.py:1094} INFO - 
--------------------------------------------------------------------------------
[2021-12-28 19:50:09,091] {taskinstance.py:1095} INFO - Starting attempt 1 of 2
[2021-12-28 19:50:09,092] {taskinstance.py:1096} INFO - 
--------------------------------------------------------------------------------
[2021-12-28 19:50:09,110] {taskinstance.py:1114} INFO - Executing <Task(PythonOperator): cleanse_spotlight> on 2021-12-27T19:50:06.869223+00:00
[2021-12-28 19:50:09,116] {standard_task_runner.py:52} INFO - Started process 14145 to run task
[2021-12-28 19:50:09,121] {standard_task_runner.py:76} INFO - Running: ['***', 'tasks', 'run', 'cleansing_dag', 'cleanse_spotlight', '2021-12-27T19:50:06.869223+00:00', '--job-id', '228', '--pool', 'default_pool', '--raw', '--subdir', 'DAGS_FOLDER/kym_cleansing.py', '--cfg-path', '/tmp/tmpu_i36p4v', '--error-file', '/tmp/tmpp4n8s5_d']
[2021-12-28 19:50:09,123] {standard_task_runner.py:77} INFO - Job 228: Subtask cleanse_spotlight
[2021-12-28 19:50:09,176] {logging_mixin.py:109} INFO - Running <TaskInstance: cleansing_dag.cleanse_spotlight 2021-12-27T19:50:06.869223+00:00 [running]> on host 0b3e0a2afa7a
[2021-12-28 19:50:09,256] {taskinstance.py:1251} INFO - Exporting the following env vars:
AIRFLOW_CTX_DAG_OWNER=***
AIRFLOW_CTX_DAG_ID=cleansing_dag
AIRFLOW_CTX_TASK_ID=cleanse_spotlight
AIRFLOW_CTX_EXECUTION_DATE=2021-12-27T19:50:06.869223+00:00
AIRFLOW_CTX_DAG_RUN_ID=scheduled__2021-12-27T19:50:06.869223+00:00
[2021-12-28 19:50:21,941] {python.py:151} INFO - Done. Returned value was: None
[2021-12-28 19:50:21,978] {taskinstance.py:1211} INFO - Marking task as SUCCESS. dag_id=cleansing_dag, task_id=cleanse_spotlight, execution_date=20211227T195006, start_date=20211228T195009, end_date=20211228T195021
[2021-12-28 19:50:22,031] {local_task_job.py:151} INFO - Task exited with return code 0
