[2021-12-13 15:25:33,705] {taskinstance.py:851} INFO - Dependencies all met for <TaskInstance: cleansing_dag.cleanse_vision 2021-12-13T15:25:33.069325+00:00 [queued]>
[2021-12-13 15:25:33,725] {taskinstance.py:851} INFO - Dependencies all met for <TaskInstance: cleansing_dag.cleanse_vision 2021-12-13T15:25:33.069325+00:00 [queued]>
[2021-12-13 15:25:33,726] {taskinstance.py:1042} INFO - 
--------------------------------------------------------------------------------
[2021-12-13 15:25:33,726] {taskinstance.py:1043} INFO - Starting attempt 1 of 2
[2021-12-13 15:25:33,726] {taskinstance.py:1044} INFO - 
--------------------------------------------------------------------------------
[2021-12-13 15:25:33,737] {taskinstance.py:1063} INFO - Executing <Task(PythonOperator): cleanse_vision> on 2021-12-13T15:25:33.069325+00:00
[2021-12-13 15:25:33,742] {standard_task_runner.py:52} INFO - Started process 7149 to run task
[2021-12-13 15:25:33,745] {standard_task_runner.py:76} INFO - Running: ['airflow', 'tasks', 'run', 'cleansing_dag', 'cleanse_vision', '2021-12-13T15:25:33.069325+00:00', '--job-id', '9', '--pool', 'default_pool', '--raw', '--subdir', 'DAGS_FOLDER/kym_cleansing.py', '--cfg-path', '/tmp/tmptpcalj78', '--error-file', '/tmp/tmpg2yfgl_p']
[2021-12-13 15:25:33,746] {standard_task_runner.py:77} INFO - Job 9: Subtask cleanse_vision
[2021-12-13 15:25:33,792] {logging_mixin.py:104} INFO - Running <TaskInstance: cleansing_dag.cleanse_vision 2021-12-13T15:25:33.069325+00:00 [running]> on host e888e487975c
[2021-12-13 15:25:33,833] {taskinstance.py:1255} INFO - Exporting the following env vars:
AIRFLOW_CTX_DAG_OWNER=airflow
AIRFLOW_CTX_DAG_ID=cleansing_dag
AIRFLOW_CTX_TASK_ID=cleanse_vision
AIRFLOW_CTX_EXECUTION_DATE=2021-12-13T15:25:33.069325+00:00
AIRFLOW_CTX_DAG_RUN_ID=manual__2021-12-13T15:25:33.069325+00:00
[2021-12-13 15:25:42,859] {taskinstance.py:1455} ERROR - 'list' object has no attribute 'values'
Traceback (most recent call last):
  File "/home/airflow/.local/lib/python3.8/site-packages/airflow/models/taskinstance.py", line 1112, in _run_raw_task
    self._prepare_and_execute_task_with_callbacks(context, task)
  File "/home/airflow/.local/lib/python3.8/site-packages/airflow/models/taskinstance.py", line 1285, in _prepare_and_execute_task_with_callbacks
    result = self._execute_task(context, task_copy)
  File "/home/airflow/.local/lib/python3.8/site-packages/airflow/models/taskinstance.py", line 1315, in _execute_task
    result = task_copy.execute(context=context)
  File "/home/airflow/.local/lib/python3.8/site-packages/airflow/operators/python.py", line 117, in execute
    return_value = self.execute_callable()
  File "/home/airflow/.local/lib/python3.8/site-packages/airflow/operators/python.py", line 128, in execute_callable
    return self.python_callable(*self.op_args, **self.op_kwargs)
  File "/opt/airflow/dags/kym_cleansing.py", line 140, in cleanse_vision
    df = pd.read_json(path, orient="index")
  File "/home/airflow/.local/lib/python3.8/site-packages/pandas/util/_decorators.py", line 199, in wrapper
    return func(*args, **kwargs)
  File "/home/airflow/.local/lib/python3.8/site-packages/pandas/util/_decorators.py", line 299, in wrapper
    return func(*args, **kwargs)
  File "/home/airflow/.local/lib/python3.8/site-packages/pandas/io/json/_json.py", line 563, in read_json
    return json_reader.read()
  File "/home/airflow/.local/lib/python3.8/site-packages/pandas/io/json/_json.py", line 694, in read
    obj = self._get_object_parser(self.data)
  File "/home/airflow/.local/lib/python3.8/site-packages/pandas/io/json/_json.py", line 716, in _get_object_parser
    obj = FrameParser(json, **kwargs).parse()
  File "/home/airflow/.local/lib/python3.8/site-packages/pandas/io/json/_json.py", line 831, in parse
    self._parse_no_numpy()
  File "/home/airflow/.local/lib/python3.8/site-packages/pandas/io/json/_json.py", line 1089, in _parse_no_numpy
    self.obj = DataFrame.from_dict(
  File "/home/airflow/.local/lib/python3.8/site-packages/pandas/core/frame.py", line 1363, in from_dict
    if isinstance(list(data.values())[0], (Series, dict)):
AttributeError: 'list' object has no attribute 'values'
[2021-12-13 15:25:44,297] {taskinstance.py:1496} INFO - Marking task as UP_FOR_RETRY. dag_id=cleansing_dag, task_id=cleanse_vision, execution_date=20211213T152533, start_date=20211213T152533, end_date=20211213T152544
[2021-12-13 15:25:44,415] {local_task_job.py:187} WARNING - State of this instance has been externally set to up_for_retry. Terminating instance.
[2021-12-13 15:25:44,417] {process_utils.py:100} INFO - Sending Signals.SIGTERM to GPID 7149
[2021-12-13 15:25:44,511] {process_utils.py:66} INFO - Process psutil.Process(pid=7149, status='terminated', exitcode=1, started='15:25:33') (7149) terminated with exit code 1
