[2021-12-31 14:29:46,299] {taskinstance.py:903} INFO - Dependencies all met for <TaskInstance: main_dag.create_tables 2021-12-30T14:24:46.319481+00:00 [queued]>
[2021-12-31 14:29:46,314] {taskinstance.py:903} INFO - Dependencies all met for <TaskInstance: main_dag.create_tables 2021-12-30T14:24:46.319481+00:00 [queued]>
[2021-12-31 14:29:46,314] {taskinstance.py:1094} INFO - 
--------------------------------------------------------------------------------
[2021-12-31 14:29:46,314] {taskinstance.py:1095} INFO - Starting attempt 1 of 2
[2021-12-31 14:29:46,315] {taskinstance.py:1096} INFO - 
--------------------------------------------------------------------------------
[2021-12-31 14:29:46,330] {taskinstance.py:1114} INFO - Executing <Task(PythonOperator): create_tables> on 2021-12-30T14:24:46.319481+00:00
[2021-12-31 14:29:46,335] {standard_task_runner.py:52} INFO - Started process 7050 to run task
[2021-12-31 14:29:46,337] {standard_task_runner.py:76} INFO - Running: ['***', 'tasks', 'run', 'main_dag', 'create_tables', '2021-12-30T14:24:46.319481+00:00', '--job-id', '12', '--pool', 'default_pool', '--raw', '--subdir', 'DAGS_FOLDER/main_dag.py', '--cfg-path', '/tmp/tmpmc0glbo9', '--error-file', '/tmp/tmpdsxmvu3a']
[2021-12-31 14:29:46,338] {standard_task_runner.py:77} INFO - Job 12: Subtask create_tables
[2021-12-31 14:29:46,374] {logging_mixin.py:109} INFO - Running <TaskInstance: main_dag.create_tables 2021-12-30T14:24:46.319481+00:00 [running]> on host 8e99a5d40b8f
[2021-12-31 14:29:46,427] {taskinstance.py:1251} INFO - Exporting the following env vars:
AIRFLOW_CTX_DAG_OWNER=***
AIRFLOW_CTX_DAG_ID=main_dag
AIRFLOW_CTX_TASK_ID=create_tables
AIRFLOW_CTX_EXECUTION_DATE=2021-12-30T14:24:46.319481+00:00
AIRFLOW_CTX_DAG_RUN_ID=scheduled__2021-12-30T14:24:46.319481+00:00
[2021-12-31 14:29:46,534] {logging_mixin.py:109} WARNING - /opt/***/dags/main_dag.py:248 SettingWithCopyWarning: 
A value is trying to be set on a copy of a slice from a DataFrame.
Try using .loc[row_indexer,col_indexer] = value instead

See the caveats in the documentation: https://pandas.pydata.org/pandas-docs/stable/user_guide/indexing.html#returning-a-view-versus-a-copy
[2021-12-31 14:29:46,537] {logging_mixin.py:109} WARNING - /opt/***/dags/main_dag.py:249 SettingWithCopyWarning: 
A value is trying to be set on a copy of a slice from a DataFrame.
Try using .loc[row_indexer,col_indexer] = value instead

See the caveats in the documentation: https://pandas.pydata.org/pandas-docs/stable/user_guide/indexing.html#returning-a-view-versus-a-copy
[2021-12-31 14:29:46,546] {logging_mixin.py:109} WARNING - /opt/***/dags/main_dag.py:252 SettingWithCopyWarning: 
A value is trying to be set on a copy of a slice from a DataFrame.
Try using .loc[row_indexer,col_indexer] = value instead

See the caveats in the documentation: https://pandas.pydata.org/pandas-docs/stable/user_guide/indexing.html#returning-a-view-versus-a-copy
[2021-12-31 14:29:46,957] {python.py:151} INFO - Done. Returned value was: None
[2021-12-31 14:29:46,968] {taskinstance.py:1211} INFO - Marking task as SUCCESS. dag_id=main_dag, task_id=create_tables, execution_date=20211230T142446, start_date=20211231T142946, end_date=20211231T142946
[2021-12-31 14:29:46,992] {local_task_job.py:151} INFO - Task exited with return code 0
