[2021-12-30 16:24:25,322] {taskinstance.py:903} INFO - Dependencies all met for <TaskInstance: cleansing_dag.cleanse_spotlight 2021-12-29T16:24:18.694921+00:00 [queued]>
[2021-12-30 16:24:25,393] {taskinstance.py:903} INFO - Dependencies all met for <TaskInstance: cleansing_dag.cleanse_spotlight 2021-12-29T16:24:18.694921+00:00 [queued]>
[2021-12-30 16:24:25,394] {taskinstance.py:1094} INFO - 
--------------------------------------------------------------------------------
[2021-12-30 16:24:25,395] {taskinstance.py:1095} INFO - Starting attempt 1 of 2
[2021-12-30 16:24:25,396] {taskinstance.py:1096} INFO - 
--------------------------------------------------------------------------------
[2021-12-30 16:24:25,420] {taskinstance.py:1114} INFO - Executing <Task(PythonOperator): cleanse_spotlight> on 2021-12-29T16:24:18.694921+00:00
[2021-12-30 16:24:25,446] {standard_task_runner.py:52} INFO - Started process 7069 to run task
[2021-12-30 16:24:25,487] {standard_task_runner.py:76} INFO - Running: ['***', 'tasks', 'run', 'cleansing_dag', 'cleanse_spotlight', '2021-12-29T16:24:18.694921+00:00', '--job-id', '25', '--pool', 'default_pool', '--raw', '--subdir', 'DAGS_FOLDER/kym_cleansing.py', '--cfg-path', '/tmp/tmp7x7utkgp', '--error-file', '/tmp/tmpqc5a1_gn']
[2021-12-30 16:24:25,501] {standard_task_runner.py:77} INFO - Job 25: Subtask cleanse_spotlight
[2021-12-30 16:24:25,777] {logging_mixin.py:109} INFO - Running <TaskInstance: cleansing_dag.cleanse_spotlight 2021-12-29T16:24:18.694921+00:00 [running]> on host 71257c6b2a25
[2021-12-30 16:24:25,948] {taskinstance.py:1251} INFO - Exporting the following env vars:
AIRFLOW_CTX_DAG_OWNER=***
AIRFLOW_CTX_DAG_ID=cleansing_dag
AIRFLOW_CTX_TASK_ID=cleanse_spotlight
AIRFLOW_CTX_EXECUTION_DATE=2021-12-29T16:24:18.694921+00:00
AIRFLOW_CTX_DAG_RUN_ID=scheduled__2021-12-29T16:24:18.694921+00:00
[2021-12-30 16:25:03,842] {python.py:151} INFO - Done. Returned value was: None
[2021-12-30 16:25:03,860] {taskinstance.py:1211} INFO - Marking task as SUCCESS. dag_id=cleansing_dag, task_id=cleanse_spotlight, execution_date=20211229T162418, start_date=20211230T162425, end_date=20211230T162503
[2021-12-30 16:25:03,905] {local_task_job.py:151} INFO - Task exited with return code 0
