[2021-12-30 11:41:11,332] {taskinstance.py:903} INFO - Dependencies all met for <TaskInstance: cleansing_dag.cleanse_spotlight 2021-12-29T11:41:09.897762+00:00 [queued]>
[2021-12-30 11:41:11,347] {taskinstance.py:903} INFO - Dependencies all met for <TaskInstance: cleansing_dag.cleanse_spotlight 2021-12-29T11:41:09.897762+00:00 [queued]>
[2021-12-30 11:41:11,348] {taskinstance.py:1094} INFO - 
--------------------------------------------------------------------------------
[2021-12-30 11:41:11,348] {taskinstance.py:1095} INFO - Starting attempt 1 of 2
[2021-12-30 11:41:11,349] {taskinstance.py:1096} INFO - 
--------------------------------------------------------------------------------
[2021-12-30 11:41:11,367] {taskinstance.py:1114} INFO - Executing <Task(PythonOperator): cleanse_spotlight> on 2021-12-29T11:41:09.897762+00:00
[2021-12-30 11:41:11,373] {standard_task_runner.py:52} INFO - Started process 14134 to run task
[2021-12-30 11:41:11,378] {standard_task_runner.py:76} INFO - Running: ['***', 'tasks', 'run', 'cleansing_dag', 'cleanse_spotlight', '2021-12-29T11:41:09.897762+00:00', '--job-id', '38', '--pool', 'default_pool', '--raw', '--subdir', 'DAGS_FOLDER/kym_cleansing.py', '--cfg-path', '/tmp/tmpon9tjwe6', '--error-file', '/tmp/tmpwmu1a_r2']
[2021-12-30 11:41:11,379] {standard_task_runner.py:77} INFO - Job 38: Subtask cleanse_spotlight
[2021-12-30 11:41:11,436] {logging_mixin.py:109} INFO - Running <TaskInstance: cleansing_dag.cleanse_spotlight 2021-12-29T11:41:09.897762+00:00 [running]> on host 2eb70c976689
[2021-12-30 11:41:11,502] {taskinstance.py:1251} INFO - Exporting the following env vars:
AIRFLOW_CTX_DAG_OWNER=***
AIRFLOW_CTX_DAG_ID=cleansing_dag
AIRFLOW_CTX_TASK_ID=cleanse_spotlight
AIRFLOW_CTX_EXECUTION_DATE=2021-12-29T11:41:09.897762+00:00
AIRFLOW_CTX_DAG_RUN_ID=scheduled__2021-12-29T11:41:09.897762+00:00
[2021-12-30 11:41:28,562] {python.py:151} INFO - Done. Returned value was: None
[2021-12-30 11:41:28,577] {taskinstance.py:1211} INFO - Marking task as SUCCESS. dag_id=cleansing_dag, task_id=cleanse_spotlight, execution_date=20211229T114109, start_date=20211230T114111, end_date=20211230T114128
[2021-12-30 11:41:28,704] {local_task_job.py:151} INFO - Task exited with return code 0
