[2021-12-29 14:49:05,320] {taskinstance.py:903} INFO - Dependencies all met for <TaskInstance: cleansing_dag.create_tag_dimension_query 2021-12-28T14:46:03.505538+00:00 [queued]>
[2021-12-29 14:49:05,341] {taskinstance.py:903} INFO - Dependencies all met for <TaskInstance: cleansing_dag.create_tag_dimension_query 2021-12-28T14:46:03.505538+00:00 [queued]>
[2021-12-29 14:49:05,342] {taskinstance.py:1094} INFO - 
--------------------------------------------------------------------------------
[2021-12-29 14:49:05,342] {taskinstance.py:1095} INFO - Starting attempt 1 of 2
[2021-12-29 14:49:05,343] {taskinstance.py:1096} INFO - 
--------------------------------------------------------------------------------
[2021-12-29 14:49:05,355] {taskinstance.py:1114} INFO - Executing <Task(PythonOperator): create_tag_dimension_query> on 2021-12-28T14:46:03.505538+00:00
[2021-12-29 14:49:05,360] {standard_task_runner.py:52} INFO - Started process 7244 to run task
[2021-12-29 14:49:05,363] {standard_task_runner.py:76} INFO - Running: ['***', 'tasks', 'run', 'cleansing_dag', 'create_tag_dimension_query', '2021-12-28T14:46:03.505538+00:00', '--job-id', '480', '--pool', 'default_pool', '--raw', '--subdir', 'DAGS_FOLDER/kym_cleansing.py', '--cfg-path', '/tmp/tmplk88y7g5', '--error-file', '/tmp/tmpeacnangg']
[2021-12-29 14:49:05,364] {standard_task_runner.py:77} INFO - Job 480: Subtask create_tag_dimension_query
[2021-12-29 14:49:05,409] {logging_mixin.py:109} INFO - Running <TaskInstance: cleansing_dag.create_tag_dimension_query 2021-12-28T14:46:03.505538+00:00 [running]> on host 34521d0e1651
[2021-12-29 14:49:05,465] {taskinstance.py:1251} INFO - Exporting the following env vars:
AIRFLOW_CTX_DAG_OWNER=***
AIRFLOW_CTX_DAG_ID=cleansing_dag
AIRFLOW_CTX_TASK_ID=create_tag_dimension_query
AIRFLOW_CTX_EXECUTION_DATE=2021-12-28T14:46:03.505538+00:00
AIRFLOW_CTX_DAG_RUN_ID=scheduled__2021-12-28T14:46:03.505538+00:00
[2021-12-29 14:49:06,124] {python.py:151} INFO - Done. Returned value was: None
[2021-12-29 14:49:06,159] {taskinstance.py:1211} INFO - Marking task as SUCCESS. dag_id=cleansing_dag, task_id=create_tag_dimension_query, execution_date=20211228T144603, start_date=20211229T144905, end_date=20211229T144906
[2021-12-29 14:49:06,219] {local_task_job.py:151} INFO - Task exited with return code 0
