[2021-12-28 14:40:40,000] {taskinstance.py:851} INFO - Dependencies all met for <TaskInstance: cleansing_dag.cleanse_vision 2021-12-27T14:40:38.307959+00:00 [queued]>
[2021-12-28 14:40:40,016] {taskinstance.py:851} INFO - Dependencies all met for <TaskInstance: cleansing_dag.cleanse_vision 2021-12-27T14:40:38.307959+00:00 [queued]>
[2021-12-28 14:40:40,017] {taskinstance.py:1042} INFO - 
--------------------------------------------------------------------------------
[2021-12-28 14:40:40,017] {taskinstance.py:1043} INFO - Starting attempt 1 of 2
[2021-12-28 14:40:40,017] {taskinstance.py:1044} INFO - 
--------------------------------------------------------------------------------
[2021-12-28 14:40:40,028] {taskinstance.py:1063} INFO - Executing <Task(PythonOperator): cleanse_vision> on 2021-12-27T14:40:38.307959+00:00
[2021-12-28 14:40:40,033] {standard_task_runner.py:52} INFO - Started process 7239 to run task
[2021-12-28 14:40:40,036] {standard_task_runner.py:76} INFO - Running: ['airflow', 'tasks', 'run', 'cleansing_dag', 'cleanse_vision', '2021-12-27T14:40:38.307959+00:00', '--job-id', '86', '--pool', 'default_pool', '--raw', '--subdir', 'DAGS_FOLDER/kym_cleansing.py', '--cfg-path', '/tmp/tmp1qw35nd_', '--error-file', '/tmp/tmpk84c320j']
[2021-12-28 14:40:40,037] {standard_task_runner.py:77} INFO - Job 86: Subtask cleanse_vision
[2021-12-28 14:40:40,076] {logging_mixin.py:104} INFO - Running <TaskInstance: cleansing_dag.cleanse_vision 2021-12-27T14:40:38.307959+00:00 [running]> on host 78fdbf5e507e
[2021-12-28 14:40:40,113] {taskinstance.py:1255} INFO - Exporting the following env vars:
AIRFLOW_CTX_DAG_OWNER=airflow
AIRFLOW_CTX_DAG_ID=cleansing_dag
AIRFLOW_CTX_TASK_ID=cleanse_vision
AIRFLOW_CTX_EXECUTION_DATE=2021-12-27T14:40:38.307959+00:00
AIRFLOW_CTX_DAG_RUN_ID=scheduled__2021-12-27T14:40:38.307959+00:00
[2021-12-28 14:42:19,184] {python.py:118} INFO - Done. Returned value was: None
[2021-12-28 14:42:19,198] {taskinstance.py:1159} INFO - Marking task as SUCCESS. dag_id=cleansing_dag, task_id=cleanse_vision, execution_date=20211227T144038, start_date=20211228T144040, end_date=20211228T144219
[2021-12-28 14:42:19,327] {local_task_job.py:146} INFO - Task exited with return code 0
