[2021-12-31 14:25:16,166] {taskinstance.py:903} INFO - Dependencies all met for <TaskInstance: main_dag.cleanse_kym 2021-12-30T14:24:46.319481+00:00 [queued]>
[2021-12-31 14:25:16,179] {taskinstance.py:903} INFO - Dependencies all met for <TaskInstance: main_dag.cleanse_kym 2021-12-30T14:24:46.319481+00:00 [queued]>
[2021-12-31 14:25:16,180] {taskinstance.py:1094} INFO - 
--------------------------------------------------------------------------------
[2021-12-31 14:25:16,180] {taskinstance.py:1095} INFO - Starting attempt 1 of 2
[2021-12-31 14:25:16,181] {taskinstance.py:1096} INFO - 
--------------------------------------------------------------------------------
[2021-12-31 14:25:16,194] {taskinstance.py:1114} INFO - Executing <Task(PythonOperator): cleanse_kym> on 2021-12-30T14:24:46.319481+00:00
[2021-12-31 14:25:16,198] {standard_task_runner.py:52} INFO - Started process 62 to run task
[2021-12-31 14:25:16,201] {standard_task_runner.py:76} INFO - Running: ['***', 'tasks', 'run', 'main_dag', 'cleanse_kym', '2021-12-30T14:24:46.319481+00:00', '--job-id', '6', '--pool', 'default_pool', '--raw', '--subdir', 'DAGS_FOLDER/main_dag.py', '--cfg-path', '/tmp/tmpp3rojhg0', '--error-file', '/tmp/tmpg6az6lsn']
[2021-12-31 14:25:16,202] {standard_task_runner.py:77} INFO - Job 6: Subtask cleanse_kym
[2021-12-31 14:25:16,239] {logging_mixin.py:109} INFO - Running <TaskInstance: main_dag.cleanse_kym 2021-12-30T14:24:46.319481+00:00 [running]> on host 8e99a5d40b8f
[2021-12-31 14:25:16,288] {taskinstance.py:1251} INFO - Exporting the following env vars:
AIRFLOW_CTX_DAG_OWNER=***
AIRFLOW_CTX_DAG_ID=main_dag
AIRFLOW_CTX_TASK_ID=cleanse_kym
AIRFLOW_CTX_EXECUTION_DATE=2021-12-30T14:24:46.319481+00:00
AIRFLOW_CTX_DAG_RUN_ID=scheduled__2021-12-30T14:24:46.319481+00:00
[2021-12-31 14:27:48,594] {python.py:151} INFO - Done. Returned value was: None
[2021-12-31 14:27:48,633] {taskinstance.py:1211} INFO - Marking task as SUCCESS. dag_id=main_dag, task_id=cleanse_kym, execution_date=20211230T142446, start_date=20211231T142516, end_date=20211231T142748
[2021-12-31 14:27:48,681] {local_task_job.py:151} INFO - Task exited with return code 0
