[2021-12-31 10:28:04,568] {taskinstance.py:903} INFO - Dependencies all met for <TaskInstance: main_dag.merge 2021-12-31T10:23:18.790454+00:00 [queued]>
[2021-12-31 10:28:04,581] {taskinstance.py:903} INFO - Dependencies all met for <TaskInstance: main_dag.merge 2021-12-31T10:23:18.790454+00:00 [queued]>
[2021-12-31 10:28:04,582] {taskinstance.py:1094} INFO - 
--------------------------------------------------------------------------------
[2021-12-31 10:28:04,582] {taskinstance.py:1095} INFO - Starting attempt 1 of 2
[2021-12-31 10:28:04,582] {taskinstance.py:1096} INFO - 
--------------------------------------------------------------------------------
[2021-12-31 10:28:04,596] {taskinstance.py:1114} INFO - Executing <Task(PythonOperator): merge> on 2021-12-31T10:23:18.790454+00:00
[2021-12-31 10:28:04,601] {standard_task_runner.py:52} INFO - Started process 27864 to run task
[2021-12-31 10:28:04,604] {standard_task_runner.py:76} INFO - Running: ['***', 'tasks', 'run', 'main_dag', 'merge', '2021-12-31T10:23:18.790454+00:00', '--job-id', '92', '--pool', 'default_pool', '--raw', '--subdir', 'DAGS_FOLDER/main_dag.py', '--cfg-path', '/tmp/tmpaiv95hp6', '--error-file', '/tmp/tmplmj2u8x8']
[2021-12-31 10:28:04,604] {standard_task_runner.py:77} INFO - Job 92: Subtask merge
[2021-12-31 10:28:04,643] {logging_mixin.py:109} INFO - Running <TaskInstance: main_dag.merge 2021-12-31T10:23:18.790454+00:00 [running]> on host 71257c6b2a25
[2021-12-31 10:28:04,701] {taskinstance.py:1251} INFO - Exporting the following env vars:
AIRFLOW_CTX_DAG_OWNER=***
AIRFLOW_CTX_DAG_ID=main_dag
AIRFLOW_CTX_TASK_ID=merge
AIRFLOW_CTX_EXECUTION_DATE=2021-12-31T10:23:18.790454+00:00
AIRFLOW_CTX_DAG_RUN_ID=manual__2021-12-31T10:23:18.790454+00:00
[2021-12-31 10:28:05,337] {python.py:151} INFO - Done. Returned value was: None
[2021-12-31 10:28:05,351] {taskinstance.py:1211} INFO - Marking task as SUCCESS. dag_id=main_dag, task_id=merge, execution_date=20211231T102318, start_date=20211231T102804, end_date=20211231T102805
[2021-12-31 10:28:05,379] {local_task_job.py:151} INFO - Task exited with return code 0
