[2021-12-28 14:40:39,997] {taskinstance.py:851} INFO - Dependencies all met for <TaskInstance: cleansing_dag.cleanse_spotlight 2021-12-27T14:40:38.307959+00:00 [queued]>
[2021-12-28 14:40:40,017] {taskinstance.py:851} INFO - Dependencies all met for <TaskInstance: cleansing_dag.cleanse_spotlight 2021-12-27T14:40:38.307959+00:00 [queued]>
[2021-12-28 14:40:40,017] {taskinstance.py:1042} INFO - 
--------------------------------------------------------------------------------
[2021-12-28 14:40:40,017] {taskinstance.py:1043} INFO - Starting attempt 1 of 2
[2021-12-28 14:40:40,017] {taskinstance.py:1044} INFO - 
--------------------------------------------------------------------------------
[2021-12-28 14:40:40,028] {taskinstance.py:1063} INFO - Executing <Task(PythonOperator): cleanse_spotlight> on 2021-12-27T14:40:38.307959+00:00
[2021-12-28 14:40:40,033] {standard_task_runner.py:52} INFO - Started process 7238 to run task
[2021-12-28 14:40:40,038] {standard_task_runner.py:76} INFO - Running: ['airflow', 'tasks', 'run', 'cleansing_dag', 'cleanse_spotlight', '2021-12-27T14:40:38.307959+00:00', '--job-id', '84', '--pool', 'default_pool', '--raw', '--subdir', 'DAGS_FOLDER/kym_cleansing.py', '--cfg-path', '/tmp/tmp7kifpwk2', '--error-file', '/tmp/tmpv3itzhl3']
[2021-12-28 14:40:40,038] {standard_task_runner.py:77} INFO - Job 84: Subtask cleanse_spotlight
[2021-12-28 14:40:40,080] {logging_mixin.py:104} INFO - Running <TaskInstance: cleansing_dag.cleanse_spotlight 2021-12-27T14:40:38.307959+00:00 [running]> on host 78fdbf5e507e
[2021-12-28 14:40:40,118] {taskinstance.py:1255} INFO - Exporting the following env vars:
AIRFLOW_CTX_DAG_OWNER=airflow
AIRFLOW_CTX_DAG_ID=cleansing_dag
AIRFLOW_CTX_TASK_ID=cleanse_spotlight
AIRFLOW_CTX_EXECUTION_DATE=2021-12-27T14:40:38.307959+00:00
AIRFLOW_CTX_DAG_RUN_ID=scheduled__2021-12-27T14:40:38.307959+00:00
[2021-12-28 14:40:53,362] {python.py:118} INFO - Done. Returned value was: None
[2021-12-28 14:40:53,373] {taskinstance.py:1159} INFO - Marking task as SUCCESS. dag_id=cleansing_dag, task_id=cleanse_spotlight, execution_date=20211227T144038, start_date=20211228T144039, end_date=20211228T144053
[2021-12-28 14:40:53,425] {local_task_job.py:146} INFO - Task exited with return code 0
