[2021-12-29 13:57:32,801] {taskinstance.py:903} INFO - Dependencies all met for <TaskInstance: cleansing_dag.cleanse_spotlight 2021-12-28T13:57:28.972945+00:00 [queued]>
[2021-12-29 13:57:32,838] {taskinstance.py:903} INFO - Dependencies all met for <TaskInstance: cleansing_dag.cleanse_spotlight 2021-12-28T13:57:28.972945+00:00 [queued]>
[2021-12-29 13:57:32,839] {taskinstance.py:1094} INFO - 
--------------------------------------------------------------------------------
[2021-12-29 13:57:32,839] {taskinstance.py:1095} INFO - Starting attempt 1 of 2
[2021-12-29 13:57:32,840] {taskinstance.py:1096} INFO - 
--------------------------------------------------------------------------------
[2021-12-29 13:57:32,853] {taskinstance.py:1114} INFO - Executing <Task(PythonOperator): cleanse_spotlight> on 2021-12-28T13:57:28.972945+00:00
[2021-12-29 13:57:32,865] {standard_task_runner.py:52} INFO - Started process 16365 to run task
[2021-12-29 13:57:32,868] {standard_task_runner.py:76} INFO - Running: ['***', 'tasks', 'run', 'cleansing_dag', 'cleanse_spotlight', '2021-12-28T13:57:28.972945+00:00', '--job-id', '397', '--pool', 'default_pool', '--raw', '--subdir', 'DAGS_FOLDER/kym_cleansing.py', '--cfg-path', '/tmp/tmpjg23b39u', '--error-file', '/tmp/tmpdwuqocu2']
[2021-12-29 13:57:32,869] {standard_task_runner.py:77} INFO - Job 397: Subtask cleanse_spotlight
[2021-12-29 13:57:32,931] {logging_mixin.py:109} INFO - Running <TaskInstance: cleansing_dag.cleanse_spotlight 2021-12-28T13:57:28.972945+00:00 [running]> on host 34521d0e1651
[2021-12-29 13:57:33,041] {taskinstance.py:1251} INFO - Exporting the following env vars:
AIRFLOW_CTX_DAG_OWNER=***
AIRFLOW_CTX_DAG_ID=cleansing_dag
AIRFLOW_CTX_TASK_ID=cleanse_spotlight
AIRFLOW_CTX_EXECUTION_DATE=2021-12-28T13:57:28.972945+00:00
AIRFLOW_CTX_DAG_RUN_ID=scheduled__2021-12-28T13:57:28.972945+00:00
[2021-12-29 13:57:51,926] {python.py:151} INFO - Done. Returned value was: None
[2021-12-29 13:57:51,943] {taskinstance.py:1211} INFO - Marking task as SUCCESS. dag_id=cleansing_dag, task_id=cleanse_spotlight, execution_date=20211228T135728, start_date=20211229T135732, end_date=20211229T135751
[2021-12-29 13:57:52,003] {local_task_job.py:151} INFO - Task exited with return code 0
