[2021-12-30 14:07:06,973] {taskinstance.py:903} INFO - Dependencies all met for <TaskInstance: cleansing_dag.create_additional_analysis_table_query 2021-12-30T14:04:21.341950+00:00 [queued]>
[2021-12-30 14:07:06,988] {taskinstance.py:903} INFO - Dependencies all met for <TaskInstance: cleansing_dag.create_additional_analysis_table_query 2021-12-30T14:04:21.341950+00:00 [queued]>
[2021-12-30 14:07:06,989] {taskinstance.py:1094} INFO - 
--------------------------------------------------------------------------------
[2021-12-30 14:07:06,989] {taskinstance.py:1095} INFO - Starting attempt 1 of 2
[2021-12-30 14:07:06,989] {taskinstance.py:1096} INFO - 
--------------------------------------------------------------------------------
[2021-12-30 14:07:07,005] {taskinstance.py:1114} INFO - Executing <Task(PythonOperator): create_additional_analysis_table_query> on 2021-12-30T14:04:21.341950+00:00
[2021-12-30 14:07:07,015] {standard_task_runner.py:52} INFO - Started process 7024 to run task
[2021-12-30 14:07:07,018] {standard_task_runner.py:76} INFO - Running: ['***', 'tasks', 'run', 'cleansing_dag', 'create_additional_analysis_table_query', '2021-12-30T14:04:21.341950+00:00', '--job-id', '104', '--pool', 'default_pool', '--raw', '--subdir', 'DAGS_FOLDER/kym_cleansing.py', '--cfg-path', '/tmp/tmpybq1ah2d', '--error-file', '/tmp/tmpyaccjtru']
[2021-12-30 14:07:07,019] {standard_task_runner.py:77} INFO - Job 104: Subtask create_additional_analysis_table_query
[2021-12-30 14:07:07,060] {logging_mixin.py:109} INFO - Running <TaskInstance: cleansing_dag.create_additional_analysis_table_query 2021-12-30T14:04:21.341950+00:00 [running]> on host 2eb70c976689
[2021-12-30 14:07:07,110] {taskinstance.py:1251} INFO - Exporting the following env vars:
AIRFLOW_CTX_DAG_OWNER=***
AIRFLOW_CTX_DAG_ID=cleansing_dag
AIRFLOW_CTX_TASK_ID=create_additional_analysis_table_query
AIRFLOW_CTX_EXECUTION_DATE=2021-12-30T14:04:21.341950+00:00
AIRFLOW_CTX_DAG_RUN_ID=manual__2021-12-30T14:04:21.341950+00:00
[2021-12-30 14:07:07,758] {python.py:151} INFO - Done. Returned value was: None
[2021-12-30 14:07:07,769] {taskinstance.py:1211} INFO - Marking task as SUCCESS. dag_id=cleansing_dag, task_id=create_additional_analysis_table_query, execution_date=20211230T140421, start_date=20211230T140706, end_date=20211230T140707
[2021-12-30 14:07:07,793] {local_task_job.py:151} INFO - Task exited with return code 0
