[2021-12-28 17:52:39,480] {taskinstance.py:903} INFO - Dependencies all met for <TaskInstance: cleansing_dag.cleanse_kym 2021-12-28T17:52:36.925895+00:00 [queued]>
[2021-12-28 17:52:39,492] {taskinstance.py:903} INFO - Dependencies all met for <TaskInstance: cleansing_dag.cleanse_kym 2021-12-28T17:52:36.925895+00:00 [queued]>
[2021-12-28 17:52:39,492] {taskinstance.py:1094} INFO - 
--------------------------------------------------------------------------------
[2021-12-28 17:52:39,492] {taskinstance.py:1095} INFO - Starting attempt 1 of 2
[2021-12-28 17:52:39,493] {taskinstance.py:1096} INFO - 
--------------------------------------------------------------------------------
[2021-12-28 17:52:39,519] {taskinstance.py:1114} INFO - Executing <Task(PythonOperator): cleanse_kym> on 2021-12-28T17:52:36.925895+00:00
[2021-12-28 17:52:39,524] {standard_task_runner.py:52} INFO - Started process 62 to run task
[2021-12-28 17:52:39,526] {standard_task_runner.py:76} INFO - Running: ['***', 'tasks', 'run', 'cleansing_dag', 'cleanse_kym', '2021-12-28T17:52:36.925895+00:00', '--job-id', '127', '--pool', 'default_pool', '--raw', '--subdir', 'DAGS_FOLDER/kym_cleansing.py', '--cfg-path', '/tmp/tmpjaklchp3', '--error-file', '/tmp/tmp4cl_j26r']
[2021-12-28 17:52:39,528] {standard_task_runner.py:77} INFO - Job 127: Subtask cleanse_kym
[2021-12-28 17:52:39,573] {logging_mixin.py:109} INFO - Running <TaskInstance: cleansing_dag.cleanse_kym 2021-12-28T17:52:36.925895+00:00 [running]> on host 7deaf4b1fcdf
[2021-12-28 17:52:39,626] {taskinstance.py:1251} INFO - Exporting the following env vars:
AIRFLOW_CTX_DAG_OWNER=***
AIRFLOW_CTX_DAG_ID=cleansing_dag
AIRFLOW_CTX_TASK_ID=cleanse_kym
AIRFLOW_CTX_EXECUTION_DATE=2021-12-28T17:52:36.925895+00:00
AIRFLOW_CTX_DAG_RUN_ID=manual__2021-12-28T17:52:36.925895+00:00
[2021-12-28 17:55:52,216] {python.py:151} INFO - Done. Returned value was: None
[2021-12-28 17:55:52,258] {taskinstance.py:1211} INFO - Marking task as SUCCESS. dag_id=cleansing_dag, task_id=cleanse_kym, execution_date=20211228T175236, start_date=20211228T175239, end_date=20211228T175552
[2021-12-28 17:55:52,348] {local_task_job.py:151} INFO - Task exited with return code 0
