[2021-12-28 19:59:55,039] {taskinstance.py:903} INFO - Dependencies all met for <TaskInstance: cleansing_dag.cleanse_vision 2021-12-28T19:59:54.431163+00:00 [queued]>
[2021-12-28 19:59:55,057] {taskinstance.py:903} INFO - Dependencies all met for <TaskInstance: cleansing_dag.cleanse_vision 2021-12-28T19:59:54.431163+00:00 [queued]>
[2021-12-28 19:59:55,057] {taskinstance.py:1094} INFO - 
--------------------------------------------------------------------------------
[2021-12-28 19:59:55,058] {taskinstance.py:1095} INFO - Starting attempt 1 of 2
[2021-12-28 19:59:55,058] {taskinstance.py:1096} INFO - 
--------------------------------------------------------------------------------
[2021-12-28 19:59:55,069] {taskinstance.py:1114} INFO - Executing <Task(PythonOperator): cleanse_vision> on 2021-12-28T19:59:54.431163+00:00
[2021-12-28 19:59:55,074] {standard_task_runner.py:52} INFO - Started process 7064 to run task
[2021-12-28 19:59:55,077] {standard_task_runner.py:76} INFO - Running: ['***', 'tasks', 'run', 'cleansing_dag', 'cleanse_vision', '2021-12-28T19:59:54.431163+00:00', '--job-id', '260', '--pool', 'default_pool', '--raw', '--subdir', 'DAGS_FOLDER/kym_cleansing.py', '--cfg-path', '/tmp/tmpmey89fgz', '--error-file', '/tmp/tmpq66q95y4']
[2021-12-28 19:59:55,078] {standard_task_runner.py:77} INFO - Job 260: Subtask cleanse_vision
[2021-12-28 19:59:55,119] {logging_mixin.py:109} INFO - Running <TaskInstance: cleansing_dag.cleanse_vision 2021-12-28T19:59:54.431163+00:00 [running]> on host 62c7f391d30e
[2021-12-28 19:59:55,168] {taskinstance.py:1251} INFO - Exporting the following env vars:
AIRFLOW_CTX_DAG_OWNER=***
AIRFLOW_CTX_DAG_ID=cleansing_dag
AIRFLOW_CTX_TASK_ID=cleanse_vision
AIRFLOW_CTX_EXECUTION_DATE=2021-12-28T19:59:54.431163+00:00
AIRFLOW_CTX_DAG_RUN_ID=manual__2021-12-28T19:59:54.431163+00:00
[2021-12-28 20:01:42,714] {python.py:151} INFO - Done. Returned value was: None
[2021-12-28 20:01:42,732] {taskinstance.py:1211} INFO - Marking task as SUCCESS. dag_id=cleansing_dag, task_id=cleanse_vision, execution_date=20211228T195954, start_date=20211228T195955, end_date=20211228T200142
[2021-12-28 20:01:42,774] {local_task_job.py:151} INFO - Task exited with return code 0
