[2021-12-28 19:56:27,063] {taskinstance.py:903} INFO - Dependencies all met for <TaskInstance: cleansing_dag.cleanse_vision 2021-12-27T19:56:23.170629+00:00 [queued]>
[2021-12-28 19:56:27,082] {taskinstance.py:903} INFO - Dependencies all met for <TaskInstance: cleansing_dag.cleanse_vision 2021-12-27T19:56:23.170629+00:00 [queued]>
[2021-12-28 19:56:27,082] {taskinstance.py:1094} INFO - 
--------------------------------------------------------------------------------
[2021-12-28 19:56:27,083] {taskinstance.py:1095} INFO - Starting attempt 1 of 2
[2021-12-28 19:56:27,083] {taskinstance.py:1096} INFO - 
--------------------------------------------------------------------------------
[2021-12-28 19:56:27,093] {taskinstance.py:1114} INFO - Executing <Task(PythonOperator): cleanse_vision> on 2021-12-27T19:56:23.170629+00:00
[2021-12-28 19:56:27,098] {standard_task_runner.py:52} INFO - Started process 63 to run task
[2021-12-28 19:56:27,102] {standard_task_runner.py:76} INFO - Running: ['***', 'tasks', 'run', 'cleansing_dag', 'cleanse_vision', '2021-12-27T19:56:23.170629+00:00', '--job-id', '245', '--pool', 'default_pool', '--raw', '--subdir', 'DAGS_FOLDER/kym_cleansing.py', '--cfg-path', '/tmp/tmpw1p1niv5', '--error-file', '/tmp/tmptt4ieg78']
[2021-12-28 19:56:27,103] {standard_task_runner.py:77} INFO - Job 245: Subtask cleanse_vision
[2021-12-28 19:56:27,148] {logging_mixin.py:109} INFO - Running <TaskInstance: cleansing_dag.cleanse_vision 2021-12-27T19:56:23.170629+00:00 [running]> on host 62c7f391d30e
[2021-12-28 19:56:27,200] {taskinstance.py:1251} INFO - Exporting the following env vars:
AIRFLOW_CTX_DAG_OWNER=***
AIRFLOW_CTX_DAG_ID=cleansing_dag
AIRFLOW_CTX_TASK_ID=cleanse_vision
AIRFLOW_CTX_EXECUTION_DATE=2021-12-27T19:56:23.170629+00:00
AIRFLOW_CTX_DAG_RUN_ID=scheduled__2021-12-27T19:56:23.170629+00:00
[2021-12-28 19:57:49,819] {python.py:151} INFO - Done. Returned value was: None
[2021-12-28 19:57:49,830] {taskinstance.py:1211} INFO - Marking task as SUCCESS. dag_id=cleansing_dag, task_id=cleanse_vision, execution_date=20211227T195623, start_date=20211228T195627, end_date=20211228T195749
[2021-12-28 19:57:49,882] {local_task_job.py:151} INFO - Task exited with return code 0
