[2021-12-29 13:10:30,387] {taskinstance.py:903} INFO - Dependencies all met for <TaskInstance: cleansing_dag.create_date_dimension_query 2021-12-28T13:07:47.731043+00:00 [queued]>
[2021-12-29 13:10:30,406] {taskinstance.py:903} INFO - Dependencies all met for <TaskInstance: cleansing_dag.create_date_dimension_query 2021-12-28T13:07:47.731043+00:00 [queued]>
[2021-12-29 13:10:30,406] {taskinstance.py:1094} INFO - 
--------------------------------------------------------------------------------
[2021-12-29 13:10:30,407] {taskinstance.py:1095} INFO - Starting attempt 1 of 2
[2021-12-29 13:10:30,407] {taskinstance.py:1096} INFO - 
--------------------------------------------------------------------------------
[2021-12-29 13:10:30,419] {taskinstance.py:1114} INFO - Executing <Task(PythonOperator): create_date_dimension_query> on 2021-12-28T13:07:47.731043+00:00
[2021-12-29 13:10:30,425] {standard_task_runner.py:52} INFO - Started process 16264 to run task
[2021-12-29 13:10:30,428] {standard_task_runner.py:76} INFO - Running: ['***', 'tasks', 'run', 'cleansing_dag', 'create_date_dimension_query', '2021-12-28T13:07:47.731043+00:00', '--job-id', '375', '--pool', 'default_pool', '--raw', '--subdir', 'DAGS_FOLDER/kym_cleansing.py', '--cfg-path', '/tmp/tmplg38hdg7', '--error-file', '/tmp/tmp3uk8kge_']
[2021-12-29 13:10:30,429] {standard_task_runner.py:77} INFO - Job 375: Subtask create_date_dimension_query
[2021-12-29 13:10:30,474] {logging_mixin.py:109} INFO - Running <TaskInstance: cleansing_dag.create_date_dimension_query 2021-12-28T13:07:47.731043+00:00 [running]> on host 34521d0e1651
[2021-12-29 13:10:30,531] {taskinstance.py:1251} INFO - Exporting the following env vars:
AIRFLOW_CTX_DAG_OWNER=***
AIRFLOW_CTX_DAG_ID=cleansing_dag
AIRFLOW_CTX_TASK_ID=create_date_dimension_query
AIRFLOW_CTX_EXECUTION_DATE=2021-12-28T13:07:47.731043+00:00
AIRFLOW_CTX_DAG_RUN_ID=scheduled__2021-12-28T13:07:47.731043+00:00
[2021-12-29 13:10:30,705] {python.py:151} INFO - Done. Returned value was: None
[2021-12-29 13:10:30,718] {taskinstance.py:1211} INFO - Marking task as SUCCESS. dag_id=cleansing_dag, task_id=create_date_dimension_query, execution_date=20211228T130747, start_date=20211229T131030, end_date=20211229T131030
[2021-12-29 13:10:30,761] {local_task_job.py:151} INFO - Task exited with return code 0
