[2021-11-14 14:11:27,517] {taskinstance.py:851} INFO - Dependencies all met for <TaskInstance: first_dag.addSafeSearchRows 2021-11-14T14:11:23.084166+00:00 [None]>
[2021-11-14 14:11:27,535] {taskinstance.py:851} INFO - Dependencies all met for <TaskInstance: first_dag.addSafeSearchRows 2021-11-14T14:11:23.084166+00:00 [None]>
[2021-11-14 14:11:27,535] {taskinstance.py:1042} INFO - 
--------------------------------------------------------------------------------
[2021-11-14 14:11:27,536] {taskinstance.py:1043} INFO - Starting attempt 1 of 2
[2021-11-14 14:11:27,536] {taskinstance.py:1044} INFO - 
--------------------------------------------------------------------------------
[2021-11-14 14:11:27,548] {taskinstance.py:1063} INFO - Executing <Task(PythonOperator): addSafeSearchRows> on 2021-11-14T14:11:23.084166+00:00
[2021-11-14 14:11:27,553] {standard_task_runner.py:52} INFO - Started process 55 to run task
[2021-11-14 14:11:27,555] {standard_task_runner.py:76} INFO - Running: ['airflow', 'tasks', 'run', 'first_dag', 'addSafeSearchRows', '2021-11-14T14:11:23.084166+00:00', '--job-id', '17', '--pool', 'default_pool', '--raw', '--subdir', 'DAGS_FOLDER/first_dag.py', '--cfg-path', '/tmp/tmpxfop48r2', '--error-file', '/tmp/tmpoeawv0_1']
[2021-11-14 14:11:27,556] {standard_task_runner.py:77} INFO - Job 17: Subtask addSafeSearchRows
[2021-11-14 14:11:27,593] {logging_mixin.py:104} INFO - Running <TaskInstance: first_dag.addSafeSearchRows 2021-11-14T14:11:23.084166+00:00 [running]> on host 46d18cda58f2
[2021-11-14 14:11:27,633] {taskinstance.py:1257} INFO - Exporting the following env vars:
AIRFLOW_CTX_DAG_OWNER=airflow
AIRFLOW_CTX_DAG_ID=first_dag
AIRFLOW_CTX_TASK_ID=addSafeSearchRows
AIRFLOW_CTX_EXECUTION_DATE=2021-11-14T14:11:23.084166+00:00
AIRFLOW_CTX_DAG_RUN_ID=manual__2021-11-14T14:11:23.084166+00:00
[2021-11-14 14:12:48,513] {python.py:118} INFO - Done. Returned value was: None
[2021-11-14 14:12:48,553] {taskinstance.py:1166} INFO - Marking task as SUCCESS. dag_id=first_dag, task_id=addSafeSearchRows, execution_date=20211114T141123, start_date=20211114T141127, end_date=20211114T141248
[2021-11-14 14:12:48,586] {taskinstance.py:1220} INFO - 1 downstream tasks scheduled from follow-on schedule check
[2021-11-14 14:12:48,621] {local_task_job.py:146} INFO - Task exited with return code 0
