[2021-12-31 10:23:42,652] {taskinstance.py:903} INFO - Dependencies all met for <TaskInstance: main_dag.cleanse_kym 2021-12-31T10:23:18.790454+00:00 [queued]>
[2021-12-31 10:23:42,664] {taskinstance.py:903} INFO - Dependencies all met for <TaskInstance: main_dag.cleanse_kym 2021-12-31T10:23:18.790454+00:00 [queued]>
[2021-12-31 10:23:42,665] {taskinstance.py:1094} INFO - 
--------------------------------------------------------------------------------
[2021-12-31 10:23:42,665] {taskinstance.py:1095} INFO - Starting attempt 1 of 2
[2021-12-31 10:23:42,666] {taskinstance.py:1096} INFO - 
--------------------------------------------------------------------------------
[2021-12-31 10:23:42,681] {taskinstance.py:1114} INFO - Executing <Task(PythonOperator): cleanse_kym> on 2021-12-31T10:23:18.790454+00:00
[2021-12-31 10:23:42,685] {standard_task_runner.py:52} INFO - Started process 20978 to run task
[2021-12-31 10:23:42,687] {standard_task_runner.py:76} INFO - Running: ['***', 'tasks', 'run', 'main_dag', 'cleanse_kym', '2021-12-31T10:23:18.790454+00:00', '--job-id', '87', '--pool', 'default_pool', '--raw', '--subdir', 'DAGS_FOLDER/main_dag.py', '--cfg-path', '/tmp/tmpbdzvg539', '--error-file', '/tmp/tmpddpnxfh0']
[2021-12-31 10:23:42,688] {standard_task_runner.py:77} INFO - Job 87: Subtask cleanse_kym
[2021-12-31 10:23:42,725] {logging_mixin.py:109} INFO - Running <TaskInstance: main_dag.cleanse_kym 2021-12-31T10:23:18.790454+00:00 [running]> on host 71257c6b2a25
[2021-12-31 10:23:42,772] {taskinstance.py:1251} INFO - Exporting the following env vars:
AIRFLOW_CTX_DAG_OWNER=***
AIRFLOW_CTX_DAG_ID=main_dag
AIRFLOW_CTX_TASK_ID=cleanse_kym
AIRFLOW_CTX_EXECUTION_DATE=2021-12-31T10:23:18.790454+00:00
AIRFLOW_CTX_DAG_RUN_ID=manual__2021-12-31T10:23:18.790454+00:00
[2021-12-31 10:26:14,098] {python.py:151} INFO - Done. Returned value was: None
[2021-12-31 10:26:14,112] {taskinstance.py:1211} INFO - Marking task as SUCCESS. dag_id=main_dag, task_id=cleanse_kym, execution_date=20211231T102318, start_date=20211231T102342, end_date=20211231T102614
[2021-12-31 10:26:14,151] {local_task_job.py:151} INFO - Task exited with return code 0
