[2021-12-31 14:27:49,809] {taskinstance.py:903} INFO - Dependencies all met for <TaskInstance: main_dag.download_spotlight_data 2021-12-30T14:24:46.319481+00:00 [queued]>
[2021-12-31 14:27:49,823] {taskinstance.py:903} INFO - Dependencies all met for <TaskInstance: main_dag.download_spotlight_data 2021-12-30T14:24:46.319481+00:00 [queued]>
[2021-12-31 14:27:49,824] {taskinstance.py:1094} INFO - 
--------------------------------------------------------------------------------
[2021-12-31 14:27:49,824] {taskinstance.py:1095} INFO - Starting attempt 1 of 2
[2021-12-31 14:27:49,824] {taskinstance.py:1096} INFO - 
--------------------------------------------------------------------------------
[2021-12-31 14:27:49,841] {taskinstance.py:1114} INFO - Executing <Task(PythonOperator): download_spotlight_data> on 2021-12-30T14:24:46.319481+00:00
[2021-12-31 14:27:49,846] {standard_task_runner.py:52} INFO - Started process 7003 to run task
[2021-12-31 14:27:49,850] {standard_task_runner.py:76} INFO - Running: ['***', 'tasks', 'run', 'main_dag', 'download_spotlight_data', '2021-12-30T14:24:46.319481+00:00', '--job-id', '7', '--pool', 'default_pool', '--raw', '--subdir', 'DAGS_FOLDER/main_dag.py', '--cfg-path', '/tmp/tmp78jtwevg', '--error-file', '/tmp/tmplosqehi1']
[2021-12-31 14:27:49,851] {standard_task_runner.py:77} INFO - Job 7: Subtask download_spotlight_data
[2021-12-31 14:27:49,888] {logging_mixin.py:109} INFO - Running <TaskInstance: main_dag.download_spotlight_data 2021-12-30T14:24:46.319481+00:00 [running]> on host 8e99a5d40b8f
[2021-12-31 14:27:49,939] {taskinstance.py:1251} INFO - Exporting the following env vars:
AIRFLOW_CTX_DAG_OWNER=***
AIRFLOW_CTX_DAG_ID=main_dag
AIRFLOW_CTX_TASK_ID=download_spotlight_data
AIRFLOW_CTX_EXECUTION_DATE=2021-12-30T14:24:46.319481+00:00
AIRFLOW_CTX_DAG_RUN_ID=scheduled__2021-12-30T14:24:46.319481+00:00
[2021-12-31 14:27:52,418] {logging_mixin.py:109} INFO - File downloaded successfully.
[2021-12-31 14:27:52,419] {python.py:151} INFO - Done. Returned value was: None
[2021-12-31 14:27:52,436] {taskinstance.py:1211} INFO - Marking task as SUCCESS. dag_id=main_dag, task_id=download_spotlight_data, execution_date=20211230T142446, start_date=20211231T142749, end_date=20211231T142752
[2021-12-31 14:27:52,473] {local_task_job.py:151} INFO - Task exited with return code 0
