[2021-12-28 15:05:10,232] {taskinstance.py:903} INFO - Dependencies all met for <TaskInstance: cleansing_dag.create_date_dimension_query 2021-12-27T15:02:15.357290+00:00 [queued]>
[2021-12-28 15:05:10,246] {taskinstance.py:903} INFO - Dependencies all met for <TaskInstance: cleansing_dag.create_date_dimension_query 2021-12-27T15:02:15.357290+00:00 [queued]>
[2021-12-28 15:05:10,246] {taskinstance.py:1094} INFO - 
--------------------------------------------------------------------------------
[2021-12-28 15:05:10,247] {taskinstance.py:1095} INFO - Starting attempt 1 of 2
[2021-12-28 15:05:10,247] {taskinstance.py:1096} INFO - 
--------------------------------------------------------------------------------
[2021-12-28 15:05:10,263] {taskinstance.py:1114} INFO - Executing <Task(PythonOperator): create_date_dimension_query> on 2021-12-27T15:02:15.357290+00:00
[2021-12-28 15:05:10,269] {standard_task_runner.py:52} INFO - Started process 6993 to run task
[2021-12-28 15:05:10,272] {standard_task_runner.py:76} INFO - Running: ['***', 'tasks', 'run', 'cleansing_dag', 'create_date_dimension_query', '2021-12-27T15:02:15.357290+00:00', '--job-id', '111', '--pool', 'default_pool', '--raw', '--subdir', 'DAGS_FOLDER/kym_cleansing.py', '--cfg-path', '/tmp/tmpyawn8zw4', '--error-file', '/tmp/tmp7g_mzmjx']
[2021-12-28 15:05:10,273] {standard_task_runner.py:77} INFO - Job 111: Subtask create_date_dimension_query
[2021-12-28 15:05:10,313] {logging_mixin.py:109} INFO - Running <TaskInstance: cleansing_dag.create_date_dimension_query 2021-12-27T15:02:15.357290+00:00 [running]> on host e9f043de1902
[2021-12-28 15:05:10,371] {taskinstance.py:1251} INFO - Exporting the following env vars:
AIRFLOW_CTX_DAG_OWNER=***
AIRFLOW_CTX_DAG_ID=cleansing_dag
AIRFLOW_CTX_TASK_ID=create_date_dimension_query
AIRFLOW_CTX_EXECUTION_DATE=2021-12-27T15:02:15.357290+00:00
AIRFLOW_CTX_DAG_RUN_ID=scheduled__2021-12-27T15:02:15.357290+00:00
[2021-12-28 15:05:10,541] {python.py:151} INFO - Done. Returned value was: None
[2021-12-28 15:05:10,552] {taskinstance.py:1211} INFO - Marking task as SUCCESS. dag_id=cleansing_dag, task_id=create_date_dimension_query, execution_date=20211227T150215, start_date=20211228T150510, end_date=20211228T150510
[2021-12-28 15:05:10,605] {local_task_job.py:151} INFO - Task exited with return code 0
