[2021-12-31 15:43:45,448] {taskinstance.py:903} INFO - Dependencies all met for <TaskInstance: main_dag.download_spotlight_data 2021-12-31T15:40:48.544744+00:00 [queued]>
[2021-12-31 15:43:45,461] {taskinstance.py:903} INFO - Dependencies all met for <TaskInstance: main_dag.download_spotlight_data 2021-12-31T15:40:48.544744+00:00 [queued]>
[2021-12-31 15:43:45,461] {taskinstance.py:1094} INFO - 
--------------------------------------------------------------------------------
[2021-12-31 15:43:45,462] {taskinstance.py:1095} INFO - Starting attempt 1 of 2
[2021-12-31 15:43:45,462] {taskinstance.py:1096} INFO - 
--------------------------------------------------------------------------------
[2021-12-31 15:43:45,478] {taskinstance.py:1114} INFO - Executing <Task(PythonOperator): download_spotlight_data> on 2021-12-31T15:40:48.544744+00:00
[2021-12-31 15:43:45,484] {standard_task_runner.py:52} INFO - Started process 9880 to run task
[2021-12-31 15:43:45,486] {standard_task_runner.py:76} INFO - Running: ['***', 'tasks', 'run', 'main_dag', 'download_spotlight_data', '2021-12-31T15:40:48.544744+00:00', '--job-id', '116', '--pool', 'default_pool', '--raw', '--subdir', 'DAGS_FOLDER/main_dag.py', '--cfg-path', '/tmp/tmp7t4gh2vn', '--error-file', '/tmp/tmpglnot6xr']
[2021-12-31 15:43:45,487] {standard_task_runner.py:77} INFO - Job 116: Subtask download_spotlight_data
[2021-12-31 15:43:45,524] {logging_mixin.py:109} INFO - Running <TaskInstance: main_dag.download_spotlight_data 2021-12-31T15:40:48.544744+00:00 [running]> on host 8e99a5d40b8f
[2021-12-31 15:43:45,570] {taskinstance.py:1251} INFO - Exporting the following env vars:
AIRFLOW_CTX_DAG_OWNER=***
AIRFLOW_CTX_DAG_ID=main_dag
AIRFLOW_CTX_TASK_ID=download_spotlight_data
AIRFLOW_CTX_EXECUTION_DATE=2021-12-31T15:40:48.544744+00:00
AIRFLOW_CTX_DAG_RUN_ID=manual__2021-12-31T15:40:48.544744+00:00
[2021-12-31 15:43:49,027] {logging_mixin.py:109} INFO - File downloaded successfully.
[2021-12-31 15:43:49,027] {python.py:151} INFO - Done. Returned value was: None
[2021-12-31 15:43:49,038] {taskinstance.py:1211} INFO - Marking task as SUCCESS. dag_id=main_dag, task_id=download_spotlight_data, execution_date=20211231T154048, start_date=20211231T154345, end_date=20211231T154349
[2021-12-31 15:43:49,074] {local_task_job.py:151} INFO - Task exited with return code 0
