[2021-12-28 15:05:08,906] {taskinstance.py:903} INFO - Dependencies all met for <TaskInstance: cleansing_dag.create_relational_db 2021-12-27T15:02:15.357290+00:00 [queued]>
[2021-12-28 15:05:08,919] {taskinstance.py:903} INFO - Dependencies all met for <TaskInstance: cleansing_dag.create_relational_db 2021-12-27T15:02:15.357290+00:00 [queued]>
[2021-12-28 15:05:08,920] {taskinstance.py:1094} INFO - 
--------------------------------------------------------------------------------
[2021-12-28 15:05:08,920] {taskinstance.py:1095} INFO - Starting attempt 1 of 2
[2021-12-28 15:05:08,921] {taskinstance.py:1096} INFO - 
--------------------------------------------------------------------------------
[2021-12-28 15:05:08,936] {taskinstance.py:1114} INFO - Executing <Task(PythonOperator): create_relational_db> on 2021-12-27T15:02:15.357290+00:00
[2021-12-28 15:05:08,940] {standard_task_runner.py:52} INFO - Started process 6951 to run task
[2021-12-28 15:05:08,943] {standard_task_runner.py:76} INFO - Running: ['***', 'tasks', 'run', 'cleansing_dag', 'create_relational_db', '2021-12-27T15:02:15.357290+00:00', '--job-id', '110', '--pool', 'default_pool', '--raw', '--subdir', 'DAGS_FOLDER/kym_cleansing.py', '--cfg-path', '/tmp/tmp7hy0j58e', '--error-file', '/tmp/tmp8m0w4ob1']
[2021-12-28 15:05:08,944] {standard_task_runner.py:77} INFO - Job 110: Subtask create_relational_db
[2021-12-28 15:05:08,983] {logging_mixin.py:109} INFO - Running <TaskInstance: cleansing_dag.create_relational_db 2021-12-27T15:02:15.357290+00:00 [running]> on host e9f043de1902
[2021-12-28 15:05:09,037] {taskinstance.py:1251} INFO - Exporting the following env vars:
AIRFLOW_CTX_DAG_OWNER=***
AIRFLOW_CTX_DAG_ID=cleansing_dag
AIRFLOW_CTX_TASK_ID=create_relational_db
AIRFLOW_CTX_EXECUTION_DATE=2021-12-27T15:02:15.357290+00:00
AIRFLOW_CTX_DAG_RUN_ID=scheduled__2021-12-27T15:02:15.357290+00:00
[2021-12-28 15:05:09,143] {logging_mixin.py:109} WARNING - /opt/***/dags/kym_cleansing.py:230 SettingWithCopyWarning: 
A value is trying to be set on a copy of a slice from a DataFrame.
Try using .loc[row_indexer,col_indexer] = value instead

See the caveats in the documentation: https://pandas.pydata.org/pandas-docs/stable/user_guide/indexing.html#returning-a-view-versus-a-copy
[2021-12-28 15:05:09,149] {logging_mixin.py:109} WARNING - /opt/***/dags/kym_cleansing.py:233 SettingWithCopyWarning: 
A value is trying to be set on a copy of a slice from a DataFrame.
Try using .loc[row_indexer,col_indexer] = value instead

See the caveats in the documentation: https://pandas.pydata.org/pandas-docs/stable/user_guide/indexing.html#returning-a-view-versus-a-copy
[2021-12-28 15:05:09,514] {python.py:151} INFO - Done. Returned value was: None
[2021-12-28 15:05:09,525] {taskinstance.py:1211} INFO - Marking task as SUCCESS. dag_id=cleansing_dag, task_id=create_relational_db, execution_date=20211227T150215, start_date=20211228T150508, end_date=20211228T150509
[2021-12-28 15:05:09,559] {local_task_job.py:151} INFO - Task exited with return code 0
