[2021-12-30 11:21:58,565] {taskinstance.py:903} INFO - Dependencies all met for <TaskInstance: cleansing_dag.create_tag_dimension_query 2021-12-29T11:18:49.847884+00:00 [queued]>
[2021-12-30 11:21:58,580] {taskinstance.py:903} INFO - Dependencies all met for <TaskInstance: cleansing_dag.create_tag_dimension_query 2021-12-29T11:18:49.847884+00:00 [queued]>
[2021-12-30 11:21:58,581] {taskinstance.py:1094} INFO - 
--------------------------------------------------------------------------------
[2021-12-30 11:21:58,581] {taskinstance.py:1095} INFO - Starting attempt 1 of 2
[2021-12-30 11:21:58,582] {taskinstance.py:1096} INFO - 
--------------------------------------------------------------------------------
[2021-12-30 11:21:58,598] {taskinstance.py:1114} INFO - Executing <Task(PythonOperator): create_tag_dimension_query> on 2021-12-29T11:18:49.847884+00:00
[2021-12-30 11:21:58,605] {standard_task_runner.py:52} INFO - Started process 13907 to run task
[2021-12-30 11:21:58,608] {standard_task_runner.py:76} INFO - Running: ['***', 'tasks', 'run', 'cleansing_dag', 'create_tag_dimension_query', '2021-12-29T11:18:49.847884+00:00', '--job-id', '564', '--pool', 'default_pool', '--raw', '--subdir', 'DAGS_FOLDER/kym_cleansing.py', '--cfg-path', '/tmp/tmpq2ctf96u', '--error-file', '/tmp/tmpa5kbw79t']
[2021-12-30 11:21:58,609] {standard_task_runner.py:77} INFO - Job 564: Subtask create_tag_dimension_query
[2021-12-30 11:21:58,648] {logging_mixin.py:109} INFO - Running <TaskInstance: cleansing_dag.create_tag_dimension_query 2021-12-29T11:18:49.847884+00:00 [running]> on host 06785b5b86ec
[2021-12-30 11:21:58,706] {taskinstance.py:1251} INFO - Exporting the following env vars:
AIRFLOW_CTX_DAG_OWNER=***
AIRFLOW_CTX_DAG_ID=cleansing_dag
AIRFLOW_CTX_TASK_ID=create_tag_dimension_query
AIRFLOW_CTX_EXECUTION_DATE=2021-12-29T11:18:49.847884+00:00
AIRFLOW_CTX_DAG_RUN_ID=scheduled__2021-12-29T11:18:49.847884+00:00
[2021-12-30 11:21:59,429] {python.py:151} INFO - Done. Returned value was: None
[2021-12-30 11:21:59,442] {taskinstance.py:1211} INFO - Marking task as SUCCESS. dag_id=cleansing_dag, task_id=create_tag_dimension_query, execution_date=20211229T111849, start_date=20211230T112158, end_date=20211230T112159
[2021-12-30 11:21:59,463] {local_task_job.py:151} INFO - Task exited with return code 0
