[2021-12-31 16:08:43,571] {taskinstance.py:903} INFO - Dependencies all met for <TaskInstance: main_dag.create_tables 2021-12-31T16:03:42.129662+00:00 [queued]>
[2021-12-31 16:08:43,586] {taskinstance.py:903} INFO - Dependencies all met for <TaskInstance: main_dag.create_tables 2021-12-31T16:03:42.129662+00:00 [queued]>
[2021-12-31 16:08:43,586] {taskinstance.py:1094} INFO - 
--------------------------------------------------------------------------------
[2021-12-31 16:08:43,587] {taskinstance.py:1095} INFO - Starting attempt 1 of 2
[2021-12-31 16:08:43,587] {taskinstance.py:1096} INFO - 
--------------------------------------------------------------------------------
[2021-12-31 16:08:43,603] {taskinstance.py:1114} INFO - Executing <Task(PythonOperator): create_tables> on 2021-12-31T16:03:42.129662+00:00
[2021-12-31 16:08:43,609] {standard_task_runner.py:52} INFO - Started process 31135 to run task
[2021-12-31 16:08:43,612] {standard_task_runner.py:76} INFO - Running: ['***', 'tasks', 'run', 'main_dag', 'create_tables', '2021-12-31T16:03:42.129662+00:00', '--job-id', '187', '--pool', 'default_pool', '--raw', '--subdir', 'DAGS_FOLDER/main_dag.py', '--cfg-path', '/tmp/tmph0iyezas', '--error-file', '/tmp/tmph_l068z3']
[2021-12-31 16:08:43,613] {standard_task_runner.py:77} INFO - Job 187: Subtask create_tables
[2021-12-31 16:08:43,649] {logging_mixin.py:109} INFO - Running <TaskInstance: main_dag.create_tables 2021-12-31T16:03:42.129662+00:00 [running]> on host 8e99a5d40b8f
[2021-12-31 16:08:43,696] {taskinstance.py:1251} INFO - Exporting the following env vars:
AIRFLOW_CTX_DAG_OWNER=***
AIRFLOW_CTX_DAG_ID=main_dag
AIRFLOW_CTX_TASK_ID=create_tables
AIRFLOW_CTX_EXECUTION_DATE=2021-12-31T16:03:42.129662+00:00
AIRFLOW_CTX_DAG_RUN_ID=manual__2021-12-31T16:03:42.129662+00:00
[2021-12-31 16:08:43,877] {logging_mixin.py:109} WARNING - /opt/***/dags/main_dag.py:248 SettingWithCopyWarning: 
A value is trying to be set on a copy of a slice from a DataFrame.
Try using .loc[row_indexer,col_indexer] = value instead

See the caveats in the documentation: https://pandas.pydata.org/pandas-docs/stable/user_guide/indexing.html#returning-a-view-versus-a-copy
[2021-12-31 16:08:43,880] {logging_mixin.py:109} WARNING - /opt/***/dags/main_dag.py:249 SettingWithCopyWarning: 
A value is trying to be set on a copy of a slice from a DataFrame.
Try using .loc[row_indexer,col_indexer] = value instead

See the caveats in the documentation: https://pandas.pydata.org/pandas-docs/stable/user_guide/indexing.html#returning-a-view-versus-a-copy
[2021-12-31 16:08:43,890] {logging_mixin.py:109} WARNING - /opt/***/dags/main_dag.py:252 SettingWithCopyWarning: 
A value is trying to be set on a copy of a slice from a DataFrame.
Try using .loc[row_indexer,col_indexer] = value instead

See the caveats in the documentation: https://pandas.pydata.org/pandas-docs/stable/user_guide/indexing.html#returning-a-view-versus-a-copy
[2021-12-31 16:08:44,319] {python.py:151} INFO - Done. Returned value was: None
[2021-12-31 16:08:44,363] {taskinstance.py:1211} INFO - Marking task as SUCCESS. dag_id=main_dag, task_id=create_tables, execution_date=20211231T160342, start_date=20211231T160843, end_date=20211231T160844
[2021-12-31 16:08:44,387] {local_task_job.py:151} INFO - Task exited with return code 0
