[2021-12-30 12:16:02,600] {taskinstance.py:903} INFO - Dependencies all met for <TaskInstance: cleansing_dag.cleanse_kym 2021-12-30T12:16:01.909559+00:00 [queued]>
[2021-12-30 12:16:02,612] {taskinstance.py:903} INFO - Dependencies all met for <TaskInstance: cleansing_dag.cleanse_kym 2021-12-30T12:16:01.909559+00:00 [queued]>
[2021-12-30 12:16:02,613] {taskinstance.py:1094} INFO - 
--------------------------------------------------------------------------------
[2021-12-30 12:16:02,613] {taskinstance.py:1095} INFO - Starting attempt 1 of 2
[2021-12-30 12:16:02,613] {taskinstance.py:1096} INFO - 
--------------------------------------------------------------------------------
[2021-12-30 12:16:02,628] {taskinstance.py:1114} INFO - Executing <Task(PythonOperator): cleanse_kym> on 2021-12-30T12:16:01.909559+00:00
[2021-12-30 12:16:02,633] {standard_task_runner.py:52} INFO - Started process 9455 to run task
[2021-12-30 12:16:02,636] {standard_task_runner.py:76} INFO - Running: ['***', 'tasks', 'run', 'cleansing_dag', 'cleanse_kym', '2021-12-30T12:16:01.909559+00:00', '--job-id', '76', '--pool', 'default_pool', '--raw', '--subdir', 'DAGS_FOLDER/kym_cleansing.py', '--cfg-path', '/tmp/tmpoekaszqr', '--error-file', '/tmp/tmpi7jxmxm1']
[2021-12-30 12:16:02,637] {standard_task_runner.py:77} INFO - Job 76: Subtask cleanse_kym
[2021-12-30 12:16:02,676] {logging_mixin.py:109} INFO - Running <TaskInstance: cleansing_dag.cleanse_kym 2021-12-30T12:16:01.909559+00:00 [running]> on host 2eb70c976689
[2021-12-30 12:16:02,731] {taskinstance.py:1251} INFO - Exporting the following env vars:
AIRFLOW_CTX_DAG_OWNER=***
AIRFLOW_CTX_DAG_ID=cleansing_dag
AIRFLOW_CTX_TASK_ID=cleanse_kym
AIRFLOW_CTX_EXECUTION_DATE=2021-12-30T12:16:01.909559+00:00
AIRFLOW_CTX_DAG_RUN_ID=manual__2021-12-30T12:16:01.909559+00:00
[2021-12-30 12:18:44,664] {python.py:151} INFO - Done. Returned value was: None
[2021-12-30 12:18:44,704] {taskinstance.py:1211} INFO - Marking task as SUCCESS. dag_id=cleansing_dag, task_id=cleanse_kym, execution_date=20211230T121601, start_date=20211230T121602, end_date=20211230T121844
[2021-12-30 12:18:44,771] {local_task_job.py:151} INFO - Task exited with return code 0
