[2021-12-31 10:28:06,273] {taskinstance.py:903} INFO - Dependencies all met for <TaskInstance: main_dag.create_tables 2021-12-31T10:23:18.790454+00:00 [queued]>
[2021-12-31 10:28:06,286] {taskinstance.py:903} INFO - Dependencies all met for <TaskInstance: main_dag.create_tables 2021-12-31T10:23:18.790454+00:00 [queued]>
[2021-12-31 10:28:06,287] {taskinstance.py:1094} INFO - 
--------------------------------------------------------------------------------
[2021-12-31 10:28:06,287] {taskinstance.py:1095} INFO - Starting attempt 1 of 2
[2021-12-31 10:28:06,288] {taskinstance.py:1096} INFO - 
--------------------------------------------------------------------------------
[2021-12-31 10:28:06,302] {taskinstance.py:1114} INFO - Executing <Task(PythonOperator): create_tables> on 2021-12-31T10:23:18.790454+00:00
[2021-12-31 10:28:06,307] {standard_task_runner.py:52} INFO - Started process 27893 to run task
[2021-12-31 10:28:06,310] {standard_task_runner.py:76} INFO - Running: ['***', 'tasks', 'run', 'main_dag', 'create_tables', '2021-12-31T10:23:18.790454+00:00', '--job-id', '93', '--pool', 'default_pool', '--raw', '--subdir', 'DAGS_FOLDER/main_dag.py', '--cfg-path', '/tmp/tmpl237t2r_', '--error-file', '/tmp/tmpa7twx5qe']
[2021-12-31 10:28:06,311] {standard_task_runner.py:77} INFO - Job 93: Subtask create_tables
[2021-12-31 10:28:06,346] {logging_mixin.py:109} INFO - Running <TaskInstance: main_dag.create_tables 2021-12-31T10:23:18.790454+00:00 [running]> on host 71257c6b2a25
[2021-12-31 10:28:06,393] {taskinstance.py:1251} INFO - Exporting the following env vars:
AIRFLOW_CTX_DAG_OWNER=***
AIRFLOW_CTX_DAG_ID=main_dag
AIRFLOW_CTX_TASK_ID=create_tables
AIRFLOW_CTX_EXECUTION_DATE=2021-12-31T10:23:18.790454+00:00
AIRFLOW_CTX_DAG_RUN_ID=manual__2021-12-31T10:23:18.790454+00:00
[2021-12-31 10:28:06,484] {logging_mixin.py:109} WARNING - /opt/***/dags/main_dag.py:248 SettingWithCopyWarning: 
A value is trying to be set on a copy of a slice from a DataFrame.
Try using .loc[row_indexer,col_indexer] = value instead

See the caveats in the documentation: https://pandas.pydata.org/pandas-docs/stable/user_guide/indexing.html#returning-a-view-versus-a-copy
[2021-12-31 10:28:06,487] {logging_mixin.py:109} WARNING - /opt/***/dags/main_dag.py:249 SettingWithCopyWarning: 
A value is trying to be set on a copy of a slice from a DataFrame.
Try using .loc[row_indexer,col_indexer] = value instead

See the caveats in the documentation: https://pandas.pydata.org/pandas-docs/stable/user_guide/indexing.html#returning-a-view-versus-a-copy
[2021-12-31 10:28:06,493] {logging_mixin.py:109} WARNING - /opt/***/dags/main_dag.py:252 SettingWithCopyWarning: 
A value is trying to be set on a copy of a slice from a DataFrame.
Try using .loc[row_indexer,col_indexer] = value instead

See the caveats in the documentation: https://pandas.pydata.org/pandas-docs/stable/user_guide/indexing.html#returning-a-view-versus-a-copy
[2021-12-31 10:28:06,873] {python.py:151} INFO - Done. Returned value was: None
[2021-12-31 10:28:06,888] {taskinstance.py:1211} INFO - Marking task as SUCCESS. dag_id=main_dag, task_id=create_tables, execution_date=20211231T102318, start_date=20211231T102806, end_date=20211231T102806
[2021-12-31 10:28:06,924] {local_task_job.py:151} INFO - Task exited with return code 0
