[2021-12-29 12:52:20,334] {taskinstance.py:903} INFO - Dependencies all met for <TaskInstance: cleansing_dag.merge 2021-12-28T12:49:40.251394+00:00 [queued]>
[2021-12-29 12:52:20,352] {taskinstance.py:903} INFO - Dependencies all met for <TaskInstance: cleansing_dag.merge 2021-12-28T12:49:40.251394+00:00 [queued]>
[2021-12-29 12:52:20,353] {taskinstance.py:1094} INFO - 
--------------------------------------------------------------------------------
[2021-12-29 12:52:20,353] {taskinstance.py:1095} INFO - Starting attempt 1 of 2
[2021-12-29 12:52:20,353] {taskinstance.py:1096} INFO - 
--------------------------------------------------------------------------------
[2021-12-29 12:52:20,363] {taskinstance.py:1114} INFO - Executing <Task(PythonOperator): merge> on 2021-12-28T12:49:40.251394+00:00
[2021-12-29 12:52:20,368] {standard_task_runner.py:52} INFO - Started process 27633 to run task
[2021-12-29 12:52:20,370] {standard_task_runner.py:76} INFO - Running: ['***', 'tasks', 'run', 'cleansing_dag', 'merge', '2021-12-28T12:49:40.251394+00:00', '--job-id', '348', '--pool', 'default_pool', '--raw', '--subdir', 'DAGS_FOLDER/kym_cleansing.py', '--cfg-path', '/tmp/tmpe_p0hzxj', '--error-file', '/tmp/tmplzx16wfd']
[2021-12-29 12:52:20,371] {standard_task_runner.py:77} INFO - Job 348: Subtask merge
[2021-12-29 12:52:20,407] {logging_mixin.py:109} INFO - Running <TaskInstance: cleansing_dag.merge 2021-12-28T12:49:40.251394+00:00 [running]> on host 34521d0e1651
[2021-12-29 12:52:20,458] {taskinstance.py:1251} INFO - Exporting the following env vars:
AIRFLOW_CTX_DAG_OWNER=***
AIRFLOW_CTX_DAG_ID=cleansing_dag
AIRFLOW_CTX_TASK_ID=merge
AIRFLOW_CTX_EXECUTION_DATE=2021-12-28T12:49:40.251394+00:00
AIRFLOW_CTX_DAG_RUN_ID=scheduled__2021-12-28T12:49:40.251394+00:00
[2021-12-29 12:52:20,800] {python.py:151} INFO - Done. Returned value was: None
[2021-12-29 12:52:20,810] {taskinstance.py:1211} INFO - Marking task as SUCCESS. dag_id=cleansing_dag, task_id=merge, execution_date=20211228T124940, start_date=20211229T125220, end_date=20211229T125220
[2021-12-29 12:52:20,865] {local_task_job.py:151} INFO - Task exited with return code 0
