[2021-12-30 14:07:03,513] {taskinstance.py:903} INFO - Dependencies all met for <TaskInstance: cleansing_dag.merge 2021-12-30T14:04:21.341950+00:00 [queued]>
[2021-12-30 14:07:03,524] {taskinstance.py:903} INFO - Dependencies all met for <TaskInstance: cleansing_dag.merge 2021-12-30T14:04:21.341950+00:00 [queued]>
[2021-12-30 14:07:03,525] {taskinstance.py:1094} INFO - 
--------------------------------------------------------------------------------
[2021-12-30 14:07:03,525] {taskinstance.py:1095} INFO - Starting attempt 1 of 2
[2021-12-30 14:07:03,526] {taskinstance.py:1096} INFO - 
--------------------------------------------------------------------------------
[2021-12-30 14:07:03,541] {taskinstance.py:1114} INFO - Executing <Task(PythonOperator): merge> on 2021-12-30T14:04:21.341950+00:00
[2021-12-30 14:07:03,545] {standard_task_runner.py:52} INFO - Started process 6951 to run task
[2021-12-30 14:07:03,548] {standard_task_runner.py:76} INFO - Running: ['***', 'tasks', 'run', 'cleansing_dag', 'merge', '2021-12-30T14:04:21.341950+00:00', '--job-id', '99', '--pool', 'default_pool', '--raw', '--subdir', 'DAGS_FOLDER/kym_cleansing.py', '--cfg-path', '/tmp/tmpih7p5ls9', '--error-file', '/tmp/tmp5k4yfgsf']
[2021-12-30 14:07:03,549] {standard_task_runner.py:77} INFO - Job 99: Subtask merge
[2021-12-30 14:07:03,587] {logging_mixin.py:109} INFO - Running <TaskInstance: cleansing_dag.merge 2021-12-30T14:04:21.341950+00:00 [running]> on host 2eb70c976689
[2021-12-30 14:07:03,634] {taskinstance.py:1251} INFO - Exporting the following env vars:
AIRFLOW_CTX_DAG_OWNER=***
AIRFLOW_CTX_DAG_ID=cleansing_dag
AIRFLOW_CTX_TASK_ID=merge
AIRFLOW_CTX_EXECUTION_DATE=2021-12-30T14:04:21.341950+00:00
AIRFLOW_CTX_DAG_RUN_ID=manual__2021-12-30T14:04:21.341950+00:00
[2021-12-30 14:07:04,315] {python.py:151} INFO - Done. Returned value was: None
[2021-12-30 14:07:04,327] {taskinstance.py:1211} INFO - Marking task as SUCCESS. dag_id=cleansing_dag, task_id=merge, execution_date=20211230T140421, start_date=20211230T140703, end_date=20211230T140704
[2021-12-30 14:07:04,363] {local_task_job.py:151} INFO - Task exited with return code 0
