[2021-12-31 16:06:48,029] {taskinstance.py:903} INFO - Dependencies all met for <TaskInstance: main_dag.download_spotlight_data 2021-12-31T16:03:42.129662+00:00 [queued]>
[2021-12-31 16:06:48,042] {taskinstance.py:903} INFO - Dependencies all met for <TaskInstance: main_dag.download_spotlight_data 2021-12-31T16:03:42.129662+00:00 [queued]>
[2021-12-31 16:06:48,043] {taskinstance.py:1094} INFO - 
--------------------------------------------------------------------------------
[2021-12-31 16:06:48,043] {taskinstance.py:1095} INFO - Starting attempt 1 of 2
[2021-12-31 16:06:48,043] {taskinstance.py:1096} INFO - 
--------------------------------------------------------------------------------
[2021-12-31 16:06:48,059] {taskinstance.py:1114} INFO - Executing <Task(PythonOperator): download_spotlight_data> on 2021-12-31T16:03:42.129662+00:00
[2021-12-31 16:06:48,065] {standard_task_runner.py:52} INFO - Started process 31090 to run task
[2021-12-31 16:06:48,067] {standard_task_runner.py:76} INFO - Running: ['***', 'tasks', 'run', 'main_dag', 'download_spotlight_data', '2021-12-31T16:03:42.129662+00:00', '--job-id', '182', '--pool', 'default_pool', '--raw', '--subdir', 'DAGS_FOLDER/main_dag.py', '--cfg-path', '/tmp/tmpra8058ow', '--error-file', '/tmp/tmp1zy8qa5v']
[2021-12-31 16:06:48,068] {standard_task_runner.py:77} INFO - Job 182: Subtask download_spotlight_data
[2021-12-31 16:06:48,107] {logging_mixin.py:109} INFO - Running <TaskInstance: main_dag.download_spotlight_data 2021-12-31T16:03:42.129662+00:00 [running]> on host 8e99a5d40b8f
[2021-12-31 16:06:48,153] {taskinstance.py:1251} INFO - Exporting the following env vars:
AIRFLOW_CTX_DAG_OWNER=***
AIRFLOW_CTX_DAG_ID=main_dag
AIRFLOW_CTX_TASK_ID=download_spotlight_data
AIRFLOW_CTX_EXECUTION_DATE=2021-12-31T16:03:42.129662+00:00
AIRFLOW_CTX_DAG_RUN_ID=manual__2021-12-31T16:03:42.129662+00:00
[2021-12-31 16:06:52,253] {logging_mixin.py:109} INFO - File downloaded successfully.
[2021-12-31 16:06:52,254] {python.py:151} INFO - Done. Returned value was: None
[2021-12-31 16:06:52,301] {taskinstance.py:1211} INFO - Marking task as SUCCESS. dag_id=main_dag, task_id=download_spotlight_data, execution_date=20211231T160342, start_date=20211231T160648, end_date=20211231T160652
[2021-12-31 16:06:52,336] {local_task_job.py:151} INFO - Task exited with return code 0
