[2021-11-14 15:41:37,429] {taskinstance.py:851} INFO - Dependencies all met for <TaskInstance: first_dag.addSafeSearchRows 2021-11-13T15:41:21.890948+00:00 [queued]>
[2021-11-14 15:41:37,456] {taskinstance.py:851} INFO - Dependencies all met for <TaskInstance: first_dag.addSafeSearchRows 2021-11-13T15:41:21.890948+00:00 [queued]>
[2021-11-14 15:41:37,457] {taskinstance.py:1042} INFO - 
--------------------------------------------------------------------------------
[2021-11-14 15:41:37,457] {taskinstance.py:1043} INFO - Starting attempt 1 of 2
[2021-11-14 15:41:37,457] {taskinstance.py:1044} INFO - 
--------------------------------------------------------------------------------
[2021-11-14 15:41:37,474] {taskinstance.py:1063} INFO - Executing <Task(PythonOperator): addSafeSearchRows> on 2021-11-13T15:41:21.890948+00:00
[2021-11-14 15:41:37,480] {standard_task_runner.py:52} INFO - Started process 138 to run task
[2021-11-14 15:41:37,482] {standard_task_runner.py:76} INFO - Running: ['airflow', 'tasks', 'run', 'first_dag', 'addSafeSearchRows', '2021-11-13T15:41:21.890948+00:00', '--job-id', '25', '--pool', 'default_pool', '--raw', '--subdir', 'DAGS_FOLDER/first_dag.py', '--cfg-path', '/tmp/tmpbv0wuedq', '--error-file', '/tmp/tmp1xex3anc']
[2021-11-14 15:41:37,484] {standard_task_runner.py:77} INFO - Job 25: Subtask addSafeSearchRows
[2021-11-14 15:41:37,523] {logging_mixin.py:104} INFO - Running <TaskInstance: first_dag.addSafeSearchRows 2021-11-13T15:41:21.890948+00:00 [running]> on host f65740cbacf4
[2021-11-14 15:41:37,604] {taskinstance.py:1257} INFO - Exporting the following env vars:
AIRFLOW_CTX_DAG_OWNER=airflow
AIRFLOW_CTX_DAG_ID=first_dag
AIRFLOW_CTX_TASK_ID=addSafeSearchRows
AIRFLOW_CTX_EXECUTION_DATE=2021-11-13T15:41:21.890948+00:00
AIRFLOW_CTX_DAG_RUN_ID=scheduled__2021-11-13T15:41:21.890948+00:00
[2021-11-14 15:43:02,619] {python.py:118} INFO - Done. Returned value was: None
[2021-11-14 15:43:03,029] {taskinstance.py:1166} INFO - Marking task as SUCCESS. dag_id=first_dag, task_id=addSafeSearchRows, execution_date=20211113T154121, start_date=20211114T154137, end_date=20211114T154303
[2021-11-14 15:43:03,793] {taskinstance.py:1220} INFO - 1 downstream tasks scheduled from follow-on schedule check
[2021-11-14 15:43:04,218] {local_task_job.py:146} INFO - Task exited with return code 0
