[2021-12-31 15:59:36,161] {taskinstance.py:903} INFO - Dependencies all met for <TaskInstance: main_dag.create_graph_table_query 2021-12-31T15:54:30.789280+00:00 [queued]>
[2021-12-31 15:59:36,175] {taskinstance.py:903} INFO - Dependencies all met for <TaskInstance: main_dag.create_graph_table_query 2021-12-31T15:54:30.789280+00:00 [queued]>
[2021-12-31 15:59:36,176] {taskinstance.py:1094} INFO - 
--------------------------------------------------------------------------------
[2021-12-31 15:59:36,177] {taskinstance.py:1095} INFO - Starting attempt 1 of 2
[2021-12-31 15:59:36,177] {taskinstance.py:1096} INFO - 
--------------------------------------------------------------------------------
[2021-12-31 15:59:36,197] {taskinstance.py:1114} INFO - Executing <Task(PythonOperator): create_graph_table_query> on 2021-12-31T15:54:30.789280+00:00
[2021-12-31 15:59:36,205] {standard_task_runner.py:52} INFO - Started process 24121 to run task
[2021-12-31 15:59:36,210] {standard_task_runner.py:76} INFO - Running: ['***', 'tasks', 'run', 'main_dag', 'create_graph_table_query', '2021-12-31T15:54:30.789280+00:00', '--job-id', '167', '--pool', 'default_pool', '--raw', '--subdir', 'DAGS_FOLDER/main_dag.py', '--cfg-path', '/tmp/tmp5ub0nk93', '--error-file', '/tmp/tmpr97f6u2c']
[2021-12-31 15:59:36,211] {standard_task_runner.py:77} INFO - Job 167: Subtask create_graph_table_query
[2021-12-31 15:59:36,257] {logging_mixin.py:109} INFO - Running <TaskInstance: main_dag.create_graph_table_query 2021-12-31T15:54:30.789280+00:00 [running]> on host 8e99a5d40b8f
[2021-12-31 15:59:36,316] {taskinstance.py:1251} INFO - Exporting the following env vars:
AIRFLOW_CTX_DAG_OWNER=***
AIRFLOW_CTX_DAG_ID=main_dag
AIRFLOW_CTX_TASK_ID=create_graph_table_query
AIRFLOW_CTX_EXECUTION_DATE=2021-12-31T15:54:30.789280+00:00
AIRFLOW_CTX_DAG_RUN_ID=manual__2021-12-31T15:54:30.789280+00:00
[2021-12-31 15:59:36,554] {python.py:151} INFO - Done. Returned value was: None
[2021-12-31 15:59:36,566] {taskinstance.py:1211} INFO - Marking task as SUCCESS. dag_id=main_dag, task_id=create_graph_table_query, execution_date=20211231T155430, start_date=20211231T155936, end_date=20211231T155936
[2021-12-31 15:59:36,621] {local_task_job.py:151} INFO - Task exited with return code 0
