[2021-12-31 15:22:40,410] {taskinstance.py:903} INFO - Dependencies all met for <TaskInstance: main_dag.create_additional_analysis_table_query 2021-12-31T15:17:39.949213+00:00 [queued]>
[2021-12-31 15:22:40,426] {taskinstance.py:903} INFO - Dependencies all met for <TaskInstance: main_dag.create_additional_analysis_table_query 2021-12-31T15:17:39.949213+00:00 [queued]>
[2021-12-31 15:22:40,427] {taskinstance.py:1094} INFO - 
--------------------------------------------------------------------------------
[2021-12-31 15:22:40,428] {taskinstance.py:1095} INFO - Starting attempt 1 of 2
[2021-12-31 15:22:40,428] {taskinstance.py:1096} INFO - 
--------------------------------------------------------------------------------
[2021-12-31 15:22:40,449] {taskinstance.py:1114} INFO - Executing <Task(PythonOperator): create_additional_analysis_table_query> on 2021-12-31T15:17:39.949213+00:00
[2021-12-31 15:22:40,456] {standard_task_runner.py:52} INFO - Started process 21173 to run task
[2021-12-31 15:22:40,460] {standard_task_runner.py:76} INFO - Running: ['***', 'tasks', 'run', 'main_dag', 'create_additional_analysis_table_query', '2021-12-31T15:17:39.949213+00:00', '--job-id', '58', '--pool', 'default_pool', '--raw', '--subdir', 'DAGS_FOLDER/main_dag.py', '--cfg-path', '/tmp/tmpepucgdmi', '--error-file', '/tmp/tmp3_8xo4_o']
[2021-12-31 15:22:40,461] {standard_task_runner.py:77} INFO - Job 58: Subtask create_additional_analysis_table_query
[2021-12-31 15:22:40,506] {logging_mixin.py:109} INFO - Running <TaskInstance: main_dag.create_additional_analysis_table_query 2021-12-31T15:17:39.949213+00:00 [running]> on host 8e99a5d40b8f
[2021-12-31 15:22:40,561] {taskinstance.py:1251} INFO - Exporting the following env vars:
AIRFLOW_CTX_DAG_OWNER=***
AIRFLOW_CTX_DAG_ID=main_dag
AIRFLOW_CTX_TASK_ID=create_additional_analysis_table_query
AIRFLOW_CTX_EXECUTION_DATE=2021-12-31T15:17:39.949213+00:00
AIRFLOW_CTX_DAG_RUN_ID=manual__2021-12-31T15:17:39.949213+00:00
[2021-12-31 15:22:41,239] {python.py:151} INFO - Done. Returned value was: None
[2021-12-31 15:22:41,250] {taskinstance.py:1211} INFO - Marking task as SUCCESS. dag_id=main_dag, task_id=create_additional_analysis_table_query, execution_date=20211231T151739, start_date=20211231T152240, end_date=20211231T152241
[2021-12-31 15:22:41,314] {local_task_job.py:151} INFO - Task exited with return code 0
