[2021-12-28 18:05:09,210] {taskinstance.py:903} INFO - Dependencies all met for <TaskInstance: cleansing_dag.merge 2021-12-27T18:02:06.809133+00:00 [queued]>
[2021-12-28 18:05:09,231] {taskinstance.py:903} INFO - Dependencies all met for <TaskInstance: cleansing_dag.merge 2021-12-27T18:02:06.809133+00:00 [queued]>
[2021-12-28 18:05:09,231] {taskinstance.py:1094} INFO - 
--------------------------------------------------------------------------------
[2021-12-28 18:05:09,232] {taskinstance.py:1095} INFO - Starting attempt 1 of 2
[2021-12-28 18:05:09,232] {taskinstance.py:1096} INFO - 
--------------------------------------------------------------------------------
[2021-12-28 18:05:09,244] {taskinstance.py:1114} INFO - Executing <Task(PythonOperator): merge> on 2021-12-27T18:02:06.809133+00:00
[2021-12-28 18:05:09,249] {standard_task_runner.py:52} INFO - Started process 13875 to run task
[2021-12-28 18:05:09,252] {standard_task_runner.py:76} INFO - Running: ['***', 'tasks', 'run', 'cleansing_dag', 'merge', '2021-12-27T18:02:06.809133+00:00', '--job-id', '152', '--pool', 'default_pool', '--raw', '--subdir', 'DAGS_FOLDER/kym_cleansing.py', '--cfg-path', '/tmp/tmp3esj8_1s', '--error-file', '/tmp/tmppsx75xvu']
[2021-12-28 18:05:09,252] {standard_task_runner.py:77} INFO - Job 152: Subtask merge
[2021-12-28 18:05:09,290] {logging_mixin.py:109} INFO - Running <TaskInstance: cleansing_dag.merge 2021-12-27T18:02:06.809133+00:00 [running]> on host e75bb9f39fa6
[2021-12-28 18:05:09,363] {taskinstance.py:1251} INFO - Exporting the following env vars:
AIRFLOW_CTX_DAG_OWNER=***
AIRFLOW_CTX_DAG_ID=cleansing_dag
AIRFLOW_CTX_TASK_ID=merge
AIRFLOW_CTX_EXECUTION_DATE=2021-12-27T18:02:06.809133+00:00
AIRFLOW_CTX_DAG_RUN_ID=scheduled__2021-12-27T18:02:06.809133+00:00
[2021-12-28 18:05:09,714] {python.py:151} INFO - Done. Returned value was: None
[2021-12-28 18:05:09,728] {taskinstance.py:1211} INFO - Marking task as SUCCESS. dag_id=cleansing_dag, task_id=merge, execution_date=20211227T180206, start_date=20211228T180509, end_date=20211228T180509
[2021-12-28 18:05:09,787] {local_task_job.py:151} INFO - Task exited with return code 0
