[2021-12-28 20:05:09,359] {taskinstance.py:903} INFO - Dependencies all met for <TaskInstance: cleansing_dag.cleanse_kym 2021-12-27T20:05:08.090968+00:00 [queued]>
[2021-12-28 20:05:09,378] {taskinstance.py:903} INFO - Dependencies all met for <TaskInstance: cleansing_dag.cleanse_kym 2021-12-27T20:05:08.090968+00:00 [queued]>
[2021-12-28 20:05:09,378] {taskinstance.py:1094} INFO - 
--------------------------------------------------------------------------------
[2021-12-28 20:05:09,379] {taskinstance.py:1095} INFO - Starting attempt 1 of 2
[2021-12-28 20:05:09,379] {taskinstance.py:1096} INFO - 
--------------------------------------------------------------------------------
[2021-12-28 20:05:09,392] {taskinstance.py:1114} INFO - Executing <Task(PythonOperator): cleanse_kym> on 2021-12-27T20:05:08.090968+00:00
[2021-12-28 20:05:09,396] {standard_task_runner.py:52} INFO - Started process 20910 to run task
[2021-12-28 20:05:09,399] {standard_task_runner.py:76} INFO - Running: ['***', 'tasks', 'run', 'cleansing_dag', 'cleanse_kym', '2021-12-27T20:05:08.090968+00:00', '--job-id', '277', '--pool', 'default_pool', '--raw', '--subdir', 'DAGS_FOLDER/kym_cleansing.py', '--cfg-path', '/tmp/tmplv_edrxj', '--error-file', '/tmp/tmpby66xwvi']
[2021-12-28 20:05:09,400] {standard_task_runner.py:77} INFO - Job 277: Subtask cleanse_kym
[2021-12-28 20:05:09,441] {logging_mixin.py:109} INFO - Running <TaskInstance: cleansing_dag.cleanse_kym 2021-12-27T20:05:08.090968+00:00 [running]> on host 62c7f391d30e
[2021-12-28 20:05:09,502] {taskinstance.py:1251} INFO - Exporting the following env vars:
AIRFLOW_CTX_DAG_OWNER=***
AIRFLOW_CTX_DAG_ID=cleansing_dag
AIRFLOW_CTX_TASK_ID=cleanse_kym
AIRFLOW_CTX_EXECUTION_DATE=2021-12-27T20:05:08.090968+00:00
AIRFLOW_CTX_DAG_RUN_ID=scheduled__2021-12-27T20:05:08.090968+00:00
[2021-12-28 20:08:14,559] {python.py:151} INFO - Done. Returned value was: None
[2021-12-28 20:08:14,587] {taskinstance.py:1211} INFO - Marking task as SUCCESS. dag_id=cleansing_dag, task_id=cleanse_kym, execution_date=20211227T200508, start_date=20211228T200509, end_date=20211228T200814
[2021-12-28 20:08:14,666] {local_task_job.py:151} INFO - Task exited with return code 0
