[2021-12-28 14:43:30,973] {taskinstance.py:851} INFO - Dependencies all met for <TaskInstance: cleansing_dag.create_tag_dimension_query 2021-12-27T14:40:38.307959+00:00 [queued]>
[2021-12-28 14:43:30,992] {taskinstance.py:851} INFO - Dependencies all met for <TaskInstance: cleansing_dag.create_tag_dimension_query 2021-12-27T14:40:38.307959+00:00 [queued]>
[2021-12-28 14:43:30,993] {taskinstance.py:1042} INFO - 
--------------------------------------------------------------------------------
[2021-12-28 14:43:30,993] {taskinstance.py:1043} INFO - Starting attempt 1 of 2
[2021-12-28 14:43:30,994] {taskinstance.py:1044} INFO - 
--------------------------------------------------------------------------------
[2021-12-28 14:43:31,004] {taskinstance.py:1063} INFO - Executing <Task(PythonOperator): create_tag_dimension_query> on 2021-12-27T14:40:38.307959+00:00
[2021-12-28 14:43:31,010] {standard_task_runner.py:52} INFO - Started process 14287 to run task
[2021-12-28 14:43:31,013] {standard_task_runner.py:76} INFO - Running: ['airflow', 'tasks', 'run', 'cleansing_dag', 'create_tag_dimension_query', '2021-12-27T14:40:38.307959+00:00', '--job-id', '90', '--pool', 'default_pool', '--raw', '--subdir', 'DAGS_FOLDER/kym_cleansing.py', '--cfg-path', '/tmp/tmpv6m5lao3', '--error-file', '/tmp/tmp055icc5t']
[2021-12-28 14:43:31,014] {standard_task_runner.py:77} INFO - Job 90: Subtask create_tag_dimension_query
[2021-12-28 14:43:31,060] {logging_mixin.py:104} INFO - Running <TaskInstance: cleansing_dag.create_tag_dimension_query 2021-12-27T14:40:38.307959+00:00 [running]> on host 78fdbf5e507e
[2021-12-28 14:43:31,154] {taskinstance.py:1255} INFO - Exporting the following env vars:
AIRFLOW_CTX_DAG_OWNER=airflow
AIRFLOW_CTX_DAG_ID=cleansing_dag
AIRFLOW_CTX_TASK_ID=create_tag_dimension_query
AIRFLOW_CTX_EXECUTION_DATE=2021-12-27T14:40:38.307959+00:00
AIRFLOW_CTX_DAG_RUN_ID=scheduled__2021-12-27T14:40:38.307959+00:00
[2021-12-28 14:43:32,307] {python.py:118} INFO - Done. Returned value was: None
[2021-12-28 14:43:32,319] {taskinstance.py:1159} INFO - Marking task as SUCCESS. dag_id=cleansing_dag, task_id=create_tag_dimension_query, execution_date=20211227T144038, start_date=20211228T144330, end_date=20211228T144332
[2021-12-28 14:43:32,350] {local_task_job.py:146} INFO - Task exited with return code 0
