[2021-12-28 19:53:11,650] {taskinstance.py:903} INFO - Dependencies all met for <TaskInstance: cleansing_dag.merge 2021-12-27T19:50:06.869223+00:00 [queued]>
[2021-12-28 19:53:11,662] {taskinstance.py:903} INFO - Dependencies all met for <TaskInstance: cleansing_dag.merge 2021-12-27T19:50:06.869223+00:00 [queued]>
[2021-12-28 19:53:11,663] {taskinstance.py:1094} INFO - 
--------------------------------------------------------------------------------
[2021-12-28 19:53:11,663] {taskinstance.py:1095} INFO - Starting attempt 1 of 2
[2021-12-28 19:53:11,663] {taskinstance.py:1096} INFO - 
--------------------------------------------------------------------------------
[2021-12-28 19:53:11,679] {taskinstance.py:1114} INFO - Executing <Task(PythonOperator): merge> on 2021-12-27T19:50:06.869223+00:00
[2021-12-28 19:53:11,684] {standard_task_runner.py:52} INFO - Started process 27851 to run task
[2021-12-28 19:53:11,687] {standard_task_runner.py:76} INFO - Running: ['***', 'tasks', 'run', 'cleansing_dag', 'merge', '2021-12-27T19:50:06.869223+00:00', '--job-id', '230', '--pool', 'default_pool', '--raw', '--subdir', 'DAGS_FOLDER/kym_cleansing.py', '--cfg-path', '/tmp/tmpl8kxjs61', '--error-file', '/tmp/tmpdztq63o6']
[2021-12-28 19:53:11,688] {standard_task_runner.py:77} INFO - Job 230: Subtask merge
[2021-12-28 19:53:11,730] {logging_mixin.py:109} INFO - Running <TaskInstance: cleansing_dag.merge 2021-12-27T19:50:06.869223+00:00 [running]> on host 0b3e0a2afa7a
[2021-12-28 19:53:11,783] {taskinstance.py:1251} INFO - Exporting the following env vars:
AIRFLOW_CTX_DAG_OWNER=***
AIRFLOW_CTX_DAG_ID=cleansing_dag
AIRFLOW_CTX_TASK_ID=merge
AIRFLOW_CTX_EXECUTION_DATE=2021-12-27T19:50:06.869223+00:00
AIRFLOW_CTX_DAG_RUN_ID=scheduled__2021-12-27T19:50:06.869223+00:00
[2021-12-28 19:53:12,177] {python.py:151} INFO - Done. Returned value was: None
[2021-12-28 19:53:12,188] {taskinstance.py:1211} INFO - Marking task as SUCCESS. dag_id=cleansing_dag, task_id=merge, execution_date=20211227T195006, start_date=20211228T195311, end_date=20211228T195312
[2021-12-28 19:53:12,221] {local_task_job.py:151} INFO - Task exited with return code 0
