[2021-12-28 18:13:05,284] {taskinstance.py:903} INFO - Dependencies all met for <TaskInstance: cleansing_dag.merge 2021-12-27T18:09:12.698303+00:00 [queued]>
[2021-12-28 18:13:05,308] {taskinstance.py:903} INFO - Dependencies all met for <TaskInstance: cleansing_dag.merge 2021-12-27T18:09:12.698303+00:00 [queued]>
[2021-12-28 18:13:05,308] {taskinstance.py:1094} INFO - 
--------------------------------------------------------------------------------
[2021-12-28 18:13:05,309] {taskinstance.py:1095} INFO - Starting attempt 1 of 2
[2021-12-28 18:13:05,309] {taskinstance.py:1096} INFO - 
--------------------------------------------------------------------------------
[2021-12-28 18:13:05,333] {taskinstance.py:1114} INFO - Executing <Task(PythonOperator): merge> on 2021-12-27T18:09:12.698303+00:00
[2021-12-28 18:13:05,338] {standard_task_runner.py:52} INFO - Started process 20851 to run task
[2021-12-28 18:13:05,341] {standard_task_runner.py:76} INFO - Running: ['***', 'tasks', 'run', 'cleansing_dag', 'merge', '2021-12-27T18:09:12.698303+00:00', '--job-id', '175', '--pool', 'default_pool', '--raw', '--subdir', 'DAGS_FOLDER/kym_cleansing.py', '--cfg-path', '/tmp/tmp0yl7c3a5', '--error-file', '/tmp/tmpqv1wvh61']
[2021-12-28 18:13:05,342] {standard_task_runner.py:77} INFO - Job 175: Subtask merge
[2021-12-28 18:13:05,382] {logging_mixin.py:109} INFO - Running <TaskInstance: cleansing_dag.merge 2021-12-27T18:09:12.698303+00:00 [running]> on host 8081e0fc56fe
[2021-12-28 18:13:05,449] {taskinstance.py:1251} INFO - Exporting the following env vars:
AIRFLOW_CTX_DAG_OWNER=***
AIRFLOW_CTX_DAG_ID=cleansing_dag
AIRFLOW_CTX_TASK_ID=merge
AIRFLOW_CTX_EXECUTION_DATE=2021-12-27T18:09:12.698303+00:00
AIRFLOW_CTX_DAG_RUN_ID=scheduled__2021-12-27T18:09:12.698303+00:00
[2021-12-28 18:13:05,851] {python.py:151} INFO - Done. Returned value was: None
[2021-12-28 18:13:05,865] {taskinstance.py:1211} INFO - Marking task as SUCCESS. dag_id=cleansing_dag, task_id=merge, execution_date=20211227T180912, start_date=20211228T181305, end_date=20211228T181305
[2021-12-28 18:13:05,918] {local_task_job.py:151} INFO - Task exited with return code 0
