[2021-12-28 15:15:13,212] {taskinstance.py:903} INFO - Dependencies all met for <TaskInstance: cleansing_dag.insert_origin_dimension_query 2021-12-27T15:02:15.357290+00:00 [queued]>
[2021-12-28 15:15:13,225] {taskinstance.py:903} INFO - Dependencies all met for <TaskInstance: cleansing_dag.insert_origin_dimension_query 2021-12-27T15:02:15.357290+00:00 [queued]>
[2021-12-28 15:15:13,225] {taskinstance.py:1094} INFO - 
--------------------------------------------------------------------------------
[2021-12-28 15:15:13,225] {taskinstance.py:1095} INFO - Starting attempt 2 of 2
[2021-12-28 15:15:13,226] {taskinstance.py:1096} INFO - 
--------------------------------------------------------------------------------
[2021-12-28 15:15:13,242] {taskinstance.py:1114} INFO - Executing <Task(PostgresOperator): insert_origin_dimension_query> on 2021-12-27T15:02:15.357290+00:00
[2021-12-28 15:15:13,250] {standard_task_runner.py:52} INFO - Started process 7050 to run task
[2021-12-28 15:15:13,254] {standard_task_runner.py:76} INFO - Running: ['***', 'tasks', 'run', 'cleansing_dag', 'insert_origin_dimension_query', '2021-12-27T15:02:15.357290+00:00', '--job-id', '122', '--pool', 'default_pool', '--raw', '--subdir', 'DAGS_FOLDER/kym_cleansing.py', '--cfg-path', '/tmp/tmpdqob41cj', '--error-file', '/tmp/tmpxd3mxixj']
[2021-12-28 15:15:13,255] {standard_task_runner.py:77} INFO - Job 122: Subtask insert_origin_dimension_query
[2021-12-28 15:15:13,298] {logging_mixin.py:109} INFO - Running <TaskInstance: cleansing_dag.insert_origin_dimension_query 2021-12-27T15:02:15.357290+00:00 [running]> on host e9f043de1902
[2021-12-28 15:15:13,354] {taskinstance.py:1251} INFO - Exporting the following env vars:
AIRFLOW_CTX_DAG_OWNER=***
AIRFLOW_CTX_DAG_ID=cleansing_dag
AIRFLOW_CTX_TASK_ID=insert_origin_dimension_query
AIRFLOW_CTX_EXECUTION_DATE=2021-12-27T15:02:15.357290+00:00
AIRFLOW_CTX_DAG_RUN_ID=scheduled__2021-12-27T15:02:15.357290+00:00
[2021-12-28 15:15:13,355] {postgres.py:68} INFO - Executing: CREATE TABLE IF NOT EXISTS origin_dimension (
origin_id INT NOT NULL,
origin VARCHAR());
INSERT INTO date_dimension VALUES ('0', '4chan');
INSERT INTO date_dimension VALUES ('1', 'YouTube');
INSERT INTO date_dimension VALUES ('2', '300 (film)');
INSERT INTO date_dimension VALUES ('3', 'DeviantArt');
INSERT INTO date_dimension VALUES ('4', 'I Can Has Cheezburger');
INSERT INTO date_dimension VALUES ('5', 'KGW News');
INSERT INTO date_dimension VALUES ('6', 'Mushroom Kingdom forum user "T.E.M.", remixed by Anonymous');
INSERT INTO date_dimension VALUES ('7', 'Rage Games / Zany Video Game Quotes');
INSERT INTO date_dimension VALUES ('8', 'Something Awful');
INSERT INTO date_dimension VALUES ('9', 'Unknown');
INSERT INTO date_dimension VALUES ('10', 'Urban Dictionary');
INSERT INTO date_dimension VALUES ('11', 'Warcraft III');
INSERT INTO date_dimension VALUES ('12', 'Fr. Eckle Studios');
INSERT INTO date_dimension VALUES ('13', 'offtopic.com');
INSERT INTO date_dimension VALUES ('14', 'KXXV NewsWatch');
INSERT INTO date_dimension VALUES ('15', '2006');
INSERT INTO date_dimension VALUES ('16', 'Mr. T Ate My Balls (original website)');
INSERT INTO date_dimension VALUES ('17', 'YTMND');
INSERT INTO date_dimension VALUES ('18', 'Newgrounds');
INSERT INTO date_dimension VALUES ('19', 'Star Fox 64');
INSERT INTO date_dimension VALUES ('20', 'Dragon Ball Z');
INSERT INTO date_dimension VALUES ('21', 'Doom9 Forums');
INSERT INTO date_dimension VALUES ('22', 'Street Starz Radio');
INSERT INTO date_dimension VALUES ('23', 'TMZ-posted audio recording from the set of Terminator 4');
INSERT INTO date_dimension VALUES ('24', 'Superpoop');
INSERT INTO date_dimension VALUES ('25', 'WPMI-TV News Report');
INSERT INTO date_dimension VALUES ('26', 'Happa-Tai');
INSERT INTO date_dimension VALUES ('27', 'Youtube');
INSERT INTO date_dimension VALUES ('28', '"SS/Tang(Green) vs Zhu/Lucky(Blue)2" by TheWaffle77');
INSERT INTO date_dimension VALUES ('29', 'LUELinks');
INSERT INTO date_dimension VALUES ('30', 'Researching');
INSERT INTO date_dimension VALUES ('31', 'niconico');
INSERT INTO date_dimension VALUES ('32', 'NicoNico');
INSERT INTO date_dimension VALUES ('33', 'Team Fortress 2');
INSERT INTO date_dimension VALUES ('34', 'dinosaurvalley.com');
INSERT INTO date_dimension VALUES ('35', 'Digg (Researching)');
INSERT INTO date_dimension VALUES ('36', 'Deidre LaCarte');
INSERT INTO date_dimension VALUES ('37', 'Dino Ignacio's website (defunct)');
INSERT INTO date_dimension VALUES ('38', 'barackobamaisyournewbicycle.com');
INSERT INTO date_dimension VALUES ('39', 'Pokemopolis');
INSERT INTO date_dimension VALUES ('40', '"Conan is...AN ALLIGATOR" by Dasyati');
INSERT INTO date_dimension VALUES ('41', 'Wayne's World');
INSERT INTO date_dimension VALUES ('42', 'Fensler Films');
INSERT INTO date_dimension VALUES ('43', 'Pro Wrestling (NES Game)');
INSERT INTO date_dimension VALUES ('44', 'Mike Blount's Homepage');
INSERT INTO date_dimension VALUES ('45', 'http://www.ikissyou.org/');
INSERT INTO date_dimension VALUES ('46', 'photo of Qian Zhijun');
INSERT INTO date_dimension VALUES ('47', 'George W. Bush');
INSERT INTO date_dimension VALUES ('48', 'Ted Stevens quote');
INSERT INTO date_dimension VALUES ('49', '"Boy's Town" comic by Matt Furie');
INSERT INTO date_dimension VALUES ('50', 'Lord of the Rings: The Fellowship of the Ring');
INSERT INTO date_dimension VALUES ('51', 'Photo by Alex Stram');
INSERT INTO date_dimension VALUES ('52', 'School Days Finale Replacement');
INSERT INTO date_dimension VALUES ('53', 'cellphone video by Giovanny Gutierrez');
INSERT INTO date_dimension VALUES ('54', 'Newscast via KRON4');
INSERT INTO date_dimension VALUES ('55', 'Sakura-Con 2009');
INSERT INTO date_dimension VALUES ('56', 'Star Wars');
INSERT INTO date_dimension VALUES ('57', 'The Lord of the Rings: The Fellowship of the Ring');
INSERT INTO date_dimension VALUES ('58', 'Japanese Excercise and English Lesson video.');
INSERT INTO date_dimension VALUES ('59', 'Star Trek: TNG');
INSERT INTO date_dimension VALUES ('60', 'Burger King Ads');
INSERT INTO date_dimension VALUES ('61', 'JoJo's Bizarre Adventure');
INSERT INTO date_dimension VALUES ('62', 'MyDeathSpace.com');
INSERT INTO date_dimension VALUES ('63', 'Samwell');
INSERT INTO date_dimension VALUES ('64', 'beatmania IIDX 11 : IIDXRED');
INSERT INTO date_dimension VALUES ('65', 'Television');
INSERT INTO date_dimension VALUES ('66', 'WarcraftVideos.com');
INSERT INTO date_dimension VALUES ('67', 'World Cup Final 2006: France vs. Italy');
INSERT INTO date_dimension VALUES ('68', '"How to Make People Angry" DVD');
INSERT INTO date_dimension VALUES ('69', 'Forbes' Insoluble Dry Plates');
INSERT INTO date_dimension VALUES ('70', 'An open letter to the Kansas Board of Education by Bobby Henderson');
INSERT INTO date_dimension VALUES ('71', 'Super Smash Bros.');
INSERT INTO date_dimension VALUES ('72', 'Adventures of Sonic the Hedgehog');
INSERT INTO date_dimension VALUES ('73', 'Cellphone video taken in a Hong Kong bus');
INSERT INTO date_dimension VALUES ('74', 'Flickr');
INSERT INTO date_dimension VALUES ('75', 'Atlanta, GA');
INSERT INTO date_dimension VALUES ('76', 'The Simpsons');
INSERT INTO date_dimension VALUES ('77', 'rathergood.com');
INSERT INTO date_dimension VALUES ('78', 'Futaba Channel (2chan)');
INSERT INTO date_dimension VALUES ('79', 'Try! Try! Try!');
INSERT INTO date_dimension VALUES ('80', 'All Star Batman And Robin The Boy Wonder Issue 02');
INSERT INTO date_dimension VALUES ('81', 'Death Note');
INSERT INTO date_dimension VALUES ('82', '4q.cc');
INSERT INTO date_dimension VALUES ('83', 'Bootleg Star Wars DVD');
INSERT INTO date_dimension VALUES ('84', 'Freakazoid (TV Series)');
INSERT INTO date_dimension VALUES ('85', 'Kevin Federline single');
INSERT INTO date_dimension VALUES ('86', 'Nintendo');
INSERT INTO date_dimension VALUES ('87', 'South Park (Television Show)');
INSERT INTO date_dimension VALUES ('88', 'Cambridge University');
INSERT INTO date_dimension VALUES ('89', 'Geocities');
INSERT INTO date_dimension VALUES ('90', 'Hockey Zombie');
INSERT INTO date_dimension VALUES ('91', 'Homemade fliers in Seattle');
INSERT INTO date_dimension VALUES ('92', 'The now defunct Leehotti.com');
INSERT INTO date_dimension VALUES ('93', 'Crayon Shin-chan');
INSERT INTO date_dimension VALUES ('94', 'Konami');
INSERT INTO date_dimension VALUES ('95', 'http://www.realultimatepower.net');
INSERT INTO date_dimension VALUES ('96', 'Hip-hop lyrics: 'Rollin' - Chamillionaire');
INSERT INTO date_dimension VALUES ('97', 'Possibly the now defunct site www.zoom-out.co.uk');
INSERT INTO date_dimension VALUES ('98', 'The Raffi "Bananaphone" album.');
INSERT INTO date_dimension VALUES ('99', 'BarFly mag and NHK Television');
INSERT INTO date_dimension VALUES ('100', 'Amazon.com');
INSERT INTO date_dimension VALUES ('101', 'E3 2003 / E3 2004');
INSERT INTO date_dimension VALUES ('102', 'NineMSN News, Brisbane, Australia');
INSERT INTO date_dimension VALUES ('103', 'MySpace');
INSERT INTO date_dimension VALUES ('104', 'StarCraft');
INSERT INTO date_dimension VALUES ('105', 'Usenet');
INSERT INTO date_dimension VALUES ('106', 'Dustin Mclean of Dustfilms');
INSERT INTO date_dimension VALUES ('107', 'Hatten är din');
INSERT INTO date_dimension VALUES ('108', 'Single 45 RPM record by Boots Randolph and James Q. "Spider" Rich');
INSERT INTO date_dimension VALUES ('109', 'http://www.maniacworld.com/maze_game.htm');
INSERT INTO date_dimension VALUES ('110', '4chan / Historic Tale Construction Kit');
INSERT INTO date_dimension VALUES ('111', 'Lawyers, Guns and Money');
INSERT INTO date_dimension VALUES ('112', 'Movie "Silent night, deadly night Part 2"');
INSERT INTO date_dimension VALUES ('113', 'cornify.com');
INSERT INTO date_dimension VALUES ('114', 'Iron Mic: Eli Porter vs. Envy');
INSERT INTO date_dimension VALUES ('115', 'Austrian Sex Criminal');
INSERT INTO date_dimension VALUES ('116', 'Strait Dope Forums');
INSERT INTO date_dimension VALUES ('117', 'Antares Audio Technologies');
INSERT INTO date_dimension VALUES ('118', 'A post on a Ashlee Simpson message board(?)');
INSERT INTO date_dimension VALUES ('119', 'Juarez, Mexico');
INSERT INTO date_dimension VALUES ('120', 'E3 2006');
INSERT INTO date_dimension VALUES ('121', 'Usenet / The Simpsons');
INSERT INTO date_dimension VALUES ('122', 'blakekelly0');
INSERT INTO date_dimension VALUES ('123', 'Baidu Baike hoax articles');
INSERT INTO date_dimension VALUES ('124', 'LazyTown');
INSERT INTO date_dimension VALUES ('125', 'PSA');
INSERT INTO date_dimension VALUES ('126', 'That's Why I Assault Ren (Manga)');
INSERT INTO date_dimension VALUES ('127', 'Cingular/ AT&T commercial');
INSERT INTO date_dimension VALUES ('128', 'The Maya by Michael D. Coe');
INSERT INTO date_dimension VALUES ('129', 'Belgium (June 16, 2009)');
INSERT INTO date_dimension VALUES ('130', 'Viewpoint Datalab's model bank');
INSERT INTO date_dimension VALUES ('131', 'Jonti Picking');
INSERT INTO date_dimension VALUES ('132', 'My Way Entertainment');
INSERT INTO date_dimension VALUES ('133', 'Facebook');
INSERT INTO date_dimension VALUES ('134', 'Webcomic');
INSERT INTO date_dimension VALUES ('135', 'Outtakes from a Winnebago ad');
INSERT INTO date_dimension VALUES ('136', 'ultimatemetal.com');
INSERT INTO date_dimension VALUES ('137', 'Matthew Harding');
INSERT INTO date_dimension VALUES ('138', 'video resumé by Aleksey Vayner');
INSERT INTO date_dimension VALUES ('139', 'Furry Fandom');
INSERT INTO date_dimension VALUES ('140', 'multiple');
INSERT INTO date_dimension VALUES ('141', 'Mike Godwin, Usenet');
INSERT INTO date_dimension VALUES ('142', 'The Kannadan Language');
INSERT INTO date_dimension VALUES ('143', 'Bulletin Board Systems');
INSERT INTO date_dimension VALUES ('144', '9news/Eepybird.com');
INSERT INTO date_dimension VALUES ('145', 'Despair, Inc.');
INSERT INTO date_dimension VALUES ('146', 'Predator');
INSERT INTO date_dimension VALUES ('147', 'Artwork by Aaron St. Goddard');
INSERT INTO date_dimension VALUES ('148', 'Saturday Night Live');
INSERT INTO date_dimension VALUES ('149', 'World Star Hiphop');
INSERT INTO date_dimension VALUES ('150', 'DCinside');
INSERT INTO date_dimension VALUES ('151', 'Humoruniv.co.kr');
INSERT INTO date_dimension VALUES ('152', '2channel');
INSERT INTO date_dimension VALUES ('153', 'DCinside.com');
INSERT INTO date_dimension VALUES ('154', 'Yotube');
INSERT INTO date_dimension VALUES ('155', 'BodyBuilding.com');
INSERT INTO date_dimension VALUES ('156', 'MyFoxAtlanta (Channel 5)');
INSERT INTO date_dimension VALUES ('157', 'Metroid: Other M (E3 Trailer)');
INSERT INTO date_dimension VALUES ('158', 'U.K. Hip-hop Album');
INSERT INTO date_dimension VALUES ('159', 'A photo taken by Péter Guzli');
INSERT INTO date_dimension VALUES ('160', 'Iowa Democratic Caucuses');
INSERT INTO date_dimension VALUES ('161', 'Spongebob Squarepants');
INSERT INTO date_dimension VALUES ('162', 'Empire of the Ants (1977)');
INSERT INTO date_dimension VALUES ('163', 'pixyland.org (home page)');
INSERT INTO date_dimension VALUES ('164', 'Apple Insider Forums');
INSERT INTO date_dimension VALUES ('165', 'Google');
INSERT INTO date_dimension VALUES ('166', 'The Stiles Project');
INSERT INTO date_dimension VALUES ('167', 'Creator: Jason Windsor; website: Albino Blacksheep');
INSERT INTO date_dimension VALUES ('168', 'IRC');
INSERT INTO date_dimension VALUES ('169', 'Pandemic II');
INSERT INTO date_dimension VALUES ('170', 'DC Inside');
INSERT INTO date_dimension VALUES ('171', 'Chess / Hacker Community');
INSERT INTO date_dimension VALUES ('172', 'Harper's Magazine');
INSERT INTO date_dimension VALUES ('173', 'Houston Hip Hop Scene');
INSERT INTO date_dimension VALUES ('174', 'Syberpunk');
INSERT INTO date_dimension VALUES ('175', 'Pure Pwnage');
INSERT INTO date_dimension VALUES ('176', 'MSN Chat');
INSERT INTO date_dimension VALUES ('177', 'Lost');
INSERT INTO date_dimension VALUES ('178', 'Pânico na TV');
INSERT INTO date_dimension VALUES ('179', 'common typographical error');
INSERT INTO date_dimension VALUES ('180', 'Public Restroom');
INSERT INTO date_dimension VALUES ('181', 'Melissa Brandts');
INSERT INTO date_dimension VALUES ('182', 'Erwin "Tron" Beekveld');
INSERT INTO date_dimension VALUES ('183', 'FurAffinity');
INSERT INTO date_dimension VALUES ('184', 'http://www.VTsFinest.com');
INSERT INTO date_dimension VALUES ('185', 'A comic by the Shrimp and Hippo Team.');
INSERT INTO date_dimension VALUES ('186', 'Guadalajara, Mexico');
INSERT INTO date_dimension VALUES ('187', 'Left 4 Dead, Garry's Mod');
INSERT INTO date_dimension VALUES ('188', 'GameFAQs');
INSERT INTO date_dimension VALUES ('189', 'General Mayhem');
INSERT INTO date_dimension VALUES ('190', 'Sonic R');
INSERT INTO date_dimension VALUES ('191', 'There Will Be Blood (2007)');
INSERT INTO date_dimension VALUES ('192', 'The Wicker Man');
INSERT INTO date_dimension VALUES ('193', 'E-Mail');
INSERT INTO date_dimension VALUES ('194', 'Internet Slang');
INSERT INTO date_dimension VALUES ('195', 'lawforkids.org');
INSERT INTO date_dimension VALUES ('196', 'GameFAQ (?)');
INSERT INTO date_dimension VALUES ('197', 'Shepard Fairey');
INSERT INTO date_dimension VALUES ('198', 'SNL');
INSERT INTO date_dimension VALUES ('199', 'r9k');
INSERT INTO date_dimension VALUES ('200', 'Garry's Mod');
INSERT INTO date_dimension VALUES ('201', 'American Idol');
INSERT INTO date_dimension VALUES ('202', 'Fresh Prince of Bel-Air');
INSERT INTO date_dimension VALUES ('203', 'American television program COPS');
INSERT INTO date_dimension VALUES ('204', 'Cracked.com');
INSERT INTO date_dimension VALUES ('205', 'Russia');
INSERT INTO date_dimension VALUES ('206', 'StarCraft (Video Game)');
INSERT INTO date_dimension VALUES ('207', 'TV Anime');
INSERT INTO date_dimension VALUES ('208', 'Various apocryphal sources');
INSERT INTO date_dimension VALUES ('209', 'Baidu WoW forum');
INSERT INTO date_dimension VALUES ('210', 'Pokemon');
INSERT INTO date_dimension VALUES ('211', 'sound effect first used in 1951 for the film Distant Drums');
INSERT INTO date_dimension VALUES ('212', '2006 World Cup: England vs. Trinidad & Tobago');
INSERT INTO date_dimension VALUES ('213', 'Contagious Media Showdown');
INSERT INTO date_dimension VALUES ('214', 'Viral Video');
INSERT INTO date_dimension VALUES ('215', 'Homemade video on a personal website');
INSERT INTO date_dimension VALUES ('216', 'Dungeons and Dragons');
INSERT INTO date_dimension VALUES ('217', 'The Melancholy of Haruhi Suzumiya');
INSERT INTO date_dimension VALUES ('218', 'Atom.Smasher.com');
INSERT INTO date_dimension VALUES ('219', 'Bill O'Rielly');
INSERT INTO date_dimension VALUES ('220', 'MTV Video Music Awards');
INSERT INTO date_dimension VALUES ('221', 'Windows OS');
INSERT INTO date_dimension VALUES ('222', 'http://www.i-mockery.com/');
INSERT INTO date_dimension VALUES ('223', 'UOL Jogos');
INSERT INTO date_dimension VALUES ('224', 'Slashdot');
INSERT INTO date_dimension VALUES ('225', 'Outer Space's "Vale Tudo" Board');
INSERT INTO date_dimension VALUES ('226', 'Microblogging');
INSERT INTO date_dimension VALUES ('227', 'Stick Stickly M/V');
INSERT INTO date_dimension VALUES ('228', 'Belgium and The Netherlands');
INSERT INTO date_dimension VALUES ('229', 'Hitler Cats blog');
INSERT INTO date_dimension VALUES ('230', 'Fanfiction.net');
INSERT INTO date_dimension VALUES ('231', 'Uncyclopedia');
INSERT INTO date_dimension VALUES ('232', 'The English Language');
INSERT INTO date_dimension VALUES ('233', 'Unkown');
INSERT INTO date_dimension VALUES ('234', 'Don Hertzfeldt's Rejected');
INSERT INTO date_dimension VALUES ('235', 'Emptees.com');
INSERT INTO date_dimension VALUES ('236', 'Stick Figure Death Theatre');
INSERT INTO date_dimension VALUES ('237', 'Backwood Homes Magazine');
INSERT INTO date_dimension VALUES ('238', 'MAD tapes');
INSERT INTO date_dimension VALUES ('239', 'Horribleville');
INSERT INTO date_dimension VALUES ('240', 'Mario Paint');
INSERT INTO date_dimension VALUES ('241', 'House');
INSERT INTO date_dimension VALUES ('242', 'Reddit');
INSERT INTO date_dimension VALUES ('243', 'Denver 7 News');
INSERT INTO date_dimension VALUES ('244', 'Original animation by Weebl');
INSERT INTO date_dimension VALUES ('245', 'Paint Shop Pro');
INSERT INTO date_dimension VALUES ('246', 'Touhou Maidens' Orchestra');
INSERT INTO date_dimension VALUES ('247', 'Zoolander (2001)');
INSERT INTO date_dimension VALUES ('248', 'TV Show: Aqua Teen Hunger Force; Online Origin: Unknown');
INSERT INTO date_dimension VALUES ('249', 'Gamekult forums');
INSERT INTO date_dimension VALUES ('250', 'Street FIghter II');
INSERT INTO date_dimension VALUES ('251', 'Microsoft Office Assistant');
INSERT INTO date_dimension VALUES ('252', 'Star Wars Episode IV: A New Hope');
INSERT INTO date_dimension VALUES ('253', 'Jihad Watch');
INSERT INTO date_dimension VALUES ('254', 'The Internet');
INSERT INTO date_dimension VALUES ('255', 'The Frantics');
INSERT INTO date_dimension VALUES ('256', 'Milkandcookies.com');
INSERT INTO date_dimension VALUES ('257', 'Meme Generator');
INSERT INTO date_dimension VALUES ('258', 'Willy Wonka & The Chocolate Factory');
INSERT INTO date_dimension VALUES ('259', 'Underwear Goes Inside the Pants');
INSERT INTO date_dimension VALUES ('260', 'geocities.com/jeffgoldblumiswatchingyoupoop/');
INSERT INTO date_dimension VALUES ('261', 'G-shack forums');
INSERT INTO date_dimension VALUES ('262', 'The X-Files');
INSERT INTO date_dimension VALUES ('263', 'Techside's FAQ forum');
INSERT INTO date_dimension VALUES ('264', 'Genghis Khan');
INSERT INTO date_dimension VALUES ('265', 'Baseketball');
INSERT INTO date_dimension VALUES ('266', 'Joseph baron Ducreux, image macro, art');
INSERT INTO date_dimension VALUES ('267', 'rule34.paheal.net');
INSERT INTO date_dimension VALUES ('268', 'Ayasii World (Strange World) Bulletin board');
INSERT INTO date_dimension VALUES ('269', 'Icanhascheezburger');
INSERT INTO date_dimension VALUES ('270', 'Denny's Super Bowl commercial');
INSERT INTO date_dimension VALUES ('271', 'Zelda II: The Adventures of Link');
INSERT INTO date_dimension VALUES ('272', 'Early 1980's Christian Music Video');
INSERT INTO date_dimension VALUES ('273', 'Portal');
INSERT INTO date_dimension VALUES ('274', '"Shut The Fuck Up"');
INSERT INTO date_dimension VALUES ('275', 'Local area network at Guangzhou Arts Institute');
INSERT INTO date_dimension VALUES ('276', 'Trading Spouses');
INSERT INTO date_dimension VALUES ('277', 'Perry Bible Fellowship');
INSERT INTO date_dimension VALUES ('278', 'Engrish.com');
INSERT INTO date_dimension VALUES ('279', 'Windows 2000');
INSERT INTO date_dimension VALUES ('280', 'Homestar Runner');
INSERT INTO date_dimension VALUES ('281', 'b3ta forum');
INSERT INTO date_dimension VALUES ('282', 'Bindass Dadagiri (Reality TV Series_');
INSERT INTO date_dimension VALUES ('283', 'Aliens');
INSERT INTO date_dimension VALUES ('284', 'Amy Castle recording');
INSERT INTO date_dimension VALUES ('285', 'Usenet group');
INSERT INTO date_dimension VALUES ('286', 'Fark');
INSERT INTO date_dimension VALUES ('287', 'Columbus, OH Tattoo Artist Giovani');
INSERT INTO date_dimension VALUES ('288', 'Macross Frontier');
INSERT INTO date_dimension VALUES ('289', 'Real Life');
INSERT INTO date_dimension VALUES ('290', 'H.P. Lovecraft');
INSERT INTO date_dimension VALUES ('291', 'SpongeBob SquarePants');
INSERT INTO date_dimension VALUES ('292', 'Star Trek');
INSERT INTO date_dimension VALUES ('293', 'Fate/Stay Night (Anime series)');
INSERT INTO date_dimension VALUES ('294', '1965′s World’s Finest #153,');
INSERT INTO date_dimension VALUES ('295', 'The "Sasebo Slashing" Incident');
INSERT INTO date_dimension VALUES ('296', 'started with a surprise phone call in the 1990s & turned into a community-art project');
INSERT INTO date_dimension VALUES ('297', 'xkcd');
INSERT INTO date_dimension VALUES ('298', 'The Elder Scrolls IV: Oblivion');
INSERT INTO date_dimension VALUES ('299', 'alt.gothic newsgroup');
INSERT INTO date_dimension VALUES ('300', 'Modern Warfare 2 (and the /v/ board)');
INSERT INTO date_dimension VALUES ('301', 'SpongeBob Squarepants');
INSERT INTO date_dimension VALUES ('302', 'John Lurie via Lobzz's picture on leprosorium.ru');
INSERT INTO date_dimension VALUES ('303', 'Junji Ito's Frankenstein  & 4chan');
INSERT INTO date_dimension VALUES ('304', 'Krautchan');
INSERT INTO date_dimension VALUES ('305', 'Ars Technica');
INSERT INTO date_dimension VALUES ('306', 'South Korean Newscast');
INSERT INTO date_dimension VALUES ('307', 'B3ta');
INSERT INTO date_dimension VALUES ('308', 'IRC / AIM chats');
INSERT INTO date_dimension VALUES ('309', 'The Dr. Demento Show');
INSERT INTO date_dimension VALUES ('310', 'Blogspot');
INSERT INTO date_dimension VALUES ('311', 'Azumanga Daioh');
INSERT INTO date_dimension VALUES ('312', 'Jingle All the Way');
INSERT INTO date_dimension VALUES ('313', 'BonsaiKitten.com');
INSERT INTO date_dimension VALUES ('314', 'Death Note Fansub');
INSERT INTO date_dimension VALUES ('315', 'Wikipedia');
INSERT INTO date_dimension VALUES ('316', 'Tumblr');
INSERT INTO date_dimension VALUES ('317', 'Gene Ray');
INSERT INTO date_dimension VALUES ('318', 'News');
INSERT INTO date_dimension VALUES ('319', 'KY3-TV footage');
INSERT INTO date_dimension VALUES ('320', 'http://www.smithmag.net/');
INSERT INTO date_dimension VALUES ('321', 'Japanese Correspondence Education Material');
INSERT INTO date_dimension VALUES ('322', 'YayHooray.com');
INSERT INTO date_dimension VALUES ('323', 'ReadWriteWeb');
INSERT INTO date_dimension VALUES ('324', 'Apple II Game');
INSERT INTO date_dimension VALUES ('325', 'Avenue Q');
INSERT INTO date_dimension VALUES ('326', 'bit-tech.net');
INSERT INTO date_dimension VALUES ('327', 'http://multilockon.hp.infoseek.co.jp/');
INSERT INTO date_dimension VALUES ('328', 'Livejournal');
INSERT INTO date_dimension VALUES ('329', 'Bofunk.com');
INSERT INTO date_dimension VALUES ('330', 'Mass Effect 2');
INSERT INTO date_dimension VALUES ('331', 'Vimeo');
INSERT INTO date_dimension VALUES ('332', 'Cut scene from "Raiders of the Lost Ark"');
INSERT INTO date_dimension VALUES ('333', 'Wondershowzen');
INSERT INTO date_dimension VALUES ('334', 'w00ks.org');
INSERT INTO date_dimension VALUES ('335', 'Neil Cicierega');
INSERT INTO date_dimension VALUES ('336', 'Tianya Club');
INSERT INTO date_dimension VALUES ('337', 'KXVO');
INSERT INTO date_dimension VALUES ('338', 'Twitter');
INSERT INTO date_dimension VALUES ('339', 'Heavy Rain');
INSERT INTO date_dimension VALUES ('340', 'Café Salé forum');
INSERT INTO date_dimension VALUES ('341', 'The Soup, series on E');
INSERT INTO date_dimension VALUES ('342', 'Philips CD-i');
INSERT INTO date_dimension VALUES ('343', 'The Hitchiker's Guide To The Galaxy');
INSERT INTO date_dimension VALUES ('344', 'The Wire');
INSERT INTO date_dimension VALUES ('345', 'Worth1000.com');
INSERT INTO date_dimension VALUES ('346', 'FOX TV Show: Action!');
INSERT INTO date_dimension VALUES ('347', 'Touhou : The Embodiment of Scarlet Devil');
INSERT INTO date_dimension VALUES ('348', 'CookieThievery.com');
INSERT INTO date_dimension VALUES ('349', 'Kenya');
INSERT INTO date_dimension VALUES ('350', 'Second Life');
INSERT INTO date_dimension VALUES ('351', 'Translated onomatopoeia from Japanese manga. Popularized by the Sexy Losers webcomic');
INSERT INTO date_dimension VALUES ('352', 'Urlesque');
INSERT INTO date_dimension VALUES ('353', 'http://pixeloo.blogspot.com/');
INSERT INTO date_dimension VALUES ('354', 'Pokémon (Video Game)');
INSERT INTO date_dimension VALUES ('355', 'Shadow The Hedgehog');
INSERT INTO date_dimension VALUES ('356', 'Star Trek II: The Wrath of KHAN.');
INSERT INTO date_dimension VALUES ('357', 'Documentary: Christian, The Lion at World's End');
INSERT INTO date_dimension VALUES ('358', 'France 2, Télé Matin');
INSERT INTO date_dimension VALUES ('359', 'Miracles by Insane Clown Posse');
INSERT INTO date_dimension VALUES ('360', 'Transformers');
INSERT INTO date_dimension VALUES ('361', 'María la del Barrio');
INSERT INTO date_dimension VALUES ('362', 'Megaman 2 / Rockman 2');
INSERT INTO date_dimension VALUES ('363', 'The Goddess Bunny');
INSERT INTO date_dimension VALUES ('364', 'BlueWaffle.net');
INSERT INTO date_dimension VALUES ('365', 'LoadingReadyRun');
INSERT INTO date_dimension VALUES ('366', 'A&E Intervention');
INSERT INTO date_dimension VALUES ('367', 'Grand Theft Auto IV');
INSERT INTO date_dimension VALUES ('368', 'http://ciba.lil.to/');
INSERT INTO date_dimension VALUES ('369', 'researching');
INSERT INTO date_dimension VALUES ('370', 'A picture from the H2O annual rave party');
INSERT INTO date_dimension VALUES ('371', 'Dos Equis television commercial');
INSERT INTO date_dimension VALUES ('372', 'WBFF-TV/Advertising Association of Baltimore');
INSERT INTO date_dimension VALUES ('373', 'The Philips CD-I');
INSERT INTO date_dimension VALUES ('374', 'News media');
INSERT INTO date_dimension VALUES ('375', 'Russian Message Board');
INSERT INTO date_dimension VALUES ('376', 'Kotaku');
INSERT INTO date_dimension VALUES ('377', 'Castlevania: Symphony of the Night');
INSERT INTO date_dimension VALUES ('378', 'Geoffrey Lee');
INSERT INTO date_dimension VALUES ('379', 'Bralorne Pioneer Museum');
INSERT INTO date_dimension VALUES ('380', 'British WWII Propaganda Poster');
INSERT INTO date_dimension VALUES ('381', 'Boozecats.com');
INSERT INTO date_dimension VALUES ('382', 'South Carolina College Campuses');
INSERT INTO date_dimension VALUES ('383', 'Usenet BBS chatrooms');
INSERT INTO date_dimension VALUES ('384', 'Pokemon Red and Blue');
INSERT INTO date_dimension VALUES ('385', 'The Lonely Island - Like A Boss');
INSERT INTO date_dimension VALUES ('386', 'FC Bayern München vs. SV Werder Bremen');
INSERT INTO date_dimension VALUES ('387', '1992 Summer Consumer Electronics Show');
INSERT INTO date_dimension VALUES ('388', 'Eurovision 2010');
INSERT INTO date_dimension VALUES ('389', 'pixiv');
INSERT INTO date_dimension VALUES ('390', 'Webshots gallery');
INSERT INTO date_dimension VALUES ('391', 'World Cup 2010');
INSERT INTO date_dimension VALUES ('392', 'Current TV's <i>Vanguard</i>');
INSERT INTO date_dimension VALUES ('393', 'Folha Online Video');
INSERT INTO date_dimension VALUES ('394', 'Life On Mars / Ashes to Ashes');
INSERT INTO date_dimension VALUES ('395', 'British General Election 2010');
INSERT INTO date_dimension VALUES ('396', 'Chappelle's Show');
INSERT INTO date_dimension VALUES ('397', 'The Family Man/ Happy Harry');
INSERT INTO date_dimension VALUES ('398', 'Pown.it');
INSERT INTO date_dimension VALUES ('399', 'forums');
INSERT INTO date_dimension VALUES ('400', 'jurassic park');
INSERT INTO date_dimension VALUES ('401', 'Age Of Empires');
INSERT INTO date_dimension VALUES ('402', 'WHNT 19');
INSERT INTO date_dimension VALUES ('403', 'The Dark Knight (Film)');
INSERT INTO date_dimension VALUES ('404', 'The World of David the Gnome');
INSERT INTO date_dimension VALUES ('405', 'Russian news clip');
INSERT INTO date_dimension VALUES ('406', 'Slashdot.org');
INSERT INTO date_dimension VALUES ('407', '/mu/');
INSERT INTO date_dimension VALUES ('408', 'MOP');
INSERT INTO date_dimension VALUES ('409', 'Family Guy');
INSERT INTO date_dimension VALUES ('410', 'Baidu Tieba');
INSERT INTO date_dimension VALUES ('411', 'Yume Nikki');
INSERT INTO date_dimension VALUES ('412', 'Pokemon: Gold and Silver');
INSERT INTO date_dimension VALUES ('413', 'Montana Meth Project');
INSERT INTO date_dimension VALUES ('414', 'Los Angeles Public Access');
INSERT INTO date_dimension VALUES ('415', 'Samurai Damasii (侍魂).');
INSERT INTO date_dimension VALUES ('416', 'Sturgeonface.com');
INSERT INTO date_dimension VALUES ('417', 'UK news media');
INSERT INTO date_dimension VALUES ('418', 'The Daizex Forums');
INSERT INTO date_dimension VALUES ('419', 'Calvin & Hobbes');
INSERT INTO date_dimension VALUES ('420', 'Dogma (Film)');
INSERT INTO date_dimension VALUES ('421', 'NBC News affiliate WAFF-48');
INSERT INTO date_dimension VALUES ('422', 'Sesame Street');
INSERT INTO date_dimension VALUES ('423', 'Internet');
INSERT INTO date_dimension VALUES ('424', 'South Park');
INSERT INTO date_dimension VALUES ('425', 'Yu-Gi-Oh');
INSERT INTO date_dimension VALUES ('426', '"Fuck tha Police" by NWA');
INSERT INTO date_dimension VALUES ('427', 'http://www.teamamerica.com/');
INSERT INTO date_dimension VALUES ('428', '/vp/');
INSERT INTO date_dimension VALUES ('429', 'Chicago Art House Performance');
INSERT INTO date_dimension VALUES ('430', 'Pokemon Games');
INSERT INTO date_dimension VALUES ('431', 'theCHIVE');
INSERT INTO date_dimension VALUES ('432', 'NYDaily');
INSERT INTO date_dimension VALUES ('433', 'Wang Momo');
INSERT INTO date_dimension VALUES ('434', 'Star Wars Episode 5');
INSERT INTO date_dimension VALUES ('435', 'mIRC');
INSERT INTO date_dimension VALUES ('436', '"Bad Apple!!" feat. Nomico by Alstroemeria Records');
INSERT INTO date_dimension VALUES ('437', 'Kuvalauta / Finnish imageboard');
INSERT INTO date_dimension VALUES ('438', 'Ukraine');
INSERT INTO date_dimension VALUES ('439', 'FunnyJunk');
INSERT INTO date_dimension VALUES ('440', 'peppercats.ru');
INSERT INTO date_dimension VALUES ('441', 'Newgrounds.com');
INSERT INTO date_dimension VALUES ('442', 'Yak Yak');
INSERT INTO date_dimension VALUES ('443', '7chan');
INSERT INTO date_dimension VALUES ('444', 'MS Paint Adventures');
INSERT INTO date_dimension VALUES ('445', 'Goodby Silverstein & Partners');
INSERT INTO date_dimension VALUES ('446', 'Man vs. Wild');
INSERT INTO date_dimension VALUES ('447', 'Amarillo, TX newscast');
INSERT INTO date_dimension VALUES ('448', 'Amazing Race');
INSERT INTO date_dimension VALUES ('449', 'It's Always Sunny In Philadelphia');
INSERT INTO date_dimension VALUES ('450', 'Axis Powers Hetalia');
INSERT INTO date_dimension VALUES ('451', 'Pastebin');
INSERT INTO date_dimension VALUES ('452', 'The Sartorialist');
INSERT INTO date_dimension VALUES ('453', 'Personal Websites');
INSERT INTO date_dimension VALUES ('454', 'Ryder Cup');
INSERT INTO date_dimension VALUES ('455', 'You're Invited To Mary Kate and Ashley's Sleepover Party (Movie)');
INSERT INTO date_dimension VALUES ('456', 'Bill Maher's Real Time');
INSERT INTO date_dimension VALUES ('457', 'Taio Cruz - Dynamite');
INSERT INTO date_dimension VALUES ('458', 'Unsure');
INSERT INTO date_dimension VALUES ('459', 'Bryan Baker');
INSERT INTO date_dimension VALUES ('460', 'CMU School of Computer Science');
INSERT INTO date_dimension VALUES ('461', 'Gabe Newell');
INSERT INTO date_dimension VALUES ('462', 'Michael Jackson's Moonwalker');
INSERT INTO date_dimension VALUES ('463', 'E3');
INSERT INTO date_dimension VALUES ('464', 'New York Gubernatorial Debate');
INSERT INTO date_dimension VALUES ('465', '"What Could Have Been..." by RySenkari');
INSERT INTO date_dimension VALUES ('466', 'Ichor Falls');
INSERT INTO date_dimension VALUES ('467', 'Jorsindo Motor Club Forums');
INSERT INTO date_dimension VALUES ('468', 'The Boondocks');
INSERT INTO date_dimension VALUES ('469', 'Japanese NTV');
INSERT INTO date_dimension VALUES ('470', 'Warhammer 40K');
INSERT INTO date_dimension VALUES ('471', 'icanhascheezburger.com, unknown');
INSERT INTO date_dimension VALUES ('472', 'Minecraft');
INSERT INTO date_dimension VALUES ('473', 'Our Childhoods');
INSERT INTO date_dimension VALUES ('474', 'Explosm.net');
INSERT INTO date_dimension VALUES ('475', 'Supernatural');
INSERT INTO date_dimension VALUES ('476', 'Weegee');
INSERT INTO date_dimension VALUES ('477', 'Hot Topic Store');
INSERT INTO date_dimension VALUES ('478', 'How I Met Your Mother');
INSERT INTO date_dimension VALUES ('479', 'Bad Boys 2');
INSERT INTO date_dimension VALUES ('480', 'Futurama');
INSERT INTO date_dimension VALUES ('481', 'MTV, Jersey Shore');
INSERT INTO date_dimension VALUES ('482', 'T');
INSERT INTO date_dimension VALUES ('483', 'Pokemon Factory');
INSERT INTO date_dimension VALUES ('484', 'MemeDepot.com');
INSERT INTO date_dimension VALUES ('485', 'Phoenix Wright Series');
INSERT INTO date_dimension VALUES ('486', 'Catbread and Cardboard Box');
INSERT INTO date_dimension VALUES ('487', 'Bennett Foddy');
INSERT INTO date_dimension VALUES ('488', 'Pon and Zi webcomic');
INSERT INTO date_dimension VALUES ('489', 'Star Trek (2009)');
INSERT INTO date_dimension VALUES ('490', 'Live Television Broadcast');
INSERT INTO date_dimension VALUES ('491', 'Super Mario Bros (NES)');
INSERT INTO date_dimension VALUES ('492', 'Brazil');
INSERT INTO date_dimension VALUES ('493', 'GamePro Magazine');
INSERT INTO date_dimension VALUES ('494', 'Viedemerde.fr');
INSERT INTO date_dimension VALUES ('495', 'RealUltimatePower.net');
INSERT INTO date_dimension VALUES ('496', 'Youku.com');
INSERT INTO date_dimension VALUES ('497', '"99 Problems" by Jay-Z');
INSERT INTO date_dimension VALUES ('498', 'Jeremy Winterrowd');
INSERT INTO date_dimension VALUES ('499', 'The Sneeze');
INSERT INTO date_dimension VALUES ('500', 'bash.org');
INSERT INTO date_dimension VALUES ('501', 'Kongregate');
INSERT INTO date_dimension VALUES ('502', 'standing robot statue in Chinese playland');
INSERT INTO date_dimension VALUES ('503', 'Bill O'Reilly video');
INSERT INTO date_dimension VALUES ('504', 'Egypt');
INSERT INTO date_dimension VALUES ('505', 'IGN Forum (?)');
INSERT INTO date_dimension VALUES ('506', 'El Noticiero con Joaquín López-Dóriga');
INSERT INTO date_dimension VALUES ('507', 'Was (Not Was)');
INSERT INTO date_dimension VALUES ('508', 'They Live');
INSERT INTO date_dimension VALUES ('509', 'Creepypasta');
INSERT INTO date_dimension VALUES ('510', 'Harry Potter and the Sorcerer's Stone');
INSERT INTO date_dimension VALUES ('511', 'Charlie Sheen');
INSERT INTO date_dimension VALUES ('512', 'My Little Pony: Friendship is Magic');
INSERT INTO date_dimension VALUES ('513', 'Halo 2: First recorded instance.');
INSERT INTO date_dimension VALUES ('514', 'Fist of the North Star');
INSERT INTO date_dimension VALUES ('515', 'VT Uol, 55chan, Brchan, 138chan, MMO');
INSERT INTO date_dimension VALUES ('516', 'The Dark Knight');
INSERT INTO date_dimension VALUES ('517', 'PSA Campaign');
INSERT INTO date_dimension VALUES ('518', 'Gawker');
INSERT INTO date_dimension VALUES ('519', 'Advert shown on DVDs.');
INSERT INTO date_dimension VALUES ('520', 'Ore no Imōto ga Konna ni Kawaii Wake ga Nai');
INSERT INTO date_dimension VALUES ('521', 'The Oatmeal');
INSERT INTO date_dimension VALUES ('522', '1967');
INSERT INTO date_dimension VALUES ('523', 'Bahrain TV');
INSERT INTO date_dimension VALUES ('524', 'Spy Magazine');
INSERT INTO date_dimension VALUES ('525', 'Quickmeme');
INSERT INTO date_dimension VALUES ('526', 'Entourage');
INSERT INTO date_dimension VALUES ('527', 'Hot Pursuit forums');
INSERT INTO date_dimension VALUES ('528', 'Fine Cooking Magazine');
INSERT INTO date_dimension VALUES ('529', 'Dragonball Z');
INSERT INTO date_dimension VALUES ('530', 'LOL-COMICS');
INSERT INTO date_dimension VALUES ('531', 'Puella Magi Madoka Magica');
INSERT INTO date_dimension VALUES ('532', 'The Wizard');
INSERT INTO date_dimension VALUES ('533', 'Portal 2');
INSERT INTO date_dimension VALUES ('534', 'Community (TV Show)');
INSERT INTO date_dimension VALUES ('535', 'Drawn-sex');
INSERT INTO date_dimension VALUES ('536', 'Rules of the Internet V.2');
INSERT INTO date_dimension VALUES ('537', 'SimCity 2000');
INSERT INTO date_dimension VALUES ('538', 'Equestria Daily');
INSERT INTO date_dimension VALUES ('539', 'Carrie Underwood Song');
INSERT INTO date_dimension VALUES ('540', 'Whitehouse Photo Stream on Flickr');
INSERT INTO date_dimension VALUES ('541', 'HKGolden');
INSERT INTO date_dimension VALUES ('542', 'Indiana Jones: Kingdom of the Crystal Skull');
INSERT INTO date_dimension VALUES ('543', 'Superbowl');
INSERT INTO date_dimension VALUES ('544', 'Singapore');
INSERT INTO date_dimension VALUES ('545', 'Tropic Thunder');
INSERT INTO date_dimension VALUES ('546', 'East Harlem slang');
INSERT INTO date_dimension VALUES ('547', 'Futaba Channel (2chan) / 4chan');
INSERT INTO date_dimension VALUES ('548', 'Futurama - "A Clockwork Origin"');
INSERT INTO date_dimension VALUES ('549', '30 Rock');
INSERT INTO date_dimension VALUES ('550', 'Vincent Connare');
INSERT INTO date_dimension VALUES ('551', 'Sarah Jessica Parker Looks Like a horse');
INSERT INTO date_dimension VALUES ('552', 'Austin Powers');
INSERT INTO date_dimension VALUES ('553', 'Doom Comic');
INSERT INTO date_dimension VALUES ('554', '9gag');
INSERT INTO date_dimension VALUES ('555', 'Ubisoft's 2011 E3 Press Conference');
INSERT INTO date_dimension VALUES ('556', 'Ryan Davis and Jeff Gerstmann, E3 2011');
INSERT INTO date_dimension VALUES ('557', 'Homestuck');
INSERT INTO date_dimension VALUES ('558', 'HottestGirlsOnCampus');
INSERT INTO date_dimension VALUES ('559', 'Compression Artifacts');
INSERT INTO date_dimension VALUES ('560', 'Ponychan /oat/ board');
INSERT INTO date_dimension VALUES ('561', 'The Legend of Zelda');
INSERT INTO date_dimension VALUES ('562', 'My Little Pony: Friendship is Magic, PonyChan, Ponibooru, Equestria Daily, /b/');
INSERT INTO date_dimension VALUES ('563', 'My Little Pony: Friendship is Magic, Ponychan, /co/, Ponibooru');
INSERT INTO date_dimension VALUES ('564', 'Otaku Culture');
INSERT INTO date_dimension VALUES ('565', 'Weibo');
INSERT INTO date_dimension VALUES ('566', 'Ctrl+Alt+Del');
INSERT INTO date_dimension VALUES ('567', 'osakan manzai comedy routines');
INSERT INTO date_dimension VALUES ('568', 'Argentina');
INSERT INTO date_dimension VALUES ('569', 'Jamaican news clip + remix by DJ Powa');
INSERT INTO date_dimension VALUES ('570', 'Bungei Junkie Paradise');
INSERT INTO date_dimension VALUES ('571', '2003 Barbara Streisand's lawsuit event');
INSERT INTO date_dimension VALUES ('572', 'Funnyjunk');
INSERT INTO date_dimension VALUES ('573', 'BBS');
INSERT INTO date_dimension VALUES ('574', 'CrossCounterTV');
INSERT INTO date_dimension VALUES ('575', 'Weebl's Stuff');
INSERT INTO date_dimension VALUES ('576', 'Bavaria');
INSERT INTO date_dimension VALUES ('577', 'Cuánto Cabrón');
INSERT INTO date_dimension VALUES ('578', 'Nyan Cat');
INSERT INTO date_dimension VALUES ('579', '/co/, /b/, ponychan');
INSERT INTO date_dimension VALUES ('580', 'American cosplayer Paul M. Palgen');
INSERT INTO date_dimension VALUES ('581', '"Party Rock Anthem" by LMFAO');
INSERT INTO date_dimension VALUES ('582', 'GotGames.com.au');
INSERT INTO date_dimension VALUES ('583', 'My Little Pony: Friendship is Magic, /co/, ponychan, /b/');
INSERT INTO date_dimension VALUES ('584', 'Phineas and Ferb');
INSERT INTO date_dimension VALUES ('585', 'Fugly');
INSERT INTO date_dimension VALUES ('586', 'Advice Dog');
INSERT INTO date_dimension VALUES ('587', 'La Rosa de Guadalupe');
INSERT INTO date_dimension VALUES ('588', 'CuantoCabrón');
INSERT INTO date_dimension VALUES ('589', 'SpreadSantorum.com');
INSERT INTO date_dimension VALUES ('590', 'Weekend at Bernie's');
INSERT INTO date_dimension VALUES ('591', 'Old El Paso commercial');
INSERT INTO date_dimension VALUES ('592', 'Pokemon Red & Blue');
INSERT INTO date_dimension VALUES ('593', 'Poly-Play');
INSERT INTO date_dimension VALUES ('594', 'The Cold War & Nuclear Armaments');
INSERT INTO date_dimension VALUES ('595', 'The Princess Bride');
INSERT INTO date_dimension VALUES ('596', 'Be Kind Rewind');
INSERT INTO date_dimension VALUES ('597', 'Anime & Manga');
INSERT INTO date_dimension VALUES ('598', 'Goodnight Moon and Other Sleepytime Tales (Video)');
INSERT INTO date_dimension VALUES ('599', 'A Few Good Men');
INSERT INTO date_dimension VALUES ('600', 'Usenet (Alt.Sex.Stories newsgroup)');
INSERT INTO date_dimension VALUES ('601', 'Yahoo Answers');
INSERT INTO date_dimension VALUES ('602', 'asdfmovie4');
INSERT INTO date_dimension VALUES ('603', 'Online Slang Dictionary');
INSERT INTO date_dimension VALUES ('604', 'Doctor Who');
INSERT INTO date_dimension VALUES ('605', 'Hyperbole and a Half');
INSERT INTO date_dimension VALUES ('606', 'M.I.T.');
INSERT INTO date_dimension VALUES ('607', 'Uknown');
INSERT INTO date_dimension VALUES ('608', 'Usenet / Christian Forums');
INSERT INTO date_dimension VALUES ('609', 'Robot Chicken');
INSERT INTO date_dimension VALUES ('610', 'Cartoon Network / Bitstrips');
INSERT INTO date_dimension VALUES ('611', 'K-On!!');
INSERT INTO date_dimension VALUES ('612', 'Sina');
INSERT INTO date_dimension VALUES ('613', 'Naruto Shippuden');
INSERT INTO date_dimension VALUES ('614', '4chan/Something Awful');
INSERT INTO date_dimension VALUES ('615', '"The View" by Metallica and Lou Reed');
INSERT INTO date_dimension VALUES ('616', 'STARS');
INSERT INTO date_dimension VALUES ('617', 'The Maury Povich Show');
INSERT INTO date_dimension VALUES ('618', 'Denver Broncos game');
INSERT INTO date_dimension VALUES ('619', 'Okaasan to Issho');
INSERT INTO date_dimension VALUES ('620', 'Seattle Times');
INSERT INTO date_dimension VALUES ('621', 'Cheat Engine Forums');
INSERT INTO date_dimension VALUES ('622', 'Angelfire.com');
INSERT INTO date_dimension VALUES ('623', 'Droste Cocoa');
INSERT INTO date_dimension VALUES ('624', 'South Australia');
INSERT INTO date_dimension VALUES ('625', 'UC Davis Pepper Spray incident');
INSERT INTO date_dimension VALUES ('626', 'Fox News');
INSERT INTO date_dimension VALUES ('627', 'Shannon Larratt');
INSERT INTO date_dimension VALUES ('628', 'The Elder Scrolls V: Skyrim');
INSERT INTO date_dimension VALUES ('629', 'Tim and Eric Awesome Show, Great Job!');
INSERT INTO date_dimension VALUES ('630', 'Jumanji');
INSERT INTO date_dimension VALUES ('631', 'Occupy Wall Street');
INSERT INTO date_dimension VALUES ('632', '/r9k/');
INSERT INTO date_dimension VALUES ('633', 'Myths and Legends');
INSERT INTO date_dimension VALUES ('634', 'Memegenerator');
INSERT INTO date_dimension VALUES ('635', 'Fate Stay/Night');
INSERT INTO date_dimension VALUES ('636', 'Home Designing');
INSERT INTO date_dimension VALUES ('637', 'Steklovata');
INSERT INTO date_dimension VALUES ('638', 'Moon Landing Hoax forums');
INSERT INTO date_dimension VALUES ('639', 'La Redoute');
INSERT INTO date_dimension VALUES ('640', 'Mythbusters');
INSERT INTO date_dimension VALUES ('641', 'HipsterHitler.com');
INSERT INTO date_dimension VALUES ('642', 'DuckTales');
INSERT INTO date_dimension VALUES ('643', 'Bungie.net's "The Flood" Forums');
INSERT INTO date_dimension VALUES ('644', '4chan/Pya.cc');
INSERT INTO date_dimension VALUES ('645', 'Friends (TV Show)');
INSERT INTO date_dimension VALUES ('646', 'Monty Python’s Flying Circus');
INSERT INTO date_dimension VALUES ('647', '2001 by Dr. Dre');
INSERT INTO date_dimension VALUES ('648', 'blogspot.com');
INSERT INTO date_dimension VALUES ('649', 'Musicvideo: Cry by Godley & Creme');
INSERT INTO date_dimension VALUES ('650', 'http://szmoon.net/post/1655459566/pokebraa-was-having-trouble-deciding-how-to');
INSERT INTO date_dimension VALUES ('651', 'Boxden');
INSERT INTO date_dimension VALUES ('652', 'FIU Memes');
INSERT INTO date_dimension VALUES ('653', 'The Legend Of Zelda: Skyward Sword');
INSERT INTO date_dimension VALUES ('654', 'NAVER');
INSERT INTO date_dimension VALUES ('655', 'Antics Comic');
INSERT INTO date_dimension VALUES ('656', 'Cherish');
INSERT INTO date_dimension VALUES ('657', 'Mojo in the Morning radio prank');
INSERT INTO date_dimension VALUES ('658', 'Fear and Loathing in Las Vegas');
INSERT INTO date_dimension VALUES ('659', 'HotDiggedyDemon (Max Gilardi)');
INSERT INTO date_dimension VALUES ('660', 'Edmund Spenser's The Faerie Queene');
INSERT INTO date_dimension VALUES ('661', 'The Average Joe');
INSERT INTO date_dimension VALUES ('662', 'http://kagonekoshiro.blog86.fc2.com/');
INSERT INTO date_dimension VALUES ('663', 'b3ta');
INSERT INTO date_dimension VALUES ('664', 'I Know That Feel Bro');
INSERT INTO date_dimension VALUES ('665', 'File Formats');
INSERT INTO date_dimension VALUES ('666', 'Jim Gasperini');
INSERT INTO date_dimension VALUES ('667', 'Leonardo Da Vinci');
INSERT INTO date_dimension VALUES ('668', 'FARK');
INSERT INTO date_dimension VALUES ('669', 'Rage Comics');
INSERT INTO date_dimension VALUES ('670', 'LatteArt.org');
INSERT INTO date_dimension VALUES ('671', 'BoingBoing');
INSERT INTO date_dimension VALUES ('672', 'The Big Lebowski');
INSERT INTO date_dimension VALUES ('673', 'The Lounge Forums');
INSERT INTO date_dimension VALUES ('674', 'Eyebombing.com');
INSERT INTO date_dimension VALUES ('675', 'The Hunger Games');
INSERT INTO date_dimension VALUES ('676', 'Old Spice');
INSERT INTO date_dimension VALUES ('677', 'Patrick is the secondary main character in the show spongebob squarepants. He serves as spongebob's best frirnd and wheres green shorts with purple flowers on them. Throughout the series, patrick has made dumb sayings that had turned into internet memes s');
INSERT INTO date_dimension VALUES ('678', 'KFOR News Channel 4 (Oklahoma City)');
INSERT INTO date_dimension VALUES ('679', 'Yotsuba&!');
INSERT INTO date_dimension VALUES ('680', 'The Community');
INSERT INTO date_dimension VALUES ('681', 'KC Green's Comic');
INSERT INTO date_dimension VALUES ('682', 'Elite Fitness message board');
INSERT INTO date_dimension VALUES ('683', 'The Villain in Black');
INSERT INTO date_dimension VALUES ('684', 'United States');
INSERT INTO date_dimension VALUES ('685', '_Pop Champagne_ by Ron Browz and Jim Jones');
INSERT INTO date_dimension VALUES ('686', 'Soundcloud');
INSERT INTO date_dimension VALUES ('687', 'LiveJournal');
INSERT INTO date_dimension VALUES ('688', '"Walking Small" Episode from SpongeBob SquarePants');
INSERT INTO date_dimension VALUES ('689', 'Erik Wernquist');
INSERT INTO date_dimension VALUES ('690', 'Memebase Comixed');
INSERT INTO date_dimension VALUES ('691', 'HalfBakery.com / Flickr');
INSERT INTO date_dimension VALUES ('692', 'Nickelodeon, Spongebob Squarepants, Avatar: The Legend of Korra');
INSERT INTO date_dimension VALUES ('693', 'Ponibooru');
INSERT INTO date_dimension VALUES ('694', 'British forums');
INSERT INTO date_dimension VALUES ('695', 'Gotye (artist)');
INSERT INTO date_dimension VALUES ('696', 'Charlie Chaplin's "The Circus"');
INSERT INTO date_dimension VALUES ('697', 'Mark TDK Knight');
INSERT INTO date_dimension VALUES ('698', 'Memebase');
INSERT INTO date_dimension VALUES ('699', 'Ghostbusters');
INSERT INTO date_dimension VALUES ('700', 'Fanfiction');
INSERT INTO date_dimension VALUES ('701', 'Online Auction');
INSERT INTO date_dimension VALUES ('702', 'Madagascar 3: Europe's Most Wanted');
INSERT INTO date_dimension VALUES ('703', 'Indestructible Gameboy');
INSERT INTO date_dimension VALUES ('704', 'Penny Arcade Expo');
INSERT INTO date_dimension VALUES ('705', 'IBM Research');
INSERT INTO date_dimension VALUES ('706', 'Penny Arcade');
INSERT INTO date_dimension VALUES ('707', 'OperatorChan');
INSERT INTO date_dimension VALUES ('708', 'Greenpeace');
INSERT INTO date_dimension VALUES ('709', 'Queensland Rail Campaign');
INSERT INTO date_dimension VALUES ('710', 'Star Wars: The Empire Strikes Back (Film)');
INSERT INTO date_dimension VALUES ('711', 'Kumamoto Prefecture, Japan');
INSERT INTO date_dimension VALUES ('712', 'Erwin Schrödinger');
INSERT INTO date_dimension VALUES ('713', 'Comic Book Resources');
INSERT INTO date_dimension VALUES ('714', 'Chibird');
INSERT INTO date_dimension VALUES ('715', 'Craig Jackson / UC Santa Cruz students');
INSERT INTO date_dimension VALUES ('716', 'Doom');
INSERT INTO date_dimension VALUES ('717', 'The Fairly OddParents');
INSERT INTO date_dimension VALUES ('718', 'IAAF World Junior Championships in Barcelona');
INSERT INTO date_dimension VALUES ('719', 'B3TA');
INSERT INTO date_dimension VALUES ('720', 'Bad Dragon');
INSERT INTO date_dimension VALUES ('721', '1993');
INSERT INTO date_dimension VALUES ('722', '"Batman":/memes/batman');
INSERT INTO date_dimension VALUES ('723', 'NASA Mars Science Laboratory');
INSERT INTO date_dimension VALUES ('724', 'Hark, a Vagrant');
INSERT INTO date_dimension VALUES ('725', 'Jackass');
INSERT INTO date_dimension VALUES ('726', 'Warhammer 40,000');
INSERT INTO date_dimension VALUES ('727', 'World War I / II');
INSERT INTO date_dimension VALUES ('728', 'CSI: Miami (Television Series)');
INSERT INTO date_dimension VALUES ('729', 'deviantArt');
INSERT INTO date_dimension VALUES ('730', 'Dragonball');
INSERT INTO date_dimension VALUES ('731', 'VenusMommy');
INSERT INTO date_dimension VALUES ('732', 'fartbrazil.com');
INSERT INTO date_dimension VALUES ('733', 'tumblr');
INSERT INTO date_dimension VALUES ('734', 'Completely Serious Comics');
INSERT INTO date_dimension VALUES ('735', 'Feminist Literature');
INSERT INTO date_dimension VALUES ('736', 'Hentai & Doujin Manga');
INSERT INTO date_dimension VALUES ('737', 'Breaking Bad');
INSERT INTO date_dimension VALUES ('738', '2012 Presidential Debates');
INSERT INTO date_dimension VALUES ('739', 'Cheezburger');
INSERT INTO date_dimension VALUES ('740', 'Pornhub');
INSERT INTO date_dimension VALUES ('741', 'Shrub.com');
INSERT INTO date_dimension VALUES ('742', 'Arthur');
INSERT INTO date_dimension VALUES ('743', 'New Yorker Cartoon');
INSERT INTO date_dimension VALUES ('744', 'Metal Gear Solid');
INSERT INTO date_dimension VALUES ('745', 'Arrested Development');
INSERT INTO date_dimension VALUES ('746', 'Ylilauta');
INSERT INTO date_dimension VALUES ('747', 'Airtoons.com');
INSERT INTO date_dimension VALUES ('748', 'Marvel Comics');
INSERT INTO date_dimension VALUES ('749', 'City of Sound');
INSERT INTO date_dimension VALUES ('750', 'Marriland Forums');
INSERT INTO date_dimension VALUES ('751', 'creepypasta.wikia.com');
INSERT INTO date_dimension VALUES ('752', 'Forocoches');
INSERT INTO date_dimension VALUES ('753', 'The Big Bang Theory');
INSERT INTO date_dimension VALUES ('754', 'Fanboy zine');
INSERT INTO date_dimension VALUES ('755', 'eBay');
INSERT INTO date_dimension VALUES ('756', 'Twista & R. Kelly');
INSERT INTO date_dimension VALUES ('757', 'Disney Flash Game');
INSERT INTO date_dimension VALUES ('758', 'Bruce Carr / Konami's Facebook Profile');
INSERT INTO date_dimension VALUES ('759', 'AV Club');
INSERT INTO date_dimension VALUES ('760', 'Tumblr/Facebook');
INSERT INTO date_dimension VALUES ('761', 'Oscar Gamble');
INSERT INTO date_dimension VALUES ('762', 'Southern Hip Hop');
INSERT INTO date_dimension VALUES ('763', 'Rich Text Editor');
INSERT INTO date_dimension VALUES ('764', 'Deadspin');
INSERT INTO date_dimension VALUES ('765', 'Imgur');
INSERT INTO date_dimension VALUES ('766', 'Super Bowl XLVII');
INSERT INTO date_dimension VALUES ('767', 'The Perks of Being a Wallflower');
INSERT INTO date_dimension VALUES ('768', 'reddit');
INSERT INTO date_dimension VALUES ('769', 'The Legend of Zelda: Majora's Mask');
INSERT INTO date_dimension VALUES ('770', 'Asian Town Forums');
INSERT INTO date_dimension VALUES ('771', 'The Escapist');
INSERT INTO date_dimension VALUES ('772', 'Carrefour De L'Opera');
INSERT INTO date_dimension VALUES ('773', 'eFukt');
INSERT INTO date_dimension VALUES ('774', 'Breakin' 2: Electric Boogaloo');
INSERT INTO date_dimension VALUES ('775', 'Cracked');
INSERT INTO date_dimension VALUES ('776', 'Wackbag Forums');
INSERT INTO date_dimension VALUES ('777', 'Break');
INSERT INTO date_dimension VALUES ('778', 'The Spongebob Squarepants Movie');
INSERT INTO date_dimension VALUES ('779', 'Lord of the Rings');
INSERT INTO date_dimension VALUES ('780', 'Matt Nelson');
INSERT INTO date_dimension VALUES ('781', 'BToB MTV DiaryMany');
INSERT INTO date_dimension VALUES ('782', 'Weibo (Chinese Social Network)');
INSERT INTO date_dimension VALUES ('783', 'A Song of Ice and Fire');
INSERT INTO date_dimension VALUES ('784', 'Back to the Future Part II');
INSERT INTO date_dimension VALUES ('785', 'Inception');
INSERT INTO date_dimension VALUES ('786', 'Facepunch');
INSERT INTO date_dimension VALUES ('787', 'Sherlock Holmes Arrives Too Late');
INSERT INTO date_dimension VALUES ('788', 'King of the Hill');
INSERT INTO date_dimension VALUES ('789', 'Cowboy Bebop');
INSERT INTO date_dimension VALUES ('790', 'Reform Act of 1867');
INSERT INTO date_dimension VALUES ('791', 'The Anime Club');
INSERT INTO date_dimension VALUES ('792', 'Time Magazine');
INSERT INTO date_dimension VALUES ('793', 'WitchVox');
INSERT INTO date_dimension VALUES ('794', 'VK');
INSERT INTO date_dimension VALUES ('795', 'GameFront');
INSERT INTO date_dimension VALUES ('796', 'TwitchTV');
INSERT INTO date_dimension VALUES ('797', 'Blogger');
INSERT INTO date_dimension VALUES ('798', 'Sina Weibo');
INSERT INTO date_dimension VALUES ('799', 'Nintendo Direct @ E3');
INSERT INTO date_dimension VALUES ('800', 'StuffWeLike.com');
INSERT INTO date_dimension VALUES ('801', 'Angelfire');
INSERT INTO date_dimension VALUES ('802', 'PCU');
INSERT INTO date_dimension VALUES ('803', 'Twitch Chat');
INSERT INTO date_dimension VALUES ('804', 'Reason');
INSERT INTO date_dimension VALUES ('805', 'Kelis');
INSERT INTO date_dimension VALUES ('806', 'Pacific Rim');
INSERT INTO date_dimension VALUES ('807', 'The Bash Street Kids');
INSERT INTO date_dimension VALUES ('808', 'Vine');
INSERT INTO date_dimension VALUES ('809', 'The Iron Giant');
INSERT INTO date_dimension VALUES ('810', 'The Root');
INSERT INTO date_dimension VALUES ('811', 'Zoolander');
INSERT INTO date_dimension VALUES ('812', 'TV Norge');
INSERT INTO date_dimension VALUES ('813', 'CakeFarts.com');
INSERT INTO date_dimension VALUES ('814', 'Life’s Vagaries');
INSERT INTO date_dimension VALUES ('815', 'World of Warcraft');
INSERT INTO date_dimension VALUES ('816', 'NBC');
INSERT INTO date_dimension VALUES ('817', 'Instagram');
INSERT INTO date_dimension VALUES ('818', 'backroomcastingcouch.com');
INSERT INTO date_dimension VALUES ('819', 'Mambo.ru');
INSERT INTO date_dimension VALUES ('820', 'Pokemon X and Y');
INSERT INTO date_dimension VALUES ('821', 'Mystery Science Theater 3000');
INSERT INTO date_dimension VALUES ('822', 'Creepypasta Wiki');
INSERT INTO date_dimension VALUES ('823', 'Force Factor');
INSERT INTO date_dimension VALUES ('824', 'Soup.io');
INSERT INTO date_dimension VALUES ('825', 'Sega vs Nintendo');
INSERT INTO date_dimension VALUES ('826', 'Ed, Edd n Eddy');
INSERT INTO date_dimension VALUES ('827', 'Mike Sacks');
INSERT INTO date_dimension VALUES ('828', 'Heilongjiang Morning Post');
INSERT INTO date_dimension VALUES ('829', 'Elf (2003 Film)');
INSERT INTO date_dimension VALUES ('830', 'E! Online');
INSERT INTO date_dimension VALUES ('831', 'Mobile Suit Zeta Gundam');
INSERT INTO date_dimension VALUES ('832', 'Heartless Bitches International');
INSERT INTO date_dimension VALUES ('833', 'Lemonteaflower');
INSERT INTO date_dimension VALUES ('834', 'BitcoinTalk');
INSERT INTO date_dimension VALUES ('835', 'NTT DoCoMo');
INSERT INTO date_dimension VALUES ('836', 'Kill La Kill');
INSERT INTO date_dimension VALUES ('837', 'Metal Gear Rising: Revengeance.');
INSERT INTO date_dimension VALUES ('838', 'S.T.A.L.K.E.R.: Shadow of Chernobyl');
INSERT INTO date_dimension VALUES ('839', 'Metal Gear Online Community');
INSERT INTO date_dimension VALUES ('840', 'MyVag');
INSERT INTO date_dimension VALUES ('841', 'Sochi Olympic Games');
INSERT INTO date_dimension VALUES ('842', 'Call of Duty');
INSERT INTO date_dimension VALUES ('843', 'Cycle Forums');
INSERT INTO date_dimension VALUES ('844', 'Pictures For Sad Children');
INSERT INTO date_dimension VALUES ('845', 'Final Fantasy VI');
INSERT INTO date_dimension VALUES ('846', 'Oasis');
INSERT INTO date_dimension VALUES ('847', 'OKCupid');
INSERT INTO date_dimension VALUES ('848', 'Twitch');
INSERT INTO date_dimension VALUES ('849', 'Dark Souls');
INSERT INTO date_dimension VALUES ('850', 'Game of Thrones');
INSERT INTO date_dimension VALUES ('851', 'Sonic's Shoes Blues');
INSERT INTO date_dimension VALUES ('852', 'Metal Gear Solid V: Ground Zeroes');
INSERT INTO date_dimension VALUES ('853', 'Archer');
INSERT INTO date_dimension VALUES ('854', 'BBC News');
INSERT INTO date_dimension VALUES ('855', 'Machinima's Far Cry 3 Review');
INSERT INTO date_dimension VALUES ('856', 'Aqua Teen Hunger Force');
INSERT INTO date_dimension VALUES ('857', 'Bonzi.com');
INSERT INTO date_dimension VALUES ('858', 'Tim Wu');
INSERT INTO date_dimension VALUES ('859', 'Mario Kart 64');
INSERT INTO date_dimension VALUES ('860', 'A Forum of Ice and Fire');
INSERT INTO date_dimension VALUES ('861', 'Smash Boards');
INSERT INTO date_dimension VALUES ('862', 'Shin Megami Tensei: Lucifer's Call');
INSERT INTO date_dimension VALUES ('863', 'Doritos and Mtn Dew XP');
INSERT INTO date_dimension VALUES ('864', 'No Country for Old Men');
INSERT INTO date_dimension VALUES ('865', 'Monkey-Business.net');
INSERT INTO date_dimension VALUES ('866', 'Mario Kart 8');
INSERT INTO date_dimension VALUES ('867', 'Raving Atheists Forum');
INSERT INTO date_dimension VALUES ('868', 'Rotten.com');
INSERT INTO date_dimension VALUES ('869', '2014 FIFA World Cup');
INSERT INTO date_dimension VALUES ('870', 'Encino Man');
INSERT INTO date_dimension VALUES ('871', 'Canon Digital Photography Forums');
INSERT INTO date_dimension VALUES ('872', 'The Walking Dead');
INSERT INTO date_dimension VALUES ('873', 'Memebase - Cheezburger');
INSERT INTO date_dimension VALUES ('874', 'Super Smash Brothers');
INSERT INTO date_dimension VALUES ('875', 'Webpanda');
INSERT INTO date_dimension VALUES ('876', 'Sirlin');
INSERT INTO date_dimension VALUES ('877', 'www.reddit.com/r/nfl');
INSERT INTO date_dimension VALUES ('878', 'Runescape');
INSERT INTO date_dimension VALUES ('879', 'Friday');
INSERT INTO date_dimension VALUES ('880', 'Grand Theft Auto series');
INSERT INTO date_dimension VALUES ('881', 'Fight Club');
INSERT INTO date_dimension VALUES ('882', 'Straightdope');
INSERT INTO date_dimension VALUES ('883', 'Check One Two');
INSERT INTO date_dimension VALUES ('884', 'France');
INSERT INTO date_dimension VALUES ('885', 'Orpheusftw, YouTube');
INSERT INTO date_dimension VALUES ('886', 'Shrek');
INSERT INTO date_dimension VALUES ('887', 'Super Smash Bros for Wii U/3DS');
INSERT INTO date_dimension VALUES ('888', 'Paul Blart Mall Cop');
INSERT INTO date_dimension VALUES ('889', 'Rhymescheme');
INSERT INTO date_dimension VALUES ('890', 'Adult Swim');
INSERT INTO date_dimension VALUES ('891', 'Paper Magazine');
INSERT INTO date_dimension VALUES ('892', 'World War II Propaganda');
INSERT INTO date_dimension VALUES ('893', 'Pokemon Ruby and Sapphire');
INSERT INTO date_dimension VALUES ('894', 'The Office');
INSERT INTO date_dimension VALUES ('895', 'IGN');
INSERT INTO date_dimension VALUES ('896', 'Japan Animator Expo');
INSERT INTO date_dimension VALUES ('897', 'Max Coveri');
INSERT INTO date_dimension VALUES ('898', 'Metalocalypse');
INSERT INTO date_dimension VALUES ('899', 'Star Wars: The Force Awakens');
INSERT INTO date_dimension VALUES ('900', 'Wondermark');
INSERT INTO date_dimension VALUES ('901', 'memegenerator.net');
INSERT INTO date_dimension VALUES ('902', 'Jay Geiger');
INSERT INTO date_dimension VALUES ('903', 'PTSD definition');
INSERT INTO date_dimension VALUES ('904', 'Call of Duty: Advanced Warfare');
INSERT INTO date_dimension VALUES ('905', 'Ninja Pig Studios');
INSERT INTO date_dimension VALUES ('906', 'Radio Sway');
INSERT INTO date_dimension VALUES ('907', 'memegenerator');
INSERT INTO date_dimension VALUES ('908', 'Steam');
INSERT INTO date_dimension VALUES ('909', 'The Avengers');
INSERT INTO date_dimension VALUES ('910', '14th Century English');
INSERT INTO date_dimension VALUES ('911', 'Super Bowl XLIX');
INSERT INTO date_dimension VALUES ('912', 'PhotoFunia');
INSERT INTO date_dimension VALUES ('913', 'Fubin Sugiru Zero Saber ga Ijikeru / A Very Pitiful Zero Saber Grows Timid');
INSERT INTO date_dimension VALUES ('914', 'Sid Meier's Civilization');
INSERT INTO date_dimension VALUES ('915', 'Golden Times Interview');
INSERT INTO date_dimension VALUES ('916', 'SomeEcards');
INSERT INTO date_dimension VALUES ('917', 'Justin.tv');
INSERT INTO date_dimension VALUES ('918', 'Loose Change');
INSERT INTO date_dimension VALUES ('919', 'Metal Gear Rising: Revengeance');
INSERT INTO date_dimension VALUES ('920', 'TF2 user - Guuse');
INSERT INTO date_dimension VALUES ('921', 'Doritosgate');
INSERT INTO date_dimension VALUES ('922', 'Piero Scaruffi');
INSERT INTO date_dimension VALUES ('923', '/v/');
INSERT INTO date_dimension VALUES ('924', 'Five Nights at Freddy's');
INSERT INTO date_dimension VALUES ('925', 'L'Oréal');
INSERT INTO date_dimension VALUES ('926', 'Masters of the Universe');
INSERT INTO date_dimension VALUES ('927', '/a/');
INSERT INTO date_dimension VALUES ('928', 'Jeroom');
INSERT INTO date_dimension VALUES ('929', 'Unknown, often attributed to Voltaire');
INSERT INTO date_dimension VALUES ('930', 'r/RedditArmie');
INSERT INTO date_dimension VALUES ('931', 'Japanese language');
INSERT INTO date_dimension VALUES ('932', 'Grand Theft Auto: San Andreas');
INSERT INTO date_dimension VALUES ('933', 'Reddit, Youtube');
INSERT INTO date_dimension VALUES ('934', 'Skittles');
INSERT INTO date_dimension VALUES ('935', 'Pokémon X and Y');
INSERT INTO date_dimension VALUES ('936', 'Nickelodeon');
INSERT INTO date_dimension VALUES ('937', '/b/');
INSERT INTO date_dimension VALUES ('938', 'YouTube/Reddit');
INSERT INTO date_dimension VALUES ('939', 'Linkin Park');
INSERT INTO date_dimension VALUES ('940', 'Social Exclusion Unit');
INSERT INTO date_dimension VALUES ('941', 'Twitter/Vine');
INSERT INTO date_dimension VALUES ('942', 'Jurann.furcen.org');
INSERT INTO date_dimension VALUES ('943', 'Steven Universe');
INSERT INTO date_dimension VALUES ('944', 'RobertStock');
INSERT INTO date_dimension VALUES ('945', 'Catalina');
INSERT INTO date_dimension VALUES ('946', 'The Road to El Dorado');
INSERT INTO date_dimension VALUES ('947', 'Hall of Fame speech');
INSERT INTO date_dimension VALUES ('948', 'Lipstick Alley Forums');
INSERT INTO date_dimension VALUES ('949', 'Nickelback');
INSERT INTO date_dimension VALUES ('950', 'The Onion');
INSERT INTO date_dimension VALUES ('951', '/pol/');
INSERT INTO date_dimension VALUES ('952', 'Super Smash Bros for 3DS & Wii U');
INSERT INTO date_dimension VALUES ('953', 'SoundCloud');
INSERT INTO date_dimension VALUES ('954', 'Metal Gear Solid V (Video Game)');
INSERT INTO date_dimension VALUES ('955', '4chan's /pol/');
INSERT INTO date_dimension VALUES ('956', 'Era');
INSERT INTO date_dimension VALUES ('957', '/tv/');
INSERT INTO date_dimension VALUES ('958', 'Digimon Tamers');
INSERT INTO date_dimension VALUES ('959', '9gag / Joyreactor');
INSERT INTO date_dimension VALUES ('960', 'Smash Mouth');
INSERT INTO date_dimension VALUES ('961', 'Twitter, Facebook');
INSERT INTO date_dimension VALUES ('962', 'Japan');
INSERT INTO date_dimension VALUES ('963', 'tumblr.com');
INSERT INTO date_dimension VALUES ('964', 'Touhou Koumakyou ~ The Embodiment of Scarlet Devil (Game)');
INSERT INTO date_dimension VALUES ('965', 'The Big House 3 Super Smash Bros Melee Tournament');
INSERT INTO date_dimension VALUES ('966', 'Sheep Wrecked');
INSERT INTO date_dimension VALUES ('967', 'Super Mario Bros. 2');
INSERT INTO date_dimension VALUES ('968', 'youtube');
INSERT INTO date_dimension VALUES ('969', 'Chicago');
INSERT INTO date_dimension VALUES ('970', 'Bad Girls Club');
INSERT INTO date_dimension VALUES ('971', 'Despicable Me');
INSERT INTO date_dimension VALUES ('972', 'Vichan');
INSERT INTO date_dimension VALUES ('973', 'Captain Phillips (Movie)');
INSERT INTO date_dimension VALUES ('974', 'Safely Endangered');
INSERT INTO date_dimension VALUES ('975', 'Automatic Enquete Generator (自動アンケート作成)');
INSERT INTO date_dimension VALUES ('976', 'straightouttasomewhere.com');
INSERT INTO date_dimension VALUES ('977', 'Arcane Kids');
INSERT INTO date_dimension VALUES ('978', 'Mandela Effect');
INSERT INTO date_dimension VALUES ('979', 'Dragon Ball Super');
INSERT INTO date_dimension VALUES ('980', 'Metal Gear Solid V: The Phantom Pain');
INSERT INTO date_dimension VALUES ('981', 'Andrew Gold');
INSERT INTO date_dimension VALUES ('982', 'ISIS');
INSERT INTO date_dimension VALUES ('983', 'Mad Max Fury Road');
INSERT INTO date_dimension VALUES ('984', 'Splatoon');
INSERT INTO date_dimension VALUES ('985', 'Eddie Murphy');
INSERT INTO date_dimension VALUES ('986', 'Thomas the Tank Engine & Friends (Television Series)');
INSERT INTO date_dimension VALUES ('987', 'NewGrounds');
INSERT INTO date_dimension VALUES ('988', 'Demolition Man');
INSERT INTO date_dimension VALUES ('989', 'Unicode');
INSERT INTO date_dimension VALUES ('990', 'Undertale');
INSERT INTO date_dimension VALUES ('991', 'Drake; Apple Music');
INSERT INTO date_dimension VALUES ('992', 'Enrico Fermi');
INSERT INTO date_dimension VALUES ('993', 'League of Legends');
INSERT INTO date_dimension VALUES ('994', 'Fallout 4');
INSERT INTO date_dimension VALUES ('995', 'Reddit subreddit /r/GlobalOffensive');
INSERT INTO date_dimension VALUES ('996', 'Disqus Comments');
INSERT INTO date_dimension VALUES ('997', 'YouTube; Code MENT - Episode 16');
INSERT INTO date_dimension VALUES ('998', 'Toby Fox');
INSERT INTO date_dimension VALUES ('999', 'Monty Python and the Holy Grail');
INSERT INTO date_dimension VALUES ('1000', 'Ween');
INSERT INTO date_dimension VALUES ('1001', '/int/');
INSERT INTO date_dimension VALUES ('1002', 'High School Musical 2');
INSERT INTO date_dimension VALUES ('1003', 'Unicode Consortium');
INSERT INTO date_dimension VALUES ('1004', 'Twitter, 4chan');
INSERT INTO date_dimension VALUES ('1005', 'Taobao');
INSERT INTO date_dimension VALUES ('1006', 'iFunny');
INSERT INTO date_dimension VALUES ('1007', 'Tumblr/Imgur');
INSERT INTO date_dimension VALUES ('1008', '8chan');
INSERT INTO date_dimension VALUES ('1009', 'Animal Crossing: New Leaf');
INSERT INTO date_dimension VALUES ('1010', 'Brooklyn');
INSERT INTO date_dimension VALUES ('1011', 'Filthy Frank');
INSERT INTO date_dimension VALUES ('1012', 'FlatEarthSociety.org');
INSERT INTO date_dimension VALUES ('1013', 'Complex Magazine');
INSERT INTO date_dimension VALUES ('1014', 'It's Always Sunny in Philadelphia');
INSERT INTO date_dimension VALUES ('1015', 'Ukagaka User Community');
INSERT INTO date_dimension VALUES ('1016', '/co/');
INSERT INTO date_dimension VALUES ('1017', 'The Matrix');
INSERT INTO date_dimension VALUES ('1018', 'Taiwan');
INSERT INTO date_dimension VALUES ('1019', 'Bill Wurtz');
INSERT INTO date_dimension VALUES ('1020', 'Yu-Gi-Oh!');
INSERT INTO date_dimension VALUES ('1021', 'h3h3 Productions');
INSERT INTO date_dimension VALUES ('1022', '4chans /int/ section');
INSERT INTO date_dimension VALUES ('1023', 'New Horizon');
INSERT INTO date_dimension VALUES ('1024', 'twitch.tv');
INSERT INTO date_dimension VALUES ('1025', '/fa/');
INSERT INTO date_dimension VALUES ('1026', 'Fallout');
INSERT INTO date_dimension VALUES ('1027', 'Hot 97');
INSERT INTO date_dimension VALUES ('1028', 'The Triggering');
INSERT INTO date_dimension VALUES ('1029', 'VICE');
INSERT INTO date_dimension VALUES ('1030', 'Blizzard');
INSERT INTO date_dimension VALUES ('1031', 'Overwatch');
INSERT INTO date_dimension VALUES ('1032', 'Jojo's Bizarre Adventure');
INSERT INTO date_dimension VALUES ('1033', 'Snapchat');
INSERT INTO date_dimension VALUES ('1034', 'Cincinnati Zoo');
INSERT INTO date_dimension VALUES ('1035', '[s4s]');
INSERT INTO date_dimension VALUES ('1036', 'Winnipeg Free Press');
INSERT INTO date_dimension VALUES ('1037', 'The Right Stuff');
INSERT INTO date_dimension VALUES ('1038', 'Pokémon');
INSERT INTO date_dimension VALUES ('1039', 'Foster the People');
INSERT INTO date_dimension VALUES ('1040', 'Sunday Age');
INSERT INTO date_dimension VALUES ('1041', 'MemeGenerator.net');
INSERT INTO date_dimension VALUES ('1042', 'Photoshop');
INSERT INTO date_dimension VALUES ('1043', 'Total Nonstop Action Wrestling');
INSERT INTO date_dimension VALUES ('1044', 'Australia Transport Accident Commission');
INSERT INTO date_dimension VALUES ('1045', 'wwww.facebook.com/colorfulmemes');
INSERT INTO date_dimension VALUES ('1046', 'Love Live! School Idol Project');
INSERT INTO date_dimension VALUES ('1047', 'Pokémon Sun and Moon');
INSERT INTO date_dimension VALUES ('1048', 'brunomars.us');
INSERT INTO date_dimension VALUES ('1049', 'Shuffle!');
INSERT INTO date_dimension VALUES ('1050', 'fanfiction.net');
INSERT INTO date_dimension VALUES ('1051', 'Anti-Drug PSA');
INSERT INTO date_dimension VALUES ('1052', 'Jason Bourne');
INSERT INTO date_dimension VALUES ('1053', 'unknown');
INSERT INTO date_dimension VALUES ('1054', 'Pokemon Sun and Moon');
INSERT INTO date_dimension VALUES ('1055', 'Tim & Eric Awesome Show Great Job!');
INSERT INTO date_dimension VALUES ('1056', 'Black Twitter');
INSERT INTO date_dimension VALUES ('1057', 'Rainbow Six Siege');
INSERT INTO date_dimension VALUES ('1058', 'L.A. Riots');
INSERT INTO date_dimension VALUES ('1059', 'Brazilian Telenovela');
INSERT INTO date_dimension VALUES ('1060', 'Second United States Presidential Debate');
INSERT INTO date_dimension VALUES ('1061', 'J. Robert Oppenheimer');
INSERT INTO date_dimension VALUES ('1062', 'Pixar's Cars');
INSERT INTO date_dimension VALUES ('1063', 'Grand Theft Auto: San Andreas (video game)');
INSERT INTO date_dimension VALUES ('1064', 'Twitter user @speculation, January 2016');
INSERT INTO date_dimension VALUES ('1065', '4chan.org/pol/');
INSERT INTO date_dimension VALUES ('1066', 'r/me_irl');
INSERT INTO date_dimension VALUES ('1067', 'New York City');
INSERT INTO date_dimension VALUES ('1068', 'Sky Magazine');
INSERT INTO date_dimension VALUES ('1069', 'P.E.P.E.');
INSERT INTO date_dimension VALUES ('1070', 'Apple');
INSERT INTO date_dimension VALUES ('1071', 'Taringa');
INSERT INTO date_dimension VALUES ('1072', 'Pokémon Sun / Pokémon Moon');
INSERT INTO date_dimension VALUES ('1073', 'Barnyard');
INSERT INTO date_dimension VALUES ('1074', '/r/me_irl');
INSERT INTO date_dimension VALUES ('1075', 'Ninja Productions');
INSERT INTO date_dimension VALUES ('1076', 'youtube.com');
INSERT INTO date_dimension VALUES ('1077', 'Folgers');
INSERT INTO date_dimension VALUES ('1078', 'Migos');
INSERT INTO date_dimension VALUES ('1079', 'Suicide Squad');
INSERT INTO date_dimension VALUES ('1080', 'Coldsteel The Hedgeheg');
INSERT INTO date_dimension VALUES ('1081', 'Big Fat Whale');
INSERT INTO date_dimension VALUES ('1082', 'Hell's Kitchen');
INSERT INTO date_dimension VALUES ('1083', 'https://en.wikiquote.org/wiki/Karl_Marx');
INSERT INTO date_dimension VALUES ('1084', 'BuzzFeed');
INSERT INTO date_dimension VALUES ('1085', 'Dr. Phil');
INSERT INTO date_dimension VALUES ('1086', 'Donald Trump Press Conference');
INSERT INTO date_dimension VALUES ('1087', 'The Bible');
INSERT INTO date_dimension VALUES ('1088', 'Event');
INSERT INTO date_dimension VALUES ('1089', 'HeWillNotDivide.Us');
INSERT INTO date_dimension VALUES ('1090', 'Star Wars Episode III: Revenge of the Sith');
INSERT INTO date_dimension VALUES ('1091', 'Washington, D.C.');
INSERT INTO date_dimension VALUES ('1092', 'Ontario, Canada');
INSERT INTO date_dimension VALUES ('1093', 'Bag Raiders');
INSERT INTO date_dimension VALUES ('1094', 'Escape From Heaven');
INSERT INTO date_dimension VALUES ('1095', 'Syd Weiler, Illustr-animator');
INSERT INTO date_dimension VALUES ('1096', 'Drew Scanlon');
INSERT INTO date_dimension VALUES ('1097', 'Journalism');
INSERT INTO date_dimension VALUES ('1098', 'Nuvo');
INSERT INTO date_dimension VALUES ('1099', 'On February 24, 2017, popular Youtuber Jacksfilms had tweeted "Just had a telemarketer hang up on me by answering 'me me big boy'"');
INSERT INTO date_dimension VALUES ('1100', 'Buzzfeed Yellow');
INSERT INTO date_dimension VALUES ('1101', 'Arakawa Under the Bridge');
INSERT INTO date_dimension VALUES ('1102', 'Diary of A Wimpy Kid: The Long Haul');
INSERT INTO date_dimension VALUES ('1103', 'Spider-Man 2 (Video Game)');
INSERT INTO date_dimension VALUES ('1104', 'Rick and Morty');
INSERT INTO date_dimension VALUES ('1105', '2002');
INSERT INTO date_dimension VALUES ('1106', 'Pre-Internet');
INSERT INTO date_dimension VALUES ('1107', 'FrankerFaceZ');
INSERT INTO date_dimension VALUES ('1108', 'Samurai Jack');
INSERT INTO date_dimension VALUES ('1109', 'Riverdale');
INSERT INTO date_dimension VALUES ('1110', '/r/surrealmemes');
INSERT INTO date_dimension VALUES ('1111', 'Twitch.tv');
INSERT INTO date_dimension VALUES ('1112', 'Atrl');
INSERT INTO date_dimension VALUES ('1113', 'Esquire');
INSERT INTO date_dimension VALUES ('1114', 'Star Wars: Episode III — Revenge of the Sith');
INSERT INTO date_dimension VALUES ('1115', 'The Simpsons TV Series');
INSERT INTO date_dimension VALUES ('1116', 'X-Men: First Class');
INSERT INTO date_dimension VALUES ('1117', 'Katy Perry Interview on "The Project"');
INSERT INTO date_dimension VALUES ('1118', 'L.A. Noire');
INSERT INTO date_dimension VALUES ('1119', 'Owl City');
INSERT INTO date_dimension VALUES ('1120', 'Getty Images');
INSERT INTO date_dimension VALUES ('1121', 'Community');
INSERT INTO date_dimension VALUES ('1122', 'Luis Fonsi');
INSERT INTO date_dimension VALUES ('1123', 'Sharenator');
INSERT INTO date_dimension VALUES ('1124', 'Metal Gear Solid V: The Phantom Pain (2013 E3)');
INSERT INTO date_dimension VALUES ('1125', 'Crash Bandicoot');
INSERT INTO date_dimension VALUES ('1126', 'John Bergeron');
INSERT INTO date_dimension VALUES ('1127', 'Private Lessons Part 3');
INSERT INTO date_dimension VALUES ('1128', 'reddit.com');
INSERT INTO date_dimension VALUES ('1129', 'Rick and Morty (TV Series)');
INSERT INTO date_dimension VALUES ('1130', 'iStockphoto');
INSERT INTO date_dimension VALUES ('1131', 'Buzzfeed Unsolved');
INSERT INTO date_dimension VALUES ('1132', 'iStock');
INSERT INTO date_dimension VALUES ('1133', 'Naruto');
INSERT INTO date_dimension VALUES ('1134', '2012 E3 Entertainment Expo');
INSERT INTO date_dimension VALUES ('1135', 'Leave It To Me (Musical)');
[2021-12-28 15:15:13,371] {taskinstance.py:1462} ERROR - Task failed with exception
Traceback (most recent call last):
  File "/home/airflow/.local/lib/python3.8/site-packages/airflow/models/taskinstance.py", line 1164, in _run_raw_task
    self._prepare_and_execute_task_with_callbacks(context, task)
  File "/home/airflow/.local/lib/python3.8/site-packages/airflow/models/taskinstance.py", line 1282, in _prepare_and_execute_task_with_callbacks
    result = self._execute_task(context, task_copy)
  File "/home/airflow/.local/lib/python3.8/site-packages/airflow/models/taskinstance.py", line 1312, in _execute_task
    result = task_copy.execute(context=context)
  File "/home/airflow/.local/lib/python3.8/site-packages/airflow/providers/postgres/operators/postgres.py", line 70, in execute
    self.hook.run(self.sql, self.autocommit, parameters=self.parameters)
  File "/home/airflow/.local/lib/python3.8/site-packages/airflow/hooks/dbapi.py", line 177, in run
    with closing(self.get_conn()) as conn:
  File "/home/airflow/.local/lib/python3.8/site-packages/airflow/providers/postgres/hooks/postgres.py", line 88, in get_conn
    conn = deepcopy(self.connection or self.get_connection(conn_id))
  File "/home/airflow/.local/lib/python3.8/site-packages/airflow/hooks/base.py", line 68, in get_connection
    conn = Connection.get_connection_from_secrets(conn_id)
  File "/home/airflow/.local/lib/python3.8/site-packages/airflow/models/connection.py", line 379, in get_connection_from_secrets
    raise AirflowNotFoundException(f"The conn_id `{conn_id}` isn't defined")
airflow.exceptions.AirflowNotFoundException: The conn_id `postgres_default` isn't defined
[2021-12-28 15:15:13,373] {taskinstance.py:1505} INFO - Marking task as FAILED. dag_id=cleansing_dag, task_id=insert_origin_dimension_query, execution_date=20211227T150215, start_date=20211228T151513, end_date=20211228T151513
[2021-12-28 15:15:13,427] {local_task_job.py:151} INFO - Task exited with return code 1
