[2021-12-30 12:18:49,106] {taskinstance.py:903} INFO - Dependencies all met for <TaskInstance: cleansing_dag.create_origin_dimension_query 2021-12-30T12:16:01.909559+00:00 [queued]>
[2021-12-30 12:18:49,125] {taskinstance.py:903} INFO - Dependencies all met for <TaskInstance: cleansing_dag.create_origin_dimension_query 2021-12-30T12:16:01.909559+00:00 [queued]>
[2021-12-30 12:18:49,127] {taskinstance.py:1094} INFO - 
--------------------------------------------------------------------------------
[2021-12-30 12:18:49,127] {taskinstance.py:1095} INFO - Starting attempt 1 of 2
[2021-12-30 12:18:49,128] {taskinstance.py:1096} INFO - 
--------------------------------------------------------------------------------
[2021-12-30 12:18:49,155] {taskinstance.py:1114} INFO - Executing <Task(PythonOperator): create_origin_dimension_query> on 2021-12-30T12:16:01.909559+00:00
[2021-12-30 12:18:49,165] {standard_task_runner.py:52} INFO - Started process 16361 to run task
[2021-12-30 12:18:49,169] {standard_task_runner.py:76} INFO - Running: ['***', 'tasks', 'run', 'cleansing_dag', 'create_origin_dimension_query', '2021-12-30T12:16:01.909559+00:00', '--job-id', '81', '--pool', 'default_pool', '--raw', '--subdir', 'DAGS_FOLDER/kym_cleansing.py', '--cfg-path', '/tmp/tmpsagw58_r', '--error-file', '/tmp/tmpkjx1nnuy']
[2021-12-30 12:18:49,171] {standard_task_runner.py:77} INFO - Job 81: Subtask create_origin_dimension_query
[2021-12-30 12:18:49,221] {logging_mixin.py:109} INFO - Running <TaskInstance: cleansing_dag.create_origin_dimension_query 2021-12-30T12:16:01.909559+00:00 [running]> on host 2eb70c976689
[2021-12-30 12:18:49,281] {taskinstance.py:1251} INFO - Exporting the following env vars:
AIRFLOW_CTX_DAG_OWNER=***
AIRFLOW_CTX_DAG_ID=cleansing_dag
AIRFLOW_CTX_TASK_ID=create_origin_dimension_query
AIRFLOW_CTX_EXECUTION_DATE=2021-12-30T12:16:01.909559+00:00
AIRFLOW_CTX_DAG_RUN_ID=manual__2021-12-30T12:16:01.909559+00:00
[2021-12-30 12:18:49,401] {python.py:151} INFO - Done. Returned value was: None
[2021-12-30 12:18:49,417] {taskinstance.py:1211} INFO - Marking task as SUCCESS. dag_id=cleansing_dag, task_id=create_origin_dimension_query, execution_date=20211230T121601, start_date=20211230T121849, end_date=20211230T121849
[2021-12-30 12:18:49,464] {local_task_job.py:151} INFO - Task exited with return code 0
