[2021-12-29 14:53:48,448] {taskinstance.py:903} INFO - Dependencies all met for <TaskInstance: cleansing_dag.cleanse_vision 2021-12-28T14:53:47.862251+00:00 [queued]>
[2021-12-29 14:53:48,465] {taskinstance.py:903} INFO - Dependencies all met for <TaskInstance: cleansing_dag.cleanse_vision 2021-12-28T14:53:47.862251+00:00 [queued]>
[2021-12-29 14:53:48,465] {taskinstance.py:1094} INFO - 
--------------------------------------------------------------------------------
[2021-12-29 14:53:48,466] {taskinstance.py:1095} INFO - Starting attempt 1 of 2
[2021-12-29 14:53:48,466] {taskinstance.py:1096} INFO - 
--------------------------------------------------------------------------------
[2021-12-29 14:53:48,475] {taskinstance.py:1114} INFO - Executing <Task(PythonOperator): cleanse_vision> on 2021-12-28T14:53:47.862251+00:00
[2021-12-29 14:53:48,479] {standard_task_runner.py:52} INFO - Started process 7309 to run task
[2021-12-29 14:53:48,482] {standard_task_runner.py:76} INFO - Running: ['***', 'tasks', 'run', 'cleansing_dag', 'cleanse_vision', '2021-12-28T14:53:47.862251+00:00', '--job-id', '489', '--pool', 'default_pool', '--raw', '--subdir', 'DAGS_FOLDER/kym_cleansing.py', '--cfg-path', '/tmp/tmp8xv1cgtq', '--error-file', '/tmp/tmpd99hs21i']
[2021-12-29 14:53:48,483] {standard_task_runner.py:77} INFO - Job 489: Subtask cleanse_vision
[2021-12-29 14:53:48,523] {logging_mixin.py:109} INFO - Running <TaskInstance: cleansing_dag.cleanse_vision 2021-12-28T14:53:47.862251+00:00 [running]> on host 34521d0e1651
[2021-12-29 14:53:48,573] {taskinstance.py:1251} INFO - Exporting the following env vars:
AIRFLOW_CTX_DAG_OWNER=***
AIRFLOW_CTX_DAG_ID=cleansing_dag
AIRFLOW_CTX_TASK_ID=cleanse_vision
AIRFLOW_CTX_EXECUTION_DATE=2021-12-28T14:53:47.862251+00:00
AIRFLOW_CTX_DAG_RUN_ID=scheduled__2021-12-28T14:53:47.862251+00:00
[2021-12-29 14:55:02,569] {python.py:151} INFO - Done. Returned value was: None
[2021-12-29 14:55:02,580] {taskinstance.py:1211} INFO - Marking task as SUCCESS. dag_id=cleansing_dag, task_id=cleanse_vision, execution_date=20211228T145347, start_date=20211229T145348, end_date=20211229T145502
[2021-12-29 14:55:02,608] {local_task_job.py:151} INFO - Task exited with return code 0
