[2021-12-13 15:33:53,800] {taskinstance.py:851} INFO - Dependencies all met for <TaskInstance: cleansing_dag.merge 2021-12-12T15:27:53.676070+00:00 [queued]>
[2021-12-13 15:33:53,817] {taskinstance.py:851} INFO - Dependencies all met for <TaskInstance: cleansing_dag.merge 2021-12-12T15:27:53.676070+00:00 [queued]>
[2021-12-13 15:33:53,818] {taskinstance.py:1042} INFO - 
--------------------------------------------------------------------------------
[2021-12-13 15:33:53,818] {taskinstance.py:1043} INFO - Starting attempt 1 of 2
[2021-12-13 15:33:53,819] {taskinstance.py:1044} INFO - 
--------------------------------------------------------------------------------
[2021-12-13 15:33:53,829] {taskinstance.py:1063} INFO - Executing <Task(PythonOperator): merge> on 2021-12-12T15:27:53.676070+00:00
[2021-12-13 15:33:53,834] {standard_task_runner.py:52} INFO - Started process 28017 to run task
[2021-12-13 15:33:53,837] {standard_task_runner.py:76} INFO - Running: ['airflow', 'tasks', 'run', 'cleansing_dag', 'merge', '2021-12-12T15:27:53.676070+00:00', '--job-id', '15', '--pool', 'default_pool', '--raw', '--subdir', 'DAGS_FOLDER/kym_cleansing.py', '--cfg-path', '/tmp/tmp8lss49rd', '--error-file', '/tmp/tmp4l4kp207']
[2021-12-13 15:33:53,838] {standard_task_runner.py:77} INFO - Job 15: Subtask merge
[2021-12-13 15:33:53,874] {logging_mixin.py:104} INFO - Running <TaskInstance: cleansing_dag.merge 2021-12-12T15:27:53.676070+00:00 [running]> on host e888e487975c
[2021-12-13 15:33:53,915] {taskinstance.py:1255} INFO - Exporting the following env vars:
AIRFLOW_CTX_DAG_OWNER=airflow
AIRFLOW_CTX_DAG_ID=cleansing_dag
AIRFLOW_CTX_TASK_ID=merge
AIRFLOW_CTX_EXECUTION_DATE=2021-12-12T15:27:53.676070+00:00
AIRFLOW_CTX_DAG_RUN_ID=scheduled__2021-12-12T15:27:53.676070+00:00
[2021-12-13 15:33:59,111] {python.py:118} INFO - Done. Returned value was: None
[2021-12-13 15:33:59,158] {taskinstance.py:1159} INFO - Marking task as SUCCESS. dag_id=cleansing_dag, task_id=merge, execution_date=20211212T152753, start_date=20211213T153353, end_date=20211213T153359
[2021-12-13 15:33:59,230] {local_task_job.py:146} INFO - Task exited with return code 0
