[2021-12-30 12:18:53,049] {taskinstance.py:903} INFO - Dependencies all met for <TaskInstance: cleansing_dag.request2 2021-12-30T12:16:01.909559+00:00 [queued]>
[2021-12-30 12:18:53,061] {taskinstance.py:903} INFO - Dependencies all met for <TaskInstance: cleansing_dag.request2 2021-12-30T12:16:01.909559+00:00 [queued]>
[2021-12-30 12:18:53,062] {taskinstance.py:1094} INFO - 
--------------------------------------------------------------------------------
[2021-12-30 12:18:53,062] {taskinstance.py:1095} INFO - Starting attempt 1 of 2
[2021-12-30 12:18:53,062] {taskinstance.py:1096} INFO - 
--------------------------------------------------------------------------------
[2021-12-30 12:18:53,077] {taskinstance.py:1114} INFO - Executing <Task(PostgresOperator): request2> on 2021-12-30T12:16:01.909559+00:00
[2021-12-30 12:18:53,083] {standard_task_runner.py:52} INFO - Started process 16413 to run task
[2021-12-30 12:18:53,086] {standard_task_runner.py:76} INFO - Running: ['***', 'tasks', 'run', 'cleansing_dag', 'request2', '2021-12-30T12:16:01.909559+00:00', '--job-id', '91', '--pool', 'default_pool', '--raw', '--subdir', 'DAGS_FOLDER/kym_cleansing.py', '--cfg-path', '/tmp/tmpw93ds0x7', '--error-file', '/tmp/tmpo_6ywn1x']
[2021-12-30 12:18:53,086] {standard_task_runner.py:77} INFO - Job 91: Subtask request2
[2021-12-30 12:18:53,124] {logging_mixin.py:109} INFO - Running <TaskInstance: cleansing_dag.request2 2021-12-30T12:16:01.909559+00:00 [running]> on host 2eb70c976689
[2021-12-30 12:18:53,175] {taskinstance.py:1251} INFO - Exporting the following env vars:
AIRFLOW_CTX_DAG_OWNER=***
AIRFLOW_CTX_DAG_ID=cleansing_dag
AIRFLOW_CTX_TASK_ID=request2
AIRFLOW_CTX_EXECUTION_DATE=2021-12-30T12:16:01.909559+00:00
AIRFLOW_CTX_DAG_RUN_ID=manual__2021-12-30T12:16:01.909559+00:00
[2021-12-30 12:18:53,176] {postgres.py:68} INFO - Executing: SELECT * FROM additional_analysis_table;
[2021-12-30 12:18:53,184] {base.py:70} INFO - Using connection to: id: postgres_default. Host: postgres, Port: 5432, Schema: postgres, Login: ***, Password: ***, extra: {}
[2021-12-30 12:18:53,188] {dbapi.py:204} INFO - Running statement: SELECT * FROM additional_analysis_table;, parameters: None
[2021-12-30 12:18:53,257] {dbapi.py:212} INFO - Rows affected: 9306
[2021-12-30 12:18:53,269] {taskinstance.py:1211} INFO - Marking task as SUCCESS. dag_id=cleansing_dag, task_id=request2, execution_date=20211230T121601, start_date=20211230T121853, end_date=20211230T121853
[2021-12-30 12:18:53,298] {local_task_job.py:151} INFO - Task exited with return code 0
