[2021-12-29 14:35:57,139] {taskinstance.py:903} INFO - Dependencies all met for <TaskInstance: cleansing_dag.insert_type_dimension_query 2021-12-28T14:32:56.175656+00:00 [queued]>
[2021-12-29 14:35:57,156] {taskinstance.py:903} INFO - Dependencies all met for <TaskInstance: cleansing_dag.insert_type_dimension_query 2021-12-28T14:32:56.175656+00:00 [queued]>
[2021-12-29 14:35:57,157] {taskinstance.py:1094} INFO - 
--------------------------------------------------------------------------------
[2021-12-29 14:35:57,158] {taskinstance.py:1095} INFO - Starting attempt 1 of 2
[2021-12-29 14:35:57,158] {taskinstance.py:1096} INFO - 
--------------------------------------------------------------------------------
[2021-12-29 14:35:57,168] {taskinstance.py:1114} INFO - Executing <Task(PostgresOperator): insert_type_dimension_query> on 2021-12-28T14:32:56.175656+00:00
[2021-12-29 14:35:57,174] {standard_task_runner.py:52} INFO - Started process 18979 to run task
[2021-12-29 14:35:57,177] {standard_task_runner.py:76} INFO - Running: ['***', 'tasks', 'run', 'cleansing_dag', 'insert_type_dimension_query', '2021-12-28T14:32:56.175656+00:00', '--job-id', '448', '--pool', 'default_pool', '--raw', '--subdir', 'DAGS_FOLDER/kym_cleansing.py', '--cfg-path', '/tmp/tmp_x2c8j1s', '--error-file', '/tmp/tmpke564b7e']
[2021-12-29 14:35:57,177] {standard_task_runner.py:77} INFO - Job 448: Subtask insert_type_dimension_query
[2021-12-29 14:35:57,220] {logging_mixin.py:109} INFO - Running <TaskInstance: cleansing_dag.insert_type_dimension_query 2021-12-28T14:32:56.175656+00:00 [running]> on host 34521d0e1651
[2021-12-29 14:35:57,274] {taskinstance.py:1251} INFO - Exporting the following env vars:
AIRFLOW_CTX_DAG_OWNER=***
AIRFLOW_CTX_DAG_ID=cleansing_dag
AIRFLOW_CTX_TASK_ID=insert_type_dimension_query
AIRFLOW_CTX_EXECUTION_DATE=2021-12-28T14:32:56.175656+00:00
AIRFLOW_CTX_DAG_RUN_ID=scheduled__2021-12-28T14:32:56.175656+00:00
[2021-12-29 14:35:57,275] {postgres.py:68} INFO - Executing: CREATE TABLE IF NOT EXISTS type_dimension (
type_id INT PRIMARY KEY,
meme_type VARCHAR(255),UNIQUE(type_id));
INSERT INTO type_dimension VALUES ('0', 'No type');
INSERT INTO type_dimension VALUES ('1', 'snowclone');
INSERT INTO type_dimension VALUES ('2', 'pop-culture-reference');
INSERT INTO type_dimension VALUES ('3', 'song');
INSERT INTO type_dimension VALUES ('4', 'viral-video');
INSERT INTO type_dimension VALUES ('5', 'dance');
INSERT INTO type_dimension VALUES ('6', 'catchphrase');
INSERT INTO type_dimension VALUES ('7', 'image-macro');
INSERT INTO type_dimension VALUES ('8', 'slang');
INSERT INTO type_dimension VALUES ('9', 'participatory-media');
INSERT INTO type_dimension VALUES ('10', 'shock-media');
INSERT INTO type_dimension VALUES ('11', 'visual-effect');
INSERT INTO type_dimension VALUES ('12', 'parody');
INSERT INTO type_dimension VALUES ('13', 'remix');
INSERT INTO type_dimension VALUES ('14', 'character');
INSERT INTO type_dimension VALUES ('15', 'hoax');
INSERT INTO type_dimension VALUES ('16', 'advertisement');
INSERT INTO type_dimension VALUES ('17', 'reaction');
INSERT INTO type_dimension VALUES ('18', 'copypasta');
INSERT INTO type_dimension VALUES ('19', 'social-game');
INSERT INTO type_dimension VALUES ('20', 'axiom');
INSERT INTO type_dimension VALUES ('21', 'optical-illusion');
INSERT INTO type_dimension VALUES ('22', 'photoshop');
INSERT INTO type_dimension VALUES ('23', 'emoticon');
INSERT INTO type_dimension VALUES ('24', 'animal');
INSERT INTO type_dimension VALUES ('25', 'creepypasta');
INSERT INTO type_dimension VALUES ('26', 'sound-effect');
INSERT INTO type_dimension VALUES ('27', 'lip-dub');
INSERT INTO type_dimension VALUES ('28', 'fan-labor');
INSERT INTO type_dimension VALUES ('29', 'fan-art');
INSERT INTO type_dimension VALUES ('30', 'conspiracy-theory');
INSERT INTO type_dimension VALUES ('31', 'viral-debate');
INSERT INTO type_dimension VALUES ('32', 'hashtag');
INSERT INTO type_dimension VALUES ('33', 'cliche');
[2021-12-29 14:35:57,283] {base.py:70} INFO - Using connection to: id: postgres_default. Host: postgres, Port: 5432, Schema: postgres, Login: ***, Password: ***, extra: {}
[2021-12-29 14:35:57,288] {dbapi.py:204} INFO - Running statement: CREATE TABLE IF NOT EXISTS type_dimension (
type_id INT PRIMARY KEY,
meme_type VARCHAR(255),UNIQUE(type_id));
INSERT INTO type_dimension VALUES ('0', 'No type');
INSERT INTO type_dimension VALUES ('1', 'snowclone');
INSERT INTO type_dimension VALUES ('2', 'pop-culture-reference');
INSERT INTO type_dimension VALUES ('3', 'song');
INSERT INTO type_dimension VALUES ('4', 'viral-video');
INSERT INTO type_dimension VALUES ('5', 'dance');
INSERT INTO type_dimension VALUES ('6', 'catchphrase');
INSERT INTO type_dimension VALUES ('7', 'image-macro');
INSERT INTO type_dimension VALUES ('8', 'slang');
INSERT INTO type_dimension VALUES ('9', 'participatory-media');
INSERT INTO type_dimension VALUES ('10', 'shock-media');
INSERT INTO type_dimension VALUES ('11', 'visual-effect');
INSERT INTO type_dimension VALUES ('12', 'parody');
INSERT INTO type_dimension VALUES ('13', 'remix');
INSERT INTO type_dimension VALUES ('14', 'character');
INSERT INTO type_dimension VALUES ('15', 'hoax');
INSERT INTO type_dimension VALUES ('16', 'advertisement');
INSERT INTO type_dimension VALUES ('17', 'reaction');
INSERT INTO type_dimension VALUES ('18', 'copypasta');
INSERT INTO type_dimension VALUES ('19', 'social-game');
INSERT INTO type_dimension VALUES ('20', 'axiom');
INSERT INTO type_dimension VALUES ('21', 'optical-illusion');
INSERT INTO type_dimension VALUES ('22', 'photoshop');
INSERT INTO type_dimension VALUES ('23', 'emoticon');
INSERT INTO type_dimension VALUES ('24', 'animal');
INSERT INTO type_dimension VALUES ('25', 'creepypasta');
INSERT INTO type_dimension VALUES ('26', 'sound-effect');
INSERT INTO type_dimension VALUES ('27', 'lip-dub');
INSERT INTO type_dimension VALUES ('28', 'fan-labor');
INSERT INTO type_dimension VALUES ('29', 'fan-art');
INSERT INTO type_dimension VALUES ('30', 'conspiracy-theory');
INSERT INTO type_dimension VALUES ('31', 'viral-debate');
INSERT INTO type_dimension VALUES ('32', 'hashtag');
INSERT INTO type_dimension VALUES ('33', 'cliche');, parameters: None
[2021-12-29 14:35:57,293] {dbapi.py:212} INFO - Rows affected: 1
[2021-12-29 14:35:57,293] {postgres.py:72} INFO - NOTICE:  relation "type_dimension" already exists, skipping

[2021-12-29 14:35:57,304] {taskinstance.py:1211} INFO - Marking task as SUCCESS. dag_id=cleansing_dag, task_id=insert_type_dimension_query, execution_date=20211228T143256, start_date=20211229T143557, end_date=20211229T143557
[2021-12-29 14:35:57,349] {local_task_job.py:151} INFO - Task exited with return code 0
