[2021-12-31 15:36:15,287] {taskinstance.py:903} INFO - Dependencies all met for <TaskInstance: main_dag.create_date_dimension_query 2021-12-31T15:30:57.489827+00:00 [queued]>
[2021-12-31 15:36:15,314] {taskinstance.py:903} INFO - Dependencies all met for <TaskInstance: main_dag.create_date_dimension_query 2021-12-31T15:30:57.489827+00:00 [queued]>
[2021-12-31 15:36:15,315] {taskinstance.py:1094} INFO - 
--------------------------------------------------------------------------------
[2021-12-31 15:36:15,316] {taskinstance.py:1095} INFO - Starting attempt 1 of 2
[2021-12-31 15:36:15,316] {taskinstance.py:1096} INFO - 
--------------------------------------------------------------------------------
[2021-12-31 15:36:15,338] {taskinstance.py:1114} INFO - Executing <Task(PythonOperator): create_date_dimension_query> on 2021-12-31T15:30:57.489827+00:00
[2021-12-31 15:36:15,347] {standard_task_runner.py:52} INFO - Started process 2877 to run task
[2021-12-31 15:36:15,351] {standard_task_runner.py:76} INFO - Running: ['***', 'tasks', 'run', 'main_dag', 'create_date_dimension_query', '2021-12-31T15:30:57.489827+00:00', '--job-id', '104', '--pool', 'default_pool', '--raw', '--subdir', 'DAGS_FOLDER/main_dag.py', '--cfg-path', '/tmp/tmp6ghum56y', '--error-file', '/tmp/tmpvdup93pl']
[2021-12-31 15:36:15,352] {standard_task_runner.py:77} INFO - Job 104: Subtask create_date_dimension_query
[2021-12-31 15:36:15,398] {logging_mixin.py:109} INFO - Running <TaskInstance: main_dag.create_date_dimension_query 2021-12-31T15:30:57.489827+00:00 [running]> on host 8e99a5d40b8f
[2021-12-31 15:36:15,459] {taskinstance.py:1251} INFO - Exporting the following env vars:
AIRFLOW_CTX_DAG_OWNER=***
AIRFLOW_CTX_DAG_ID=main_dag
AIRFLOW_CTX_TASK_ID=create_date_dimension_query
AIRFLOW_CTX_EXECUTION_DATE=2021-12-31T15:30:57.489827+00:00
AIRFLOW_CTX_DAG_RUN_ID=manual__2021-12-31T15:30:57.489827+00:00
[2021-12-31 15:36:15,625] {python.py:151} INFO - Done. Returned value was: None
[2021-12-31 15:36:15,636] {taskinstance.py:1211} INFO - Marking task as SUCCESS. dag_id=main_dag, task_id=create_date_dimension_query, execution_date=20211231T153057, start_date=20211231T153615, end_date=20211231T153615
[2021-12-31 15:36:15,684] {local_task_job.py:151} INFO - Task exited with return code 0
