[2021-12-31 15:29:24,895] {taskinstance.py:903} INFO - Dependencies all met for <TaskInstance: main_dag.merge 2021-12-31T15:24:18.357473+00:00 [queued]>
[2021-12-31 15:29:24,909] {taskinstance.py:903} INFO - Dependencies all met for <TaskInstance: main_dag.merge 2021-12-31T15:24:18.357473+00:00 [queued]>
[2021-12-31 15:29:24,910] {taskinstance.py:1094} INFO - 
--------------------------------------------------------------------------------
[2021-12-31 15:29:24,910] {taskinstance.py:1095} INFO - Starting attempt 1 of 2
[2021-12-31 15:29:24,910] {taskinstance.py:1096} INFO - 
--------------------------------------------------------------------------------
[2021-12-31 15:29:24,926] {taskinstance.py:1114} INFO - Executing <Task(PythonOperator): merge> on 2021-12-31T15:24:18.357473+00:00
[2021-12-31 15:29:24,932] {standard_task_runner.py:52} INFO - Started process 28122 to run task
[2021-12-31 15:29:24,934] {standard_task_runner.py:76} INFO - Running: ['***', 'tasks', 'run', 'main_dag', 'merge', '2021-12-31T15:24:18.357473+00:00', '--job-id', '74', '--pool', 'default_pool', '--raw', '--subdir', 'DAGS_FOLDER/main_dag.py', '--cfg-path', '/tmp/tmp8ii6mv7j', '--error-file', '/tmp/tmpqq2luput']
[2021-12-31 15:29:24,935] {standard_task_runner.py:77} INFO - Job 74: Subtask merge
[2021-12-31 15:29:24,975] {logging_mixin.py:109} INFO - Running <TaskInstance: main_dag.merge 2021-12-31T15:24:18.357473+00:00 [running]> on host 8e99a5d40b8f
[2021-12-31 15:29:25,026] {taskinstance.py:1251} INFO - Exporting the following env vars:
AIRFLOW_CTX_DAG_OWNER=***
AIRFLOW_CTX_DAG_ID=main_dag
AIRFLOW_CTX_TASK_ID=merge
AIRFLOW_CTX_EXECUTION_DATE=2021-12-31T15:24:18.357473+00:00
AIRFLOW_CTX_DAG_RUN_ID=manual__2021-12-31T15:24:18.357473+00:00
[2021-12-31 15:29:25,674] {python.py:151} INFO - Done. Returned value was: None
[2021-12-31 15:29:25,684] {taskinstance.py:1211} INFO - Marking task as SUCCESS. dag_id=main_dag, task_id=merge, execution_date=20211231T152418, start_date=20211231T152924, end_date=20211231T152925
[2021-12-31 15:29:25,710] {local_task_job.py:151} INFO - Task exited with return code 0
