[2021-12-30 11:21:55,224] {taskinstance.py:903} INFO - Dependencies all met for <TaskInstance: cleansing_dag.merge 2021-12-29T11:18:49.847884+00:00 [queued]>
[2021-12-30 11:21:55,240] {taskinstance.py:903} INFO - Dependencies all met for <TaskInstance: cleansing_dag.merge 2021-12-29T11:18:49.847884+00:00 [queued]>
[2021-12-30 11:21:55,241] {taskinstance.py:1094} INFO - 
--------------------------------------------------------------------------------
[2021-12-30 11:21:55,242] {taskinstance.py:1095} INFO - Starting attempt 1 of 2
[2021-12-30 11:21:55,242] {taskinstance.py:1096} INFO - 
--------------------------------------------------------------------------------
[2021-12-30 11:21:55,261] {taskinstance.py:1114} INFO - Executing <Task(PythonOperator): merge> on 2021-12-29T11:18:49.847884+00:00
[2021-12-30 11:21:55,266] {standard_task_runner.py:52} INFO - Started process 13829 to run task
[2021-12-30 11:21:55,268] {standard_task_runner.py:76} INFO - Running: ['***', 'tasks', 'run', 'cleansing_dag', 'merge', '2021-12-29T11:18:49.847884+00:00', '--job-id', '558', '--pool', 'default_pool', '--raw', '--subdir', 'DAGS_FOLDER/kym_cleansing.py', '--cfg-path', '/tmp/tmpsf7vhqs8', '--error-file', '/tmp/tmpqtc40wth']
[2021-12-30 11:21:55,269] {standard_task_runner.py:77} INFO - Job 558: Subtask merge
[2021-12-30 11:21:55,310] {logging_mixin.py:109} INFO - Running <TaskInstance: cleansing_dag.merge 2021-12-29T11:18:49.847884+00:00 [running]> on host 06785b5b86ec
[2021-12-30 11:21:55,369] {taskinstance.py:1251} INFO - Exporting the following env vars:
AIRFLOW_CTX_DAG_OWNER=***
AIRFLOW_CTX_DAG_ID=cleansing_dag
AIRFLOW_CTX_TASK_ID=merge
AIRFLOW_CTX_EXECUTION_DATE=2021-12-29T11:18:49.847884+00:00
AIRFLOW_CTX_DAG_RUN_ID=scheduled__2021-12-29T11:18:49.847884+00:00
[2021-12-30 11:21:56,107] {python.py:151} INFO - Done. Returned value was: None
[2021-12-30 11:21:56,121] {taskinstance.py:1211} INFO - Marking task as SUCCESS. dag_id=cleansing_dag, task_id=merge, execution_date=20211229T111849, start_date=20211230T112155, end_date=20211230T112156
[2021-12-30 11:21:56,166] {local_task_job.py:151} INFO - Task exited with return code 0
