[2021-12-29 13:56:59,747] {taskinstance.py:903} INFO - Dependencies all met for <TaskInstance: cleansing_dag.cleanse_spotlight 2021-12-28T13:56:58.025646+00:00 [queued]>
[2021-12-29 13:56:59,764] {taskinstance.py:903} INFO - Dependencies all met for <TaskInstance: cleansing_dag.cleanse_spotlight 2021-12-28T13:56:58.025646+00:00 [queued]>
[2021-12-29 13:56:59,764] {taskinstance.py:1094} INFO - 
--------------------------------------------------------------------------------
[2021-12-29 13:56:59,765] {taskinstance.py:1095} INFO - Starting attempt 1 of 2
[2021-12-29 13:56:59,765] {taskinstance.py:1096} INFO - 
--------------------------------------------------------------------------------
[2021-12-29 13:56:59,776] {taskinstance.py:1114} INFO - Executing <Task(PythonOperator): cleanse_spotlight> on 2021-12-28T13:56:58.025646+00:00
[2021-12-29 13:56:59,781] {standard_task_runner.py:52} INFO - Started process 16352 to run task
[2021-12-29 13:56:59,785] {standard_task_runner.py:76} INFO - Running: ['***', 'tasks', 'run', 'cleansing_dag', 'cleanse_spotlight', '2021-12-28T13:56:58.025646+00:00', '--job-id', '393', '--pool', 'default_pool', '--raw', '--subdir', 'DAGS_FOLDER/kym_cleansing.py', '--cfg-path', '/tmp/tmp7glv6sxp', '--error-file', '/tmp/tmpiap9j57x']
[2021-12-29 13:56:59,786] {standard_task_runner.py:77} INFO - Job 393: Subtask cleanse_spotlight
[2021-12-29 13:56:59,834] {logging_mixin.py:109} INFO - Running <TaskInstance: cleansing_dag.cleanse_spotlight 2021-12-28T13:56:58.025646+00:00 [running]> on host 34521d0e1651
[2021-12-29 13:56:59,892] {taskinstance.py:1251} INFO - Exporting the following env vars:
AIRFLOW_CTX_DAG_OWNER=***
AIRFLOW_CTX_DAG_ID=cleansing_dag
AIRFLOW_CTX_TASK_ID=cleanse_spotlight
AIRFLOW_CTX_EXECUTION_DATE=2021-12-28T13:56:58.025646+00:00
AIRFLOW_CTX_DAG_RUN_ID=scheduled__2021-12-28T13:56:58.025646+00:00
[2021-12-29 13:57:14,380] {python.py:151} INFO - Done. Returned value was: None
[2021-12-29 13:57:14,395] {taskinstance.py:1211} INFO - Marking task as SUCCESS. dag_id=cleansing_dag, task_id=cleanse_spotlight, execution_date=20211228T135658, start_date=20211229T135659, end_date=20211229T135714
[2021-12-29 13:57:14,435] {local_task_job.py:151} INFO - Task exited with return code 0
