[2021-12-16 13:32:48,496] {taskinstance.py:851} INFO - Dependencies all met for <TaskInstance: cleansing_dag.merge 2021-12-16T13:29:54.966426+00:00 [queued]>
[2021-12-16 13:32:48,510] {taskinstance.py:851} INFO - Dependencies all met for <TaskInstance: cleansing_dag.merge 2021-12-16T13:29:54.966426+00:00 [queued]>
[2021-12-16 13:32:48,511] {taskinstance.py:1042} INFO - 
--------------------------------------------------------------------------------
[2021-12-16 13:32:48,512] {taskinstance.py:1043} INFO - Starting attempt 1 of 2
[2021-12-16 13:32:48,512] {taskinstance.py:1044} INFO - 
--------------------------------------------------------------------------------
[2021-12-16 13:32:48,530] {taskinstance.py:1063} INFO - Executing <Task(PythonOperator): merge> on 2021-12-16T13:29:54.966426+00:00
[2021-12-16 13:32:48,535] {standard_task_runner.py:52} INFO - Started process 9061 to run task
[2021-12-16 13:32:48,537] {standard_task_runner.py:76} INFO - Running: ['airflow', 'tasks', 'run', 'cleansing_dag', 'merge', '2021-12-16T13:29:54.966426+00:00', '--job-id', '44', '--pool', 'default_pool', '--raw', '--subdir', 'DAGS_FOLDER/kym_cleansing.py', '--cfg-path', '/tmp/tmppj6lupxq', '--error-file', '/tmp/tmpjtuo9t7b']
[2021-12-16 13:32:48,538] {standard_task_runner.py:77} INFO - Job 44: Subtask merge
[2021-12-16 13:32:48,573] {logging_mixin.py:104} INFO - Running <TaskInstance: cleansing_dag.merge 2021-12-16T13:29:54.966426+00:00 [running]> on host f46d95c5a5d9
[2021-12-16 13:32:48,608] {taskinstance.py:1255} INFO - Exporting the following env vars:
AIRFLOW_CTX_DAG_OWNER=airflow
AIRFLOW_CTX_DAG_ID=cleansing_dag
AIRFLOW_CTX_TASK_ID=merge
AIRFLOW_CTX_EXECUTION_DATE=2021-12-16T13:29:54.966426+00:00
AIRFLOW_CTX_DAG_RUN_ID=manual__2021-12-16T13:29:54.966426+00:00
[2021-12-16 13:32:48,926] {python.py:118} INFO - Done. Returned value was: None
[2021-12-16 13:32:48,936] {taskinstance.py:1159} INFO - Marking task as SUCCESS. dag_id=cleansing_dag, task_id=merge, execution_date=20211216T132954, start_date=20211216T133248, end_date=20211216T133248
[2021-12-16 13:32:48,991] {local_task_job.py:146} INFO - Task exited with return code 0
