[2021-12-30 11:22:01,216] {taskinstance.py:903} INFO - Dependencies all met for <TaskInstance: cleansing_dag.create_fact_table_query 2021-12-29T11:18:49.847884+00:00 [queued]>
[2021-12-30 11:22:01,229] {taskinstance.py:903} INFO - Dependencies all met for <TaskInstance: cleansing_dag.create_fact_table_query 2021-12-29T11:18:49.847884+00:00 [queued]>
[2021-12-30 11:22:01,230] {taskinstance.py:1094} INFO - 
--------------------------------------------------------------------------------
[2021-12-30 11:22:01,230] {taskinstance.py:1095} INFO - Starting attempt 1 of 2
[2021-12-30 11:22:01,231] {taskinstance.py:1096} INFO - 
--------------------------------------------------------------------------------
[2021-12-30 11:22:01,245] {taskinstance.py:1114} INFO - Executing <Task(PythonOperator): create_fact_table_query> on 2021-12-29T11:18:49.847884+00:00
[2021-12-30 11:22:01,250] {standard_task_runner.py:52} INFO - Started process 13947 to run task
[2021-12-30 11:22:01,253] {standard_task_runner.py:76} INFO - Running: ['***', 'tasks', 'run', 'cleansing_dag', 'create_fact_table_query', '2021-12-29T11:18:49.847884+00:00', '--job-id', '570', '--pool', 'default_pool', '--raw', '--subdir', 'DAGS_FOLDER/kym_cleansing.py', '--cfg-path', '/tmp/tmpqfthmx16', '--error-file', '/tmp/tmpjh9aar_q']
[2021-12-30 11:22:01,254] {standard_task_runner.py:77} INFO - Job 570: Subtask create_fact_table_query
[2021-12-30 11:22:01,290] {logging_mixin.py:109} INFO - Running <TaskInstance: cleansing_dag.create_fact_table_query 2021-12-29T11:18:49.847884+00:00 [running]> on host 06785b5b86ec
[2021-12-30 11:22:01,340] {taskinstance.py:1251} INFO - Exporting the following env vars:
AIRFLOW_CTX_DAG_OWNER=***
AIRFLOW_CTX_DAG_ID=cleansing_dag
AIRFLOW_CTX_TASK_ID=create_fact_table_query
AIRFLOW_CTX_EXECUTION_DATE=2021-12-29T11:18:49.847884+00:00
AIRFLOW_CTX_DAG_RUN_ID=scheduled__2021-12-29T11:18:49.847884+00:00
[2021-12-30 11:22:03,191] {python.py:151} INFO - Done. Returned value was: None
[2021-12-30 11:22:03,201] {taskinstance.py:1211} INFO - Marking task as SUCCESS. dag_id=cleansing_dag, task_id=create_fact_table_query, execution_date=20211229T111849, start_date=20211230T112201, end_date=20211230T112203
[2021-12-30 11:22:03,234] {local_task_job.py:151} INFO - Task exited with return code 0
