[2021-12-31 15:07:01,305] {taskinstance.py:903} INFO - Dependencies all met for <TaskInstance: main_dag.cleanse_kym 2021-12-31T15:06:37.773378+00:00 [queued]>
[2021-12-31 15:07:01,317] {taskinstance.py:903} INFO - Dependencies all met for <TaskInstance: main_dag.cleanse_kym 2021-12-31T15:06:37.773378+00:00 [queued]>
[2021-12-31 15:07:01,317] {taskinstance.py:1094} INFO - 
--------------------------------------------------------------------------------
[2021-12-31 15:07:01,318] {taskinstance.py:1095} INFO - Starting attempt 1 of 2
[2021-12-31 15:07:01,318] {taskinstance.py:1096} INFO - 
--------------------------------------------------------------------------------
[2021-12-31 15:07:01,332] {taskinstance.py:1114} INFO - Executing <Task(PythonOperator): cleanse_kym> on 2021-12-31T15:06:37.773378+00:00
[2021-12-31 15:07:01,337] {standard_task_runner.py:52} INFO - Started process 7160 to run task
[2021-12-31 15:07:01,340] {standard_task_runner.py:76} INFO - Running: ['***', 'tasks', 'run', 'main_dag', 'cleanse_kym', '2021-12-31T15:06:37.773378+00:00', '--job-id', '26', '--pool', 'default_pool', '--raw', '--subdir', 'DAGS_FOLDER/main_dag.py', '--cfg-path', '/tmp/tmpqnt9154u', '--error-file', '/tmp/tmp0qvbvcse']
[2021-12-31 15:07:01,341] {standard_task_runner.py:77} INFO - Job 26: Subtask cleanse_kym
[2021-12-31 15:07:01,380] {logging_mixin.py:109} INFO - Running <TaskInstance: main_dag.cleanse_kym 2021-12-31T15:06:37.773378+00:00 [running]> on host 8e99a5d40b8f
[2021-12-31 15:07:01,433] {taskinstance.py:1251} INFO - Exporting the following env vars:
AIRFLOW_CTX_DAG_OWNER=***
AIRFLOW_CTX_DAG_ID=main_dag
AIRFLOW_CTX_TASK_ID=cleanse_kym
AIRFLOW_CTX_EXECUTION_DATE=2021-12-31T15:06:37.773378+00:00
AIRFLOW_CTX_DAG_RUN_ID=manual__2021-12-31T15:06:37.773378+00:00
[2021-12-31 15:09:31,636] {python.py:151} INFO - Done. Returned value was: None
[2021-12-31 15:09:31,648] {taskinstance.py:1211} INFO - Marking task as SUCCESS. dag_id=main_dag, task_id=cleanse_kym, execution_date=20211231T150637, start_date=20211231T150701, end_date=20211231T150931
[2021-12-31 15:09:31,716] {local_task_job.py:151} INFO - Task exited with return code 0
