[2021-12-28 20:05:11,093] {taskinstance.py:903} INFO - Dependencies all met for <TaskInstance: cleansing_dag.cleanse_kym 2021-12-28T20:05:10.149066+00:00 [queued]>
[2021-12-28 20:05:11,111] {taskinstance.py:903} INFO - Dependencies all met for <TaskInstance: cleansing_dag.cleanse_kym 2021-12-28T20:05:10.149066+00:00 [queued]>
[2021-12-28 20:05:11,111] {taskinstance.py:1094} INFO - 
--------------------------------------------------------------------------------
[2021-12-28 20:05:11,112] {taskinstance.py:1095} INFO - Starting attempt 1 of 2
[2021-12-28 20:05:11,112] {taskinstance.py:1096} INFO - 
--------------------------------------------------------------------------------
[2021-12-28 20:05:11,124] {taskinstance.py:1114} INFO - Executing <Task(PythonOperator): cleanse_kym> on 2021-12-28T20:05:10.149066+00:00
[2021-12-28 20:05:11,131] {standard_task_runner.py:52} INFO - Started process 20919 to run task
[2021-12-28 20:05:11,136] {standard_task_runner.py:76} INFO - Running: ['***', 'tasks', 'run', 'cleansing_dag', 'cleanse_kym', '2021-12-28T20:05:10.149066+00:00', '--job-id', '280', '--pool', 'default_pool', '--raw', '--subdir', 'DAGS_FOLDER/kym_cleansing.py', '--cfg-path', '/tmp/tmpuirjo4fy', '--error-file', '/tmp/tmpojwpo1jy']
[2021-12-28 20:05:11,137] {standard_task_runner.py:77} INFO - Job 280: Subtask cleanse_kym
[2021-12-28 20:05:11,186] {logging_mixin.py:109} INFO - Running <TaskInstance: cleansing_dag.cleanse_kym 2021-12-28T20:05:10.149066+00:00 [running]> on host 62c7f391d30e
[2021-12-28 20:05:11,260] {taskinstance.py:1251} INFO - Exporting the following env vars:
AIRFLOW_CTX_DAG_OWNER=***
AIRFLOW_CTX_DAG_ID=cleansing_dag
AIRFLOW_CTX_TASK_ID=cleanse_kym
AIRFLOW_CTX_EXECUTION_DATE=2021-12-28T20:05:10.149066+00:00
AIRFLOW_CTX_DAG_RUN_ID=manual__2021-12-28T20:05:10.149066+00:00
[2021-12-28 20:08:15,467] {python.py:151} INFO - Done. Returned value was: None
[2021-12-28 20:08:15,483] {taskinstance.py:1211} INFO - Marking task as SUCCESS. dag_id=cleansing_dag, task_id=cleanse_kym, execution_date=20211228T200510, start_date=20211228T200511, end_date=20211228T200815
[2021-12-28 20:08:15,527] {local_task_job.py:151} INFO - Task exited with return code 0
