[2021-12-30 11:38:48,996] {taskinstance.py:903} INFO - Dependencies all met for <TaskInstance: cleansing_dag.merge 2021-12-29T11:36:05.496074+00:00 [queued]>
[2021-12-30 11:38:49,012] {taskinstance.py:903} INFO - Dependencies all met for <TaskInstance: cleansing_dag.merge 2021-12-29T11:36:05.496074+00:00 [queued]>
[2021-12-30 11:38:49,012] {taskinstance.py:1094} INFO - 
--------------------------------------------------------------------------------
[2021-12-30 11:38:49,013] {taskinstance.py:1095} INFO - Starting attempt 1 of 2
[2021-12-30 11:38:49,013] {taskinstance.py:1096} INFO - 
--------------------------------------------------------------------------------
[2021-12-30 11:38:49,032] {taskinstance.py:1114} INFO - Executing <Task(PythonOperator): merge> on 2021-12-29T11:36:05.496074+00:00
[2021-12-30 11:38:49,037] {standard_task_runner.py:52} INFO - Started process 14000 to run task
[2021-12-30 11:38:49,039] {standard_task_runner.py:76} INFO - Running: ['***', 'tasks', 'run', 'cleansing_dag', 'merge', '2021-12-29T11:36:05.496074+00:00', '--job-id', '21', '--pool', 'default_pool', '--raw', '--subdir', 'DAGS_FOLDER/kym_cleansing.py', '--cfg-path', '/tmp/tmpb727o5qd', '--error-file', '/tmp/tmpgfaa6xi9']
[2021-12-30 11:38:49,040] {standard_task_runner.py:77} INFO - Job 21: Subtask merge
[2021-12-30 11:38:49,075] {logging_mixin.py:109} INFO - Running <TaskInstance: cleansing_dag.merge 2021-12-29T11:36:05.496074+00:00 [running]> on host 2eb70c976689
[2021-12-30 11:38:49,123] {taskinstance.py:1251} INFO - Exporting the following env vars:
AIRFLOW_CTX_DAG_OWNER=***
AIRFLOW_CTX_DAG_ID=cleansing_dag
AIRFLOW_CTX_TASK_ID=merge
AIRFLOW_CTX_EXECUTION_DATE=2021-12-29T11:36:05.496074+00:00
AIRFLOW_CTX_DAG_RUN_ID=scheduled__2021-12-29T11:36:05.496074+00:00
[2021-12-30 11:38:49,729] {python.py:151} INFO - Done. Returned value was: None
[2021-12-30 11:38:49,740] {taskinstance.py:1211} INFO - Marking task as SUCCESS. dag_id=cleansing_dag, task_id=merge, execution_date=20211229T113605, start_date=20211230T113848, end_date=20211230T113849
[2021-12-30 11:38:49,774] {local_task_job.py:151} INFO - Task exited with return code 0
