[2021-12-28 09:42:42,895] {taskinstance.py:851} INFO - Dependencies all met for <TaskInstance: cleansing_dag.cleanse_vision 2021-12-27T09:42:40.890836+00:00 [queued]>
[2021-12-28 09:42:42,914] {taskinstance.py:851} INFO - Dependencies all met for <TaskInstance: cleansing_dag.cleanse_vision 2021-12-27T09:42:40.890836+00:00 [queued]>
[2021-12-28 09:42:42,915] {taskinstance.py:1042} INFO - 
--------------------------------------------------------------------------------
[2021-12-28 09:42:42,915] {taskinstance.py:1043} INFO - Starting attempt 1 of 2
[2021-12-28 09:42:42,916] {taskinstance.py:1044} INFO - 
--------------------------------------------------------------------------------
[2021-12-28 09:42:42,925] {taskinstance.py:1063} INFO - Executing <Task(PythonOperator): cleanse_vision> on 2021-12-27T09:42:40.890836+00:00
[2021-12-28 09:42:42,930] {standard_task_runner.py:52} INFO - Started process 56 to run task
[2021-12-28 09:42:42,933] {standard_task_runner.py:76} INFO - Running: ['airflow', 'tasks', 'run', 'cleansing_dag', 'cleanse_vision', '2021-12-27T09:42:40.890836+00:00', '--job-id', '55', '--pool', 'default_pool', '--raw', '--subdir', 'DAGS_FOLDER/kym_cleansing.py', '--cfg-path', '/tmp/tmpcae4f4bq', '--error-file', '/tmp/tmpy5kam0wt']
[2021-12-28 09:42:42,934] {standard_task_runner.py:77} INFO - Job 55: Subtask cleanse_vision
[2021-12-28 09:42:42,977] {logging_mixin.py:104} INFO - Running <TaskInstance: cleansing_dag.cleanse_vision 2021-12-27T09:42:40.890836+00:00 [running]> on host 256d7b44c1c3
[2021-12-28 09:42:43,016] {taskinstance.py:1255} INFO - Exporting the following env vars:
AIRFLOW_CTX_DAG_OWNER=airflow
AIRFLOW_CTX_DAG_ID=cleansing_dag
AIRFLOW_CTX_TASK_ID=cleanse_vision
AIRFLOW_CTX_EXECUTION_DATE=2021-12-27T09:42:40.890836+00:00
AIRFLOW_CTX_DAG_RUN_ID=scheduled__2021-12-27T09:42:40.890836+00:00
[2021-12-28 09:44:29,316] {python.py:118} INFO - Done. Returned value was: None
[2021-12-28 09:44:29,340] {taskinstance.py:1159} INFO - Marking task as SUCCESS. dag_id=cleansing_dag, task_id=cleanse_vision, execution_date=20211227T094240, start_date=20211228T094242, end_date=20211228T094429
[2021-12-28 09:44:29,428] {local_task_job.py:146} INFO - Task exited with return code 0
