[2021-12-31 14:29:44,079] {taskinstance.py:903} INFO - Dependencies all met for <TaskInstance: main_dag.merge 2021-12-30T14:24:46.319481+00:00 [queued]>
[2021-12-31 14:29:44,090] {taskinstance.py:903} INFO - Dependencies all met for <TaskInstance: main_dag.merge 2021-12-30T14:24:46.319481+00:00 [queued]>
[2021-12-31 14:29:44,091] {taskinstance.py:1094} INFO - 
--------------------------------------------------------------------------------
[2021-12-31 14:29:44,091] {taskinstance.py:1095} INFO - Starting attempt 1 of 2
[2021-12-31 14:29:44,092] {taskinstance.py:1096} INFO - 
--------------------------------------------------------------------------------
[2021-12-31 14:29:44,106] {taskinstance.py:1114} INFO - Executing <Task(PythonOperator): merge> on 2021-12-30T14:24:46.319481+00:00
[2021-12-31 14:29:44,112] {standard_task_runner.py:52} INFO - Started process 7022 to run task
[2021-12-31 14:29:44,115] {standard_task_runner.py:76} INFO - Running: ['***', 'tasks', 'run', 'main_dag', 'merge', '2021-12-30T14:24:46.319481+00:00', '--job-id', '11', '--pool', 'default_pool', '--raw', '--subdir', 'DAGS_FOLDER/main_dag.py', '--cfg-path', '/tmp/tmpwabyep08', '--error-file', '/tmp/tmp1d5bwpox']
[2021-12-31 14:29:44,117] {standard_task_runner.py:77} INFO - Job 11: Subtask merge
[2021-12-31 14:29:44,153] {logging_mixin.py:109} INFO - Running <TaskInstance: main_dag.merge 2021-12-30T14:24:46.319481+00:00 [running]> on host 8e99a5d40b8f
[2021-12-31 14:29:44,205] {taskinstance.py:1251} INFO - Exporting the following env vars:
AIRFLOW_CTX_DAG_OWNER=***
AIRFLOW_CTX_DAG_ID=main_dag
AIRFLOW_CTX_TASK_ID=merge
AIRFLOW_CTX_EXECUTION_DATE=2021-12-30T14:24:46.319481+00:00
AIRFLOW_CTX_DAG_RUN_ID=scheduled__2021-12-30T14:24:46.319481+00:00
[2021-12-31 14:29:45,027] {python.py:151} INFO - Done. Returned value was: None
[2021-12-31 14:29:45,039] {taskinstance.py:1211} INFO - Marking task as SUCCESS. dag_id=main_dag, task_id=merge, execution_date=20211230T142446, start_date=20211231T142944, end_date=20211231T142945
[2021-12-31 14:29:45,091] {local_task_job.py:151} INFO - Task exited with return code 0
