[2021-12-29 12:13:43,026] {taskinstance.py:903} INFO - Dependencies all met for <TaskInstance: cleansing_dag.insert_type_dimension_query 2021-12-28T12:10:39.570058+00:00 [queued]>
[2021-12-29 12:13:43,046] {taskinstance.py:903} INFO - Dependencies all met for <TaskInstance: cleansing_dag.insert_type_dimension_query 2021-12-28T12:10:39.570058+00:00 [queued]>
[2021-12-29 12:13:43,047] {taskinstance.py:1094} INFO - 
--------------------------------------------------------------------------------
[2021-12-29 12:13:43,048] {taskinstance.py:1095} INFO - Starting attempt 1 of 2
[2021-12-29 12:13:43,048] {taskinstance.py:1096} INFO - 
--------------------------------------------------------------------------------
[2021-12-29 12:13:43,060] {taskinstance.py:1114} INFO - Executing <Task(PostgresOperator): insert_type_dimension_query> on 2021-12-28T12:10:39.570058+00:00
[2021-12-29 12:13:43,066] {standard_task_runner.py:52} INFO - Started process 7063 to run task
[2021-12-29 12:13:43,070] {standard_task_runner.py:76} INFO - Running: ['***', 'tasks', 'run', 'cleansing_dag', 'insert_type_dimension_query', '2021-12-28T12:10:39.570058+00:00', '--job-id', '322', '--pool', 'default_pool', '--raw', '--subdir', 'DAGS_FOLDER/kym_cleansing.py', '--cfg-path', '/tmp/tmpysm9r0bb', '--error-file', '/tmp/tmp165aybvn']
[2021-12-29 12:13:43,071] {standard_task_runner.py:77} INFO - Job 322: Subtask insert_type_dimension_query
[2021-12-29 12:13:43,120] {logging_mixin.py:109} INFO - Running <TaskInstance: cleansing_dag.insert_type_dimension_query 2021-12-28T12:10:39.570058+00:00 [running]> on host 9b1c98289e99
[2021-12-29 12:13:43,189] {taskinstance.py:1251} INFO - Exporting the following env vars:
AIRFLOW_CTX_DAG_OWNER=***
AIRFLOW_CTX_DAG_ID=cleansing_dag
AIRFLOW_CTX_TASK_ID=insert_type_dimension_query
AIRFLOW_CTX_EXECUTION_DATE=2021-12-28T12:10:39.570058+00:00
AIRFLOW_CTX_DAG_RUN_ID=scheduled__2021-12-28T12:10:39.570058+00:00
[2021-12-29 12:13:43,191] {postgres.py:68} INFO - Executing: CREATE TABLE IF NOT EXISTS type_dimension (
type_id INT NOT NULL,
meme_type VARCHAR(255));
INSERT INTO type_dimension VALUES ('0', 'pop-culture-reference');
INSERT INTO type_dimension VALUES ('1', 'song');
INSERT INTO type_dimension VALUES ('2', 'viral-video');
INSERT INTO type_dimension VALUES ('3', 'dance');
INSERT INTO type_dimension VALUES ('4', 'No type');
INSERT INTO type_dimension VALUES ('5', 'catchphrase');
INSERT INTO type_dimension VALUES ('6', 'image-macro');
INSERT INTO type_dimension VALUES ('7', 'slang');
INSERT INTO type_dimension VALUES ('8', 'participatory-media');
INSERT INTO type_dimension VALUES ('9', 'shock-media');
INSERT INTO type_dimension VALUES ('10', 'visual-effect');
INSERT INTO type_dimension VALUES ('11', 'parody');
INSERT INTO type_dimension VALUES ('12', 'remix');
INSERT INTO type_dimension VALUES ('13', 'character');
INSERT INTO type_dimension VALUES ('14', 'hoax');
INSERT INTO type_dimension VALUES ('15', 'advertisement');
INSERT INTO type_dimension VALUES ('16', 'snowclone');
INSERT INTO type_dimension VALUES ('17', 'reaction');
INSERT INTO type_dimension VALUES ('18', 'copypasta');
INSERT INTO type_dimension VALUES ('19', 'social-game');
INSERT INTO type_dimension VALUES ('20', 'axiom');
INSERT INTO type_dimension VALUES ('21', 'optical-illusion');
INSERT INTO type_dimension VALUES ('22', 'photoshop');
INSERT INTO type_dimension VALUES ('23', 'emoticon');
INSERT INTO type_dimension VALUES ('24', 'animal');
INSERT INTO type_dimension VALUES ('25', 'creepypasta');
INSERT INTO type_dimension VALUES ('26', 'sound-effect');
INSERT INTO type_dimension VALUES ('27', 'lip-dub');
INSERT INTO type_dimension VALUES ('28', 'fan-labor');
INSERT INTO type_dimension VALUES ('29', 'fan-art');
INSERT INTO type_dimension VALUES ('30', 'conspiracy-theory');
INSERT INTO type_dimension VALUES ('31', 'viral-debate');
INSERT INTO type_dimension VALUES ('32', 'hashtag');
INSERT INTO type_dimension VALUES ('33', 'cliche');
[2021-12-29 12:13:43,200] {base.py:70} INFO - Using connection to: id: postgres_default. Host: postgres, Port: 5432, Schema: postgres, Login: ***, Password: ***, extra: {}
[2021-12-29 12:13:43,205] {dbapi.py:204} INFO - Running statement: CREATE TABLE IF NOT EXISTS type_dimension (
type_id INT NOT NULL,
meme_type VARCHAR(255));
INSERT INTO type_dimension VALUES ('0', 'pop-culture-reference');
INSERT INTO type_dimension VALUES ('1', 'song');
INSERT INTO type_dimension VALUES ('2', 'viral-video');
INSERT INTO type_dimension VALUES ('3', 'dance');
INSERT INTO type_dimension VALUES ('4', 'No type');
INSERT INTO type_dimension VALUES ('5', 'catchphrase');
INSERT INTO type_dimension VALUES ('6', 'image-macro');
INSERT INTO type_dimension VALUES ('7', 'slang');
INSERT INTO type_dimension VALUES ('8', 'participatory-media');
INSERT INTO type_dimension VALUES ('9', 'shock-media');
INSERT INTO type_dimension VALUES ('10', 'visual-effect');
INSERT INTO type_dimension VALUES ('11', 'parody');
INSERT INTO type_dimension VALUES ('12', 'remix');
INSERT INTO type_dimension VALUES ('13', 'character');
INSERT INTO type_dimension VALUES ('14', 'hoax');
INSERT INTO type_dimension VALUES ('15', 'advertisement');
INSERT INTO type_dimension VALUES ('16', 'snowclone');
INSERT INTO type_dimension VALUES ('17', 'reaction');
INSERT INTO type_dimension VALUES ('18', 'copypasta');
INSERT INTO type_dimension VALUES ('19', 'social-game');
INSERT INTO type_dimension VALUES ('20', 'axiom');
INSERT INTO type_dimension VALUES ('21', 'optical-illusion');
INSERT INTO type_dimension VALUES ('22', 'photoshop');
INSERT INTO type_dimension VALUES ('23', 'emoticon');
INSERT INTO type_dimension VALUES ('24', 'animal');
INSERT INTO type_dimension VALUES ('25', 'creepypasta');
INSERT INTO type_dimension VALUES ('26', 'sound-effect');
INSERT INTO type_dimension VALUES ('27', 'lip-dub');
INSERT INTO type_dimension VALUES ('28', 'fan-labor');
INSERT INTO type_dimension VALUES ('29', 'fan-art');
INSERT INTO type_dimension VALUES ('30', 'conspiracy-theory');
INSERT INTO type_dimension VALUES ('31', 'viral-debate');
INSERT INTO type_dimension VALUES ('32', 'hashtag');
INSERT INTO type_dimension VALUES ('33', 'cliche');, parameters: None
[2021-12-29 12:13:43,210] {dbapi.py:212} INFO - Rows affected: 1
[2021-12-29 12:13:43,211] {postgres.py:72} INFO - NOTICE:  relation "type_dimension" already exists, skipping

[2021-12-29 12:13:43,223] {taskinstance.py:1211} INFO - Marking task as SUCCESS. dag_id=cleansing_dag, task_id=insert_type_dimension_query, execution_date=20211228T121039, start_date=20211229T121343, end_date=20211229T121343
[2021-12-29 12:13:43,291] {local_task_job.py:151} INFO - Task exited with return code 0
