[2021-12-31 15:50:50,066] {taskinstance.py:903} INFO - Dependencies all met for <TaskInstance: main_dag.cleanse_spotlight 2021-12-31T15:47:34.975008+00:00 [queued]>
[2021-12-31 15:50:50,080] {taskinstance.py:903} INFO - Dependencies all met for <TaskInstance: main_dag.cleanse_spotlight 2021-12-31T15:47:34.975008+00:00 [queued]>
[2021-12-31 15:50:50,081] {taskinstance.py:1094} INFO - 
--------------------------------------------------------------------------------
[2021-12-31 15:50:50,081] {taskinstance.py:1095} INFO - Starting attempt 1 of 2
[2021-12-31 15:50:50,081] {taskinstance.py:1096} INFO - 
--------------------------------------------------------------------------------
[2021-12-31 15:50:50,098] {taskinstance.py:1114} INFO - Executing <Task(PythonOperator): cleanse_spotlight> on 2021-12-31T15:47:34.975008+00:00
[2021-12-31 15:50:50,106] {standard_task_runner.py:52} INFO - Started process 16960 to run task
[2021-12-31 15:50:50,109] {standard_task_runner.py:76} INFO - Running: ['***', 'tasks', 'run', 'main_dag', 'cleanse_spotlight', '2021-12-31T15:47:34.975008+00:00', '--job-id', '140', '--pool', 'default_pool', '--raw', '--subdir', 'DAGS_FOLDER/main_dag.py', '--cfg-path', '/tmp/tmpxvjel34y', '--error-file', '/tmp/tmp6qrj0go5']
[2021-12-31 15:50:50,110] {standard_task_runner.py:77} INFO - Job 140: Subtask cleanse_spotlight
[2021-12-31 15:50:50,151] {logging_mixin.py:109} INFO - Running <TaskInstance: main_dag.cleanse_spotlight 2021-12-31T15:47:34.975008+00:00 [running]> on host 8e99a5d40b8f
[2021-12-31 15:50:50,204] {taskinstance.py:1251} INFO - Exporting the following env vars:
AIRFLOW_CTX_DAG_OWNER=***
AIRFLOW_CTX_DAG_ID=main_dag
AIRFLOW_CTX_TASK_ID=cleanse_spotlight
AIRFLOW_CTX_EXECUTION_DATE=2021-12-31T15:47:34.975008+00:00
AIRFLOW_CTX_DAG_RUN_ID=manual__2021-12-31T15:47:34.975008+00:00
[2021-12-31 15:51:00,272] {python.py:151} INFO - Done. Returned value was: None
[2021-12-31 15:51:00,284] {taskinstance.py:1211} INFO - Marking task as SUCCESS. dag_id=main_dag, task_id=cleanse_spotlight, execution_date=20211231T154734, start_date=20211231T155050, end_date=20211231T155100
[2021-12-31 15:51:00,315] {local_task_job.py:151} INFO - Task exited with return code 0
