[2021-12-29 12:41:11,484] {taskinstance.py:903} INFO - Dependencies all met for <TaskInstance: cleansing_dag.cleanse_kym 2021-12-28T12:41:09.973625+00:00 [queued]>
[2021-12-29 12:41:11,502] {taskinstance.py:903} INFO - Dependencies all met for <TaskInstance: cleansing_dag.cleanse_kym 2021-12-28T12:41:09.973625+00:00 [queued]>
[2021-12-29 12:41:11,503] {taskinstance.py:1094} INFO - 
--------------------------------------------------------------------------------
[2021-12-29 12:41:11,503] {taskinstance.py:1095} INFO - Starting attempt 1 of 2
[2021-12-29 12:41:11,503] {taskinstance.py:1096} INFO - 
--------------------------------------------------------------------------------
[2021-12-29 12:41:11,517] {taskinstance.py:1114} INFO - Executing <Task(PythonOperator): cleanse_kym> on 2021-12-28T12:41:09.973625+00:00
[2021-12-29 12:41:11,524] {standard_task_runner.py:52} INFO - Started process 6990 to run task
[2021-12-29 12:41:11,528] {standard_task_runner.py:76} INFO - Running: ['***', 'tasks', 'run', 'cleansing_dag', 'cleanse_kym', '2021-12-28T12:41:09.973625+00:00', '--job-id', '341', '--pool', 'default_pool', '--raw', '--subdir', 'DAGS_FOLDER/kym_cleansing.py', '--cfg-path', '/tmp/tmpbwx98t34', '--error-file', '/tmp/tmpec18txsh']
[2021-12-29 12:41:11,529] {standard_task_runner.py:77} INFO - Job 341: Subtask cleanse_kym
[2021-12-29 12:41:11,576] {logging_mixin.py:109} INFO - Running <TaskInstance: cleansing_dag.cleanse_kym 2021-12-28T12:41:09.973625+00:00 [running]> on host 34521d0e1651
[2021-12-29 12:41:11,637] {taskinstance.py:1251} INFO - Exporting the following env vars:
AIRFLOW_CTX_DAG_OWNER=***
AIRFLOW_CTX_DAG_ID=cleansing_dag
AIRFLOW_CTX_TASK_ID=cleanse_kym
AIRFLOW_CTX_EXECUTION_DATE=2021-12-28T12:41:09.973625+00:00
AIRFLOW_CTX_DAG_RUN_ID=scheduled__2021-12-28T12:41:09.973625+00:00
[2021-12-29 12:44:15,476] {python.py:151} INFO - Done. Returned value was: None
[2021-12-29 12:44:15,501] {taskinstance.py:1211} INFO - Marking task as SUCCESS. dag_id=cleansing_dag, task_id=cleanse_kym, execution_date=20211228T124109, start_date=20211229T124111, end_date=20211229T124415
[2021-12-29 12:44:15,556] {local_task_job.py:151} INFO - Task exited with return code 0
