[2021-12-31 15:52:38,804] {taskinstance.py:903} INFO - Dependencies all met for <TaskInstance: main_dag.merge 2021-12-31T15:47:34.975008+00:00 [queued]>
[2021-12-31 15:52:38,817] {taskinstance.py:903} INFO - Dependencies all met for <TaskInstance: main_dag.merge 2021-12-31T15:47:34.975008+00:00 [queued]>
[2021-12-31 15:52:38,818] {taskinstance.py:1094} INFO - 
--------------------------------------------------------------------------------
[2021-12-31 15:52:38,818] {taskinstance.py:1095} INFO - Starting attempt 1 of 2
[2021-12-31 15:52:38,819] {taskinstance.py:1096} INFO - 
--------------------------------------------------------------------------------
[2021-12-31 15:52:38,836] {taskinstance.py:1114} INFO - Executing <Task(PythonOperator): merge> on 2021-12-31T15:47:34.975008+00:00
[2021-12-31 15:52:38,842] {standard_task_runner.py:52} INFO - Started process 16973 to run task
[2021-12-31 15:52:38,845] {standard_task_runner.py:76} INFO - Running: ['***', 'tasks', 'run', 'main_dag', 'merge', '2021-12-31T15:47:34.975008+00:00', '--job-id', '142', '--pool', 'default_pool', '--raw', '--subdir', 'DAGS_FOLDER/main_dag.py', '--cfg-path', '/tmp/tmpckd6y8pa', '--error-file', '/tmp/tmpkg60hkp6']
[2021-12-31 15:52:38,846] {standard_task_runner.py:77} INFO - Job 142: Subtask merge
[2021-12-31 15:52:38,884] {logging_mixin.py:109} INFO - Running <TaskInstance: main_dag.merge 2021-12-31T15:47:34.975008+00:00 [running]> on host 8e99a5d40b8f
[2021-12-31 15:52:38,936] {taskinstance.py:1251} INFO - Exporting the following env vars:
AIRFLOW_CTX_DAG_OWNER=***
AIRFLOW_CTX_DAG_ID=main_dag
AIRFLOW_CTX_TASK_ID=merge
AIRFLOW_CTX_EXECUTION_DATE=2021-12-31T15:47:34.975008+00:00
AIRFLOW_CTX_DAG_RUN_ID=manual__2021-12-31T15:47:34.975008+00:00
[2021-12-31 15:52:39,624] {python.py:151} INFO - Done. Returned value was: None
[2021-12-31 15:52:39,636] {taskinstance.py:1211} INFO - Marking task as SUCCESS. dag_id=main_dag, task_id=merge, execution_date=20211231T154734, start_date=20211231T155238, end_date=20211231T155239
[2021-12-31 15:52:39,701] {local_task_job.py:151} INFO - Task exited with return code 0
