[2021-12-30 12:13:19,343] {taskinstance.py:903} INFO - Dependencies all met for <TaskInstance: cleansing_dag.cleanse_kym 2021-12-30T12:13:17.844567+00:00 [queued]>
[2021-12-30 12:13:19,355] {taskinstance.py:903} INFO - Dependencies all met for <TaskInstance: cleansing_dag.cleanse_kym 2021-12-30T12:13:17.844567+00:00 [queued]>
[2021-12-30 12:13:19,355] {taskinstance.py:1094} INFO - 
--------------------------------------------------------------------------------
[2021-12-30 12:13:19,356] {taskinstance.py:1095} INFO - Starting attempt 1 of 2
[2021-12-30 12:13:19,356] {taskinstance.py:1096} INFO - 
--------------------------------------------------------------------------------
[2021-12-30 12:13:19,371] {taskinstance.py:1114} INFO - Executing <Task(PythonOperator): cleanse_kym> on 2021-12-30T12:13:17.844567+00:00
[2021-12-30 12:13:19,376] {standard_task_runner.py:52} INFO - Started process 2493 to run task
[2021-12-30 12:13:19,379] {standard_task_runner.py:76} INFO - Running: ['***', 'tasks', 'run', 'cleansing_dag', 'cleanse_kym', '2021-12-30T12:13:17.844567+00:00', '--job-id', '74', '--pool', 'default_pool', '--raw', '--subdir', 'DAGS_FOLDER/kym_cleansing.py', '--cfg-path', '/tmp/tmpdowc2lzp', '--error-file', '/tmp/tmpdpo5ha40']
[2021-12-30 12:13:19,380] {standard_task_runner.py:77} INFO - Job 74: Subtask cleanse_kym
[2021-12-30 12:13:19,421] {logging_mixin.py:109} INFO - Running <TaskInstance: cleansing_dag.cleanse_kym 2021-12-30T12:13:17.844567+00:00 [running]> on host 2eb70c976689
[2021-12-30 12:13:19,472] {taskinstance.py:1251} INFO - Exporting the following env vars:
AIRFLOW_CTX_DAG_OWNER=***
AIRFLOW_CTX_DAG_ID=cleansing_dag
AIRFLOW_CTX_TASK_ID=cleanse_kym
AIRFLOW_CTX_EXECUTION_DATE=2021-12-30T12:13:17.844567+00:00
AIRFLOW_CTX_DAG_RUN_ID=manual__2021-12-30T12:13:17.844567+00:00
[2021-12-30 12:15:59,670] {python.py:151} INFO - Done. Returned value was: None
[2021-12-30 12:15:59,711] {taskinstance.py:1211} INFO - Marking task as SUCCESS. dag_id=cleansing_dag, task_id=cleanse_kym, execution_date=20211230T121317, start_date=20211230T121319, end_date=20211230T121559
[2021-12-30 12:15:59,744] {local_task_job.py:151} INFO - Task exited with return code 0
