[2021-12-31 15:34:57,818] {taskinstance.py:903} INFO - Dependencies all met for <TaskInstance: main_dag.cleanse_vision 2021-12-31T15:30:57.489827+00:00 [queued]>
[2021-12-31 15:34:57,831] {taskinstance.py:903} INFO - Dependencies all met for <TaskInstance: main_dag.cleanse_vision 2021-12-31T15:30:57.489827+00:00 [queued]>
[2021-12-31 15:34:57,832] {taskinstance.py:1094} INFO - 
--------------------------------------------------------------------------------
[2021-12-31 15:34:57,832] {taskinstance.py:1095} INFO - Starting attempt 1 of 2
[2021-12-31 15:34:57,832] {taskinstance.py:1096} INFO - 
--------------------------------------------------------------------------------
[2021-12-31 15:34:57,847] {taskinstance.py:1114} INFO - Executing <Task(PythonOperator): cleanse_vision> on 2021-12-31T15:30:57.489827+00:00
[2021-12-31 15:34:57,853] {standard_task_runner.py:52} INFO - Started process 2764 to run task
[2021-12-31 15:34:57,856] {standard_task_runner.py:76} INFO - Running: ['***', 'tasks', 'run', 'main_dag', 'cleanse_vision', '2021-12-31T15:30:57.489827+00:00', '--job-id', '96', '--pool', 'default_pool', '--raw', '--subdir', 'DAGS_FOLDER/main_dag.py', '--cfg-path', '/tmp/tmpr0ke7cbq', '--error-file', '/tmp/tmp1tt2jlz4']
[2021-12-31 15:34:57,857] {standard_task_runner.py:77} INFO - Job 96: Subtask cleanse_vision
[2021-12-31 15:34:57,896] {logging_mixin.py:109} INFO - Running <TaskInstance: main_dag.cleanse_vision 2021-12-31T15:30:57.489827+00:00 [running]> on host 8e99a5d40b8f
[2021-12-31 15:34:57,948] {taskinstance.py:1251} INFO - Exporting the following env vars:
AIRFLOW_CTX_DAG_OWNER=***
AIRFLOW_CTX_DAG_ID=main_dag
AIRFLOW_CTX_TASK_ID=cleanse_vision
AIRFLOW_CTX_EXECUTION_DATE=2021-12-31T15:30:57.489827+00:00
AIRFLOW_CTX_DAG_RUN_ID=manual__2021-12-31T15:30:57.489827+00:00
[2021-12-31 15:36:09,595] {python.py:151} INFO - Done. Returned value was: None
[2021-12-31 15:36:09,609] {taskinstance.py:1211} INFO - Marking task as SUCCESS. dag_id=main_dag, task_id=cleanse_vision, execution_date=20211231T153057, start_date=20211231T153457, end_date=20211231T153609
[2021-12-31 15:36:09,678] {local_task_job.py:151} INFO - Task exited with return code 0
