[2021-12-31 15:47:59,181] {taskinstance.py:903} INFO - Dependencies all met for <TaskInstance: main_dag.cleanse_kym 2021-12-31T15:47:34.975008+00:00 [queued]>
[2021-12-31 15:47:59,193] {taskinstance.py:903} INFO - Dependencies all met for <TaskInstance: main_dag.cleanse_kym 2021-12-31T15:47:34.975008+00:00 [queued]>
[2021-12-31 15:47:59,194] {taskinstance.py:1094} INFO - 
--------------------------------------------------------------------------------
[2021-12-31 15:47:59,195] {taskinstance.py:1095} INFO - Starting attempt 1 of 2
[2021-12-31 15:47:59,195] {taskinstance.py:1096} INFO - 
--------------------------------------------------------------------------------
[2021-12-31 15:47:59,211] {taskinstance.py:1114} INFO - Executing <Task(PythonOperator): cleanse_kym> on 2021-12-31T15:47:34.975008+00:00
[2021-12-31 15:47:59,217] {standard_task_runner.py:52} INFO - Started process 10048 to run task
[2021-12-31 15:47:59,220] {standard_task_runner.py:76} INFO - Running: ['***', 'tasks', 'run', 'main_dag', 'cleanse_kym', '2021-12-31T15:47:34.975008+00:00', '--job-id', '137', '--pool', 'default_pool', '--raw', '--subdir', 'DAGS_FOLDER/main_dag.py', '--cfg-path', '/tmp/tmppvyiz9f2', '--error-file', '/tmp/tmp032ydo1p']
[2021-12-31 15:47:59,221] {standard_task_runner.py:77} INFO - Job 137: Subtask cleanse_kym
[2021-12-31 15:47:59,267] {logging_mixin.py:109} INFO - Running <TaskInstance: main_dag.cleanse_kym 2021-12-31T15:47:34.975008+00:00 [running]> on host 8e99a5d40b8f
[2021-12-31 15:47:59,327] {taskinstance.py:1251} INFO - Exporting the following env vars:
AIRFLOW_CTX_DAG_OWNER=***
AIRFLOW_CTX_DAG_ID=main_dag
AIRFLOW_CTX_TASK_ID=cleanse_kym
AIRFLOW_CTX_EXECUTION_DATE=2021-12-31T15:47:34.975008+00:00
AIRFLOW_CTX_DAG_RUN_ID=manual__2021-12-31T15:47:34.975008+00:00
[2021-12-31 15:50:37,238] {python.py:151} INFO - Done. Returned value was: None
[2021-12-31 15:50:37,294] {taskinstance.py:1211} INFO - Marking task as SUCCESS. dag_id=main_dag, task_id=cleanse_kym, execution_date=20211231T154734, start_date=20211231T154759, end_date=20211231T155037
[2021-12-31 15:50:37,325] {local_task_job.py:151} INFO - Task exited with return code 0
