[2021-12-29 14:35:55,036] {taskinstance.py:903} INFO - Dependencies all met for <TaskInstance: cleansing_dag.create_date_dimension_query 2021-12-28T14:32:56.175656+00:00 [queued]>
[2021-12-29 14:35:55,054] {taskinstance.py:903} INFO - Dependencies all met for <TaskInstance: cleansing_dag.create_date_dimension_query 2021-12-28T14:32:56.175656+00:00 [queued]>
[2021-12-29 14:35:55,055] {taskinstance.py:1094} INFO - 
--------------------------------------------------------------------------------
[2021-12-29 14:35:55,055] {taskinstance.py:1095} INFO - Starting attempt 1 of 2
[2021-12-29 14:35:55,056] {taskinstance.py:1096} INFO - 
--------------------------------------------------------------------------------
[2021-12-29 14:35:55,068] {taskinstance.py:1114} INFO - Executing <Task(PythonOperator): create_date_dimension_query> on 2021-12-28T14:32:56.175656+00:00
[2021-12-29 14:35:55,074] {standard_task_runner.py:52} INFO - Started process 18929 to run task
[2021-12-29 14:35:55,078] {standard_task_runner.py:76} INFO - Running: ['***', 'tasks', 'run', 'cleansing_dag', 'create_date_dimension_query', '2021-12-28T14:32:56.175656+00:00', '--job-id', '440', '--pool', 'default_pool', '--raw', '--subdir', 'DAGS_FOLDER/kym_cleansing.py', '--cfg-path', '/tmp/tmpob1mqy03', '--error-file', '/tmp/tmpv8hyevxk']
[2021-12-29 14:35:55,079] {standard_task_runner.py:77} INFO - Job 440: Subtask create_date_dimension_query
[2021-12-29 14:35:55,126] {logging_mixin.py:109} INFO - Running <TaskInstance: cleansing_dag.create_date_dimension_query 2021-12-28T14:32:56.175656+00:00 [running]> on host 34521d0e1651
[2021-12-29 14:35:55,184] {taskinstance.py:1251} INFO - Exporting the following env vars:
AIRFLOW_CTX_DAG_OWNER=***
AIRFLOW_CTX_DAG_ID=cleansing_dag
AIRFLOW_CTX_TASK_ID=create_date_dimension_query
AIRFLOW_CTX_EXECUTION_DATE=2021-12-28T14:32:56.175656+00:00
AIRFLOW_CTX_DAG_RUN_ID=scheduled__2021-12-28T14:32:56.175656+00:00
[2021-12-29 14:35:55,340] {python.py:151} INFO - Done. Returned value was: None
[2021-12-29 14:35:55,352] {taskinstance.py:1211} INFO - Marking task as SUCCESS. dag_id=cleansing_dag, task_id=create_date_dimension_query, execution_date=20211228T143256, start_date=20211229T143555, end_date=20211229T143555
[2021-12-29 14:35:55,410] {local_task_job.py:151} INFO - Task exited with return code 0
