[2021-12-30 14:04:23,366] {taskinstance.py:903} INFO - Dependencies all met for <TaskInstance: cleansing_dag.cleanse_kym 2021-12-30T14:04:21.341950+00:00 [queued]>
[2021-12-30 14:04:23,382] {taskinstance.py:903} INFO - Dependencies all met for <TaskInstance: cleansing_dag.cleanse_kym 2021-12-30T14:04:21.341950+00:00 [queued]>
[2021-12-30 14:04:23,382] {taskinstance.py:1094} INFO - 
--------------------------------------------------------------------------------
[2021-12-30 14:04:23,383] {taskinstance.py:1095} INFO - Starting attempt 1 of 2
[2021-12-30 14:04:23,383] {taskinstance.py:1096} INFO - 
--------------------------------------------------------------------------------
[2021-12-30 14:04:23,398] {taskinstance.py:1114} INFO - Executing <Task(PythonOperator): cleanse_kym> on 2021-12-30T14:04:21.341950+00:00
[2021-12-30 14:04:23,409] {standard_task_runner.py:52} INFO - Started process 63 to run task
[2021-12-30 14:04:23,413] {standard_task_runner.py:76} INFO - Running: ['***', 'tasks', 'run', 'cleansing_dag', 'cleanse_kym', '2021-12-30T14:04:21.341950+00:00', '--job-id', '97', '--pool', 'default_pool', '--raw', '--subdir', 'DAGS_FOLDER/kym_cleansing.py', '--cfg-path', '/tmp/tmp_mabgvco', '--error-file', '/tmp/tmp2gtk61hm']
[2021-12-30 14:04:23,414] {standard_task_runner.py:77} INFO - Job 97: Subtask cleanse_kym
[2021-12-30 14:04:23,462] {logging_mixin.py:109} INFO - Running <TaskInstance: cleansing_dag.cleanse_kym 2021-12-30T14:04:21.341950+00:00 [running]> on host 2eb70c976689
[2021-12-30 14:04:23,514] {taskinstance.py:1251} INFO - Exporting the following env vars:
AIRFLOW_CTX_DAG_OWNER=***
AIRFLOW_CTX_DAG_ID=cleansing_dag
AIRFLOW_CTX_TASK_ID=cleanse_kym
AIRFLOW_CTX_EXECUTION_DATE=2021-12-30T14:04:21.341950+00:00
AIRFLOW_CTX_DAG_RUN_ID=manual__2021-12-30T14:04:21.341950+00:00
[2021-12-30 14:07:02,765] {python.py:151} INFO - Done. Returned value was: None
[2021-12-30 14:07:02,777] {taskinstance.py:1211} INFO - Marking task as SUCCESS. dag_id=cleansing_dag, task_id=cleanse_kym, execution_date=20211230T140421, start_date=20211230T140423, end_date=20211230T140702
[2021-12-30 14:07:02,822] {local_task_job.py:151} INFO - Task exited with return code 0
