[2021-12-31 09:56:56,405] {taskinstance.py:903} INFO - Dependencies all met for <TaskInstance: main_dag.cleanse_spotlight 2021-12-30T09:53:43.022101+00:00 [queued]>
[2021-12-31 09:56:56,418] {taskinstance.py:903} INFO - Dependencies all met for <TaskInstance: main_dag.cleanse_spotlight 2021-12-30T09:53:43.022101+00:00 [queued]>
[2021-12-31 09:56:56,418] {taskinstance.py:1094} INFO - 
--------------------------------------------------------------------------------
[2021-12-31 09:56:56,419] {taskinstance.py:1095} INFO - Starting attempt 1 of 2
[2021-12-31 09:56:56,419] {taskinstance.py:1096} INFO - 
--------------------------------------------------------------------------------
[2021-12-31 09:56:56,436] {taskinstance.py:1114} INFO - Executing <Task(PythonOperator): cleanse_spotlight> on 2021-12-30T09:53:43.022101+00:00
[2021-12-31 09:56:56,442] {standard_task_runner.py:52} INFO - Started process 6951 to run task
[2021-12-31 09:56:56,444] {standard_task_runner.py:76} INFO - Running: ['***', 'tasks', 'run', 'main_dag', 'cleanse_spotlight', '2021-12-30T09:53:43.022101+00:00', '--job-id', '50', '--pool', 'default_pool', '--raw', '--subdir', 'DAGS_FOLDER/main_dag.py', '--cfg-path', '/tmp/tmpc0z61m_x', '--error-file', '/tmp/tmphaw8yyh0']
[2021-12-31 09:56:56,445] {standard_task_runner.py:77} INFO - Job 50: Subtask cleanse_spotlight
[2021-12-31 09:56:56,483] {logging_mixin.py:109} INFO - Running <TaskInstance: main_dag.cleanse_spotlight 2021-12-30T09:53:43.022101+00:00 [running]> on host 71257c6b2a25
[2021-12-31 09:56:56,537] {taskinstance.py:1251} INFO - Exporting the following env vars:
AIRFLOW_CTX_DAG_OWNER=***
AIRFLOW_CTX_DAG_ID=main_dag
AIRFLOW_CTX_TASK_ID=cleanse_spotlight
AIRFLOW_CTX_EXECUTION_DATE=2021-12-30T09:53:43.022101+00:00
AIRFLOW_CTX_DAG_RUN_ID=scheduled__2021-12-30T09:53:43.022101+00:00
[2021-12-31 09:57:06,901] {python.py:151} INFO - Done. Returned value was: None
[2021-12-31 09:57:06,914] {taskinstance.py:1211} INFO - Marking task as SUCCESS. dag_id=main_dag, task_id=cleanse_spotlight, execution_date=20211230T095343, start_date=20211231T095656, end_date=20211231T095706
[2021-12-31 09:57:06,939] {local_task_job.py:151} INFO - Task exited with return code 0
